2026-01-19 21:19:30,959 - Hyperparameters:
2026-01-19 21:19:30,959 -   - Automatic Feature Engineering: false
2026-01-19 21:19:30,959 -   - Early Stopping: false
2026-01-19 21:19:30,959 - ----------  FEATURES  --------
2026-01-19 21:19:30,959 -   - Targets: ['Target_Close_Norm']
2026-01-19 21:19:30,960 -   - Market Features: ['Log_Ret_Open', 'Log_Ret_High', 'Log_Ret_Low', 'Log_Ret_Close', 'Volume_Z', 'RSI_Z', 'SMA_20_Rel', 'SMA_50_Rel', 'MACD_Z', 'MACD_Sig_Z', 'ATR_Pct', 'BB_Low_Rel', 'BB_High_Rel']
2026-01-19 21:19:30,960 -   - Sentiment Features: ['Sentiment', 'News_Vol_Z']
2026-01-19 21:19:30,960 -   - Not considered Features: []
2026-01-19 21:19:30,960 - -------------------------------
2026-01-19 21:19:30,960 - Model Configuration:
2026-01-19 21:19:30,961 -   - Hidden Dim: 64
2026-01-19 21:19:30,961 -   - Batch Size: 64
2026-01-19 21:19:30,961 -   - Epochs: 100
2026-01-19 21:19:30,961 -   - Learning Rate: 0.001
2026-01-19 21:19:30,962 -   - Feature Threshold: 0.0
2026-01-19 21:19:30,962 -   - Output Folder: C:\APPS\CODING\GitHub\BSPs\BSP3\data\models\GLD\my_model
2026-01-19 21:19:30,962 -   - Data Split: expand
2026-01-19 21:19:30,962 -   - Architecture 2: CNN + LSTM + Attention
2026-01-19 21:19:30,962 - --------------------------------------------------
2026-01-19 21:19:30,963 - Additional information:
2026-01-19 21:19:30,963 -   - cnn5 only
2026-01-19 21:19:30,963 -   - Predictor Class: PredictorBiLSTMcnn
2026-01-19 21:19:30,980 - PHASE 1: Identifying feature signals...
2026-01-19 21:19:31,430 - 
Sanity CHECK:
2026-01-19 21:19:31,430 - DBG shapes: (252, 1), (252, 1), (252, 5)
2026-01-19 21:19:31,431 - DBG preds stats: min=0.025573141872882843, max=0.08908098936080933, median=0.061049968004226685, std=0.014148551039397717
2026-01-19 21:19:31,431 - DBG actuals stats: min=-6.642712116241455, max=3.6323492527008057, median=0.2033126950263977, std=1.2462762594223022
2026-01-19 21:19:31,431 - Epoch 0:
2026-01-19 21:19:31,432 -   - Range Coverage: nan%
2026-01-19 21:19:31,432 -   - Epsilon Hit (0.2%): 16.67%
2026-01-19 21:19:31,432 -   - Directional Acc: 60.32%
2026-01-19 21:19:31,948 - 
Sanity CHECK:
2026-01-19 21:19:31,948 - DBG shapes: (252, 1), (252, 1), (252, 5)
2026-01-19 21:19:31,949 - DBG preds stats: min=-0.01061950996518135, max=0.09097982943058014, median=0.05249020829796791, std=0.02420021966099739
2026-01-19 21:19:31,949 - DBG actuals stats: min=-6.642712116241455, max=3.6323492527008057, median=0.2033126950263977, std=1.2462762594223022
2026-01-19 21:19:31,950 - Epoch 1:
2026-01-19 21:19:31,950 -   - Range Coverage: nan%
2026-01-19 21:19:31,950 -   - Epsilon Hit (0.2%): 17.46%
2026-01-19 21:19:31,950 -   - Directional Acc: 59.92%
2026-01-19 21:19:32,460 - 
Sanity CHECK:
2026-01-19 21:19:32,460 - DBG shapes: (252, 1), (252, 1), (252, 5)
2026-01-19 21:19:32,460 - DBG preds stats: min=0.04111596941947937, max=0.16547951102256775, median=0.10098424553871155, std=0.022205475717782974
2026-01-19 21:19:32,461 - DBG actuals stats: min=-6.642712116241455, max=3.6323492527008057, median=0.2033126950263977, std=1.2462762594223022
2026-01-19 21:19:32,461 - Epoch 2:
2026-01-19 21:19:32,461 -   - Range Coverage: nan%
2026-01-19 21:19:32,462 -   - Epsilon Hit (0.2%): 14.68%
2026-01-19 21:19:32,462 -   - Directional Acc: 60.32%
2026-01-19 21:19:32,962 - 
Sanity CHECK:
2026-01-19 21:19:32,963 - DBG shapes: (252, 1), (252, 1), (252, 5)
2026-01-19 21:19:32,963 - DBG preds stats: min=-0.13722920417785645, max=0.08592155575752258, median=0.003645995631814003, std=0.04359659180045128
2026-01-19 21:19:32,964 - DBG actuals stats: min=-6.642712116241455, max=3.6323492527008057, median=0.2033126950263977, std=1.2462762594223022
2026-01-19 21:19:32,964 - Epoch 3:
2026-01-19 21:19:32,964 -   - Range Coverage: nan%
2026-01-19 21:19:32,964 -   - Epsilon Hit (0.2%): 17.86%
2026-01-19 21:19:32,964 -   - Directional Acc: 51.19%
2026-01-19 21:19:33,376 - 
Sanity CHECK:
2026-01-19 21:19:33,376 - DBG shapes: (252, 1), (252, 1), (252, 5)
2026-01-19 21:19:33,376 - DBG preds stats: min=-0.04210294038057327, max=0.15853866934776306, median=0.07378756254911423, std=0.037630874663591385
2026-01-19 21:19:33,377 - DBG actuals stats: min=-6.642712116241455, max=3.6323492527008057, median=0.2033126950263977, std=1.2462762594223022
2026-01-19 21:19:33,377 - Epoch 5/50 | Train Loss: 0.318851 | Val Loss: 0.547891
2026-01-19 21:19:33,377 - Current LR: 0.001000
2026-01-19 21:19:33,378 - Epoch 4:
2026-01-19 21:19:33,378 -   - Range Coverage: nan%
2026-01-19 21:19:33,378 -   - Epsilon Hit (0.2%): 15.48%
2026-01-19 21:19:33,378 -   - Directional Acc: 57.94%
2026-01-19 21:19:33,853 - 
Sanity CHECK:
2026-01-19 21:19:33,853 - DBG shapes: (252, 1), (252, 1), (252, 5)
2026-01-19 21:19:33,853 - DBG preds stats: min=-0.1547539234161377, max=0.1862734854221344, median=0.05026433616876602, std=0.059932537376880646
2026-01-19 21:19:33,854 - DBG actuals stats: min=-6.642712116241455, max=3.6323492527008057, median=0.2033126950263977, std=1.2462762594223022
2026-01-19 21:19:33,854 - Epoch 5:
2026-01-19 21:19:33,854 -   - Range Coverage: nan%
2026-01-19 21:19:33,854 -   - Epsilon Hit (0.2%): 17.46%
2026-01-19 21:19:33,855 -   - Directional Acc: 57.14%
2026-01-19 21:19:34,340 - 
Sanity CHECK:
2026-01-19 21:19:34,340 - DBG shapes: (252, 1), (252, 1), (252, 5)
2026-01-19 21:19:34,341 - DBG preds stats: min=-0.14394330978393555, max=0.2566818594932556, median=0.0754740983247757, std=0.06894168257713318
2026-01-19 21:19:34,341 - DBG actuals stats: min=-6.642712116241455, max=3.6323492527008057, median=0.2033126950263977, std=1.2462762594223022
2026-01-19 21:19:34,341 - Epoch 6:
2026-01-19 21:19:34,342 -   - Range Coverage: nan%
2026-01-19 21:19:34,342 -   - Epsilon Hit (0.2%): 17.06%
2026-01-19 21:19:34,342 -   - Directional Acc: 58.73%
2026-01-19 21:19:34,836 - 
Sanity CHECK:
2026-01-19 21:19:34,836 - DBG shapes: (252, 1), (252, 1), (252, 5)
2026-01-19 21:19:34,837 - DBG preds stats: min=-0.25238364934921265, max=0.3980558514595032, median=0.06761403381824493, std=0.11109190434217453
2026-01-19 21:19:34,837 - DBG actuals stats: min=-6.642712116241455, max=3.6323492527008057, median=0.2033126950263977, std=1.2462762594223022
2026-01-19 21:19:34,838 - Epoch 7:
2026-01-19 21:19:34,838 -   - Range Coverage: nan%
2026-01-19 21:19:34,838 -   - Epsilon Hit (0.2%): 17.06%
2026-01-19 21:19:34,838 -   - Directional Acc: 52.38%
2026-01-19 21:19:35,310 - 
Sanity CHECK:
2026-01-19 21:19:35,310 - DBG shapes: (252, 1), (252, 1), (252, 5)
2026-01-19 21:19:35,311 - DBG preds stats: min=-0.1567145138978958, max=0.4134065806865692, median=0.08126457035541534, std=0.09577473253011703
2026-01-19 21:19:35,311 - DBG actuals stats: min=-6.642712116241455, max=3.6323492527008057, median=0.2033126950263977, std=1.2462762594223022
2026-01-19 21:19:35,312 - Epoch 8:
2026-01-19 21:19:35,312 -   - Range Coverage: nan%
2026-01-19 21:19:35,312 -   - Epsilon Hit (0.2%): 16.27%
2026-01-19 21:19:35,312 -   - Directional Acc: 55.95%
2026-01-19 21:19:35,842 - 
Sanity CHECK:
2026-01-19 21:19:35,843 - DBG shapes: (252, 1), (252, 1), (252, 5)
2026-01-19 21:19:35,843 - DBG preds stats: min=-0.2836485803127289, max=0.399966835975647, median=0.02323918044567108, std=0.11129239946603775
2026-01-19 21:19:35,843 - DBG actuals stats: min=-6.642712116241455, max=3.6323492527008057, median=0.2033126950263977, std=1.2462762594223022
2026-01-19 21:19:35,844 - Epoch 10/50 | Train Loss: 0.315845 | Val Loss: 0.559532
2026-01-19 21:19:35,844 - Current LR: 0.001000
2026-01-19 21:19:35,844 - Epoch 9:
2026-01-19 21:19:35,844 -   - Range Coverage: nan%
2026-01-19 21:19:35,845 -   - Epsilon Hit (0.2%): 15.87%
2026-01-19 21:19:35,845 -   - Directional Acc: 50.00%
2026-01-19 21:19:36,278 - 
Sanity CHECK:
2026-01-19 21:19:36,278 - DBG shapes: (252, 1), (252, 1), (252, 5)
2026-01-19 21:19:36,279 - DBG preds stats: min=-0.25676023960113525, max=0.6003406047821045, median=0.16886043548583984, std=0.1388349086046219
2026-01-19 21:19:36,279 - DBG actuals stats: min=-6.642712116241455, max=3.6323492527008057, median=0.2033126950263977, std=1.2462762594223022
2026-01-19 21:19:36,280 - Epoch 10:
2026-01-19 21:19:36,280 -   - Range Coverage: nan%
2026-01-19 21:19:36,280 -   - Epsilon Hit (0.2%): 14.68%
2026-01-19 21:19:36,280 -   - Directional Acc: 58.73%
2026-01-19 21:19:36,775 - 
Sanity CHECK:
2026-01-19 21:19:36,776 - DBG shapes: (252, 1), (252, 1), (252, 5)
2026-01-19 21:19:36,776 - DBG preds stats: min=-0.3518312871456146, max=0.5519059896469116, median=-0.0069341957569122314, std=0.15761731564998627
2026-01-19 21:19:36,776 - DBG actuals stats: min=-6.642712116241455, max=3.6323492527008057, median=0.2033126950263977, std=1.2462762594223022
2026-01-19 21:19:36,777 - Epoch 11:
2026-01-19 21:19:36,777 -   - Range Coverage: nan%
2026-01-19 21:19:36,777 -   - Epsilon Hit (0.2%): 17.06%
2026-01-19 21:19:36,777 -   - Directional Acc: 54.37%
2026-01-19 21:19:37,224 - 
Sanity CHECK:
2026-01-19 21:19:37,224 - DBG shapes: (252, 1), (252, 1), (252, 5)
2026-01-19 21:19:37,225 - DBG preds stats: min=-0.522993266582489, max=0.6622937917709351, median=0.04469525068998337, std=0.18218103051185608
2026-01-19 21:19:37,225 - DBG actuals stats: min=-6.642712116241455, max=3.6323492527008057, median=0.2033126950263977, std=1.2462762594223022
2026-01-19 21:19:37,225 - Epoch 12:
2026-01-19 21:19:37,226 -   - Range Coverage: nan%
2026-01-19 21:19:37,226 -   - Epsilon Hit (0.2%): 14.68%
2026-01-19 21:19:37,226 -   - Directional Acc: 52.38%
2026-01-19 21:19:37,669 - 
Sanity CHECK:
2026-01-19 21:19:37,669 - DBG shapes: (252, 1), (252, 1), (252, 5)
2026-01-19 21:19:37,669 - DBG preds stats: min=-0.47770726680755615, max=0.5759055018424988, median=-0.0014758650213479996, std=0.16991859674453735
2026-01-19 21:19:37,670 - DBG actuals stats: min=-6.642712116241455, max=3.6323492527008057, median=0.2033126950263977, std=1.2462762594223022
2026-01-19 21:19:37,670 - Epoch 13:
2026-01-19 21:19:37,670 -   - Range Coverage: nan%
2026-01-19 21:19:37,670 -   - Epsilon Hit (0.2%): 15.48%
2026-01-19 21:19:37,671 -   - Directional Acc: 49.60%
2026-01-19 21:19:38,091 - 
Sanity CHECK:
2026-01-19 21:19:38,091 - DBG shapes: (252, 1), (252, 1), (252, 5)
2026-01-19 21:19:38,091 - DBG preds stats: min=-0.47931793332099915, max=0.7354965806007385, median=0.10561110079288483, std=0.19997888803482056
2026-01-19 21:19:38,092 - DBG actuals stats: min=-6.642712116241455, max=3.6323492527008057, median=0.2033126950263977, std=1.2462762594223022
2026-01-19 21:19:38,092 - Epoch 15/50 | Train Loss: 0.298579 | Val Loss: 0.564724
2026-01-19 21:19:38,092 - Current LR: 0.000500
2026-01-19 21:19:38,093 - Epoch 14:
2026-01-19 21:19:38,093 -   - Range Coverage: nan%
2026-01-19 21:19:38,093 -   - Epsilon Hit (0.2%): 15.08%
2026-01-19 21:19:38,093 -   - Directional Acc: 51.98%
2026-01-19 21:19:38,507 - 
Sanity CHECK:
2026-01-19 21:19:38,507 - DBG shapes: (252, 1), (252, 1), (252, 5)
2026-01-19 21:19:38,508 - DBG preds stats: min=-0.5127297639846802, max=0.8963682651519775, median=0.19733379781246185, std=0.22911234200000763
2026-01-19 21:19:38,508 - DBG actuals stats: min=-6.642712116241455, max=3.6323492527008057, median=0.2033126950263977, std=1.2462762594223022
2026-01-19 21:19:38,508 - Epoch 15:
2026-01-19 21:19:38,509 -   - Range Coverage: nan%
2026-01-19 21:19:38,509 -   - Epsilon Hit (0.2%): 13.10%
2026-01-19 21:19:38,509 -   - Directional Acc: 55.95%
2026-01-19 21:19:38,939 - 
Sanity CHECK:
2026-01-19 21:19:38,939 - DBG shapes: (252, 1), (252, 1), (252, 5)
2026-01-19 21:19:38,940 - DBG preds stats: min=-0.6355465054512024, max=0.854342520236969, median=0.10297548770904541, std=0.25090938806533813
2026-01-19 21:19:38,940 - DBG actuals stats: min=-6.642712116241455, max=3.6323492527008057, median=0.2033126950263977, std=1.2462762594223022
2026-01-19 21:19:38,940 - Epoch 16:
2026-01-19 21:19:38,941 -   - Range Coverage: nan%
2026-01-19 21:19:38,941 -   - Epsilon Hit (0.2%): 14.29%
2026-01-19 21:19:38,941 -   - Directional Acc: 53.17%
2026-01-19 21:19:39,339 - 
Sanity CHECK:
2026-01-19 21:19:39,339 - DBG shapes: (252, 1), (252, 1), (252, 5)
2026-01-19 21:19:39,340 - DBG preds stats: min=-0.6491208672523499, max=0.9037210941314697, median=0.11648447811603546, std=0.2577532231807709
2026-01-19 21:19:39,340 - DBG actuals stats: min=-6.642712116241455, max=3.6323492527008057, median=0.2033126950263977, std=1.2462762594223022
2026-01-19 21:19:39,340 - Epoch 17:
2026-01-19 21:19:39,341 -   - Range Coverage: nan%
2026-01-19 21:19:39,341 -   - Epsilon Hit (0.2%): 13.49%
2026-01-19 21:19:39,341 -   - Directional Acc: 50.79%
2026-01-19 21:19:39,770 - 
Sanity CHECK:
2026-01-19 21:19:39,771 - DBG shapes: (252, 1), (252, 1), (252, 5)
2026-01-19 21:19:39,771 - DBG preds stats: min=-0.7396432757377625, max=0.9361022114753723, median=0.09125448018312454, std=0.2968873381614685
2026-01-19 21:19:39,772 - DBG actuals stats: min=-6.642712116241455, max=3.6323492527008057, median=0.2033126950263977, std=1.2462762594223022
2026-01-19 21:19:39,772 - Epoch 18:
2026-01-19 21:19:39,772 -   - Range Coverage: nan%
2026-01-19 21:19:39,772 -   - Epsilon Hit (0.2%): 12.30%
2026-01-19 21:19:39,773 -   - Directional Acc: 52.78%
2026-01-19 21:19:40,211 - 
Sanity CHECK:
2026-01-19 21:19:40,211 - DBG shapes: (252, 1), (252, 1), (252, 5)
2026-01-19 21:19:40,212 - DBG preds stats: min=-0.817038357257843, max=0.8054109215736389, median=0.0130831990391016, std=0.28116658329963684
2026-01-19 21:19:40,212 - DBG actuals stats: min=-6.642712116241455, max=3.6323492527008057, median=0.2033126950263977, std=1.2462762594223022
2026-01-19 21:19:40,212 - Epoch 20/50 | Train Loss: 0.297346 | Val Loss: 0.583969
2026-01-19 21:19:40,213 - Current LR: 0.000500
2026-01-19 21:19:40,213 - Epoch 19:
2026-01-19 21:19:40,213 -   - Range Coverage: nan%
2026-01-19 21:19:40,213 -   - Epsilon Hit (0.2%): 14.68%
2026-01-19 21:19:40,214 -   - Directional Acc: 51.19%
2026-01-19 21:19:40,723 - 
Sanity CHECK:
2026-01-19 21:19:40,723 - DBG shapes: (252, 1), (252, 1), (252, 5)
2026-01-19 21:19:40,724 - DBG preds stats: min=-0.7223924398422241, max=0.8798186182975769, median=0.15226015448570251, std=0.2813658118247986
2026-01-19 21:19:40,724 - DBG actuals stats: min=-6.642712116241455, max=3.6323492527008057, median=0.2033126950263977, std=1.2462762594223022
2026-01-19 21:19:40,724 - Epoch 20:
2026-01-19 21:19:40,725 -   - Range Coverage: nan%
2026-01-19 21:19:40,725 -   - Epsilon Hit (0.2%): 12.30%
2026-01-19 21:19:40,725 -   - Directional Acc: 53.17%
2026-01-19 21:19:41,168 - 
Sanity CHECK:
2026-01-19 21:19:41,168 - DBG shapes: (252, 1), (252, 1), (252, 5)
2026-01-19 21:19:41,168 - DBG preds stats: min=-0.8708943128585815, max=1.045455813407898, median=-0.02743511274456978, std=0.3064734637737274
2026-01-19 21:19:41,169 - DBG actuals stats: min=-6.642712116241455, max=3.6323492527008057, median=0.2033126950263977, std=1.2462762594223022
2026-01-19 21:19:41,169 - Epoch 21:
2026-01-19 21:19:41,169 -   - Range Coverage: nan%
2026-01-19 21:19:41,169 -   - Epsilon Hit (0.2%): 15.08%
2026-01-19 21:19:41,170 -   - Directional Acc: 51.19%
2026-01-19 21:19:41,656 - 
Sanity CHECK:
2026-01-19 21:19:41,657 - DBG shapes: (252, 1), (252, 1), (252, 5)
2026-01-19 21:19:41,657 - DBG preds stats: min=-0.9702096581459045, max=0.7389256358146667, median=-0.048087604343891144, std=0.2900962829589844
2026-01-19 21:19:41,657 - DBG actuals stats: min=-6.642712116241455, max=3.6323492527008057, median=0.2033126950263977, std=1.2462762594223022
2026-01-19 21:19:41,658 - Epoch 22:
2026-01-19 21:19:41,658 -   - Range Coverage: nan%
2026-01-19 21:19:41,658 -   - Epsilon Hit (0.2%): 15.08%
2026-01-19 21:19:41,658 -   - Directional Acc: 50.00%
2026-01-19 21:19:42,088 - 
Sanity CHECK:
2026-01-19 21:19:42,088 - DBG shapes: (252, 1), (252, 1), (252, 5)
2026-01-19 21:19:42,089 - DBG preds stats: min=-1.154110312461853, max=1.0728163719177246, median=-0.04191508889198303, std=0.36772599816322327
2026-01-19 21:19:42,089 - DBG actuals stats: min=-6.642712116241455, max=3.6323492527008057, median=0.2033126950263977, std=1.2462762594223022
2026-01-19 21:19:42,090 - Epoch 23:
2026-01-19 21:19:42,090 -   - Range Coverage: nan%
2026-01-19 21:19:42,090 -   - Epsilon Hit (0.2%): 15.08%
2026-01-19 21:19:42,090 -   - Directional Acc: 51.59%
2026-01-19 21:19:42,506 - 
Sanity CHECK:
2026-01-19 21:19:42,507 - DBG shapes: (252, 1), (252, 1), (252, 5)
2026-01-19 21:19:42,507 - DBG preds stats: min=-1.0890474319458008, max=0.9329711198806763, median=-0.08066481351852417, std=0.3127000033855438
2026-01-19 21:19:42,508 - DBG actuals stats: min=-6.642712116241455, max=3.6323492527008057, median=0.2033126950263977, std=1.2462762594223022
2026-01-19 21:19:42,508 - Epoch 25/50 | Train Loss: 0.282246 | Val Loss: 0.601785
2026-01-19 21:19:42,508 - Current LR: 0.000250
2026-01-19 21:19:42,508 - Epoch 24:
2026-01-19 21:19:42,509 -   - Range Coverage: nan%
2026-01-19 21:19:42,509 -   - Epsilon Hit (0.2%): 15.48%
2026-01-19 21:19:42,509 -   - Directional Acc: 47.62%
2026-01-19 21:19:42,939 - 
Sanity CHECK:
2026-01-19 21:19:42,939 - DBG shapes: (252, 1), (252, 1), (252, 5)
2026-01-19 21:19:42,940 - DBG preds stats: min=-1.1066687107086182, max=0.9589065313339233, median=-0.04199650138616562, std=0.32848384976387024
2026-01-19 21:19:42,940 - DBG actuals stats: min=-6.642712116241455, max=3.6323492527008057, median=0.2033126950263977, std=1.2462762594223022
2026-01-19 21:19:42,940 - Epoch 25:
2026-01-19 21:19:42,941 -   - Range Coverage: nan%
2026-01-19 21:19:42,941 -   - Epsilon Hit (0.2%): 17.06%
2026-01-19 21:19:42,941 -   - Directional Acc: 50.79%
2026-01-19 21:19:43,362 - 
Sanity CHECK:
2026-01-19 21:19:43,363 - DBG shapes: (252, 1), (252, 1), (252, 5)
2026-01-19 21:19:43,363 - DBG preds stats: min=-1.104721188545227, max=1.0505883693695068, median=0.03766033053398132, std=0.34517866373062134
2026-01-19 21:19:43,363 - DBG actuals stats: min=-6.642712116241455, max=3.6323492527008057, median=0.2033126950263977, std=1.2462762594223022
2026-01-19 21:19:43,363 - Epoch 26:
2026-01-19 21:19:43,364 -   - Range Coverage: nan%
2026-01-19 21:19:43,364 -   - Epsilon Hit (0.2%): 15.87%
2026-01-19 21:19:43,364 -   - Directional Acc: 50.40%
2026-01-19 21:19:43,859 - 
Sanity CHECK:
2026-01-19 21:19:43,859 - DBG shapes: (252, 1), (252, 1), (252, 5)
2026-01-19 21:19:43,860 - DBG preds stats: min=-1.0927478075027466, max=1.2129350900650024, median=0.09352870285511017, std=0.3692407011985779
2026-01-19 21:19:43,860 - DBG actuals stats: min=-6.642712116241455, max=3.6323492527008057, median=0.2033126950263977, std=1.2462762594223022
2026-01-19 21:19:43,861 - Epoch 27:
2026-01-19 21:19:43,861 -   - Range Coverage: nan%
2026-01-19 21:19:43,861 -   - Epsilon Hit (0.2%): 14.29%
2026-01-19 21:19:43,861 -   - Directional Acc: 51.19%
2026-01-19 21:19:44,423 - 
Sanity CHECK:
2026-01-19 21:19:44,424 - DBG shapes: (252, 1), (252, 1), (252, 5)
2026-01-19 21:19:44,424 - DBG preds stats: min=-1.252487301826477, max=1.1113139390945435, median=-0.01378684677183628, std=0.3676501214504242
2026-01-19 21:19:44,425 - DBG actuals stats: min=-6.642712116241455, max=3.6323492527008057, median=0.2033126950263977, std=1.2462762594223022
2026-01-19 21:19:44,425 - Epoch 28:
2026-01-19 21:19:44,425 -   - Range Coverage: nan%
2026-01-19 21:19:44,425 -   - Epsilon Hit (0.2%): 15.87%
2026-01-19 21:19:44,426 -   - Directional Acc: 54.76%
2026-01-19 21:19:44,951 - 
Sanity CHECK:
2026-01-19 21:19:44,952 - DBG shapes: (252, 1), (252, 1), (252, 5)
2026-01-19 21:19:44,952 - DBG preds stats: min=-1.227434754371643, max=1.2630923986434937, median=0.11953270435333252, std=0.3921750485897064
2026-01-19 21:19:44,952 - DBG actuals stats: min=-6.642712116241455, max=3.6323492527008057, median=0.2033126950263977, std=1.2462762594223022
2026-01-19 21:19:44,953 - Epoch 30/50 | Train Loss: 0.271199 | Val Loss: 0.595792
2026-01-19 21:19:44,953 - Current LR: 0.000250
2026-01-19 21:19:44,953 - Epoch 29:
2026-01-19 21:19:44,953 -   - Range Coverage: nan%
2026-01-19 21:19:44,954 -   - Epsilon Hit (0.2%): 15.08%
2026-01-19 21:19:44,954 -   - Directional Acc: 52.38%
2026-01-19 21:19:45,492 - 
Sanity CHECK:
2026-01-19 21:19:45,493 - DBG shapes: (252, 1), (252, 1), (252, 5)
2026-01-19 21:19:45,493 - DBG preds stats: min=-1.2989238500595093, max=1.1929963827133179, median=0.07422607392072678, std=0.39019590616226196
2026-01-19 21:19:45,493 - DBG actuals stats: min=-6.642712116241455, max=3.6323492527008057, median=0.2033126950263977, std=1.2462762594223022
2026-01-19 21:19:45,494 - Epoch 30:
2026-01-19 21:19:45,494 -   - Range Coverage: nan%
2026-01-19 21:19:45,494 -   - Epsilon Hit (0.2%): 14.68%
2026-01-19 21:19:45,494 -   - Directional Acc: 52.38%
2026-01-19 21:19:46,076 - 
Sanity CHECK:
2026-01-19 21:19:46,076 - DBG shapes: (252, 1), (252, 1), (252, 5)
2026-01-19 21:19:46,077 - DBG preds stats: min=-1.4268653392791748, max=1.1926904916763306, median=-0.009735340252518654, std=0.40289849042892456
2026-01-19 21:19:46,077 - DBG actuals stats: min=-6.642712116241455, max=3.6323492527008057, median=0.2033126950263977, std=1.2462762594223022
2026-01-19 21:19:46,078 - Epoch 31:
2026-01-19 21:19:46,078 -   - Range Coverage: nan%
2026-01-19 21:19:46,078 -   - Epsilon Hit (0.2%): 15.48%
2026-01-19 21:19:46,078 -   - Directional Acc: 50.40%
2026-01-19 21:19:46,516 - 
Sanity CHECK:
2026-01-19 21:19:46,516 - DBG shapes: (252, 1), (252, 1), (252, 5)
2026-01-19 21:19:46,517 - DBG preds stats: min=-1.4151215553283691, max=1.2453566789627075, median=0.037462491542100906, std=0.39997339248657227
2026-01-19 21:19:46,517 - DBG actuals stats: min=-6.642712116241455, max=3.6323492527008057, median=0.2033126950263977, std=1.2462762594223022
2026-01-19 21:19:46,517 - Epoch 32:
2026-01-19 21:19:46,517 -   - Range Coverage: nan%
2026-01-19 21:19:46,518 -   - Epsilon Hit (0.2%): 14.29%
2026-01-19 21:19:46,518 -   - Directional Acc: 51.19%
2026-01-19 21:19:47,029 - 
Sanity CHECK:
2026-01-19 21:19:47,029 - DBG shapes: (252, 1), (252, 1), (252, 5)
2026-01-19 21:19:47,029 - DBG preds stats: min=-1.4350452423095703, max=1.3036175966262817, median=0.04662928357720375, std=0.4244433641433716
2026-01-19 21:19:47,030 - DBG actuals stats: min=-6.642712116241455, max=3.6323492527008057, median=0.2033126950263977, std=1.2462762594223022
2026-01-19 21:19:47,030 - Epoch 33:
2026-01-19 21:19:47,030 -   - Range Coverage: nan%
2026-01-19 21:19:47,030 -   - Epsilon Hit (0.2%): 15.87%
2026-01-19 21:19:47,031 -   - Directional Acc: 50.40%
2026-01-19 21:19:47,518 - 
Sanity CHECK:
2026-01-19 21:19:47,518 - DBG shapes: (252, 1), (252, 1), (252, 5)
2026-01-19 21:19:47,519 - DBG preds stats: min=-1.460390329360962, max=1.3670539855957031, median=0.07920897752046585, std=0.43330320715904236
2026-01-19 21:19:47,519 - DBG actuals stats: min=-6.642712116241455, max=3.6323492527008057, median=0.2033126950263977, std=1.2462762594223022
2026-01-19 21:19:47,519 - Epoch 35/50 | Train Loss: 0.268148 | Val Loss: 0.603587
2026-01-19 21:19:47,520 - Current LR: 0.000250
2026-01-19 21:19:47,520 - Epoch 34:
2026-01-19 21:19:47,520 -   - Range Coverage: nan%
2026-01-19 21:19:47,520 -   - Epsilon Hit (0.2%): 16.27%
2026-01-19 21:19:47,520 -   - Directional Acc: 53.57%
2026-01-19 21:19:47,955 - 
Sanity CHECK:
2026-01-19 21:19:47,955 - DBG shapes: (252, 1), (252, 1), (252, 5)
2026-01-19 21:19:47,955 - DBG preds stats: min=-1.503881573677063, max=1.1990362405776978, median=-0.04370966553688049, std=0.4218694865703583
2026-01-19 21:19:47,956 - DBG actuals stats: min=-6.642712116241455, max=3.6323492527008057, median=0.2033126950263977, std=1.2462762594223022
2026-01-19 21:19:47,956 - Epoch 35:
2026-01-19 21:19:47,956 -   - Range Coverage: nan%
2026-01-19 21:19:47,956 -   - Epsilon Hit (0.2%): 15.48%
2026-01-19 21:19:47,957 -   - Directional Acc: 48.81%
2026-01-19 21:19:48,390 - 
Sanity CHECK:
2026-01-19 21:19:48,390 - DBG shapes: (252, 1), (252, 1), (252, 5)
2026-01-19 21:19:48,391 - DBG preds stats: min=-1.5484073162078857, max=1.2866507768630981, median=-0.0011075399816036224, std=0.43583759665489197
2026-01-19 21:19:48,391 - DBG actuals stats: min=-6.642712116241455, max=3.6323492527008057, median=0.2033126950263977, std=1.2462762594223022
2026-01-19 21:19:48,391 - Epoch 36:
2026-01-19 21:19:48,392 -   - Range Coverage: nan%
2026-01-19 21:19:48,392 -   - Epsilon Hit (0.2%): 14.68%
2026-01-19 21:19:48,392 -   - Directional Acc: 50.79%
2026-01-19 21:19:48,836 - 
Sanity CHECK:
2026-01-19 21:19:48,836 - DBG shapes: (252, 1), (252, 1), (252, 5)
2026-01-19 21:19:48,837 - DBG preds stats: min=-1.5291874408721924, max=1.2978824377059937, median=0.028822168707847595, std=0.4349062144756317
2026-01-19 21:19:48,837 - DBG actuals stats: min=-6.642712116241455, max=3.6323492527008057, median=0.2033126950263977, std=1.2462762594223022
2026-01-19 21:19:48,837 - Epoch 37:
2026-01-19 21:19:48,838 -   - Range Coverage: nan%
2026-01-19 21:19:48,838 -   - Epsilon Hit (0.2%): 13.10%
2026-01-19 21:19:48,838 -   - Directional Acc: 52.38%
