2026-01-04 12:59:33,451 - PHASE 1: Identifying feature signals...
2026-01-04 12:59:39,201 - Epoch 0:
2026-01-04 12:59:39,201 -   - Range Coverage: 35.32%
2026-01-04 12:59:39,201 -   - Epsilon Hit (0.2%): 18.65%
2026-01-04 12:59:39,201 -   - Directional Acc: 46.43%
2026-01-04 12:59:41,628 - Epoch 1:
2026-01-04 12:59:41,628 -   - Range Coverage: 34.92%
2026-01-04 12:59:41,629 -   - Epsilon Hit (0.2%): 20.24%
2026-01-04 12:59:41,629 -   - Directional Acc: 56.75%
2026-01-04 12:59:43,965 - Epoch 2:
2026-01-04 12:59:43,966 -   - Range Coverage: 33.73%
2026-01-04 12:59:43,966 -   - Epsilon Hit (0.2%): 20.24%
2026-01-04 12:59:43,967 -   - Directional Acc: 56.75%
2026-01-04 12:59:46,354 - Epoch 3:
2026-01-04 12:59:46,354 -   - Range Coverage: 35.71%
2026-01-04 12:59:46,354 -   - Epsilon Hit (0.2%): 20.63%
2026-01-04 12:59:46,355 -   - Directional Acc: 56.75%
2026-01-04 12:59:48,596 - Epoch 5/15 | Train Loss: 0.256611 | Val Loss: 0.293135
2026-01-04 12:59:48,596 - Current LR: 0.001000
2026-01-04 12:59:48,596 - Epoch 4:
2026-01-04 12:59:48,597 -   - Range Coverage: 35.71%
2026-01-04 12:59:48,597 -   - Epsilon Hit (0.2%): 20.24%
2026-01-04 12:59:48,597 -   - Directional Acc: 56.75%
2026-01-04 12:59:50,829 - Epoch 5:
2026-01-04 12:59:50,829 -   - Range Coverage: 36.11%
2026-01-04 12:59:50,829 -   - Epsilon Hit (0.2%): 20.24%
2026-01-04 12:59:50,829 -   - Directional Acc: 56.75%
2026-01-04 12:59:53,029 - Epoch 6:
2026-01-04 12:59:53,029 -   - Range Coverage: 36.51%
2026-01-04 12:59:53,030 -   - Epsilon Hit (0.2%): 20.24%
2026-01-04 12:59:53,030 -   - Directional Acc: 56.75%
2026-01-04 12:59:55,370 - Epoch 7:
2026-01-04 12:59:55,370 -   - Range Coverage: 36.51%
2026-01-04 12:59:55,370 -   - Epsilon Hit (0.2%): 19.44%
2026-01-04 12:59:55,370 -   - Directional Acc: 56.75%
2026-01-04 12:59:57,718 - Epoch 8:
2026-01-04 12:59:57,719 -   - Range Coverage: 36.51%
2026-01-04 12:59:57,719 -   - Epsilon Hit (0.2%): 19.44%
2026-01-04 12:59:57,719 -   - Directional Acc: 56.75%
2026-01-04 16:52:04,823 - Starting Fold 1 | Test Year: 2021
2026-01-04 17:05:45,312 - Starting Fold 1 | Test Year: 2021
2026-01-04 17:09:44,715 - Starting Fold 1 | Test Year: 2021
2026-01-04 17:09:48,539 - Epoch 0:
2026-01-04 17:09:48,539 -   - Range Coverage: 30.43%
2026-01-04 17:09:48,539 -   - Epsilon Hit (0.2%): 16.60%
2026-01-04 17:09:48,540 -   - Directional Acc: 58.89%
2026-01-04 17:09:50,041 - Epoch 1:
2026-01-04 17:09:50,041 -   - Range Coverage: 26.09%
2026-01-04 17:09:50,042 -   - Epsilon Hit (0.2%): 16.60%
2026-01-04 17:09:50,042 -   - Directional Acc: 57.31%
2026-01-04 17:09:51,495 - Epoch 2:
2026-01-04 17:09:51,495 -   - Range Coverage: 29.25%
2026-01-04 17:09:51,495 -   - Epsilon Hit (0.2%): 15.81%
2026-01-04 17:09:51,495 -   - Directional Acc: 58.89%
2026-01-04 17:09:52,907 - Epoch 3:
2026-01-04 17:09:52,907 -   - Range Coverage: 30.04%
2026-01-04 17:09:52,907 -   - Epsilon Hit (0.2%): 15.42%
2026-01-04 17:09:52,907 -   - Directional Acc: 58.89%
