2026-01-19 21:17:51,662 - Hyperparameters:
2026-01-19 21:17:51,662 -   - Automatic Feature Engineering: false
2026-01-19 21:17:51,662 -   - Early Stopping: false
2026-01-19 21:17:51,663 - ----------  FEATURES  --------
2026-01-19 21:17:51,663 -   - Targets: ['Target_Close_Norm']
2026-01-19 21:17:51,663 -   - Market Features: ['Log_Ret_Open', 'Log_Ret_High', 'Log_Ret_Low', 'Log_Ret_Close', 'Volume_Z', 'RSI_Z', 'SMA_20_Rel', 'SMA_50_Rel', 'MACD_Z', 'MACD_Sig_Z', 'ATR_Pct', 'BB_Low_Rel', 'BB_High_Rel']
2026-01-19 21:17:51,663 -   - Sentiment Features: ['Sentiment', 'News_Vol_Z']
2026-01-19 21:17:51,663 -   - Not considered Features: []
2026-01-19 21:17:51,664 - -------------------------------
2026-01-19 21:17:51,664 - Model Configuration:
2026-01-19 21:17:51,664 -   - Hidden Dim: 64
2026-01-19 21:17:51,665 -   - Batch Size: 64
2026-01-19 21:17:51,665 -   - Epochs: 100
2026-01-19 21:17:51,665 -   - Learning Rate: 0.001
2026-01-19 21:17:51,665 -   - Feature Threshold: 0.0
2026-01-19 21:17:51,665 -   - Output Folder: C:\APPS\CODING\GitHub\BSPs\BSP3\data\models\GLD\my_model
2026-01-19 21:17:51,665 -   - Data Split: slide
2026-01-19 21:17:51,665 -   - Architecture 2: CNN + LSTM + Attention
2026-01-19 21:17:51,666 - --------------------------------------------------
2026-01-19 21:17:51,666 - Additional information:
2026-01-19 21:17:51,666 -   - cnn5 only
2026-01-19 21:17:51,666 -   - Predictor Class: PredictorBiLSTMcnn
2026-01-19 21:17:51,682 - PHASE 1: Identifying feature signals...
2026-01-19 21:17:52,011 - 
Sanity CHECK:
2026-01-19 21:17:52,012 - DBG shapes: (252, 1), (252, 1), (252, 5)
2026-01-19 21:17:52,012 - DBG preds stats: min=-0.0021484345197677612, max=0.0844096690416336, median=0.04937899485230446, std=0.014756842516362667
2026-01-19 21:17:52,013 - DBG actuals stats: min=-6.642712116241455, max=3.6323492527008057, median=0.2033126950263977, std=1.2462762594223022
2026-01-19 21:17:52,013 - Epoch 0:
2026-01-19 21:17:52,013 -   - Range Coverage: nan%
2026-01-19 21:17:52,014 -   - Epsilon Hit (0.2%): 16.27%
2026-01-19 21:17:52,014 -   - Directional Acc: 59.92%
2026-01-19 21:17:52,344 - 
Sanity CHECK:
2026-01-19 21:17:52,344 - DBG shapes: (252, 1), (252, 1), (252, 5)
2026-01-19 21:17:52,344 - DBG preds stats: min=0.03009176254272461, max=0.12122678756713867, median=0.08392813801765442, std=0.016689088195562363
2026-01-19 21:17:52,345 - DBG actuals stats: min=-6.642712116241455, max=3.6323492527008057, median=0.2033126950263977, std=1.2462762594223022
2026-01-19 21:17:52,345 - Epoch 1:
2026-01-19 21:17:52,345 -   - Range Coverage: nan%
2026-01-19 21:17:52,345 -   - Epsilon Hit (0.2%): 15.48%
2026-01-19 21:17:52,346 -   - Directional Acc: 60.32%
2026-01-19 21:17:52,692 - 
Sanity CHECK:
2026-01-19 21:17:52,692 - DBG shapes: (252, 1), (252, 1), (252, 5)
2026-01-19 21:17:52,693 - DBG preds stats: min=-0.051672786474227905, max=0.10661950707435608, median=0.04809984564781189, std=0.02807445637881756
2026-01-19 21:17:52,693 - DBG actuals stats: min=-6.642712116241455, max=3.6323492527008057, median=0.2033126950263977, std=1.2462762594223022
2026-01-19 21:17:52,693 - Epoch 2:
2026-01-19 21:17:52,693 -   - Range Coverage: nan%
2026-01-19 21:17:52,694 -   - Epsilon Hit (0.2%): 17.06%
2026-01-19 21:17:52,694 -   - Directional Acc: 60.32%
2026-01-19 21:17:53,020 - 
Sanity CHECK:
2026-01-19 21:17:53,020 - DBG shapes: (252, 1), (252, 1), (252, 5)
2026-01-19 21:17:53,021 - DBG preds stats: min=-0.054648563265800476, max=0.1368490755558014, median=0.07638482749462128, std=0.03268757462501526
2026-01-19 21:17:53,021 - DBG actuals stats: min=-6.642712116241455, max=3.6323492527008057, median=0.2033126950263977, std=1.2462762594223022
2026-01-19 21:17:53,021 - Epoch 3:
2026-01-19 21:17:53,022 -   - Range Coverage: nan%
2026-01-19 21:17:53,022 -   - Epsilon Hit (0.2%): 16.27%
2026-01-19 21:17:53,022 -   - Directional Acc: 59.13%
2026-01-19 21:17:53,366 - 
Sanity CHECK:
2026-01-19 21:17:53,366 - DBG shapes: (252, 1), (252, 1), (252, 5)
2026-01-19 21:17:53,367 - DBG preds stats: min=-0.09741374105215073, max=0.21218737959861755, median=0.10857949405908585, std=0.05262327939271927
2026-01-19 21:17:53,367 - DBG actuals stats: min=-6.642712116241455, max=3.6323492527008057, median=0.2033126950263977, std=1.2462762594223022
2026-01-19 21:17:53,367 - Epoch 5/50 | Train Loss: 0.350019 | Val Loss: 0.547273
2026-01-19 21:17:53,367 - Current LR: 0.001000
2026-01-19 21:17:53,368 - Epoch 4:
2026-01-19 21:17:53,368 -   - Range Coverage: nan%
2026-01-19 21:17:53,368 -   - Epsilon Hit (0.2%): 15.87%
2026-01-19 21:17:53,368 -   - Directional Acc: 59.92%
2026-01-19 21:17:53,717 - 
Sanity CHECK:
2026-01-19 21:17:53,718 - DBG shapes: (252, 1), (252, 1), (252, 5)
2026-01-19 21:17:53,718 - DBG preds stats: min=-0.21240907907485962, max=0.20978662371635437, median=0.06468960642814636, std=0.07679376006126404
2026-01-19 21:17:53,718 - DBG actuals stats: min=-6.642712116241455, max=3.6323492527008057, median=0.2033126950263977, std=1.2462762594223022
2026-01-19 21:17:53,719 - Epoch 5:
2026-01-19 21:17:53,719 -   - Range Coverage: nan%
2026-01-19 21:17:53,719 -   - Epsilon Hit (0.2%): 16.67%
2026-01-19 21:17:53,719 -   - Directional Acc: 53.17%
2026-01-19 21:17:54,069 - 
Sanity CHECK:
2026-01-19 21:17:54,069 - DBG shapes: (252, 1), (252, 1), (252, 5)
2026-01-19 21:17:54,070 - DBG preds stats: min=-0.19010129570960999, max=0.20297181606292725, median=0.06705377250909805, std=0.0722072497010231
2026-01-19 21:17:54,070 - DBG actuals stats: min=-6.642712116241455, max=3.6323492527008057, median=0.2033126950263977, std=1.2462762594223022
2026-01-19 21:17:54,071 - Epoch 6:
2026-01-19 21:17:54,071 -   - Range Coverage: nan%
2026-01-19 21:17:54,071 -   - Epsilon Hit (0.2%): 16.27%
2026-01-19 21:17:54,071 -   - Directional Acc: 53.57%
2026-01-19 21:17:54,360 - 
Sanity CHECK:
2026-01-19 21:17:54,361 - DBG shapes: (252, 1), (252, 1), (252, 5)
2026-01-19 21:17:54,361 - DBG preds stats: min=-0.30936914682388306, max=0.2487829327583313, median=0.052051328122615814, std=0.10345607250928879
2026-01-19 21:17:54,362 - DBG actuals stats: min=-6.642712116241455, max=3.6323492527008057, median=0.2033126950263977, std=1.2462762594223022
2026-01-19 21:17:54,362 - Epoch 7:
2026-01-19 21:17:54,362 -   - Range Coverage: nan%
2026-01-19 21:17:54,363 -   - Epsilon Hit (0.2%): 15.87%
2026-01-19 21:17:54,363 -   - Directional Acc: 53.17%
2026-01-19 21:17:54,739 - 
Sanity CHECK:
2026-01-19 21:17:54,740 - DBG shapes: (252, 1), (252, 1), (252, 5)
2026-01-19 21:17:54,741 - DBG preds stats: min=-0.22537268698215485, max=0.3487705588340759, median=0.13640084862709045, std=0.10119487345218658
2026-01-19 21:17:54,741 - DBG actuals stats: min=-6.642712116241455, max=3.6323492527008057, median=0.2033126950263977, std=1.2462762594223022
2026-01-19 21:17:54,741 - Epoch 8:
2026-01-19 21:17:54,742 -   - Range Coverage: nan%
2026-01-19 21:17:54,742 -   - Epsilon Hit (0.2%): 15.48%
2026-01-19 21:17:54,742 -   - Directional Acc: 57.54%
2026-01-19 21:17:55,070 - 
Sanity CHECK:
2026-01-19 21:17:55,070 - DBG shapes: (252, 1), (252, 1), (252, 5)
2026-01-19 21:17:55,070 - DBG preds stats: min=-0.2719463109970093, max=0.3615737855434418, median=0.11926217377185822, std=0.11374036967754364
2026-01-19 21:17:55,071 - DBG actuals stats: min=-6.642712116241455, max=3.6323492527008057, median=0.2033126950263977, std=1.2462762594223022
2026-01-19 21:17:55,071 - Epoch 10/50 | Train Loss: 0.346105 | Val Loss: 0.550023
2026-01-19 21:17:55,071 - Current LR: 0.001000
2026-01-19 21:17:55,072 - Epoch 9:
2026-01-19 21:17:55,072 -   - Range Coverage: nan%
2026-01-19 21:17:55,072 -   - Epsilon Hit (0.2%): 16.27%
2026-01-19 21:17:55,072 -   - Directional Acc: 53.97%
2026-01-19 21:17:55,375 - 
Sanity CHECK:
2026-01-19 21:17:55,375 - DBG shapes: (252, 1), (252, 1), (252, 5)
2026-01-19 21:17:55,376 - DBG preds stats: min=-0.3545037806034088, max=0.5086275339126587, median=0.20135924220085144, std=0.1567162722349167
2026-01-19 21:17:55,376 - DBG actuals stats: min=-6.642712116241455, max=3.6323492527008057, median=0.2033126950263977, std=1.2462762594223022
2026-01-19 21:17:55,377 - Epoch 10:
2026-01-19 21:17:55,377 -   - Range Coverage: nan%
2026-01-19 21:17:55,377 -   - Epsilon Hit (0.2%): 14.29%
2026-01-19 21:17:55,377 -   - Directional Acc: 55.56%
2026-01-19 21:17:55,708 - 
Sanity CHECK:
2026-01-19 21:17:55,709 - DBG shapes: (252, 1), (252, 1), (252, 5)
2026-01-19 21:17:55,709 - DBG preds stats: min=-0.4765110909938812, max=0.5149232149124146, median=0.11057169735431671, std=0.17584502696990967
2026-01-19 21:17:55,710 - DBG actuals stats: min=-6.642712116241455, max=3.6323492527008057, median=0.2033126950263977, std=1.2462762594223022
2026-01-19 21:17:55,710 - Epoch 11:
2026-01-19 21:17:55,710 -   - Range Coverage: nan%
2026-01-19 21:17:55,710 -   - Epsilon Hit (0.2%): 12.70%
2026-01-19 21:17:55,711 -   - Directional Acc: 48.81%
2026-01-19 21:17:55,974 - 
Sanity CHECK:
2026-01-19 21:17:55,974 - DBG shapes: (252, 1), (252, 1), (252, 5)
2026-01-19 21:17:55,975 - DBG preds stats: min=-0.5530542135238647, max=0.5103030204772949, median=0.007978186011314392, std=0.21540264785289764
2026-01-19 21:17:55,975 - DBG actuals stats: min=-6.642712116241455, max=3.6323492527008057, median=0.2033126950263977, std=1.2462762594223022
2026-01-19 21:17:55,975 - Epoch 12:
2026-01-19 21:17:55,976 -   - Range Coverage: nan%
2026-01-19 21:17:55,976 -   - Epsilon Hit (0.2%): 14.29%
2026-01-19 21:17:55,976 -   - Directional Acc: 46.03%
2026-01-19 21:17:56,247 - 
Sanity CHECK:
2026-01-19 21:17:56,248 - DBG shapes: (252, 1), (252, 1), (252, 5)
2026-01-19 21:17:56,248 - DBG preds stats: min=-0.5567461252212524, max=0.5650296211242676, median=0.1326209455728531, std=0.21098056435585022
2026-01-19 21:17:56,249 - DBG actuals stats: min=-6.642712116241455, max=3.6323492527008057, median=0.2033126950263977, std=1.2462762594223022
2026-01-19 21:17:56,249 - Epoch 13:
2026-01-19 21:17:56,249 -   - Range Coverage: nan%
2026-01-19 21:17:56,249 -   - Epsilon Hit (0.2%): 12.70%
2026-01-19 21:17:56,249 -   - Directional Acc: 51.98%
2026-01-19 21:17:56,517 - 
Sanity CHECK:
2026-01-19 21:17:56,517 - DBG shapes: (252, 1), (252, 1), (252, 5)
2026-01-19 21:17:56,518 - DBG preds stats: min=-0.705730676651001, max=0.5910811424255371, median=0.11458101868629456, std=0.2563718259334564
2026-01-19 21:17:56,518 - DBG actuals stats: min=-6.642712116241455, max=3.6323492527008057, median=0.2033126950263977, std=1.2462762594223022
2026-01-19 21:17:56,518 - Epoch 15/50 | Train Loss: 0.329348 | Val Loss: 0.576886
2026-01-19 21:17:56,518 - Current LR: 0.000500
2026-01-19 21:17:56,519 - Epoch 14:
2026-01-19 21:17:56,519 -   - Range Coverage: nan%
2026-01-19 21:17:56,519 -   - Epsilon Hit (0.2%): 12.70%
2026-01-19 21:17:56,519 -   - Directional Acc: 49.60%
2026-01-19 21:17:56,783 - 
Sanity CHECK:
2026-01-19 21:17:56,784 - DBG shapes: (252, 1), (252, 1), (252, 5)
2026-01-19 21:17:56,784 - DBG preds stats: min=-0.6516519784927368, max=0.7235933542251587, median=0.22172856330871582, std=0.27107369899749756
2026-01-19 21:17:56,785 - DBG actuals stats: min=-6.642712116241455, max=3.6323492527008057, median=0.2033126950263977, std=1.2462762594223022
2026-01-19 21:17:56,785 - Epoch 15:
2026-01-19 21:17:56,785 -   - Range Coverage: nan%
2026-01-19 21:17:56,785 -   - Epsilon Hit (0.2%): 13.10%
2026-01-19 21:17:56,786 -   - Directional Acc: 53.57%
2026-01-19 21:17:57,055 - 
Sanity CHECK:
2026-01-19 21:17:57,055 - DBG shapes: (252, 1), (252, 1), (252, 5)
2026-01-19 21:17:57,055 - DBG preds stats: min=-0.7913317084312439, max=0.7070533037185669, median=0.17268498241901398, std=0.2916296124458313
2026-01-19 21:17:57,056 - DBG actuals stats: min=-6.642712116241455, max=3.6323492527008057, median=0.2033126950263977, std=1.2462762594223022
2026-01-19 21:17:57,056 - Epoch 16:
2026-01-19 21:17:57,057 -   - Range Coverage: nan%
2026-01-19 21:17:57,057 -   - Epsilon Hit (0.2%): 13.49%
2026-01-19 21:17:57,057 -   - Directional Acc: 51.59%
2026-01-19 21:17:57,419 - 
Sanity CHECK:
2026-01-19 21:17:57,419 - DBG shapes: (252, 1), (252, 1), (252, 5)
2026-01-19 21:17:57,419 - DBG preds stats: min=-0.8594580888748169, max=0.7764071226119995, median=0.15630121529102325, std=0.3162548840045929
2026-01-19 21:17:57,420 - DBG actuals stats: min=-6.642712116241455, max=3.6323492527008057, median=0.2033126950263977, std=1.2462762594223022
2026-01-19 21:17:57,420 - Epoch 17:
2026-01-19 21:17:57,420 -   - Range Coverage: nan%
2026-01-19 21:17:57,421 -   - Epsilon Hit (0.2%): 12.30%
2026-01-19 21:17:57,421 -   - Directional Acc: 49.60%
2026-01-19 21:17:57,704 - 
Sanity CHECK:
2026-01-19 21:17:57,705 - DBG shapes: (252, 1), (252, 1), (252, 5)
2026-01-19 21:17:57,705 - DBG preds stats: min=-0.9167844653129578, max=0.818935751914978, median=0.11809314787387848, std=0.34273093938827515
2026-01-19 21:17:57,705 - DBG actuals stats: min=-6.642712116241455, max=3.6323492527008057, median=0.2033126950263977, std=1.2462762594223022
2026-01-19 21:17:57,706 - Epoch 18:
2026-01-19 21:17:57,706 -   - Range Coverage: nan%
2026-01-19 21:17:57,706 -   - Epsilon Hit (0.2%): 12.30%
2026-01-19 21:17:57,706 -   - Directional Acc: 50.00%
2026-01-19 21:17:57,974 - 
Sanity CHECK:
2026-01-19 21:17:57,975 - DBG shapes: (252, 1), (252, 1), (252, 5)
2026-01-19 21:17:57,975 - DBG preds stats: min=-1.110782265663147, max=0.759006142616272, median=-0.041975393891334534, std=0.36022651195526123
2026-01-19 21:17:57,976 - DBG actuals stats: min=-6.642712116241455, max=3.6323492527008057, median=0.2033126950263977, std=1.2462762594223022
2026-01-19 21:17:57,976 - Epoch 20/50 | Train Loss: 0.317301 | Val Loss: 0.615561
2026-01-19 21:17:57,976 - Current LR: 0.000500
2026-01-19 21:17:57,977 - Epoch 19:
2026-01-19 21:17:57,977 -   - Range Coverage: nan%
2026-01-19 21:17:57,977 -   - Epsilon Hit (0.2%): 13.49%
2026-01-19 21:17:57,977 -   - Directional Acc: 47.62%
2026-01-19 21:17:58,256 - 
Sanity CHECK:
2026-01-19 21:17:58,256 - DBG shapes: (252, 1), (252, 1), (252, 5)
2026-01-19 21:17:58,257 - DBG preds stats: min=-1.0788919925689697, max=0.6738981604576111, median=-0.057072728872299194, std=0.33681750297546387
2026-01-19 21:17:58,257 - DBG actuals stats: min=-6.642712116241455, max=3.6323492527008057, median=0.2033126950263977, std=1.2462762594223022
2026-01-19 21:17:58,258 - Epoch 20:
2026-01-19 21:17:58,258 -   - Range Coverage: nan%
2026-01-19 21:17:58,258 -   - Epsilon Hit (0.2%): 12.70%
2026-01-19 21:17:58,258 -   - Directional Acc: 47.62%
2026-01-19 21:17:58,530 - 
Sanity CHECK:
2026-01-19 21:17:58,530 - DBG shapes: (252, 1), (252, 1), (252, 5)
2026-01-19 21:17:58,530 - DBG preds stats: min=-1.1531789302825928, max=0.7379196882247925, median=-0.021495312452316284, std=0.35994893312454224
2026-01-19 21:17:58,531 - DBG actuals stats: min=-6.642712116241455, max=3.6323492527008057, median=0.2033126950263977, std=1.2462762594223022
2026-01-19 21:17:58,531 - Epoch 21:
2026-01-19 21:17:58,531 -   - Range Coverage: nan%
2026-01-19 21:17:58,532 -   - Epsilon Hit (0.2%): 13.10%
2026-01-19 21:17:58,532 -   - Directional Acc: 50.00%
2026-01-19 21:17:58,807 - 
Sanity CHECK:
2026-01-19 21:17:58,807 - DBG shapes: (252, 1), (252, 1), (252, 5)
2026-01-19 21:17:58,808 - DBG preds stats: min=-1.047059178352356, max=0.8889673352241516, median=0.03087547980248928, std=0.3644060790538788
2026-01-19 21:17:58,808 - DBG actuals stats: min=-6.642712116241455, max=3.6323492527008057, median=0.2033126950263977, std=1.2462762594223022
2026-01-19 21:17:58,808 - Epoch 22:
2026-01-19 21:17:58,809 -   - Range Coverage: nan%
2026-01-19 21:17:58,809 -   - Epsilon Hit (0.2%): 13.10%
2026-01-19 21:17:58,809 -   - Directional Acc: 49.60%
2026-01-19 21:17:59,076 - 
Sanity CHECK:
2026-01-19 21:17:59,076 - DBG shapes: (252, 1), (252, 1), (252, 5)
2026-01-19 21:17:59,077 - DBG preds stats: min=-1.0860189199447632, max=1.0311625003814697, median=0.21906766295433044, std=0.4004687964916229
2026-01-19 21:17:59,077 - DBG actuals stats: min=-6.642712116241455, max=3.6323492527008057, median=0.2033126950263977, std=1.2462762594223022
2026-01-19 21:17:59,078 - Epoch 23:
2026-01-19 21:17:59,078 -   - Range Coverage: nan%
2026-01-19 21:17:59,078 -   - Epsilon Hit (0.2%): 11.90%
2026-01-19 21:17:59,078 -   - Directional Acc: 52.38%
2026-01-19 21:17:59,386 - 
Sanity CHECK:
2026-01-19 21:17:59,386 - DBG shapes: (252, 1), (252, 1), (252, 5)
2026-01-19 21:17:59,387 - DBG preds stats: min=-1.179661512374878, max=0.9959523677825928, median=0.07435339689254761, std=0.4081783592700958
2026-01-19 21:17:59,387 - DBG actuals stats: min=-6.642712116241455, max=3.6323492527008057, median=0.2033126950263977, std=1.2462762594223022
2026-01-19 21:17:59,388 - Epoch 25/50 | Train Loss: 0.304286 | Val Loss: 0.617566
2026-01-19 21:17:59,388 - Current LR: 0.000250
2026-01-19 21:17:59,388 - Epoch 24:
2026-01-19 21:17:59,388 -   - Range Coverage: nan%
2026-01-19 21:17:59,389 -   - Epsilon Hit (0.2%): 10.71%
2026-01-19 21:17:59,389 -   - Directional Acc: 50.79%
2026-01-19 21:17:59,704 - 
Sanity CHECK:
2026-01-19 21:17:59,704 - DBG shapes: (252, 1), (252, 1), (252, 5)
2026-01-19 21:17:59,705 - DBG preds stats: min=-1.1970210075378418, max=1.090574860572815, median=0.11071604490280151, std=0.432964563369751
2026-01-19 21:17:59,705 - DBG actuals stats: min=-6.642712116241455, max=3.6323492527008057, median=0.2033126950263977, std=1.2462762594223022
2026-01-19 21:17:59,705 - Epoch 25:
2026-01-19 21:17:59,706 -   - Range Coverage: nan%
2026-01-19 21:17:59,706 -   - Epsilon Hit (0.2%): 12.70%
2026-01-19 21:17:59,706 -   - Directional Acc: 50.40%
2026-01-19 21:18:00,109 - 
Sanity CHECK:
2026-01-19 21:18:00,109 - DBG shapes: (252, 1), (252, 1), (252, 5)
2026-01-19 21:18:00,110 - DBG preds stats: min=-1.2597464323043823, max=1.2007570266723633, median=0.10699749737977982, std=0.44991829991340637
2026-01-19 21:18:00,110 - DBG actuals stats: min=-6.642712116241455, max=3.6323492527008057, median=0.2033126950263977, std=1.2462762594223022
2026-01-19 21:18:00,110 - Epoch 26:
2026-01-19 21:18:00,110 -   - Range Coverage: nan%
2026-01-19 21:18:00,111 -   - Epsilon Hit (0.2%): 11.51%
2026-01-19 21:18:00,111 -   - Directional Acc: 52.78%
2026-01-19 21:18:00,459 - 
Sanity CHECK:
2026-01-19 21:18:00,459 - DBG shapes: (252, 1), (252, 1), (252, 5)
2026-01-19 21:18:00,460 - DBG preds stats: min=-1.215466856956482, max=1.0888118743896484, median=0.053099747747182846, std=0.43002068996429443
2026-01-19 21:18:00,460 - DBG actuals stats: min=-6.642712116241455, max=3.6323492527008057, median=0.2033126950263977, std=1.2462762594223022
2026-01-19 21:18:00,461 - Epoch 27:
2026-01-19 21:18:00,461 -   - Range Coverage: nan%
2026-01-19 21:18:00,461 -   - Epsilon Hit (0.2%): 12.30%
2026-01-19 21:18:00,461 -   - Directional Acc: 50.79%
2026-01-19 21:18:00,802 - 
Sanity CHECK:
2026-01-19 21:18:00,802 - DBG shapes: (252, 1), (252, 1), (252, 5)
2026-01-19 21:18:00,802 - DBG preds stats: min=-1.2402729988098145, max=1.2307666540145874, median=0.1456371247768402, std=0.46843770146369934
2026-01-19 21:18:00,803 - DBG actuals stats: min=-6.642712116241455, max=3.6323492527008057, median=0.2033126950263977, std=1.2462762594223022
2026-01-19 21:18:00,803 - Epoch 28:
2026-01-19 21:18:00,803 -   - Range Coverage: nan%
2026-01-19 21:18:00,803 -   - Epsilon Hit (0.2%): 13.49%
2026-01-19 21:18:00,803 -   - Directional Acc: 50.79%
2026-01-19 21:18:01,115 - 
Sanity CHECK:
2026-01-19 21:18:01,115 - DBG shapes: (252, 1), (252, 1), (252, 5)
2026-01-19 21:18:01,116 - DBG preds stats: min=-1.2219345569610596, max=1.2039402723312378, median=0.14855840802192688, std=0.4646606743335724
2026-01-19 21:18:01,116 - DBG actuals stats: min=-6.642712116241455, max=3.6323492527008057, median=0.2033126950263977, std=1.2462762594223022
2026-01-19 21:18:01,116 - Epoch 30/50 | Train Loss: 0.292589 | Val Loss: 0.622744
2026-01-19 21:18:01,117 - Current LR: 0.000250
2026-01-19 21:18:01,117 - Epoch 29:
2026-01-19 21:18:01,117 -   - Range Coverage: nan%
2026-01-19 21:18:01,117 -   - Epsilon Hit (0.2%): 12.30%
2026-01-19 21:18:01,118 -   - Directional Acc: 50.40%
2026-01-19 21:18:01,451 - 
Sanity CHECK:
2026-01-19 21:18:01,451 - DBG shapes: (252, 1), (252, 1), (252, 5)
2026-01-19 21:18:01,452 - DBG preds stats: min=-1.335109829902649, max=1.1703447103500366, median=0.12031276524066925, std=0.48459869623184204
2026-01-19 21:18:01,452 - DBG actuals stats: min=-6.642712116241455, max=3.6323492527008057, median=0.2033126950263977, std=1.2462762594223022
2026-01-19 21:18:01,452 - Epoch 30:
2026-01-19 21:18:01,453 -   - Range Coverage: nan%
2026-01-19 21:18:01,453 -   - Epsilon Hit (0.2%): 13.10%
2026-01-19 21:18:01,453 -   - Directional Acc: 51.19%
2026-01-19 21:18:01,779 - 
Sanity CHECK:
2026-01-19 21:18:01,779 - DBG shapes: (252, 1), (252, 1), (252, 5)
2026-01-19 21:18:01,780 - DBG preds stats: min=-1.3490238189697266, max=1.1422836780548096, median=0.08060234785079956, std=0.49022820591926575
2026-01-19 21:18:01,780 - DBG actuals stats: min=-6.642712116241455, max=3.6323492527008057, median=0.2033126950263977, std=1.2462762594223022
2026-01-19 21:18:01,780 - Epoch 31:
2026-01-19 21:18:01,781 -   - Range Coverage: nan%
2026-01-19 21:18:01,781 -   - Epsilon Hit (0.2%): 13.49%
2026-01-19 21:18:01,781 -   - Directional Acc: 51.98%
2026-01-19 21:18:02,095 - 
Sanity CHECK:
2026-01-19 21:18:02,095 - DBG shapes: (252, 1), (252, 1), (252, 5)
2026-01-19 21:18:02,096 - DBG preds stats: min=-1.4870502948760986, max=1.2169349193572998, median=0.06325282901525497, std=0.5170981884002686
2026-01-19 21:18:02,096 - DBG actuals stats: min=-6.642712116241455, max=3.6323492527008057, median=0.2033126950263977, std=1.2462762594223022
2026-01-19 21:18:02,096 - Epoch 32:
2026-01-19 21:18:02,097 -   - Range Coverage: nan%
2026-01-19 21:18:02,097 -   - Epsilon Hit (0.2%): 14.68%
2026-01-19 21:18:02,097 -   - Directional Acc: 51.59%
2026-01-19 21:18:02,399 - 
Sanity CHECK:
2026-01-19 21:18:02,400 - DBG shapes: (252, 1), (252, 1), (252, 5)
2026-01-19 21:18:02,400 - DBG preds stats: min=-1.4929134845733643, max=1.1525967121124268, median=0.02747432328760624, std=0.514199435710907
2026-01-19 21:18:02,400 - DBG actuals stats: min=-6.642712116241455, max=3.6323492527008057, median=0.2033126950263977, std=1.2462762594223022
2026-01-19 21:18:02,401 - Epoch 33:
2026-01-19 21:18:02,401 -   - Range Coverage: nan%
2026-01-19 21:18:02,401 -   - Epsilon Hit (0.2%): 14.68%
2026-01-19 21:18:02,401 -   - Directional Acc: 52.78%
2026-01-19 21:18:02,735 - 
Sanity CHECK:
2026-01-19 21:18:02,735 - DBG shapes: (252, 1), (252, 1), (252, 5)
2026-01-19 21:18:02,736 - DBG preds stats: min=-1.3005578517913818, max=1.2609467506408691, median=0.17587830126285553, std=0.48957890272140503
2026-01-19 21:18:02,736 - DBG actuals stats: min=-6.642712116241455, max=3.6323492527008057, median=0.2033126950263977, std=1.2462762594223022
2026-01-19 21:18:02,736 - Epoch 35/50 | Train Loss: 0.290693 | Val Loss: 0.632732
2026-01-19 21:18:02,737 - Current LR: 0.000125
2026-01-19 21:18:02,737 - Epoch 34:
2026-01-19 21:18:02,737 -   - Range Coverage: nan%
2026-01-19 21:18:02,737 -   - Epsilon Hit (0.2%): 12.30%
2026-01-19 21:18:02,738 -   - Directional Acc: 51.19%
2026-01-19 21:18:03,076 - 
Sanity CHECK:
2026-01-19 21:18:03,076 - DBG shapes: (252, 1), (252, 1), (252, 5)
2026-01-19 21:18:03,077 - DBG preds stats: min=-1.4372961521148682, max=1.225054144859314, median=0.05286674574017525, std=0.5147388577461243
2026-01-19 21:18:03,077 - DBG actuals stats: min=-6.642712116241455, max=3.6323492527008057, median=0.2033126950263977, std=1.2462762594223022
2026-01-19 21:18:03,078 - Epoch 35:
2026-01-19 21:18:03,078 -   - Range Coverage: nan%
2026-01-19 21:18:03,078 -   - Epsilon Hit (0.2%): 13.10%
2026-01-19 21:18:03,078 -   - Directional Acc: 52.78%
2026-01-19 21:18:03,409 - 
Sanity CHECK:
2026-01-19 21:18:03,410 - DBG shapes: (252, 1), (252, 1), (252, 5)
2026-01-19 21:18:03,410 - DBG preds stats: min=-1.4446301460266113, max=1.2967931032180786, median=0.1453969031572342, std=0.5237733125686646
2026-01-19 21:18:03,410 - DBG actuals stats: min=-6.642712116241455, max=3.6323492527008057, median=0.2033126950263977, std=1.2462762594223022
2026-01-19 21:18:03,411 - Epoch 36:
2026-01-19 21:18:03,411 -   - Range Coverage: nan%
2026-01-19 21:18:03,411 -   - Epsilon Hit (0.2%): 13.10%
2026-01-19 21:18:03,411 -   - Directional Acc: 53.17%
2026-01-19 21:18:03,763 - 
Sanity CHECK:
2026-01-19 21:18:03,763 - DBG shapes: (252, 1), (252, 1), (252, 5)
2026-01-19 21:18:03,764 - DBG preds stats: min=-1.5244601964950562, max=1.309576153755188, median=0.057351090013980865, std=0.5435629487037659
2026-01-19 21:18:03,764 - DBG actuals stats: min=-6.642712116241455, max=3.6323492527008057, median=0.2033126950263977, std=1.2462762594223022
2026-01-19 21:18:03,764 - Epoch 37:
2026-01-19 21:18:03,765 -   - Range Coverage: nan%
2026-01-19 21:18:03,765 -   - Epsilon Hit (0.2%): 13.10%
2026-01-19 21:18:03,765 -   - Directional Acc: 53.17%
2026-01-19 21:18:04,085 - 
Sanity CHECK:
2026-01-19 21:18:04,086 - DBG shapes: (252, 1), (252, 1), (252, 5)
2026-01-19 21:18:04,086 - DBG preds stats: min=-1.5194414854049683, max=1.3004955053329468, median=0.0803673043847084, std=0.5362582206726074
2026-01-19 21:18:04,086 - DBG actuals stats: min=-6.642712116241455, max=3.6323492527008057, median=0.2033126950263977, std=1.2462762594223022
2026-01-19 21:18:04,087 - Epoch 38:
2026-01-19 21:18:04,087 -   - Range Coverage: nan%
2026-01-19 21:18:04,087 -   - Epsilon Hit (0.2%): 13.10%
2026-01-19 21:18:04,088 -   - Directional Acc: 51.98%
2026-01-19 21:18:04,398 - 
Sanity CHECK:
2026-01-19 21:18:04,398 - DBG shapes: (252, 1), (252, 1), (252, 5)
2026-01-19 21:18:04,398 - DBG preds stats: min=-1.5120348930358887, max=1.3107500076293945, median=0.09640336036682129, std=0.540400505065918
2026-01-19 21:18:04,399 - DBG actuals stats: min=-6.642712116241455, max=3.6323492527008057, median=0.2033126950263977, std=1.2462762594223022
2026-01-19 21:18:04,399 - Epoch 40/50 | Train Loss: 0.279980 | Val Loss: 0.647421
2026-01-19 21:18:04,399 - Current LR: 0.000125
2026-01-19 21:18:04,399 - Epoch 39:
2026-01-19 21:18:04,400 -   - Range Coverage: nan%
2026-01-19 21:18:04,400 -   - Epsilon Hit (0.2%): 13.10%
2026-01-19 21:18:04,400 -   - Directional Acc: 52.78%
2026-01-19 21:18:04,725 - 
Sanity CHECK:
2026-01-19 21:18:04,726 - DBG shapes: (252, 1), (252, 1), (252, 5)
2026-01-19 21:18:04,726 - DBG preds stats: min=-1.5021741390228271, max=1.3291497230529785, median=0.0605497844517231, std=0.5410591959953308
2026-01-19 21:18:04,726 - DBG actuals stats: min=-6.642712116241455, max=3.6323492527008057, median=0.2033126950263977, std=1.2462762594223022
2026-01-19 21:18:04,727 - Epoch 40:
2026-01-19 21:18:04,727 -   - Range Coverage: nan%
2026-01-19 21:18:04,727 -   - Epsilon Hit (0.2%): 12.30%
2026-01-19 21:18:04,727 -   - Directional Acc: 53.97%
2026-01-19 21:18:05,053 - 
Sanity CHECK:
2026-01-19 21:18:05,053 - DBG shapes: (252, 1), (252, 1), (252, 5)
2026-01-19 21:18:05,054 - DBG preds stats: min=-1.4713516235351562, max=1.4283990859985352, median=0.15761664509773254, std=0.5526829957962036
2026-01-19 21:18:05,054 - DBG actuals stats: min=-6.642712116241455, max=3.6323492527008057, median=0.2033126950263977, std=1.2462762594223022
2026-01-19 21:18:05,055 - Epoch 41:
2026-01-19 21:18:05,055 -   - Range Coverage: nan%
2026-01-19 21:18:05,055 -   - Epsilon Hit (0.2%): 11.90%
2026-01-19 21:18:05,055 -   - Directional Acc: 52.78%
2026-01-19 21:18:05,407 - 
Sanity CHECK:
2026-01-19 21:18:05,408 - DBG shapes: (252, 1), (252, 1), (252, 5)
2026-01-19 21:18:05,408 - DBG preds stats: min=-1.538802981376648, max=1.2984981536865234, median=0.05257962644100189, std=0.5494633316993713
2026-01-19 21:18:05,409 - DBG actuals stats: min=-6.642712116241455, max=3.6323492527008057, median=0.2033126950263977, std=1.2462762594223022
2026-01-19 21:18:05,409 - Epoch 42:
2026-01-19 21:18:05,409 -   - Range Coverage: nan%
2026-01-19 21:18:05,409 -   - Epsilon Hit (0.2%): 12.70%
2026-01-19 21:18:05,410 -   - Directional Acc: 53.17%
2026-01-19 21:18:05,771 - 
Sanity CHECK:
2026-01-19 21:18:05,771 - DBG shapes: (252, 1), (252, 1), (252, 5)
2026-01-19 21:18:05,771 - DBG preds stats: min=-1.5351998805999756, max=1.324852705001831, median=0.08760111033916473, std=0.5464491844177246
2026-01-19 21:18:05,772 - DBG actuals stats: min=-6.642712116241455, max=3.6323492527008057, median=0.2033126950263977, std=1.2462762594223022
2026-01-19 21:18:05,772 - Epoch 43:
2026-01-19 21:18:05,772 -   - Range Coverage: nan%
2026-01-19 21:18:05,772 -   - Epsilon Hit (0.2%): 11.90%
2026-01-19 21:18:05,773 -   - Directional Acc: 53.17%
2026-01-19 21:18:06,075 - 
Sanity CHECK:
2026-01-19 21:18:06,075 - DBG shapes: (252, 1), (252, 1), (252, 5)
2026-01-19 21:18:06,076 - DBG preds stats: min=-1.5590667724609375, max=1.350172519683838, median=0.08961719274520874, std=0.5574778914451599
2026-01-19 21:18:06,076 - DBG actuals stats: min=-6.642712116241455, max=3.6323492527008057, median=0.2033126950263977, std=1.2462762594223022
2026-01-19 21:18:06,076 - Epoch 45/50 | Train Loss: 0.276202 | Val Loss: 0.651579
2026-01-19 21:18:06,077 - Current LR: 0.000125
2026-01-19 21:18:06,077 - Epoch 44:
2026-01-19 21:18:06,077 -   - Range Coverage: nan%
2026-01-19 21:18:06,077 -   - Epsilon Hit (0.2%): 12.30%
2026-01-19 21:18:06,078 -   - Directional Acc: 52.78%
2026-01-19 21:18:06,421 - 
Sanity CHECK:
2026-01-19 21:18:06,421 - DBG shapes: (252, 1), (252, 1), (252, 5)
2026-01-19 21:18:06,422 - DBG preds stats: min=-1.5757910013198853, max=1.369163990020752, median=0.09892717748880386, std=0.5686413049697876
2026-01-19 21:18:06,422 - DBG actuals stats: min=-6.642712116241455, max=3.6323492527008057, median=0.2033126950263977, std=1.2462762594223022
2026-01-19 21:18:06,423 - Epoch 45:
2026-01-19 21:18:06,423 -   - Range Coverage: nan%
2026-01-19 21:18:06,423 -   - Epsilon Hit (0.2%): 12.70%
2026-01-19 21:18:06,423 -   - Directional Acc: 52.78%
2026-01-19 21:18:06,734 - 
Sanity CHECK:
2026-01-19 21:18:06,734 - DBG shapes: (252, 1), (252, 1), (252, 5)
2026-01-19 21:18:06,734 - DBG preds stats: min=-1.6072132587432861, max=1.3313618898391724, median=0.06889958679676056, std=0.573745846748352
2026-01-19 21:18:06,735 - DBG actuals stats: min=-6.642712116241455, max=3.6323492527008057, median=0.2033126950263977, std=1.2462762594223022
2026-01-19 21:18:06,735 - Epoch 46:
2026-01-19 21:18:06,735 -   - Range Coverage: nan%
2026-01-19 21:18:06,735 -   - Epsilon Hit (0.2%): 13.49%
2026-01-19 21:18:06,736 -   - Directional Acc: 53.17%
2026-01-19 21:18:07,047 - 
Sanity CHECK:
2026-01-19 21:18:07,047 - DBG shapes: (252, 1), (252, 1), (252, 5)
2026-01-19 21:18:07,048 - DBG preds stats: min=-1.6009833812713623, max=1.3124377727508545, median=0.08186902105808258, std=0.5683325529098511
2026-01-19 21:18:07,048 - DBG actuals stats: min=-6.642712116241455, max=3.6323492527008057, median=0.2033126950263977, std=1.2462762594223022
2026-01-19 21:18:07,048 - Epoch 47:
2026-01-19 21:18:07,049 -   - Range Coverage: nan%
2026-01-19 21:18:07,049 -   - Epsilon Hit (0.2%): 13.89%
2026-01-19 21:18:07,049 -   - Directional Acc: 52.78%
2026-01-19 21:18:07,368 - 
Sanity CHECK:
2026-01-19 21:18:07,368 - DBG shapes: (252, 1), (252, 1), (252, 5)
2026-01-19 21:18:07,368 - DBG preds stats: min=-1.538329839706421, max=1.3496513366699219, median=0.11060477793216705, std=0.5619530081748962
2026-01-19 21:18:07,369 - DBG actuals stats: min=-6.642712116241455, max=3.6323492527008057, median=0.2033126950263977, std=1.2462762594223022
2026-01-19 21:18:07,369 - Epoch 48:
2026-01-19 21:18:07,369 -   - Range Coverage: nan%
2026-01-19 21:18:07,369 -   - Epsilon Hit (0.2%): 12.30%
2026-01-19 21:18:07,370 -   - Directional Acc: 53.17%
2026-01-19 21:18:07,709 - 
Sanity CHECK:
2026-01-19 21:18:07,709 - DBG shapes: (252, 1), (252, 1), (252, 5)
2026-01-19 21:18:07,709 - DBG preds stats: min=-1.5735567808151245, max=1.2916768789291382, median=0.049135588109493256, std=0.5648547410964966
2026-01-19 21:18:07,710 - DBG actuals stats: min=-6.642712116241455, max=3.6323492527008057, median=0.2033126950263977, std=1.2462762594223022
2026-01-19 21:18:07,710 - Epoch 50/50 | Train Loss: 0.273272 | Val Loss: 0.654592
2026-01-19 21:18:07,710 - Current LR: 0.000063
2026-01-19 21:18:07,710 - Epoch 49:
2026-01-19 21:18:07,711 -   - Range Coverage: nan%
2026-01-19 21:18:07,711 -   - Epsilon Hit (0.2%): 11.51%
2026-01-19 21:18:07,711 -   - Directional Acc: 52.38%
2026-01-19 21:18:07,860 - Dropping noise features: ['Log_Ret_Open', 'Log_Ret_High', 'Log_Ret_Low', 'Log_Ret_Close', 'MACD_Z', 'BB_High_Rel', 'News_Vol_Z']
2026-01-19 21:18:07,860 - Training with signal features: ['Volume_Z', 'RSI_Z', 'SMA_20_Rel', 'SMA_50_Rel', 'MACD_Sig_Z', 'ATR_Pct', 'BB_Low_Rel', 'Sentiment']
2026-01-19 21:18:07,861 - PHASE 2: Starting optimized training with Early Stopping...
2026-01-19 21:18:07,869 - 

 ==============> Starting Fold 1 | Test Year: 2022
2026-01-19 21:18:08,142 - 
Sanity CHECK:
2026-01-19 21:18:08,142 - DBG shapes: (252, 1), (252, 1), (252, 5)
2026-01-19 21:18:08,142 - DBG preds stats: min=0.04588198661804199, max=0.11604582518339157, median=0.07149587571620941, std=0.019122522324323654
2026-01-19 21:18:08,143 - DBG actuals stats: min=-3.480879545211792, max=2.1048059463500977, median=-5.4977601394057274e-05, std=0.8566687107086182
2026-01-19 21:18:08,143 - Epoch 0:
2026-01-19 21:18:08,143 -   - Range Coverage: nan%
2026-01-19 21:18:08,143 -   - Epsilon Hit (0.2%): 23.41%
2026-01-19 21:18:08,144 -   - Directional Acc: 50.00%
2026-01-19 21:18:08,144 - Best model updated at Epoch 0
2026-01-19 21:18:08,408 - 
Sanity CHECK:
2026-01-19 21:18:08,409 - DBG shapes: (252, 1), (252, 1), (252, 5)
2026-01-19 21:18:08,409 - DBG preds stats: min=0.016159020364284515, max=0.09190294146537781, median=0.05179811269044876, std=0.01913447678089142
2026-01-19 21:18:08,409 - DBG actuals stats: min=-3.480879545211792, max=2.1048059463500977, median=-5.4977601394057274e-05, std=0.8566687107086182
2026-01-19 21:18:08,410 - Epoch 1:
2026-01-19 21:18:08,410 -   - Range Coverage: nan%
2026-01-19 21:18:08,410 -   - Epsilon Hit (0.2%): 23.02%
2026-01-19 21:18:08,410 -   - Directional Acc: 50.00%
2026-01-19 21:18:08,411 - Best model updated at Epoch 1
2026-01-19 21:18:08,687 - 
Sanity CHECK:
2026-01-19 21:18:08,688 - DBG shapes: (252, 1), (252, 1), (252, 5)
2026-01-19 21:18:08,688 - DBG preds stats: min=0.021924495697021484, max=0.1196495071053505, median=0.06397999078035355, std=0.025631161406636238
2026-01-19 21:18:08,689 - DBG actuals stats: min=-3.480879545211792, max=2.1048059463500977, median=-5.4977601394057274e-05, std=0.8566687107086182
2026-01-19 21:18:08,689 - Epoch 2:
2026-01-19 21:18:08,689 -   - Range Coverage: nan%
2026-01-19 21:18:08,689 -   - Epsilon Hit (0.2%): 23.81%
2026-01-19 21:18:08,690 -   - Directional Acc: 50.00%
2026-01-19 21:18:08,970 - 
Sanity CHECK:
2026-01-19 21:18:08,970 - DBG shapes: (252, 1), (252, 1), (252, 5)
2026-01-19 21:18:08,971 - DBG preds stats: min=0.004752501845359802, max=0.09329802542924881, median=0.047849200665950775, std=0.022801915183663368
2026-01-19 21:18:08,971 - DBG actuals stats: min=-3.480879545211792, max=2.1048059463500977, median=-5.4977601394057274e-05, std=0.8566687107086182
2026-01-19 21:18:08,972 - Epoch 3:
2026-01-19 21:18:08,972 -   - Range Coverage: nan%
2026-01-19 21:18:08,972 -   - Epsilon Hit (0.2%): 22.62%
2026-01-19 21:18:08,972 -   - Directional Acc: 50.00%
2026-01-19 21:18:08,973 - Best model updated at Epoch 3
2026-01-19 21:18:09,248 - 
Sanity CHECK:
2026-01-19 21:18:09,248 - DBG shapes: (252, 1), (252, 1), (252, 5)
2026-01-19 21:18:09,249 - DBG preds stats: min=0.01564846932888031, max=0.1367816925048828, median=0.06385266780853271, std=0.03219534829258919
2026-01-19 21:18:09,249 - DBG actuals stats: min=-3.480879545211792, max=2.1048059463500977, median=-5.4977601394057274e-05, std=0.8566687107086182
2026-01-19 21:18:09,249 - Epoch 5/100 | Train Loss: 0.300918 | Val Loss: 0.306114
2026-01-19 21:18:09,250 - Current LR: 0.001000
2026-01-19 21:18:09,250 - Epoch 4:
2026-01-19 21:18:09,250 -   - Range Coverage: nan%
2026-01-19 21:18:09,250 -   - Epsilon Hit (0.2%): 23.81%
2026-01-19 21:18:09,250 -   - Directional Acc: 50.00%
2026-01-19 21:18:09,483 - 
Sanity CHECK:
2026-01-19 21:18:09,484 - DBG shapes: (252, 1), (252, 1), (252, 5)
2026-01-19 21:18:09,484 - DBG preds stats: min=0.03461921215057373, max=0.15403014421463013, median=0.08202856779098511, std=0.026275625452399254
2026-01-19 21:18:09,485 - DBG actuals stats: min=-3.480879545211792, max=2.1048059463500977, median=-5.4977601394057274e-05, std=0.8566687107086182
2026-01-19 21:18:09,485 - Epoch 5:
2026-01-19 21:18:09,485 -   - Range Coverage: nan%
2026-01-19 21:18:09,485 -   - Epsilon Hit (0.2%): 23.81%
2026-01-19 21:18:09,485 -   - Directional Acc: 50.00%
2026-01-19 21:18:09,734 - 
Sanity CHECK:
2026-01-19 21:18:09,734 - DBG shapes: (252, 1), (252, 1), (252, 5)
2026-01-19 21:18:09,735 - DBG preds stats: min=-0.004822634160518646, max=0.1514812856912613, median=0.043606504797935486, std=0.03721003606915474
2026-01-19 21:18:09,735 - DBG actuals stats: min=-3.480879545211792, max=2.1048059463500977, median=-5.4977601394057274e-05, std=0.8566687107086182
2026-01-19 21:18:09,735 - Epoch 6:
2026-01-19 21:18:09,736 -   - Range Coverage: nan%
2026-01-19 21:18:09,736 -   - Epsilon Hit (0.2%): 24.21%
2026-01-19 21:18:09,736 -   - Directional Acc: 48.81%
2026-01-19 21:18:09,736 - Best model updated at Epoch 6
2026-01-19 21:18:09,981 - 
Sanity CHECK:
2026-01-19 21:18:09,982 - DBG shapes: (252, 1), (252, 1), (252, 5)
2026-01-19 21:18:09,982 - DBG preds stats: min=-0.011668503284454346, max=0.13227149844169617, median=0.06051168218255043, std=0.029915429651737213
2026-01-19 21:18:09,983 - DBG actuals stats: min=-3.480879545211792, max=2.1048059463500977, median=-5.4977601394057274e-05, std=0.8566687107086182
2026-01-19 21:18:09,983 - Epoch 7:
2026-01-19 21:18:09,983 -   - Range Coverage: nan%
2026-01-19 21:18:09,983 -   - Epsilon Hit (0.2%): 24.60%
2026-01-19 21:18:09,983 -   - Directional Acc: 49.60%
2026-01-19 21:18:09,984 - Best model updated at Epoch 7
2026-01-19 21:18:10,221 - 
Sanity CHECK:
2026-01-19 21:18:10,221 - DBG shapes: (252, 1), (252, 1), (252, 5)
2026-01-19 21:18:10,222 - DBG preds stats: min=-0.02053569257259369, max=0.20228415727615356, median=0.049612805247306824, std=0.05415022000670433
2026-01-19 21:18:10,222 - DBG actuals stats: min=-3.480879545211792, max=2.1048059463500977, median=-5.4977601394057274e-05, std=0.8566687107086182
2026-01-19 21:18:10,222 - Epoch 8:
2026-01-19 21:18:10,223 -   - Range Coverage: nan%
2026-01-19 21:18:10,223 -   - Epsilon Hit (0.2%): 24.60%
2026-01-19 21:18:10,223 -   - Directional Acc: 48.81%
2026-01-19 21:18:10,223 - Best model updated at Epoch 8
2026-01-19 21:18:10,513 - 
Sanity CHECK:
2026-01-19 21:18:10,514 - DBG shapes: (252, 1), (252, 1), (252, 5)
2026-01-19 21:18:10,514 - DBG preds stats: min=-0.0568477064371109, max=0.212387353181839, median=0.06564243137836456, std=0.05829927325248718
2026-01-19 21:18:10,515 - DBG actuals stats: min=-3.480879545211792, max=2.1048059463500977, median=-5.4977601394057274e-05, std=0.8566687107086182
2026-01-19 21:18:10,515 - Epoch 10/100 | Train Loss: 0.296502 | Val Loss: 0.305355
2026-01-19 21:18:10,515 - Current LR: 0.001000
2026-01-19 21:18:10,516 - Epoch 9:
2026-01-19 21:18:10,516 -   - Range Coverage: nan%
2026-01-19 21:18:10,516 -   - Epsilon Hit (0.2%): 23.41%
2026-01-19 21:18:10,516 -   - Directional Acc: 51.19%
2026-01-19 21:18:10,517 - Best model updated at Epoch 9
2026-01-19 21:18:10,775 - 
Sanity CHECK:
2026-01-19 21:18:10,775 - DBG shapes: (252, 1), (252, 1), (252, 5)
2026-01-19 21:18:10,775 - DBG preds stats: min=-0.04777441918849945, max=0.22745594382286072, median=0.07897137105464935, std=0.05668230354785919
2026-01-19 21:18:10,776 - DBG actuals stats: min=-3.480879545211792, max=2.1048059463500977, median=-5.4977601394057274e-05, std=0.8566687107086182
2026-01-19 21:18:10,776 - Epoch 10:
2026-01-19 21:18:10,776 -   - Range Coverage: nan%
2026-01-19 21:18:10,776 -   - Epsilon Hit (0.2%): 23.41%
2026-01-19 21:18:10,776 -   - Directional Acc: 51.59%
2026-01-19 21:18:11,041 - 
Sanity CHECK:
2026-01-19 21:18:11,041 - DBG shapes: (252, 1), (252, 1), (252, 5)
2026-01-19 21:18:11,042 - DBG preds stats: min=-0.05411626398563385, max=0.23995335400104523, median=0.07124371081590652, std=0.06126834824681282
2026-01-19 21:18:11,042 - DBG actuals stats: min=-3.480879545211792, max=2.1048059463500977, median=-5.4977601394057274e-05, std=0.8566687107086182
2026-01-19 21:18:11,042 - Epoch 11:
2026-01-19 21:18:11,042 -   - Range Coverage: nan%
2026-01-19 21:18:11,043 -   - Epsilon Hit (0.2%): 25.79%
2026-01-19 21:18:11,043 -   - Directional Acc: 51.98%
2026-01-19 21:18:11,293 - 
Sanity CHECK:
2026-01-19 21:18:11,293 - DBG shapes: (252, 1), (252, 1), (252, 5)
2026-01-19 21:18:11,293 - DBG preds stats: min=-0.059887878596782684, max=0.2917572557926178, median=0.11397144198417664, std=0.07752688974142075
2026-01-19 21:18:11,294 - DBG actuals stats: min=-3.480879545211792, max=2.1048059463500977, median=-5.4977601394057274e-05, std=0.8566687107086182
2026-01-19 21:18:11,294 - Epoch 12:
2026-01-19 21:18:11,294 -   - Range Coverage: nan%
2026-01-19 21:18:11,294 -   - Epsilon Hit (0.2%): 23.02%
2026-01-19 21:18:11,294 -   - Directional Acc: 51.19%
2026-01-19 21:18:11,538 - 
Sanity CHECK:
2026-01-19 21:18:11,539 - DBG shapes: (252, 1), (252, 1), (252, 5)
2026-01-19 21:18:11,539 - DBG preds stats: min=-0.09957171976566315, max=0.2962046265602112, median=0.06369221955537796, std=0.07930237054824829
2026-01-19 21:18:11,539 - DBG actuals stats: min=-3.480879545211792, max=2.1048059463500977, median=-5.4977601394057274e-05, std=0.8566687107086182
2026-01-19 21:18:11,540 - Epoch 13:
2026-01-19 21:18:11,540 -   - Range Coverage: nan%
2026-01-19 21:18:11,540 -   - Epsilon Hit (0.2%): 26.59%
2026-01-19 21:18:11,540 -   - Directional Acc: 53.57%
2026-01-19 21:18:11,813 - 
Sanity CHECK:
2026-01-19 21:18:11,813 - DBG shapes: (252, 1), (252, 1), (252, 5)
2026-01-19 21:18:11,814 - DBG preds stats: min=-0.09040544927120209, max=0.3237038850784302, median=0.10276944935321808, std=0.08815420418977737
2026-01-19 21:18:11,814 - DBG actuals stats: min=-3.480879545211792, max=2.1048059463500977, median=-5.4977601394057274e-05, std=0.8566687107086182
2026-01-19 21:18:11,814 - Epoch 15/100 | Train Loss: 0.296355 | Val Loss: 0.307144
2026-01-19 21:18:11,815 - Current LR: 0.001000
2026-01-19 21:18:11,815 - Epoch 14:
2026-01-19 21:18:11,815 -   - Range Coverage: nan%
2026-01-19 21:18:11,815 -   - Epsilon Hit (0.2%): 23.81%
2026-01-19 21:18:11,816 -   - Directional Acc: 52.78%
2026-01-19 21:18:12,052 - 
Sanity CHECK:
2026-01-19 21:18:12,052 - DBG shapes: (252, 1), (252, 1), (252, 5)
2026-01-19 21:18:12,053 - DBG preds stats: min=-0.055185042321681976, max=0.3432602286338806, median=0.10116556286811829, std=0.08699864894151688
2026-01-19 21:18:12,053 - DBG actuals stats: min=-3.480879545211792, max=2.1048059463500977, median=-5.4977601394057274e-05, std=0.8566687107086182
2026-01-19 21:18:12,054 - Epoch 15:
2026-01-19 21:18:12,054 -   - Range Coverage: nan%
2026-01-19 21:18:12,054 -   - Epsilon Hit (0.2%): 25.00%
2026-01-19 21:18:12,054 -   - Directional Acc: 51.59%
2026-01-19 21:18:12,314 - 
Sanity CHECK:
2026-01-19 21:18:12,314 - DBG shapes: (252, 1), (252, 1), (252, 5)
2026-01-19 21:18:12,314 - DBG preds stats: min=-0.10155808925628662, max=0.35001397132873535, median=0.07173800468444824, std=0.09105575084686279
2026-01-19 21:18:12,315 - DBG actuals stats: min=-3.480879545211792, max=2.1048059463500977, median=-5.4977601394057274e-05, std=0.8566687107086182
2026-01-19 21:18:12,315 - Epoch 16:
2026-01-19 21:18:12,315 -   - Range Coverage: nan%
2026-01-19 21:18:12,316 -   - Epsilon Hit (0.2%): 26.59%
2026-01-19 21:18:12,316 -   - Directional Acc: 53.17%
2026-01-19 21:18:12,582 - 
Sanity CHECK:
2026-01-19 21:18:12,583 - DBG shapes: (252, 1), (252, 1), (252, 5)
2026-01-19 21:18:12,583 - DBG preds stats: min=-0.13012388348579407, max=0.29670053720474243, median=0.025273367762565613, std=0.08486777544021606
2026-01-19 21:18:12,584 - DBG actuals stats: min=-3.480879545211792, max=2.1048059463500977, median=-5.4977601394057274e-05, std=0.8566687107086182
2026-01-19 21:18:12,584 - Epoch 17:
2026-01-19 21:18:12,584 -   - Range Coverage: nan%
2026-01-19 21:18:12,584 -   - Epsilon Hit (0.2%): 25.40%
2026-01-19 21:18:12,585 -   - Directional Acc: 53.57%
2026-01-19 21:18:12,585 - Best model updated at Epoch 17
2026-01-19 21:18:12,837 - 
Sanity CHECK:
2026-01-19 21:18:12,837 - DBG shapes: (252, 1), (252, 1), (252, 5)
2026-01-19 21:18:12,838 - DBG preds stats: min=-0.05789276212453842, max=0.4878063201904297, median=0.15318447351455688, std=0.11623168736696243
2026-01-19 21:18:12,838 - DBG actuals stats: min=-3.480879545211792, max=2.1048059463500977, median=-5.4977601394057274e-05, std=0.8566687107086182
2026-01-19 21:18:12,839 - Epoch 18:
2026-01-19 21:18:12,839 -   - Range Coverage: nan%
2026-01-19 21:18:12,839 -   - Epsilon Hit (0.2%): 24.60%
2026-01-19 21:18:12,839 -   - Directional Acc: 51.19%
2026-01-19 21:18:13,118 - 
Sanity CHECK:
2026-01-19 21:18:13,118 - DBG shapes: (252, 1), (252, 1), (252, 5)
2026-01-19 21:18:13,119 - DBG preds stats: min=-0.13661839067935944, max=0.36498939990997314, median=0.07185076922178268, std=0.10720742493867874
2026-01-19 21:18:13,119 - DBG actuals stats: min=-3.480879545211792, max=2.1048059463500977, median=-5.4977601394057274e-05, std=0.8566687107086182
2026-01-19 21:18:13,120 - Epoch 20/100 | Train Loss: 0.292278 | Val Loss: 0.304279
2026-01-19 21:18:13,120 - Current LR: 0.001000
2026-01-19 21:18:13,120 - Epoch 19:
2026-01-19 21:18:13,120 -   - Range Coverage: nan%
2026-01-19 21:18:13,120 -   - Epsilon Hit (0.2%): 25.40%
2026-01-19 21:18:13,121 -   - Directional Acc: 55.16%
2026-01-19 21:18:13,121 - Best model updated at Epoch 19
2026-01-19 21:18:13,359 - 
Sanity CHECK:
2026-01-19 21:18:13,359 - DBG shapes: (252, 1), (252, 1), (252, 5)
2026-01-19 21:18:13,360 - DBG preds stats: min=-0.11761406064033508, max=0.5300418138504028, median=0.13430558145046234, std=0.14201317727565765
2026-01-19 21:18:13,360 - DBG actuals stats: min=-3.480879545211792, max=2.1048059463500977, median=-5.4977601394057274e-05, std=0.8566687107086182
2026-01-19 21:18:13,361 - Epoch 20:
2026-01-19 21:18:13,361 -   - Range Coverage: nan%
2026-01-19 21:18:13,361 -   - Epsilon Hit (0.2%): 23.81%
2026-01-19 21:18:13,361 -   - Directional Acc: 53.17%
2026-01-19 21:18:13,604 - 
Sanity CHECK:
2026-01-19 21:18:13,604 - DBG shapes: (252, 1), (252, 1), (252, 5)
2026-01-19 21:18:13,605 - DBG preds stats: min=-0.08965910971164703, max=0.49418842792510986, median=0.11099429428577423, std=0.12440534681081772
2026-01-19 21:18:13,605 - DBG actuals stats: min=-3.480879545211792, max=2.1048059463500977, median=-5.4977601394057274e-05, std=0.8566687107086182
2026-01-19 21:18:13,605 - Epoch 21:
2026-01-19 21:18:13,606 -   - Range Coverage: nan%
2026-01-19 21:18:13,606 -   - Epsilon Hit (0.2%): 25.00%
2026-01-19 21:18:13,606 -   - Directional Acc: 52.78%
2026-01-19 21:18:13,990 - 
Sanity CHECK:
2026-01-19 21:18:13,991 - DBG shapes: (252, 1), (252, 1), (252, 5)
2026-01-19 21:18:13,991 - DBG preds stats: min=-0.10860869288444519, max=0.5472732782363892, median=0.14110702276229858, std=0.13738295435905457
2026-01-19 21:18:13,992 - DBG actuals stats: min=-3.480879545211792, max=2.1048059463500977, median=-5.4977601394057274e-05, std=0.8566687107086182
2026-01-19 21:18:13,992 - Epoch 22:
2026-01-19 21:18:13,992 -   - Range Coverage: nan%
2026-01-19 21:18:13,992 -   - Epsilon Hit (0.2%): 23.41%
2026-01-19 21:18:13,992 -   - Directional Acc: 53.17%
2026-01-19 21:18:14,261 - 
Sanity CHECK:
2026-01-19 21:18:14,262 - DBG shapes: (252, 1), (252, 1), (252, 5)
2026-01-19 21:18:14,262 - DBG preds stats: min=-0.10557376593351364, max=0.6239446997642517, median=0.18294253945350647, std=0.15303471684455872
2026-01-19 21:18:14,262 - DBG actuals stats: min=-3.480879545211792, max=2.1048059463500977, median=-5.4977601394057274e-05, std=0.8566687107086182
2026-01-19 21:18:14,263 - Epoch 23:
2026-01-19 21:18:14,263 -   - Range Coverage: nan%
2026-01-19 21:18:14,263 -   - Epsilon Hit (0.2%): 24.60%
2026-01-19 21:18:14,263 -   - Directional Acc: 50.79%
2026-01-19 21:18:14,494 - 
Sanity CHECK:
2026-01-19 21:18:14,494 - DBG shapes: (252, 1), (252, 1), (252, 5)
2026-01-19 21:18:14,494 - DBG preds stats: min=-0.14994439482688904, max=0.5860889554023743, median=0.1477305144071579, std=0.15579965710639954
2026-01-19 21:18:14,495 - DBG actuals stats: min=-3.480879545211792, max=2.1048059463500977, median=-5.4977601394057274e-05, std=0.8566687107086182
2026-01-19 21:18:14,495 - Epoch 25/100 | Train Loss: 0.285183 | Val Loss: 0.313756
2026-01-19 21:18:14,495 - Current LR: 0.001000
2026-01-19 21:18:14,496 - Epoch 24:
2026-01-19 21:18:14,496 -   - Range Coverage: nan%
2026-01-19 21:18:14,496 -   - Epsilon Hit (0.2%): 21.03%
2026-01-19 21:18:14,496 -   - Directional Acc: 52.38%
2026-01-19 21:18:14,769 - 
Sanity CHECK:
2026-01-19 21:18:14,769 - DBG shapes: (252, 1), (252, 1), (252, 5)
2026-01-19 21:18:14,769 - DBG preds stats: min=-0.10667601227760315, max=0.5910829305648804, median=0.1795804500579834, std=0.14834395051002502
2026-01-19 21:18:14,770 - DBG actuals stats: min=-3.480879545211792, max=2.1048059463500977, median=-5.4977601394057274e-05, std=0.8566687107086182
2026-01-19 21:18:14,770 - Epoch 25:
2026-01-19 21:18:14,770 -   - Range Coverage: nan%
2026-01-19 21:18:14,770 -   - Epsilon Hit (0.2%): 22.22%
2026-01-19 21:18:14,771 -   - Directional Acc: 51.59%
2026-01-19 21:18:15,064 - 
Sanity CHECK:
2026-01-19 21:18:15,064 - DBG shapes: (252, 1), (252, 1), (252, 5)
2026-01-19 21:18:15,065 - DBG preds stats: min=-0.18741747736930847, max=0.6757117509841919, median=0.12586967647075653, std=0.18483659625053406
2026-01-19 21:18:15,065 - DBG actuals stats: min=-3.480879545211792, max=2.1048059463500977, median=-5.4977601394057274e-05, std=0.8566687107086182
2026-01-19 21:18:15,065 - Epoch 26:
2026-01-19 21:18:15,066 -   - Range Coverage: nan%
2026-01-19 21:18:15,066 -   - Epsilon Hit (0.2%): 22.22%
2026-01-19 21:18:15,066 -   - Directional Acc: 53.97%
2026-01-19 21:18:15,378 - 
Sanity CHECK:
2026-01-19 21:18:15,379 - DBG shapes: (252, 1), (252, 1), (252, 5)
2026-01-19 21:18:15,379 - DBG preds stats: min=-0.22062066197395325, max=0.6938267946243286, median=0.06900668144226074, std=0.21688753366470337
2026-01-19 21:18:15,380 - DBG actuals stats: min=-3.480879545211792, max=2.1048059463500977, median=-5.4977601394057274e-05, std=0.8566687107086182
2026-01-19 21:18:15,380 - Epoch 27:
2026-01-19 21:18:15,380 -   - Range Coverage: nan%
2026-01-19 21:18:15,381 -   - Epsilon Hit (0.2%): 26.19%
2026-01-19 21:18:15,381 -   - Directional Acc: 53.17%
2026-01-19 21:18:15,768 - 
Sanity CHECK:
2026-01-19 21:18:15,769 - DBG shapes: (252, 1), (252, 1), (252, 5)
2026-01-19 21:18:15,769 - DBG preds stats: min=-0.27256032824516296, max=0.4514453411102295, median=0.05172525346279144, std=0.159786656498909
2026-01-19 21:18:15,770 - DBG actuals stats: min=-3.480879545211792, max=2.1048059463500977, median=-5.4977601394057274e-05, std=0.8566687107086182
2026-01-19 21:18:15,770 - Epoch 28:
2026-01-19 21:18:15,770 -   - Range Coverage: nan%
2026-01-19 21:18:15,770 -   - Epsilon Hit (0.2%): 26.98%
2026-01-19 21:18:15,770 -   - Directional Acc: 57.54%
2026-01-19 21:18:16,032 - 
Sanity CHECK:
2026-01-19 21:18:16,032 - DBG shapes: (252, 1), (252, 1), (252, 5)
2026-01-19 21:18:16,033 - DBG preds stats: min=-0.24465106427669525, max=0.6553492546081543, median=0.160343736410141, std=0.17823198437690735
2026-01-19 21:18:16,033 - DBG actuals stats: min=-3.480879545211792, max=2.1048059463500977, median=-5.4977601394057274e-05, std=0.8566687107086182
2026-01-19 21:18:16,034 - Epoch 30/100 | Train Loss: 0.285154 | Val Loss: 0.316160
2026-01-19 21:18:16,034 - Current LR: 0.001000
2026-01-19 21:18:16,034 - Epoch 29:
2026-01-19 21:18:16,034 -   - Range Coverage: nan%
2026-01-19 21:18:16,035 -   - Epsilon Hit (0.2%): 25.00%
2026-01-19 21:18:16,035 -   - Directional Acc: 50.00%
