2026-01-19 21:52:12,154 - Hyperparameters:
2026-01-19 21:52:12,154 -   - Automatic Feature Engineering: false
2026-01-19 21:52:12,155 -   - Early Stopping: false
2026-01-19 21:52:12,155 - ----------  FEATURES  --------
2026-01-19 21:52:12,155 -   - Targets: ['Target_Close_Norm']
2026-01-19 21:52:12,155 -   - Market Features: ['Log_Ret_Open', 'Log_Ret_High', 'Log_Ret_Low', 'Log_Ret_Close', 'Volume_Z', 'RSI_Z', 'SMA_20_Rel', 'SMA_50_Rel', 'MACD_Z', 'MACD_Sig_Z', 'ATR_Pct', 'BB_Low_Rel', 'BB_High_Rel']
2026-01-19 21:52:12,156 -   - Sentiment Features: ['Sentiment', 'News_Vol_Z']
2026-01-19 21:52:12,156 -   - Not considered Features: []
2026-01-19 21:52:12,156 - -------------------------------
2026-01-19 21:52:12,156 - Model Configuration:
2026-01-19 21:52:12,157 -   - Hidden Dim: 64
2026-01-19 21:52:12,157 -   - Batch Size: 64
2026-01-19 21:52:12,157 -   - Epochs: 100
2026-01-19 21:52:12,157 -   - Learning Rate: 0.001
2026-01-19 21:52:12,158 -   - Feature Threshold: 0.0
2026-01-19 21:52:12,158 -   - Output Folder: C:\APPS\CODING\GitHub\BSPs\BSP3\data\models\GLD\my_model
2026-01-19 21:52:12,158 -   - Data Split: expand
2026-01-19 21:52:12,158 -   - Architecture 2: CNN + LSTM + Attention
2026-01-19 21:52:12,158 - --------------------------------------------------
2026-01-19 21:52:12,159 - Additional information:
2026-01-19 21:52:12,159 -   - cnn5 only
2026-01-19 21:52:12,159 -   - Predictor Class: PredictorBiLSTMcnn
2026-01-19 21:52:12,176 - PHASE 1: Identifying feature signals...
2026-01-19 21:52:12,727 - 
Sanity CHECK:
2026-01-19 21:52:12,727 - DBG shapes: (252, 1), (252, 1), (252, 5)
2026-01-19 21:52:12,728 - DBG preds stats: min=0.012103565037250519, max=0.14226168394088745, median=0.07234234362840652, std=0.028734097257256508
2026-01-19 21:52:12,729 - DBG actuals stats: min=-6.642712116241455, max=3.6323492527008057, median=0.2033126950263977, std=1.2462762594223022
2026-01-19 21:52:12,729 - Epoch 0:
2026-01-19 21:52:12,729 -   - Range Coverage: nan%
2026-01-19 21:52:12,729 -   - Epsilon Hit (0.2%): 16.67%
2026-01-19 21:52:12,729 -   - Directional Acc: 60.32%
2026-01-19 21:52:13,179 - 
Sanity CHECK:
2026-01-19 21:52:13,179 - DBG shapes: (252, 1), (252, 1), (252, 5)
2026-01-19 21:52:13,179 - DBG preds stats: min=-0.008964501321315765, max=0.09783073514699936, median=0.03585163503885269, std=0.020970864221453667
2026-01-19 21:52:13,180 - DBG actuals stats: min=-6.642712116241455, max=3.6323492527008057, median=0.2033126950263977, std=1.2462762594223022
2026-01-19 21:52:13,180 - Epoch 1:
2026-01-19 21:52:13,180 -   - Range Coverage: nan%
2026-01-19 21:52:13,180 -   - Epsilon Hit (0.2%): 17.06%
2026-01-19 21:52:13,181 -   - Directional Acc: 59.52%
2026-01-19 21:52:13,650 - 
Sanity CHECK:
2026-01-19 21:52:13,650 - DBG shapes: (252, 1), (252, 1), (252, 5)
2026-01-19 21:52:13,651 - DBG preds stats: min=-0.05533871799707413, max=0.04298016428947449, median=-0.0038059763610363007, std=0.0190435703843832
2026-01-19 21:52:13,651 - DBG actuals stats: min=-6.642712116241455, max=3.6323492527008057, median=0.2033126950263977, std=1.2462762594223022
2026-01-19 21:52:13,651 - Epoch 2:
2026-01-19 21:52:13,652 -   - Range Coverage: nan%
2026-01-19 21:52:13,652 -   - Epsilon Hit (0.2%): 16.67%
2026-01-19 21:52:13,652 -   - Directional Acc: 44.44%
2026-01-19 21:52:14,225 - 
Sanity CHECK:
2026-01-19 21:52:14,225 - DBG shapes: (252, 1), (252, 1), (252, 5)
2026-01-19 21:52:14,226 - DBG preds stats: min=-0.019619114696979523, max=0.18090009689331055, median=0.08267347514629364, std=0.03573225438594818
2026-01-19 21:52:14,226 - DBG actuals stats: min=-6.642712116241455, max=3.6323492527008057, median=0.2033126950263977, std=1.2462762594223022
2026-01-19 21:52:14,227 - Epoch 3:
2026-01-19 21:52:14,227 -   - Range Coverage: nan%
2026-01-19 21:52:14,227 -   - Epsilon Hit (0.2%): 15.48%
2026-01-19 21:52:14,227 -   - Directional Acc: 60.71%
2026-01-19 21:52:14,671 - 
Sanity CHECK:
2026-01-19 21:52:14,671 - DBG shapes: (252, 1), (252, 1), (252, 5)
2026-01-19 21:52:14,672 - DBG preds stats: min=-0.03948807716369629, max=0.22867631912231445, median=0.09432321041822433, std=0.050627194344997406
2026-01-19 21:52:14,672 - DBG actuals stats: min=-6.642712116241455, max=3.6323492527008057, median=0.2033126950263977, std=1.2462762594223022
2026-01-19 21:52:14,672 - Epoch 5/50 | Train Loss: 0.324482 | Val Loss: 0.546015
2026-01-19 21:52:14,673 - Current LR: 0.001000
2026-01-19 21:52:14,673 - Epoch 4:
2026-01-19 21:52:14,673 -   - Range Coverage: nan%
2026-01-19 21:52:14,673 -   - Epsilon Hit (0.2%): 14.68%
2026-01-19 21:52:14,674 -   - Directional Acc: 60.71%
2026-01-19 21:52:15,224 - 
Sanity CHECK:
2026-01-19 21:52:15,225 - DBG shapes: (252, 1), (252, 1), (252, 5)
2026-01-19 21:52:15,225 - DBG preds stats: min=-0.06875872611999512, max=0.1447817087173462, median=0.03709452599287033, std=0.043301813304424286
2026-01-19 21:52:15,226 - DBG actuals stats: min=-6.642712116241455, max=3.6323492527008057, median=0.2033126950263977, std=1.2462762594223022
2026-01-19 21:52:15,226 - Epoch 5:
2026-01-19 21:52:15,226 -   - Range Coverage: nan%
2026-01-19 21:52:15,227 -   - Epsilon Hit (0.2%): 16.67%
2026-01-19 21:52:15,227 -   - Directional Acc: 54.76%
2026-01-19 21:52:15,711 - 
Sanity CHECK:
2026-01-19 21:52:15,711 - DBG shapes: (252, 1), (252, 1), (252, 5)
2026-01-19 21:52:15,712 - DBG preds stats: min=-0.12686392664909363, max=0.07998944818973541, median=-0.019978664815425873, std=0.04465667903423309
2026-01-19 21:52:15,712 - DBG actuals stats: min=-6.642712116241455, max=3.6323492527008057, median=0.2033126950263977, std=1.2462762594223022
2026-01-19 21:52:15,712 - Epoch 6:
2026-01-19 21:52:15,713 -   - Range Coverage: nan%
2026-01-19 21:52:15,713 -   - Epsilon Hit (0.2%): 18.25%
2026-01-19 21:52:15,713 -   - Directional Acc: 44.44%
2026-01-19 21:52:16,162 - 
Sanity CHECK:
2026-01-19 21:52:16,163 - DBG shapes: (252, 1), (252, 1), (252, 5)
2026-01-19 21:52:16,163 - DBG preds stats: min=-0.0755472406744957, max=0.18046152591705322, median=0.0712776631116867, std=0.05219489336013794
2026-01-19 21:52:16,164 - DBG actuals stats: min=-6.642712116241455, max=3.6323492527008057, median=0.2033126950263977, std=1.2462762594223022
2026-01-19 21:52:16,164 - Epoch 7:
2026-01-19 21:52:16,164 -   - Range Coverage: nan%
2026-01-19 21:52:16,165 -   - Epsilon Hit (0.2%): 15.48%
2026-01-19 21:52:16,165 -   - Directional Acc: 54.76%
2026-01-19 21:52:16,696 - 
Sanity CHECK:
2026-01-19 21:52:16,697 - DBG shapes: (252, 1), (252, 1), (252, 5)
2026-01-19 21:52:16,697 - DBG preds stats: min=-0.17587006092071533, max=0.21102210879325867, median=0.04663100093603134, std=0.08174784481525421
2026-01-19 21:52:16,698 - DBG actuals stats: min=-6.642712116241455, max=3.6323492527008057, median=0.2033126950263977, std=1.2462762594223022
2026-01-19 21:52:16,698 - Epoch 8:
2026-01-19 21:52:16,698 -   - Range Coverage: nan%
2026-01-19 21:52:16,698 -   - Epsilon Hit (0.2%): 17.06%
2026-01-19 21:52:16,699 -   - Directional Acc: 54.76%
