2026-01-08 18:32:23,798 - Hyperparameters:
2026-01-08 18:32:23,798 -   - Automatic Feature Engineering: False
2026-01-08 18:32:23,798 -   - Early Stopping: True
2026-01-08 18:32:23,798 - ----------  FEATURES  --------
2026-01-08 18:32:23,799 -   - Targets: ['Target_Close_Norm']
2026-01-08 18:32:23,799 -   - Market Features: ['Log_Ret_Open', 'Log_Ret_High', 'Log_Ret_Low', 'Log_Ret_Close', 'Volume_Z', 'MACD_Z', 'ATR_Pct', 'BB_Low_Rel', 'BB_High_Rel']
2026-01-08 18:32:23,799 -   - Sentiment Features: ['Sentiment', 'News_Vol_Z']
2026-01-08 18:32:23,799 -   - Not considered Features: ['MACD_Sig_Z', 'RSI_Z', 'SMA_20_Rel', 'SMA_50_Rel']
2026-01-08 18:32:23,799 - -------------------------------
2026-01-08 18:32:23,800 - Model Configuration:
2026-01-08 18:32:23,800 -   - Hidden Dim: 64
2026-01-08 18:32:23,800 -   - Batch Size: 64
2026-01-08 18:32:23,800 -   - Epochs: 100
2026-01-08 18:32:23,800 -   - Learning Rate: 0.001
2026-01-08 18:32:23,800 -   - Feature Threshold: 0
2026-01-08 18:32:23,801 -   - Output Folder: results/20260108-183223
2026-01-08 18:32:23,801 -   - Data Split: expanding_window
2026-01-08 18:32:23,801 -   - Architecture 2: CNN + LSTM + Attention
2026-01-08 18:32:23,801 - --------------------------------------------------
2026-01-08 18:32:23,801 - Additional information:
2026-01-08 18:32:23,802 -   - cnn5 only
2026-01-08 18:32:23,809 - 

 ==============> Starting Fold 1 | Test Year: 2021
2026-01-08 18:32:27,194 - 
Sanity CHECK:
2026-01-08 18:32:27,194 - DBG shapes: (253, 1), (253, 1), (253, 5)
2026-01-08 18:32:27,195 - DBG preds stats: min=0.01896507292985916, max=0.06141121685504913, median=0.041968829929828644, std=0.007546269800513983
2026-01-08 18:32:27,195 - DBG actuals stats: min=-5.518972873687744, max=4.738952159881592, median=0.2158277928829193, std=1.234215497970581
2026-01-08 18:32:27,196 - Epoch 0:
2026-01-08 18:32:27,196 -   - Range Coverage: nan%
2026-01-08 18:32:27,196 -   - Epsilon Hit (0.2%): 15.81%
2026-01-08 18:32:27,196 -   - Directional Acc: 58.89%
2026-01-08 18:32:27,197 - Best model updated at Epoch 0
2026-01-08 18:32:27,556 - 
Sanity CHECK:
2026-01-08 18:32:27,557 - DBG shapes: (253, 1), (253, 1), (253, 5)
2026-01-08 18:32:27,557 - DBG preds stats: min=-0.01951930671930313, max=0.06449872255325317, median=0.02554398775100708, std=0.017481835559010506
2026-01-08 18:32:27,557 - DBG actuals stats: min=-5.518972873687744, max=4.738952159881592, median=0.2158277928829193, std=1.234215497970581
2026-01-08 18:32:27,558 - Epoch 1:
2026-01-08 18:32:27,558 -   - Range Coverage: nan%
2026-01-08 18:32:27,558 -   - Epsilon Hit (0.2%): 16.60%
2026-01-08 18:32:27,559 -   - Directional Acc: 58.10%
2026-01-08 18:32:27,900 - 
Sanity CHECK:
2026-01-08 18:32:27,901 - DBG shapes: (253, 1), (253, 1), (253, 5)
2026-01-08 18:32:27,901 - DBG preds stats: min=-0.044153083115816116, max=0.07924214750528336, median=0.021814804524183273, std=0.027546219527721405
2026-01-08 18:32:27,902 - DBG actuals stats: min=-5.518972873687744, max=4.738952159881592, median=0.2158277928829193, std=1.234215497970581
2026-01-08 18:32:27,902 - Epoch 2:
2026-01-08 18:32:27,903 -   - Range Coverage: nan%
2026-01-08 18:32:27,903 -   - Epsilon Hit (0.2%): 15.81%
2026-01-08 18:32:27,903 -   - Directional Acc: 57.71%
2026-01-08 18:32:28,235 - 
Sanity CHECK:
2026-01-08 18:32:28,236 - DBG shapes: (253, 1), (253, 1), (253, 5)
2026-01-08 18:32:28,236 - DBG preds stats: min=-0.024358641356229782, max=0.08806294202804565, median=0.034995488822460175, std=0.023682231083512306
2026-01-08 18:32:28,237 - DBG actuals stats: min=-5.518972873687744, max=4.738952159881592, median=0.2158277928829193, std=1.234215497970581
2026-01-08 18:32:28,237 - Epoch 3:
2026-01-08 18:32:28,237 -   - Range Coverage: nan%
2026-01-08 18:32:28,237 -   - Epsilon Hit (0.2%): 16.21%
2026-01-08 18:32:28,238 -   - Directional Acc: 61.26%
2026-01-08 18:32:28,600 - 
Sanity CHECK:
2026-01-08 18:32:28,600 - DBG shapes: (253, 1), (253, 1), (253, 5)
2026-01-08 18:32:28,600 - DBG preds stats: min=-0.04275884851813316, max=0.09159179031848907, median=0.021024875342845917, std=0.025679918006062508
2026-01-08 18:32:28,601 - DBG actuals stats: min=-5.518972873687744, max=4.738952159881592, median=0.2158277928829193, std=1.234215497970581
2026-01-08 18:32:28,601 - Epoch 5/100 | Train Loss: 0.252545 | Val Loss: 0.508654
2026-01-08 18:32:28,602 - Current LR: 0.001000
2026-01-08 18:32:28,602 - Epoch 4:
2026-01-08 18:32:28,602 -   - Range Coverage: nan%
2026-01-08 18:32:28,603 -   - Epsilon Hit (0.2%): 15.81%
2026-01-08 18:32:28,603 -   - Directional Acc: 59.68%
2026-01-08 18:32:29,120 - 
Sanity CHECK:
2026-01-08 18:32:29,120 - DBG shapes: (253, 1), (253, 1), (253, 5)
2026-01-08 18:32:29,121 - DBG preds stats: min=-0.060603272169828415, max=0.1289462149143219, median=0.03616484999656677, std=0.037255432456731796
2026-01-08 18:32:29,121 - DBG actuals stats: min=-5.518972873687744, max=4.738952159881592, median=0.2158277928829193, std=1.234215497970581
2026-01-08 18:32:29,121 - Epoch 5:
2026-01-08 18:32:29,122 -   - Range Coverage: nan%
2026-01-08 18:32:29,122 -   - Epsilon Hit (0.2%): 17.39%
2026-01-08 18:32:29,122 -   - Directional Acc: 58.89%
2026-01-08 18:32:29,473 - 
Sanity CHECK:
2026-01-08 18:32:29,473 - DBG shapes: (253, 1), (253, 1), (253, 5)
2026-01-08 18:32:29,474 - DBG preds stats: min=-0.07150976359844208, max=0.12659746408462524, median=0.03693896904587746, std=0.03542811796069145
2026-01-08 18:32:29,474 - DBG actuals stats: min=-5.518972873687744, max=4.738952159881592, median=0.2158277928829193, std=1.234215497970581
2026-01-08 18:32:29,475 - Epoch 6:
2026-01-08 18:32:29,475 -   - Range Coverage: nan%
2026-01-08 18:32:29,475 -   - Epsilon Hit (0.2%): 15.81%
2026-01-08 18:32:29,475 -   - Directional Acc: 60.08%
2026-01-08 18:32:29,809 - 
Sanity CHECK:
2026-01-08 18:32:29,810 - DBG shapes: (253, 1), (253, 1), (253, 5)
2026-01-08 18:32:29,810 - DBG preds stats: min=-0.09333467483520508, max=0.2002059817314148, median=0.05228733271360397, std=0.05390765890479088
2026-01-08 18:32:29,810 - DBG actuals stats: min=-5.518972873687744, max=4.738952159881592, median=0.2158277928829193, std=1.234215497970581
2026-01-08 18:32:29,811 - Epoch 7:
2026-01-08 18:32:29,811 -   - Range Coverage: nan%
2026-01-08 18:32:29,811 -   - Epsilon Hit (0.2%): 17.39%
2026-01-08 18:32:29,811 -   - Directional Acc: 59.68%
2026-01-08 18:32:29,812 - Best model updated at Epoch 7
2026-01-08 18:32:30,154 - 
Sanity CHECK:
2026-01-08 18:32:30,155 - DBG shapes: (253, 1), (253, 1), (253, 5)
2026-01-08 18:32:30,155 - DBG preds stats: min=-0.21120049059391022, max=0.15349654853343964, median=-0.007136661559343338, std=0.0628977045416832
2026-01-08 18:32:30,156 - DBG actuals stats: min=-5.518972873687744, max=4.738952159881592, median=0.2158277928829193, std=1.234215497970581
2026-01-08 18:32:30,156 - Epoch 8:
2026-01-08 18:32:30,157 -   - Range Coverage: nan%
2026-01-08 18:32:30,157 -   - Epsilon Hit (0.2%): 15.02%
2026-01-08 18:32:30,157 -   - Directional Acc: 51.38%
2026-01-08 18:32:30,560 - 
Sanity CHECK:
2026-01-08 18:32:30,560 - DBG shapes: (253, 1), (253, 1), (253, 5)
2026-01-08 18:32:30,561 - DBG preds stats: min=-0.2096509486436844, max=0.23257939517498016, median=0.031367916613817215, std=0.08647076785564423
2026-01-08 18:32:30,561 - DBG actuals stats: min=-5.518972873687744, max=4.738952159881592, median=0.2158277928829193, std=1.234215497970581
2026-01-08 18:32:30,562 - Epoch 10/100 | Train Loss: 0.246015 | Val Loss: 0.509699
2026-01-08 18:32:30,562 - Current LR: 0.001000
2026-01-08 18:32:30,562 - Epoch 9:
2026-01-08 18:32:30,563 -   - Range Coverage: nan%
2026-01-08 18:32:30,563 -   - Epsilon Hit (0.2%): 15.02%
2026-01-08 18:32:30,563 -   - Directional Acc: 52.96%
2026-01-08 18:32:31,093 - 
Sanity CHECK:
2026-01-08 18:32:31,094 - DBG shapes: (253, 1), (253, 1), (253, 5)
2026-01-08 18:32:31,094 - DBG preds stats: min=-0.2695673108100891, max=0.2942265272140503, median=0.04207274317741394, std=0.09140682965517044
2026-01-08 18:32:31,095 - DBG actuals stats: min=-5.518972873687744, max=4.738952159881592, median=0.2158277928829193, std=1.234215497970581
2026-01-08 18:32:31,095 - Epoch 10:
2026-01-08 18:32:31,095 -   - Range Coverage: nan%
2026-01-08 18:32:31,096 -   - Epsilon Hit (0.2%): 14.23%
2026-01-08 18:32:31,096 -   - Directional Acc: 54.94%
2026-01-08 18:32:31,420 - 
Sanity CHECK:
2026-01-08 18:32:31,420 - DBG shapes: (253, 1), (253, 1), (253, 5)
2026-01-08 18:32:31,421 - DBG preds stats: min=-0.27678707242012024, max=0.5194571018218994, median=0.12852317094802856, std=0.12453228235244751
2026-01-08 18:32:31,421 - DBG actuals stats: min=-5.518972873687744, max=4.738952159881592, median=0.2158277928829193, std=1.234215497970581
2026-01-08 18:32:31,422 - Epoch 11:
2026-01-08 18:32:31,422 -   - Range Coverage: nan%
2026-01-08 18:32:31,422 -   - Epsilon Hit (0.2%): 15.02%
2026-01-08 18:32:31,422 -   - Directional Acc: 58.50%
2026-01-08 18:32:31,423 - Best model updated at Epoch 11
2026-01-08 18:32:31,753 - 
Sanity CHECK:
2026-01-08 18:32:31,754 - DBG shapes: (253, 1), (253, 1), (253, 5)
2026-01-08 18:32:31,754 - DBG preds stats: min=-0.3775169253349304, max=0.4048299789428711, median=0.030781885609030724, std=0.14684084057807922
2026-01-08 18:32:31,754 - DBG actuals stats: min=-5.518972873687744, max=4.738952159881592, median=0.2158277928829193, std=1.234215497970581
2026-01-08 18:32:31,755 - Epoch 12:
2026-01-08 18:32:31,755 -   - Range Coverage: nan%
2026-01-08 18:32:31,755 -   - Epsilon Hit (0.2%): 15.42%
2026-01-08 18:32:31,756 -   - Directional Acc: 51.78%
2026-01-08 18:32:32,091 - 
Sanity CHECK:
2026-01-08 18:32:32,091 - DBG shapes: (253, 1), (253, 1), (253, 5)
2026-01-08 18:32:32,092 - DBG preds stats: min=-0.47285136580467224, max=0.40854933857917786, median=0.03860486298799515, std=0.1687372326850891
2026-01-08 18:32:32,092 - DBG actuals stats: min=-5.518972873687744, max=4.738952159881592, median=0.2158277928829193, std=1.234215497970581
2026-01-08 18:32:32,093 - Epoch 13:
2026-01-08 18:32:32,093 -   - Range Coverage: nan%
2026-01-08 18:32:32,093 -   - Epsilon Hit (0.2%): 14.62%
2026-01-08 18:32:32,093 -   - Directional Acc: 50.99%
2026-01-08 18:32:32,410 - 
Sanity CHECK:
2026-01-08 18:32:32,410 - DBG shapes: (253, 1), (253, 1), (253, 5)
2026-01-08 18:32:32,410 - DBG preds stats: min=-0.4891347885131836, max=0.5238548517227173, median=0.05467662960290909, std=0.167099729180336
2026-01-08 18:32:32,411 - DBG actuals stats: min=-5.518972873687744, max=4.738952159881592, median=0.2158277928829193, std=1.234215497970581
2026-01-08 18:32:32,411 - Epoch 15/100 | Train Loss: 0.231933 | Val Loss: 0.512393
2026-01-08 18:32:32,411 - Current LR: 0.001000
2026-01-08 18:32:32,412 - Epoch 14:
2026-01-08 18:32:32,412 -   - Range Coverage: nan%
2026-01-08 18:32:32,412 -   - Epsilon Hit (0.2%): 15.42%
2026-01-08 18:32:32,412 -   - Directional Acc: 52.57%
2026-01-08 18:32:33,048 - 
Sanity CHECK:
2026-01-08 18:32:33,049 - DBG shapes: (253, 1), (253, 1), (253, 5)
2026-01-08 18:32:33,049 - DBG preds stats: min=-0.49250558018684387, max=0.6395431160926819, median=0.12580154836177826, std=0.18486343324184418
2026-01-08 18:32:33,050 - DBG actuals stats: min=-5.518972873687744, max=4.738952159881592, median=0.2158277928829193, std=1.234215497970581
2026-01-08 18:32:33,050 - Epoch 15:
2026-01-08 18:32:33,051 -   - Range Coverage: nan%
2026-01-08 18:32:33,051 -   - Epsilon Hit (0.2%): 15.42%
2026-01-08 18:32:33,051 -   - Directional Acc: 51.78%
2026-01-08 18:32:33,612 - 
Sanity CHECK:
2026-01-08 18:32:33,613 - DBG shapes: (253, 1), (253, 1), (253, 5)
2026-01-08 18:32:33,613 - DBG preds stats: min=-0.5985968708992004, max=0.8186284899711609, median=0.12815922498703003, std=0.24074603617191315
2026-01-08 18:32:33,614 - DBG actuals stats: min=-5.518972873687744, max=4.738952159881592, median=0.2158277928829193, std=1.234215497970581
2026-01-08 18:32:33,614 - Epoch 16:
2026-01-08 18:32:33,615 -   - Range Coverage: nan%
2026-01-08 18:32:33,615 -   - Epsilon Hit (0.2%): 15.02%
2026-01-08 18:32:33,616 -   - Directional Acc: 52.17%
2026-01-08 18:32:34,054 - 
Sanity CHECK:
2026-01-08 18:32:34,054 - DBG shapes: (253, 1), (253, 1), (253, 5)
2026-01-08 18:32:34,054 - DBG preds stats: min=-0.7252978086471558, max=0.78903728723526, median=0.10422762483358383, std=0.23902051150798798
2026-01-08 18:32:34,055 - DBG actuals stats: min=-5.518972873687744, max=4.738952159881592, median=0.2158277928829193, std=1.234215497970581
2026-01-08 18:32:34,055 - Epoch 17:
2026-01-08 18:32:34,056 -   - Range Coverage: nan%
2026-01-08 18:32:34,056 -   - Epsilon Hit (0.2%): 13.83%
2026-01-08 18:32:34,056 -   - Directional Acc: 52.17%
2026-01-08 18:32:34,503 - 
Sanity CHECK:
2026-01-08 18:32:34,504 - DBG shapes: (253, 1), (253, 1), (253, 5)
2026-01-08 18:32:34,504 - DBG preds stats: min=-0.6277857422828674, max=1.0343226194381714, median=0.16789710521697998, std=0.2797558605670929
2026-01-08 18:32:34,505 - DBG actuals stats: min=-5.518972873687744, max=4.738952159881592, median=0.2158277928829193, std=1.234215497970581
2026-01-08 18:32:34,505 - Epoch 18:
2026-01-08 18:32:34,506 -   - Range Coverage: nan%
2026-01-08 18:32:34,506 -   - Epsilon Hit (0.2%): 16.21%
2026-01-08 18:32:34,506 -   - Directional Acc: 52.96%
2026-01-08 18:32:34,873 - 
Sanity CHECK:
2026-01-08 18:32:34,874 - DBG shapes: (253, 1), (253, 1), (253, 5)
2026-01-08 18:32:34,874 - DBG preds stats: min=-0.9097171425819397, max=0.8910169005393982, median=-0.01469404622912407, std=0.28775739669799805
2026-01-08 18:32:34,874 - DBG actuals stats: min=-5.518972873687744, max=4.738952159881592, median=0.2158277928829193, std=1.234215497970581
2026-01-08 18:32:34,875 - Epoch 20/100 | Train Loss: 0.206285 | Val Loss: 0.528944
2026-01-08 18:32:34,875 - Current LR: 0.001000
2026-01-08 18:32:34,876 - Epoch 19:
2026-01-08 18:32:34,876 -   - Range Coverage: nan%
2026-01-08 18:32:34,876 -   - Epsilon Hit (0.2%): 16.21%
2026-01-08 18:32:34,876 -   - Directional Acc: 52.96%
2026-01-08 18:32:35,237 - 
Sanity CHECK:
2026-01-08 18:32:35,238 - DBG shapes: (253, 1), (253, 1), (253, 5)
2026-01-08 18:32:35,238 - DBG preds stats: min=-0.8767507672309875, max=0.9134940505027771, median=-0.15673412382602692, std=0.30725201964378357
2026-01-08 18:32:35,239 - DBG actuals stats: min=-5.518972873687744, max=4.738952159881592, median=0.2158277928829193, std=1.234215497970581
2026-01-08 18:32:35,239 - Epoch 20:
2026-01-08 18:32:35,239 -   - Range Coverage: nan%
2026-01-08 18:32:35,239 -   - Epsilon Hit (0.2%): 15.02%
2026-01-08 18:32:35,240 -   - Directional Acc: 49.41%
2026-01-08 18:32:35,620 - 
Sanity CHECK:
2026-01-08 18:32:35,620 - DBG shapes: (253, 1), (253, 1), (253, 5)
2026-01-08 18:32:35,621 - DBG preds stats: min=-0.6528691649436951, max=1.053917407989502, median=0.08566315472126007, std=0.2925945222377777
2026-01-08 18:32:35,621 - DBG actuals stats: min=-5.518972873687744, max=4.738952159881592, median=0.2158277928829193, std=1.234215497970581
2026-01-08 18:32:35,621 - Epoch 21:
2026-01-08 18:32:35,622 -   - Range Coverage: nan%
2026-01-08 18:32:35,622 -   - Epsilon Hit (0.2%): 15.02%
2026-01-08 18:32:35,622 -   - Directional Acc: 50.20%
2026-01-08 18:32:36,527 -     0.100% |       78 | $   1242.61 |   1.66
2026-01-08 18:32:36,528 -     0.200% |       78 | $   1229.39 |   1.58
2026-01-08 18:32:36,529 -     0.300% |       78 | $   1229.39 |   1.58
2026-01-08 18:32:36,530 -     0.500% |       79 | $   1214.06 |   1.50
2026-01-08 18:32:36,531 - --- Final Test Results ---
2026-01-08 18:32:36,531 - Test RMSE: 0.8882
2026-01-08 18:32:36,532 -   - Range Coverage: nan%
2026-01-08 18:32:36,534 -   - Epsilon Hit (0.2%): 25.00%
2026-01-08 18:32:36,534 -   - Directional Acc: 53.57%
2026-01-08 18:32:36,535 -   - MAE: 0.6492
2026-01-08 18:32:36,535 -   - MAPE: 64.92%
2026-01-08 18:32:36,536 -   - Max Predicted Move (log-return): 0.7267
2026-01-08 18:32:36,536 -   - Avg Predicted Move (log-return): 0.2119
2026-01-08 18:32:36,537 - 
--- Trading Performance (with 0.03% fee and $1000 capital) ---
2026-01-08 18:32:36,537 - Total Trades: 78
2026-01-08 18:32:36,537 - Strategy Final Value: $1223.37
2026-01-08 18:32:36,538 - Buy & Hold Final Value: $923.22
2026-01-08 18:32:36,538 - Sharpe Ratio: 1.55
2026-01-08 18:32:36,538 - STRATEGY OUTPERFORMED MARKET
2026-01-08 18:32:38,181 - Completed Fold 1

2026-01-08 18:32:38,825 - 
--- Permutation Importance Fold 1 ---
2026-01-08 18:32:38,826 - Log_Ret_High   : 12.392094 (scaled x1000)
2026-01-08 18:32:38,826 - News_Vol_Z     : 9.172079 (scaled x1000)
2026-01-08 18:32:38,826 - Volume_Z       : 6.685840 (scaled x1000)
2026-01-08 18:32:38,826 - Sentiment      : 6.515971 (scaled x1000)
2026-01-08 18:32:38,827 - BB_Low_Rel     : 2.823056 (scaled x1000)
2026-01-08 18:32:38,827 - ATR_Pct        : -1.045702 (scaled x1000)
2026-01-08 18:32:38,827 - BB_High_Rel    : -2.022766 (scaled x1000)
2026-01-08 18:32:38,827 - MACD_Z         : -2.317498 (scaled x1000)
2026-01-08 18:32:38,827 - Log_Ret_Open   : -10.381609 (scaled x1000)
2026-01-08 18:32:38,828 - Log_Ret_Low    : -15.940431 (scaled x1000)
2026-01-08 18:32:38,828 - Log_Ret_Close  : -28.768051 (scaled x1000)
2026-01-08 18:32:39,357 - 

 ==============> Starting Fold 2 | Test Year: 2022
2026-01-08 18:32:40,068 - 
Sanity CHECK:
2026-01-08 18:32:40,068 - DBG shapes: (252, 1), (252, 1), (252, 5)
2026-01-08 18:32:40,069 - DBG preds stats: min=-0.7800871133804321, max=0.7114661335945129, median=-0.05174986273050308, std=0.22633638978004456
2026-01-08 18:32:40,070 - DBG actuals stats: min=-3.480879545211792, max=2.1048059463500977, median=-5.4977601394057274e-05, std=0.8566687107086182
2026-01-08 18:32:40,071 - Epoch 0:
2026-01-08 18:32:40,072 -   - Range Coverage: nan%
2026-01-08 18:32:40,072 -   - Epsilon Hit (0.2%): 23.02%
2026-01-08 18:32:40,073 -   - Directional Acc: 48.81%
2026-01-08 18:32:40,073 - Best model updated at Epoch 0
2026-01-08 18:32:40,809 - 
Sanity CHECK:
2026-01-08 18:32:40,809 - DBG shapes: (252, 1), (252, 1), (252, 5)
2026-01-08 18:32:40,810 - DBG preds stats: min=-0.809043824672699, max=0.7654237151145935, median=0.05851823836565018, std=0.2570466101169586
2026-01-08 18:32:40,810 - DBG actuals stats: min=-3.480879545211792, max=2.1048059463500977, median=-5.4977601394057274e-05, std=0.8566687107086182
2026-01-08 18:32:40,811 - Epoch 1:
2026-01-08 18:32:40,811 -   - Range Coverage: nan%
2026-01-08 18:32:40,811 -   - Epsilon Hit (0.2%): 22.62%
2026-01-08 18:32:40,811 -   - Directional Acc: 53.97%
2026-01-08 18:32:41,423 - 
Sanity CHECK:
2026-01-08 18:32:41,424 - DBG shapes: (252, 1), (252, 1), (252, 5)
2026-01-08 18:32:41,425 - DBG preds stats: min=-0.8094767928123474, max=0.7163135409355164, median=-0.03420250117778778, std=0.2399957776069641
2026-01-08 18:32:41,426 - DBG actuals stats: min=-3.480879545211792, max=2.1048059463500977, median=-5.4977601394057274e-05, std=0.8566687107086182
2026-01-08 18:32:41,427 - Epoch 2:
2026-01-08 18:32:41,427 -   - Range Coverage: nan%
2026-01-08 18:32:41,427 -   - Epsilon Hit (0.2%): 21.43%
2026-01-08 18:32:41,427 -   - Directional Acc: 52.38%
2026-01-08 18:32:42,156 - 
Sanity CHECK:
2026-01-08 18:32:42,157 - DBG shapes: (252, 1), (252, 1), (252, 5)
2026-01-08 18:32:42,158 - DBG preds stats: min=-0.8657803535461426, max=0.8050267696380615, median=0.04555928707122803, std=0.2707701325416565
2026-01-08 18:32:42,158 - DBG actuals stats: min=-3.480879545211792, max=2.1048059463500977, median=-5.4977601394057274e-05, std=0.8566687107086182
2026-01-08 18:32:42,159 - Epoch 3:
2026-01-08 18:32:42,159 -   - Range Coverage: nan%
2026-01-08 18:32:42,160 -   - Epsilon Hit (0.2%): 23.81%
2026-01-08 18:32:42,160 -   - Directional Acc: 53.57%
2026-01-08 18:32:42,802 - 
Sanity CHECK:
2026-01-08 18:32:42,803 - DBG shapes: (252, 1), (252, 1), (252, 5)
2026-01-08 18:32:42,804 - DBG preds stats: min=-0.9002037644386292, max=0.8237113952636719, median=-0.008882928639650345, std=0.28496143221855164
2026-01-08 18:32:42,804 - DBG actuals stats: min=-3.480879545211792, max=2.1048059463500977, median=-5.4977601394057274e-05, std=0.8566687107086182
2026-01-08 18:32:42,805 - Epoch 5/100 | Train Loss: 0.255132 | Val Loss: 0.322893
2026-01-08 18:32:42,805 - Current LR: 0.001000
2026-01-08 18:32:42,806 - Epoch 4:
2026-01-08 18:32:42,806 -   - Range Coverage: nan%
2026-01-08 18:32:42,806 -   - Epsilon Hit (0.2%): 25.00%
2026-01-08 18:32:42,806 -   - Directional Acc: 53.17%
2026-01-08 18:32:43,481 - 
Sanity CHECK:
2026-01-08 18:32:43,481 - DBG shapes: (252, 1), (252, 1), (252, 5)
2026-01-08 18:32:43,482 - DBG preds stats: min=-0.7053918242454529, max=0.8603410124778748, median=0.09687428176403046, std=0.28828367590904236
2026-01-08 18:32:43,483 - DBG actuals stats: min=-3.480879545211792, max=2.1048059463500977, median=-5.4977601394057274e-05, std=0.8566687107086182
2026-01-08 18:32:43,483 - Epoch 5:
2026-01-08 18:32:43,483 -   - Range Coverage: nan%
2026-01-08 18:32:43,484 -   - Epsilon Hit (0.2%): 23.81%
2026-01-08 18:32:43,484 -   - Directional Acc: 54.76%
2026-01-08 18:32:43,993 - 
Sanity CHECK:
2026-01-08 18:32:43,993 - DBG shapes: (252, 1), (252, 1), (252, 5)
2026-01-08 18:32:43,993 - DBG preds stats: min=-0.585306704044342, max=1.0132956504821777, median=0.3217105269432068, std=0.297739714384079
2026-01-08 18:32:43,994 - DBG actuals stats: min=-3.480879545211792, max=2.1048059463500977, median=-5.4977601394057274e-05, std=0.8566687107086182
2026-01-08 18:32:43,995 - Epoch 6:
2026-01-08 18:32:43,995 -   - Range Coverage: nan%
2026-01-08 18:32:43,995 -   - Epsilon Hit (0.2%): 22.22%
2026-01-08 18:32:43,995 -   - Directional Acc: 51.98%
2026-01-08 18:32:44,466 - 
Sanity CHECK:
2026-01-08 18:32:44,467 - DBG shapes: (252, 1), (252, 1), (252, 5)
2026-01-08 18:32:44,467 - DBG preds stats: min=-0.7788171768188477, max=1.075177550315857, median=0.24198158085346222, std=0.34832140803337097
2026-01-08 18:32:44,468 - DBG actuals stats: min=-3.480879545211792, max=2.1048059463500977, median=-5.4977601394057274e-05, std=0.8566687107086182
2026-01-08 18:32:44,468 - Epoch 7:
2026-01-08 18:32:44,468 -   - Range Coverage: nan%
2026-01-08 18:32:44,468 -   - Epsilon Hit (0.2%): 26.59%
2026-01-08 18:32:44,469 -   - Directional Acc: 52.38%
2026-01-08 18:32:44,969 - 
Sanity CHECK:
2026-01-08 18:32:44,970 - DBG shapes: (252, 1), (252, 1), (252, 5)
2026-01-08 18:32:44,970 - DBG preds stats: min=-0.8804162740707397, max=1.1004178524017334, median=0.13276371359825134, std=0.36557579040527344
2026-01-08 18:32:44,971 - DBG actuals stats: min=-3.480879545211792, max=2.1048059463500977, median=-5.4977601394057274e-05, std=0.8566687107086182
2026-01-08 18:32:44,971 - Epoch 8:
2026-01-08 18:32:44,972 -   - Range Coverage: nan%
2026-01-08 18:32:44,972 -   - Epsilon Hit (0.2%): 25.40%
2026-01-08 18:32:44,972 -   - Directional Acc: 53.17%
2026-01-08 18:32:45,504 - 
Sanity CHECK:
2026-01-08 18:32:45,505 - DBG shapes: (252, 1), (252, 1), (252, 5)
2026-01-08 18:32:45,505 - DBG preds stats: min=-0.8791036009788513, max=1.1256369352340698, median=0.2032947689294815, std=0.3542327284812927
2026-01-08 18:32:45,506 - DBG actuals stats: min=-3.480879545211792, max=2.1048059463500977, median=-5.4977601394057274e-05, std=0.8566687107086182
2026-01-08 18:32:45,506 - Epoch 10/100 | Train Loss: 0.224997 | Val Loss: 0.345187
2026-01-08 18:32:45,507 - Current LR: 0.001000
2026-01-08 18:32:45,507 - Epoch 9:
2026-01-08 18:32:45,507 -   - Range Coverage: nan%
2026-01-08 18:32:45,508 -   - Epsilon Hit (0.2%): 23.41%
2026-01-08 18:32:45,508 -   - Directional Acc: 51.98%
2026-01-08 18:32:45,949 - 
Sanity CHECK:
2026-01-08 18:32:45,950 - DBG shapes: (252, 1), (252, 1), (252, 5)
2026-01-08 18:32:45,950 - DBG preds stats: min=-0.9473626017570496, max=1.1710641384124756, median=0.24328705668449402, std=0.37041711807250977
2026-01-08 18:32:45,951 - DBG actuals stats: min=-3.480879545211792, max=2.1048059463500977, median=-5.4977601394057274e-05, std=0.8566687107086182
2026-01-08 18:32:45,951 - Epoch 10:
2026-01-08 18:32:45,951 -   - Range Coverage: nan%
2026-01-08 18:32:45,952 -   - Epsilon Hit (0.2%): 26.19%
2026-01-08 18:32:45,952 -   - Directional Acc: 52.78%
2026-01-08 18:32:47,051 -     0.100% |       61 | $   1083.65 |   0.66
2026-01-08 18:32:47,052 -     0.200% |       61 | $   1083.65 |   0.66
2026-01-08 18:32:47,054 -     0.300% |       61 | $   1083.65 |   0.66
2026-01-08 18:32:47,056 -     0.500% |       63 | $   1097.01 |   0.74
2026-01-08 18:32:47,057 - --- Final Test Results ---
2026-01-08 18:32:47,057 - Test RMSE: 1.0388
2026-01-08 18:32:47,058 -   - Range Coverage: nan%
2026-01-08 18:32:47,058 -   - Epsilon Hit (0.2%): 17.13%
2026-01-08 18:32:47,058 -   - Directional Acc: 54.58%
2026-01-08 18:32:47,058 -   - MAE: 0.8130
2026-01-08 18:32:47,059 -   - MAPE: 81.30%
2026-01-08 18:32:47,059 -   - Max Predicted Move (log-return): 1.1747
2026-01-08 18:32:47,059 -   - Avg Predicted Move (log-return): 0.4012
2026-01-08 18:32:47,061 - 
--- Trading Performance (with 0.03% fee and $1000 capital) ---
2026-01-08 18:32:47,062 - Total Trades: 61
2026-01-08 18:32:47,062 - Strategy Final Value: $1070.50
2026-01-08 18:32:47,063 - Buy & Hold Final Value: $1016.22
2026-01-08 18:32:47,064 - Sharpe Ratio: 0.58
2026-01-08 18:32:47,064 - STRATEGY OUTPERFORMED MARKET
2026-01-08 18:32:48,434 - Completed Fold 2

2026-01-08 18:32:48,884 - 
--- Permutation Importance Fold 2 ---
2026-01-08 18:32:48,885 - MACD_Z         : 87.089830 (scaled x1000)
2026-01-08 18:32:48,885 - BB_High_Rel    : 60.724380 (scaled x1000)
2026-01-08 18:32:48,885 - Log_Ret_Close  : 50.820364 (scaled x1000)
2026-01-08 18:32:48,885 - Log_Ret_Open   : 37.344186 (scaled x1000)
2026-01-08 18:32:48,885 - Log_Ret_High   : 24.437185 (scaled x1000)
2026-01-08 18:32:48,886 - News_Vol_Z     : 23.007794 (scaled x1000)
2026-01-08 18:32:48,886 - Log_Ret_Low    : 16.065337 (scaled x1000)
2026-01-08 18:32:48,886 - Sentiment      : 14.312783 (scaled x1000)
2026-01-08 18:32:48,886 - Volume_Z       : 7.716220 (scaled x1000)
2026-01-08 18:32:48,886 - ATR_Pct        : -1.119745 (scaled x1000)
2026-01-08 18:32:48,887 - BB_Low_Rel     : -3.458765 (scaled x1000)
2026-01-08 18:32:49,305 - 

 ==============> Starting Fold 3 | Test Year: 2023
2026-01-08 18:32:49,861 - 
Sanity CHECK:
2026-01-08 18:32:49,861 - DBG shapes: (251, 1), (251, 1), (251, 5)
2026-01-08 18:32:49,862 - DBG preds stats: min=-0.7350732684135437, max=1.0780768394470215, median=0.27742910385131836, std=0.31650421023368835
2026-01-08 18:32:49,862 - DBG actuals stats: min=-3.0161495208740234, max=3.023458242416382, median=0.043143823742866516, std=0.9564350247383118
2026-01-08 18:32:49,863 - Epoch 0:
2026-01-08 18:32:49,863 -   - Range Coverage: nan%
2026-01-08 18:32:49,863 -   - Epsilon Hit (0.2%): 17.13%
2026-01-08 18:32:49,864 -   - Directional Acc: 54.58%
2026-01-08 18:32:49,864 - Best model updated at Epoch 0
2026-01-08 18:32:50,533 - 
Sanity CHECK:
2026-01-08 18:32:50,533 - DBG shapes: (251, 1), (251, 1), (251, 5)
2026-01-08 18:32:50,534 - DBG preds stats: min=-1.0953707695007324, max=0.9635930061340332, median=0.1536838561296463, std=0.36175093054771423
2026-01-08 18:32:50,534 - DBG actuals stats: min=-3.0161495208740234, max=3.023458242416382, median=0.043143823742866516, std=0.9564350247383118
2026-01-08 18:32:50,535 - Epoch 1:
2026-01-08 18:32:50,535 -   - Range Coverage: nan%
2026-01-08 18:32:50,535 -   - Epsilon Hit (0.2%): 17.53%
2026-01-08 18:32:50,535 -   - Directional Acc: 54.98%
2026-01-08 18:32:50,536 - Best model updated at Epoch 1
2026-01-08 18:32:51,069 - 
Sanity CHECK:
2026-01-08 18:32:51,069 - DBG shapes: (251, 1), (251, 1), (251, 5)
2026-01-08 18:32:51,070 - DBG preds stats: min=-0.7828822135925293, max=0.9154788255691528, median=0.2452297955751419, std=0.3252096474170685
2026-01-08 18:32:51,070 - DBG actuals stats: min=-3.0161495208740234, max=3.023458242416382, median=0.043143823742866516, std=0.9564350247383118
2026-01-08 18:32:51,071 - Epoch 2:
2026-01-08 18:32:51,071 -   - Range Coverage: nan%
2026-01-08 18:32:51,072 -   - Epsilon Hit (0.2%): 19.12%
2026-01-08 18:32:51,072 -   - Directional Acc: 55.38%
2026-01-08 18:32:51,072 - Best model updated at Epoch 2
2026-01-08 18:32:51,709 - 
Sanity CHECK:
2026-01-08 18:32:51,709 - DBG shapes: (251, 1), (251, 1), (251, 5)
2026-01-08 18:32:51,710 - DBG preds stats: min=-1.011414647102356, max=1.179762363433838, median=0.33312904834747314, std=0.35796070098876953
2026-01-08 18:32:51,710 - DBG actuals stats: min=-3.0161495208740234, max=3.023458242416382, median=0.043143823742866516, std=0.9564350247383118
2026-01-08 18:32:51,711 - Epoch 3:
2026-01-08 18:32:51,711 -   - Range Coverage: nan%
2026-01-08 18:32:51,711 -   - Epsilon Hit (0.2%): 20.72%
2026-01-08 18:32:51,711 -   - Directional Acc: 54.98%
2026-01-08 18:32:52,204 - 
Sanity CHECK:
2026-01-08 18:32:52,204 - DBG shapes: (251, 1), (251, 1), (251, 5)
2026-01-08 18:32:52,204 - DBG preds stats: min=-1.0991613864898682, max=1.003962755203247, median=0.10796409845352173, std=0.3672477900981903
2026-01-08 18:32:52,205 - DBG actuals stats: min=-3.0161495208740234, max=3.023458242416382, median=0.043143823742866516, std=0.9564350247383118
2026-01-08 18:32:52,205 - Epoch 5/100 | Train Loss: 0.221655 | Val Loss: 0.420009
2026-01-08 18:32:52,206 - Current LR: 0.001000
2026-01-08 18:32:52,206 - Epoch 4:
2026-01-08 18:32:52,206 -   - Range Coverage: nan%
2026-01-08 18:32:52,207 -   - Epsilon Hit (0.2%): 18.73%
2026-01-08 18:32:52,207 -   - Directional Acc: 52.19%
2026-01-08 18:32:52,207 - Best model updated at Epoch 4
2026-01-08 18:32:52,881 - 
Sanity CHECK:
2026-01-08 18:32:52,882 - DBG shapes: (251, 1), (251, 1), (251, 5)
2026-01-08 18:32:52,882 - DBG preds stats: min=-1.1260035037994385, max=1.0681252479553223, median=0.15070077776908875, std=0.3833334445953369
2026-01-08 18:32:52,883 - DBG actuals stats: min=-3.0161495208740234, max=3.023458242416382, median=0.043143823742866516, std=0.9564350247383118
2026-01-08 18:32:52,883 - Epoch 5:
2026-01-08 18:32:52,883 -   - Range Coverage: nan%
2026-01-08 18:32:52,884 -   - Epsilon Hit (0.2%): 19.92%
2026-01-08 18:32:52,884 -   - Directional Acc: 54.58%
2026-01-08 18:32:53,763 - 
Sanity CHECK:
2026-01-08 18:32:53,764 - DBG shapes: (251, 1), (251, 1), (251, 5)
2026-01-08 18:32:53,764 - DBG preds stats: min=-1.3412903547286987, max=1.1663016080856323, median=0.22457951307296753, std=0.395541787147522
2026-01-08 18:32:53,765 - DBG actuals stats: min=-3.0161495208740234, max=3.023458242416382, median=0.043143823742866516, std=0.9564350247383118
2026-01-08 18:32:53,765 - Epoch 6:
2026-01-08 18:32:53,766 -   - Range Coverage: nan%
2026-01-08 18:32:53,766 -   - Epsilon Hit (0.2%): 19.12%
2026-01-08 18:32:53,766 -   - Directional Acc: 54.58%
2026-01-08 18:32:54,443 - 
Sanity CHECK:
2026-01-08 18:32:54,444 - DBG shapes: (251, 1), (251, 1), (251, 5)
2026-01-08 18:32:54,445 - DBG preds stats: min=-1.2504546642303467, max=1.1453977823257446, median=0.11914549767971039, std=0.4366592466831207
2026-01-08 18:32:54,445 - DBG actuals stats: min=-3.0161495208740234, max=3.023458242416382, median=0.043143823742866516, std=0.9564350247383118
2026-01-08 18:32:54,446 - Epoch 7:
2026-01-08 18:32:54,446 -   - Range Coverage: nan%
2026-01-08 18:32:54,446 -   - Epsilon Hit (0.2%): 19.92%
2026-01-08 18:32:54,446 -   - Directional Acc: 52.99%
2026-01-08 18:32:55,011 - 
Sanity CHECK:
2026-01-08 18:32:55,011 - DBG shapes: (251, 1), (251, 1), (251, 5)
2026-01-08 18:32:55,011 - DBG preds stats: min=-1.0473523139953613, max=1.183085560798645, median=0.08948291838169098, std=0.4178280532360077
2026-01-08 18:32:55,012 - DBG actuals stats: min=-3.0161495208740234, max=3.023458242416382, median=0.043143823742866516, std=0.9564350247383118
2026-01-08 18:32:55,012 - Epoch 8:
2026-01-08 18:32:55,013 -   - Range Coverage: nan%
2026-01-08 18:32:55,013 -   - Epsilon Hit (0.2%): 19.52%
2026-01-08 18:32:55,013 -   - Directional Acc: 56.97%
2026-01-08 18:32:55,573 - 
Sanity CHECK:
2026-01-08 18:32:55,574 - DBG shapes: (251, 1), (251, 1), (251, 5)
2026-01-08 18:32:55,575 - DBG preds stats: min=-1.2619723081588745, max=1.148125171661377, median=0.11418887227773666, std=0.3980059325695038
2026-01-08 18:32:55,576 - DBG actuals stats: min=-3.0161495208740234, max=3.023458242416382, median=0.043143823742866516, std=0.9564350247383118
2026-01-08 18:32:55,577 - Epoch 10/100 | Train Loss: 0.210019 | Val Loss: 0.423512
2026-01-08 18:32:55,577 - Current LR: 0.001000
2026-01-08 18:32:55,578 - Epoch 9:
2026-01-08 18:32:55,578 -   - Range Coverage: nan%
2026-01-08 18:32:55,579 -   - Epsilon Hit (0.2%): 19.12%
2026-01-08 18:32:55,579 -   - Directional Acc: 57.77%
2026-01-08 18:32:56,253 - 
Sanity CHECK:
2026-01-08 18:32:56,253 - DBG shapes: (251, 1), (251, 1), (251, 5)
2026-01-08 18:32:56,253 - DBG preds stats: min=-1.2497656345367432, max=1.3966805934906006, median=0.23902678489685059, std=0.47174692153930664
2026-01-08 18:32:56,254 - DBG actuals stats: min=-3.0161495208740234, max=3.023458242416382, median=0.043143823742866516, std=0.9564350247383118
2026-01-08 18:32:56,254 - Epoch 10:
2026-01-08 18:32:56,255 -   - Range Coverage: nan%
2026-01-08 18:32:56,255 -   - Epsilon Hit (0.2%): 16.73%
2026-01-08 18:32:56,255 -   - Directional Acc: 54.98%
2026-01-08 18:32:56,806 - 
Sanity CHECK:
2026-01-08 18:32:56,806 - DBG shapes: (251, 1), (251, 1), (251, 5)
2026-01-08 18:32:56,807 - DBG preds stats: min=-1.0141702890396118, max=1.2032989263534546, median=0.24612848460674286, std=0.384084016084671
2026-01-08 18:32:56,807 - DBG actuals stats: min=-3.0161495208740234, max=3.023458242416382, median=0.043143823742866516, std=0.9564350247383118
2026-01-08 18:32:56,808 - Epoch 11:
2026-01-08 18:32:56,808 -   - Range Coverage: nan%
2026-01-08 18:32:56,808 -   - Epsilon Hit (0.2%): 17.53%
2026-01-08 18:32:56,808 -   - Directional Acc: 56.97%
2026-01-08 18:32:57,453 - 
Sanity CHECK:
2026-01-08 18:32:57,453 - DBG shapes: (251, 1), (251, 1), (251, 5)
2026-01-08 18:32:57,454 - DBG preds stats: min=-1.145242691040039, max=1.0764299631118774, median=0.19323746860027313, std=0.3721886873245239
2026-01-08 18:32:57,454 - DBG actuals stats: min=-3.0161495208740234, max=3.023458242416382, median=0.043143823742866516, std=0.9564350247383118
2026-01-08 18:32:57,455 - Epoch 12:
2026-01-08 18:32:57,455 -   - Range Coverage: nan%
2026-01-08 18:32:57,455 -   - Epsilon Hit (0.2%): 16.73%
2026-01-08 18:32:57,455 -   - Directional Acc: 52.59%
2026-01-08 18:32:58,403 - 
Sanity CHECK:
2026-01-08 18:32:58,404 - DBG shapes: (251, 1), (251, 1), (251, 5)
2026-01-08 18:32:58,404 - DBG preds stats: min=-1.6462624073028564, max=1.164581537246704, median=0.1897895783185959, std=0.4359731674194336
2026-01-08 18:32:58,406 - DBG actuals stats: min=-3.0161495208740234, max=3.023458242416382, median=0.043143823742866516, std=0.9564350247383118
2026-01-08 18:32:58,407 - Epoch 13:
2026-01-08 18:32:58,407 -   - Range Coverage: nan%
2026-01-08 18:32:58,407 -   - Epsilon Hit (0.2%): 18.73%
2026-01-08 18:32:58,408 -   - Directional Acc: 53.78%
2026-01-08 18:32:59,235 - 
Sanity CHECK:
2026-01-08 18:32:59,236 - DBG shapes: (251, 1), (251, 1), (251, 5)
2026-01-08 18:32:59,236 - DBG preds stats: min=-1.397549033164978, max=1.1915103197097778, median=0.15062153339385986, std=0.4136466979980469
2026-01-08 18:32:59,237 - DBG actuals stats: min=-3.0161495208740234, max=3.023458242416382, median=0.043143823742866516, std=0.9564350247383118
2026-01-08 18:32:59,237 - Epoch 15/100 | Train Loss: 0.199978 | Val Loss: 0.437886
2026-01-08 18:32:59,237 - Current LR: 0.001000
2026-01-08 18:32:59,238 - Epoch 14:
2026-01-08 18:32:59,238 -   - Range Coverage: nan%
2026-01-08 18:32:59,239 -   - Epsilon Hit (0.2%): 15.14%
2026-01-08 18:32:59,239 -   - Directional Acc: 52.99%
2026-01-08 18:32:59,991 -     0.100% |       74 | $    914.90 |  -0.54
2026-01-08 18:32:59,992 -     0.200% |       74 | $    914.90 |  -0.54
2026-01-08 18:32:59,994 -     0.300% |       74 | $    914.90 |  -0.54
2026-01-08 18:32:59,995 -     0.500% |       77 | $    908.51 |  -0.59
2026-01-08 18:32:59,995 - --- Final Test Results ---
2026-01-08 18:32:59,996 - Test RMSE: 0.9339
2026-01-08 18:32:59,996 -   - Range Coverage: nan%
2026-01-08 18:32:59,996 -   - Epsilon Hit (0.2%): 23.60%
2026-01-08 18:32:59,996 -   - Directional Acc: 48.80%
2026-01-08 18:32:59,998 -   - MAE: 0.6951
2026-01-08 18:32:59,998 -   - MAPE: 69.51%
2026-01-08 18:32:59,999 -   - Max Predicted Move (log-return): 1.5413
2026-01-08 18:32:59,999 -   - Avg Predicted Move (log-return): 0.3160
2026-01-08 18:32:59,999 - 
--- Trading Performance (with 0.03% fee and $1000 capital) ---
2026-01-08 18:33:00,000 - Total Trades: 74
2026-01-08 18:33:00,000 - Strategy Final Value: $901.45
2026-01-08 18:33:00,001 - Buy & Hold Final Value: $1114.93
2026-01-08 18:33:00,001 - Sharpe Ratio: -0.65
2026-01-08 18:33:00,001 - MARKET OUTPERFORMED STRATEGY
2026-01-08 18:33:01,459 - Completed Fold 3

2026-01-08 18:33:01,899 - 
--- Permutation Importance Fold 3 ---
2026-01-08 18:33:01,899 - News_Vol_Z     : 11.438739 (scaled x1000)
2026-01-08 18:33:01,899 - Log_Ret_High   : 6.217512 (scaled x1000)
2026-01-08 18:33:01,900 - Volume_Z       : 0.282243 (scaled x1000)
2026-01-08 18:33:01,900 - BB_High_Rel    : -0.089051 (scaled x1000)
2026-01-08 18:33:01,900 - BB_Low_Rel     : -0.187988 (scaled x1000)
2026-01-08 18:33:01,900 - ATR_Pct        : -1.167400 (scaled x1000)
2026-01-08 18:33:01,900 - Log_Ret_Close  : -3.713307 (scaled x1000)
2026-01-08 18:33:01,901 - Sentiment      : -5.227471 (scaled x1000)
2026-01-08 18:33:01,901 - Log_Ret_Open   : -10.079411 (scaled x1000)
2026-01-08 18:33:01,901 - MACD_Z         : -18.351711 (scaled x1000)
2026-01-08 18:33:01,901 - Log_Ret_Low    : -24.754759 (scaled x1000)
2026-01-08 18:33:02,337 - 

 ==============> Starting Fold 4 | Test Year: 2024
2026-01-08 18:33:02,938 - 
Sanity CHECK:
2026-01-08 18:33:02,938 - DBG shapes: (250, 1), (250, 1), (250, 5)
2026-01-08 18:33:02,938 - DBG preds stats: min=-1.1625856161117554, max=1.1825182437896729, median=-0.03341378644108772, std=0.3332069516181946
2026-01-08 18:33:02,939 - DBG actuals stats: min=-2.527449607849121, max=3.164232015609741, median=0.01672283560037613, std=0.8391518592834473
2026-01-08 18:33:02,939 - Epoch 0:
2026-01-08 18:33:02,939 -   - Range Coverage: nan%
2026-01-08 18:33:02,940 -   - Epsilon Hit (0.2%): 22.00%
2026-01-08 18:33:02,940 -   - Directional Acc: 52.40%
2026-01-08 18:33:02,940 - Best model updated at Epoch 0
2026-01-08 18:33:03,632 - 
Sanity CHECK:
2026-01-08 18:33:03,633 - DBG shapes: (250, 1), (250, 1), (250, 5)
2026-01-08 18:33:03,633 - DBG preds stats: min=-1.4520586729049683, max=1.1916825771331787, median=-0.06700816005468369, std=0.3644537925720215
2026-01-08 18:33:03,634 - DBG actuals stats: min=-2.527449607849121, max=3.164232015609741, median=0.01672283560037613, std=0.8391518592834473
2026-01-08 18:33:03,634 - Epoch 1:
2026-01-08 18:33:03,634 -   - Range Coverage: nan%
2026-01-08 18:33:03,635 -   - Epsilon Hit (0.2%): 24.80%
2026-01-08 18:33:03,635 -   - Directional Acc: 47.20%
2026-01-08 18:33:04,268 - 
Sanity CHECK:
2026-01-08 18:33:04,268 - DBG shapes: (250, 1), (250, 1), (250, 5)
2026-01-08 18:33:04,269 - DBG preds stats: min=-1.2933106422424316, max=1.268248200416565, median=0.014498388394713402, std=0.38349416851997375
2026-01-08 18:33:04,269 - DBG actuals stats: min=-2.527449607849121, max=3.164232015609741, median=0.01672283560037613, std=0.8391518592834473
2026-01-08 18:33:04,270 - Epoch 2:
2026-01-08 18:33:04,270 -   - Range Coverage: nan%
2026-01-08 18:33:04,270 -   - Epsilon Hit (0.2%): 23.20%
2026-01-08 18:33:04,271 -   - Directional Acc: 49.60%
2026-01-08 18:33:04,918 - 
Sanity CHECK:
2026-01-08 18:33:04,918 - DBG shapes: (250, 1), (250, 1), (250, 5)
2026-01-08 18:33:04,919 - DBG preds stats: min=-1.5056002140045166, max=1.0575374364852905, median=0.0049586426466703415, std=0.3698733448982239
2026-01-08 18:33:04,919 - DBG actuals stats: min=-2.527449607849121, max=3.164232015609741, median=0.01672283560037613, std=0.8391518592834473
2026-01-08 18:33:04,920 - Epoch 3:
2026-01-08 18:33:04,920 -   - Range Coverage: nan%
2026-01-08 18:33:04,920 -   - Epsilon Hit (0.2%): 20.40%
2026-01-08 18:33:04,920 -   - Directional Acc: 45.60%
2026-01-08 18:33:05,597 - 
Sanity CHECK:
2026-01-08 18:33:05,598 - DBG shapes: (250, 1), (250, 1), (250, 5)
2026-01-08 18:33:05,598 - DBG preds stats: min=-1.1396876573562622, max=1.0225443840026855, median=-0.07192739099264145, std=0.3665753901004791
2026-01-08 18:33:05,599 - DBG actuals stats: min=-2.527449607849121, max=3.164232015609741, median=0.01672283560037613, std=0.8391518592834473
2026-01-08 18:33:05,599 - Epoch 5/100 | Train Loss: 0.214415 | Val Loss: 0.351382
2026-01-08 18:33:05,600 - Current LR: 0.001000
2026-01-08 18:33:05,600 - Epoch 4:
2026-01-08 18:33:05,600 -   - Range Coverage: nan%
2026-01-08 18:33:05,601 -   - Epsilon Hit (0.2%): 21.60%
2026-01-08 18:33:05,601 -   - Directional Acc: 49.60%
2026-01-08 18:33:06,203 - 
Sanity CHECK:
2026-01-08 18:33:06,203 - DBG shapes: (250, 1), (250, 1), (250, 5)
2026-01-08 18:33:06,204 - DBG preds stats: min=-1.1886523962020874, max=1.171489953994751, median=0.04367345571517944, std=0.3878368139266968
2026-01-08 18:33:06,204 - DBG actuals stats: min=-2.527449607849121, max=3.164232015609741, median=0.01672283560037613, std=0.8391518592834473
2026-01-08 18:33:06,205 - Epoch 5:
2026-01-08 18:33:06,205 -   - Range Coverage: nan%
2026-01-08 18:33:06,205 -   - Epsilon Hit (0.2%): 21.20%
2026-01-08 18:33:06,206 -   - Directional Acc: 50.40%
2026-01-08 18:33:07,191 - 
Sanity CHECK:
2026-01-08 18:33:07,191 - DBG shapes: (250, 1), (250, 1), (250, 5)
2026-01-08 18:33:07,192 - DBG preds stats: min=-1.1449227333068848, max=1.432153344154358, median=0.041506990790367126, std=0.39193493127822876
2026-01-08 18:33:07,192 - DBG actuals stats: min=-2.527449607849121, max=3.164232015609741, median=0.01672283560037613, std=0.8391518592834473
2026-01-08 18:33:07,192 - Epoch 6:
2026-01-08 18:33:07,193 -   - Range Coverage: nan%
2026-01-08 18:33:07,193 -   - Epsilon Hit (0.2%): 24.00%
2026-01-08 18:33:07,193 -   - Directional Acc: 51.60%
2026-01-08 18:33:08,023 - 
Sanity CHECK:
2026-01-08 18:33:08,023 - DBG shapes: (250, 1), (250, 1), (250, 5)
2026-01-08 18:33:08,024 - DBG preds stats: min=-1.2668445110321045, max=1.4780281782150269, median=-0.06049708276987076, std=0.42106571793556213
2026-01-08 18:33:08,025 - DBG actuals stats: min=-2.527449607849121, max=3.164232015609741, median=0.01672283560037613, std=0.8391518592834473
2026-01-08 18:33:08,026 - Epoch 7:
2026-01-08 18:33:08,026 -   - Range Coverage: nan%
2026-01-08 18:33:08,026 -   - Epsilon Hit (0.2%): 18.80%
2026-01-08 18:33:08,027 -   - Directional Acc: 52.00%
2026-01-08 18:33:08,811 - 
Sanity CHECK:
2026-01-08 18:33:08,811 - DBG shapes: (250, 1), (250, 1), (250, 5)
2026-01-08 18:33:08,812 - DBG preds stats: min=-1.541541576385498, max=1.2763422727584839, median=0.09401950240135193, std=0.3788759410381317
2026-01-08 18:33:08,812 - DBG actuals stats: min=-2.527449607849121, max=3.164232015609741, median=0.01672283560037613, std=0.8391518592834473
2026-01-08 18:33:08,813 - Epoch 8:
2026-01-08 18:33:08,813 -   - Range Coverage: nan%
2026-01-08 18:33:08,813 -   - Epsilon Hit (0.2%): 21.60%
2026-01-08 18:33:08,814 -   - Directional Acc: 49.60%
2026-01-08 18:33:09,527 - 
Sanity CHECK:
2026-01-08 18:33:09,527 - DBG shapes: (250, 1), (250, 1), (250, 5)
2026-01-08 18:33:09,528 - DBG preds stats: min=-1.2676219940185547, max=1.2637721300125122, median=0.01926795020699501, std=0.40752702951431274
2026-01-08 18:33:09,528 - DBG actuals stats: min=-2.527449607849121, max=3.164232015609741, median=0.01672283560037613, std=0.8391518592834473
2026-01-08 18:33:09,529 - Epoch 10/100 | Train Loss: 0.196734 | Val Loss: 0.347265
2026-01-08 18:33:09,529 - Current LR: 0.001000
2026-01-08 18:33:09,529 - Epoch 9:
2026-01-08 18:33:09,529 -   - Range Coverage: nan%
2026-01-08 18:33:09,530 -   - Epsilon Hit (0.2%): 22.00%
2026-01-08 18:33:09,530 -   - Directional Acc: 52.80%
2026-01-08 18:33:10,152 - 
Sanity CHECK:
2026-01-08 18:33:10,152 - DBG shapes: (250, 1), (250, 1), (250, 5)
2026-01-08 18:33:10,153 - DBG preds stats: min=-1.7023000717163086, max=1.417956829071045, median=0.04465886205434799, std=0.4352039396762848
2026-01-08 18:33:10,153 - DBG actuals stats: min=-2.527449607849121, max=3.164232015609741, median=0.01672283560037613, std=0.8391518592834473
2026-01-08 18:33:10,154 - Epoch 10:
2026-01-08 18:33:10,154 -   - Range Coverage: nan%
2026-01-08 18:33:10,154 -   - Epsilon Hit (0.2%): 23.60%
2026-01-08 18:33:10,154 -   - Directional Acc: 50.40%
2026-01-08 18:33:10,897 -     0.100% |       49 | $    870.29 |  -0.79
2026-01-08 18:33:10,898 -     0.200% |       49 | $    870.29 |  -0.79
2026-01-08 18:33:10,899 -     0.300% |       49 | $    870.29 |  -0.79
2026-01-08 18:33:10,901 -     0.500% |       50 | $    858.36 |  -0.89
2026-01-08 18:33:10,901 - --- Final Test Results ---
2026-01-08 18:33:10,901 - Test RMSE: 1.1144
2026-01-08 18:33:10,902 -   - Range Coverage: nan%
2026-01-08 18:33:10,902 -   - Epsilon Hit (0.2%): 12.70%
2026-01-08 18:33:10,902 -   - Directional Acc: 48.41%
2026-01-08 18:33:10,903 -   - MAE: 0.8737
2026-01-08 18:33:10,903 -   - MAPE: 87.37%
2026-01-08 18:33:10,904 -   - Max Predicted Move (log-return): 1.6431
2026-01-08 18:33:10,904 -   - Avg Predicted Move (log-return): 0.4426
2026-01-08 18:33:10,904 - 
--- Trading Performance (with 0.03% fee and $1000 capital) ---
2026-01-08 18:33:10,905 - Total Trades: 49
2026-01-08 18:33:10,905 - Strategy Final Value: $861.80
2026-01-08 18:33:10,905 - Buy & Hold Final Value: $1286.81
2026-01-08 18:33:10,905 - Sharpe Ratio: -0.85
2026-01-08 18:33:10,905 - MARKET OUTPERFORMED STRATEGY
2026-01-08 18:33:12,856 - Completed Fold 4

2026-01-08 18:33:13,474 - 
--- Permutation Importance Fold 4 ---
2026-01-08 18:33:13,474 - News_Vol_Z     : 46.159100 (scaled x1000)
2026-01-08 18:33:13,475 - Sentiment      : 25.854075 (scaled x1000)
2026-01-08 18:33:13,475 - BB_High_Rel    : 3.056533 (scaled x1000)
2026-01-08 18:33:13,475 - Log_Ret_Close  : 2.509997 (scaled x1000)
2026-01-08 18:33:13,475 - ATR_Pct        : 0.870726 (scaled x1000)
2026-01-08 18:33:13,475 - Log_Ret_Low    : -0.554052 (scaled x1000)
2026-01-08 18:33:13,476 - Volume_Z       : -2.515993 (scaled x1000)
2026-01-08 18:33:13,476 - Log_Ret_Open   : -10.079171 (scaled x1000)
2026-01-08 18:33:13,476 - BB_Low_Rel     : -14.045782 (scaled x1000)
2026-01-08 18:33:13,476 - MACD_Z         : -26.229439 (scaled x1000)
2026-01-08 18:33:13,476 - Log_Ret_High   : -36.382922 (scaled x1000)
2026-01-08 18:33:14,079 - 

 ==============> Starting Fold 5 | Test Year: 2025
2026-01-08 18:33:15,017 - 
Sanity CHECK:
2026-01-08 18:33:15,017 - DBG shapes: (252, 1), (252, 1), (252, 5)
2026-01-08 18:33:15,018 - DBG preds stats: min=-1.4127987623214722, max=1.5309206247329712, median=-0.12670999765396118, std=0.503375232219696
2026-01-08 18:33:15,019 - DBG actuals stats: min=-3.6335513591766357, max=2.214081287384033, median=0.1647656261920929, std=0.9486135840415955
2026-01-08 18:33:15,019 - Epoch 0:
2026-01-08 18:33:15,020 -   - Range Coverage: nan%
2026-01-08 18:33:15,020 -   - Epsilon Hit (0.2%): 15.08%
2026-01-08 18:33:15,020 -   - Directional Acc: 47.22%
2026-01-08 18:33:15,021 - Best model updated at Epoch 0
2026-01-08 18:33:16,213 - 
Sanity CHECK:
2026-01-08 18:33:16,213 - DBG shapes: (252, 1), (252, 1), (252, 5)
2026-01-08 18:33:16,214 - DBG preds stats: min=-1.0365300178527832, max=1.334115982055664, median=0.07990039139986038, std=0.4854373633861542
2026-01-08 18:33:16,214 - DBG actuals stats: min=-3.6335513591766357, max=2.214081287384033, median=0.1647656261920929, std=0.9486135840415955
2026-01-08 18:33:16,215 - Epoch 1:
2026-01-08 18:33:16,215 -   - Range Coverage: nan%
2026-01-08 18:33:16,215 -   - Epsilon Hit (0.2%): 12.70%
2026-01-08 18:33:16,216 -   - Directional Acc: 46.83%
2026-01-08 18:33:16,216 - Best model updated at Epoch 1
2026-01-08 18:33:17,169 - 
Sanity CHECK:
2026-01-08 18:33:17,170 - DBG shapes: (252, 1), (252, 1), (252, 5)
2026-01-08 18:33:17,170 - DBG preds stats: min=-1.1758904457092285, max=1.5053906440734863, median=0.12084738910198212, std=0.4513077735900879
2026-01-08 18:33:17,171 - DBG actuals stats: min=-3.6335513591766357, max=2.214081287384033, median=0.1647656261920929, std=0.9486135840415955
2026-01-08 18:33:17,171 - Epoch 2:
2026-01-08 18:33:17,172 -   - Range Coverage: nan%
2026-01-08 18:33:17,172 -   - Epsilon Hit (0.2%): 15.87%
2026-01-08 18:33:17,172 -   - Directional Acc: 48.02%
2026-01-08 18:33:17,173 - Best model updated at Epoch 2
2026-01-08 18:33:17,924 - 
Sanity CHECK:
2026-01-08 18:33:17,924 - DBG shapes: (252, 1), (252, 1), (252, 5)
2026-01-08 18:33:17,925 - DBG preds stats: min=-1.288941502571106, max=1.2331459522247314, median=0.02188967913389206, std=0.4652186930179596
2026-01-08 18:33:17,925 - DBG actuals stats: min=-3.6335513591766357, max=2.214081287384033, median=0.1647656261920929, std=0.9486135840415955
2026-01-08 18:33:17,926 - Epoch 3:
2026-01-08 18:33:17,926 -   - Range Coverage: nan%
2026-01-08 18:33:17,926 -   - Epsilon Hit (0.2%): 15.48%
2026-01-08 18:33:17,926 -   - Directional Acc: 48.02%
2026-01-08 18:33:18,701 - 
Sanity CHECK:
2026-01-08 18:33:18,701 - DBG shapes: (252, 1), (252, 1), (252, 5)
2026-01-08 18:33:18,702 - DBG preds stats: min=-1.2835544347763062, max=1.5304224491119385, median=0.053270503878593445, std=0.4695684015750885
2026-01-08 18:33:18,702 - DBG actuals stats: min=-3.6335513591766357, max=2.214081287384033, median=0.1647656261920929, std=0.9486135840415955
2026-01-08 18:33:18,703 - Epoch 5/100 | Train Loss: 0.198244 | Val Loss: 0.466662
2026-01-08 18:33:18,703 - Current LR: 0.001000
2026-01-08 18:33:18,704 - Epoch 4:
2026-01-08 18:33:18,704 -   - Range Coverage: nan%
2026-01-08 18:33:18,704 -   - Epsilon Hit (0.2%): 13.89%
2026-01-08 18:33:18,705 -   - Directional Acc: 50.00%
2026-01-08 18:33:19,750 - 
Sanity CHECK:
2026-01-08 18:33:19,750 - DBG shapes: (252, 1), (252, 1), (252, 5)
2026-01-08 18:33:19,751 - DBG preds stats: min=-1.555846095085144, max=1.7645539045333862, median=-0.03525138646364212, std=0.5398991703987122
2026-01-08 18:33:19,751 - DBG actuals stats: min=-3.6335513591766357, max=2.214081287384033, median=0.1647656261920929, std=0.9486135840415955
2026-01-08 18:33:19,752 - Epoch 5:
2026-01-08 18:33:19,752 -   - Range Coverage: nan%
2026-01-08 18:33:19,752 -   - Epsilon Hit (0.2%): 14.68%
2026-01-08 18:33:19,752 -   - Directional Acc: 47.22%
2026-01-08 18:33:20,492 - 
Sanity CHECK:
2026-01-08 18:33:20,492 - DBG shapes: (252, 1), (252, 1), (252, 5)
2026-01-08 18:33:20,493 - DBG preds stats: min=-1.5453879833221436, max=1.80094313621521, median=-0.019014433026313782, std=0.6176494359970093
2026-01-08 18:33:20,493 - DBG actuals stats: min=-3.6335513591766357, max=2.214081287384033, median=0.1647656261920929, std=0.9486135840415955
2026-01-08 18:33:20,494 - Epoch 6:
2026-01-08 18:33:20,494 -   - Range Coverage: nan%
2026-01-08 18:33:20,495 -   - Epsilon Hit (0.2%): 11.11%
2026-01-08 18:33:20,495 -   - Directional Acc: 48.02%
2026-01-08 18:33:21,436 - 
Sanity CHECK:
2026-01-08 18:33:21,437 - DBG shapes: (252, 1), (252, 1), (252, 5)
2026-01-08 18:33:21,437 - DBG preds stats: min=-1.6711819171905518, max=1.81065034866333, median=0.08400517702102661, std=0.5996273756027222
2026-01-08 18:33:21,438 - DBG actuals stats: min=-3.6335513591766357, max=2.214081287384033, median=0.1647656261920929, std=0.9486135840415955
2026-01-08 18:33:21,438 - Epoch 7:
2026-01-08 18:33:21,438 -   - Range Coverage: nan%
2026-01-08 18:33:21,439 -   - Epsilon Hit (0.2%): 11.90%
2026-01-08 18:33:21,439 -   - Directional Acc: 47.22%
2026-01-08 18:33:22,351 - 
Sanity CHECK:
2026-01-08 18:33:22,352 - DBG shapes: (252, 1), (252, 1), (252, 5)
2026-01-08 18:33:22,352 - DBG preds stats: min=-1.2959234714508057, max=1.286726713180542, median=0.09098391234874725, std=0.4223741888999939
2026-01-08 18:33:22,353 - DBG actuals stats: min=-3.6335513591766357, max=2.214081287384033, median=0.1647656261920929, std=0.9486135840415955
2026-01-08 18:33:22,353 - Epoch 8:
2026-01-08 18:33:22,354 -   - Range Coverage: nan%
2026-01-08 18:33:22,355 -   - Epsilon Hit (0.2%): 15.08%
2026-01-08 18:33:22,355 -   - Directional Acc: 49.21%
2026-01-08 18:33:22,355 - Best model updated at Epoch 8
2026-01-08 18:33:23,256 - 
Sanity CHECK:
2026-01-08 18:33:23,256 - DBG shapes: (252, 1), (252, 1), (252, 5)
2026-01-08 18:33:23,257 - DBG preds stats: min=-1.5050787925720215, max=1.4710015058517456, median=-0.011127989739179611, std=0.541360080242157
2026-01-08 18:33:23,257 - DBG actuals stats: min=-3.6335513591766357, max=2.214081287384033, median=0.1647656261920929, std=0.9486135840415955
2026-01-08 18:33:23,258 - Epoch 10/100 | Train Loss: 0.188646 | Val Loss: 0.501995
2026-01-08 18:33:23,258 - Current LR: 0.001000
2026-01-08 18:33:23,258 - Epoch 9:
2026-01-08 18:33:23,259 -   - Range Coverage: nan%
2026-01-08 18:33:23,259 -   - Epsilon Hit (0.2%): 15.08%
2026-01-08 18:33:23,259 -   - Directional Acc: 47.62%
2026-01-08 18:33:24,011 - 
Sanity CHECK:
2026-01-08 18:33:24,011 - DBG shapes: (252, 1), (252, 1), (252, 5)
2026-01-08 18:33:24,012 - DBG preds stats: min=-1.3735086917877197, max=1.5841867923736572, median=0.11229460686445236, std=0.5099061131477356
2026-01-08 18:33:24,012 - DBG actuals stats: min=-3.6335513591766357, max=2.214081287384033, median=0.1647656261920929, std=0.9486135840415955
2026-01-08 18:33:24,013 - Epoch 10:
2026-01-08 18:33:24,013 -   - Range Coverage: nan%
2026-01-08 18:33:24,013 -   - Epsilon Hit (0.2%): 13.49%
2026-01-08 18:33:24,013 -   - Directional Acc: 47.62%
2026-01-08 18:33:24,736 - 
Sanity CHECK:
2026-01-08 18:33:24,737 - DBG shapes: (252, 1), (252, 1), (252, 5)
2026-01-08 18:33:24,737 - DBG preds stats: min=-1.4197502136230469, max=1.650382399559021, median=-0.008958391845226288, std=0.5123994946479797
2026-01-08 18:33:24,738 - DBG actuals stats: min=-3.6335513591766357, max=2.214081287384033, median=0.1647656261920929, std=0.9486135840415955
2026-01-08 18:33:24,738 - Epoch 11:
2026-01-08 18:33:24,739 -   - Range Coverage: nan%
2026-01-08 18:33:24,739 -   - Epsilon Hit (0.2%): 17.46%
2026-01-08 18:33:24,739 -   - Directional Acc: 51.98%
2026-01-08 18:33:25,682 - 
Sanity CHECK:
2026-01-08 18:33:25,682 - DBG shapes: (252, 1), (252, 1), (252, 5)
2026-01-08 18:33:25,683 - DBG preds stats: min=-1.4590357542037964, max=1.5860406160354614, median=0.0015687663108110428, std=0.5483137965202332
2026-01-08 18:33:25,683 - DBG actuals stats: min=-3.6335513591766357, max=2.214081287384033, median=0.1647656261920929, std=0.9486135840415955
2026-01-08 18:33:25,684 - Epoch 12:
2026-01-08 18:33:25,684 -   - Range Coverage: nan%
2026-01-08 18:33:25,684 -   - Epsilon Hit (0.2%): 16.67%
2026-01-08 18:33:25,685 -   - Directional Acc: 46.43%
2026-01-08 18:33:26,616 - 
Sanity CHECK:
2026-01-08 18:33:26,616 - DBG shapes: (252, 1), (252, 1), (252, 5)
2026-01-08 18:33:26,617 - DBG preds stats: min=-1.52830171585083, max=1.6948713064193726, median=-0.01287195086479187, std=0.5218715071678162
2026-01-08 18:33:26,617 - DBG actuals stats: min=-3.6335513591766357, max=2.214081287384033, median=0.1647656261920929, std=0.9486135840415955
2026-01-08 18:33:26,618 - Epoch 13:
2026-01-08 18:33:26,618 -   - Range Coverage: nan%
2026-01-08 18:33:26,618 -   - Epsilon Hit (0.2%): 17.06%
2026-01-08 18:33:26,618 -   - Directional Acc: 48.81%
2026-01-08 18:33:27,521 - 
Sanity CHECK:
2026-01-08 18:33:27,521 - DBG shapes: (252, 1), (252, 1), (252, 5)
2026-01-08 18:33:27,522 - DBG preds stats: min=-1.5823352336883545, max=1.5594754219055176, median=-0.017580706626176834, std=0.5603862404823303
2026-01-08 18:33:27,522 - DBG actuals stats: min=-3.6335513591766357, max=2.214081287384033, median=0.1647656261920929, std=0.9486135840415955
2026-01-08 18:33:27,522 - Epoch 15/100 | Train Loss: 0.172025 | Val Loss: 0.498926
2026-01-08 18:33:27,523 - Current LR: 0.001000
2026-01-08 18:33:27,523 - Epoch 14:
2026-01-08 18:33:27,523 -   - Range Coverage: nan%
2026-01-08 18:33:27,524 -   - Epsilon Hit (0.2%): 17.46%
2026-01-08 18:33:27,524 -   - Directional Acc: 50.79%
2026-01-08 18:33:28,255 - 
Sanity CHECK:
2026-01-08 18:33:28,255 - DBG shapes: (252, 1), (252, 1), (252, 5)
2026-01-08 18:33:28,256 - DBG preds stats: min=-1.3970671892166138, max=1.9398775100708008, median=0.1589546799659729, std=0.5271638631820679
2026-01-08 18:33:28,256 - DBG actuals stats: min=-3.6335513591766357, max=2.214081287384033, median=0.1647656261920929, std=0.9486135840415955
2026-01-08 18:33:28,257 - Epoch 15:
2026-01-08 18:33:28,257 -   - Range Coverage: nan%
2026-01-08 18:33:28,257 -   - Epsilon Hit (0.2%): 18.65%
2026-01-08 18:33:28,258 -   - Directional Acc: 51.59%
2026-01-08 18:33:28,985 - 
Sanity CHECK:
2026-01-08 18:33:28,985 - DBG shapes: (252, 1), (252, 1), (252, 5)
2026-01-08 18:33:28,985 - DBG preds stats: min=-1.5038081407546997, max=1.679365634918213, median=0.0014641806483268738, std=0.571933388710022
2026-01-08 18:33:28,986 - DBG actuals stats: min=-3.6335513591766357, max=2.214081287384033, median=0.1647656261920929, std=0.9486135840415955
2026-01-08 18:33:28,986 - Epoch 16:
2026-01-08 18:33:28,986 -   - Range Coverage: nan%
2026-01-08 18:33:28,987 -   - Epsilon Hit (0.2%): 13.10%
2026-01-08 18:33:28,987 -   - Directional Acc: 46.43%
2026-01-08 18:33:29,786 - 
Sanity CHECK:
2026-01-08 18:33:29,787 - DBG shapes: (252, 1), (252, 1), (252, 5)
2026-01-08 18:33:29,787 - DBG preds stats: min=-1.4159654378890991, max=1.9234322309494019, median=0.23804569244384766, std=0.570837140083313
2026-01-08 18:33:29,788 - DBG actuals stats: min=-3.6335513591766357, max=2.214081287384033, median=0.1647656261920929, std=0.9486135840415955
2026-01-08 18:33:29,788 - Epoch 17:
2026-01-08 18:33:29,788 -   - Range Coverage: nan%
2026-01-08 18:33:29,789 -   - Epsilon Hit (0.2%): 17.06%
2026-01-08 18:33:29,789 -   - Directional Acc: 51.19%
2026-01-08 18:33:30,485 - 
Sanity CHECK:
2026-01-08 18:33:30,485 - DBG shapes: (252, 1), (252, 1), (252, 5)
2026-01-08 18:33:30,485 - DBG preds stats: min=-1.6767308712005615, max=2.1342203617095947, median=-0.007001601159572601, std=0.6358541250228882
2026-01-08 18:33:30,486 - DBG actuals stats: min=-3.6335513591766357, max=2.214081287384033, median=0.1647656261920929, std=0.9486135840415955
2026-01-08 18:33:30,486 - Epoch 18:
2026-01-08 18:33:30,487 -   - Range Coverage: nan%
2026-01-08 18:33:30,487 -   - Epsilon Hit (0.2%): 13.49%
2026-01-08 18:33:30,487 -   - Directional Acc: 46.03%
2026-01-08 18:33:31,652 -     0.100% |       73 | $    844.07 |  -0.88
2026-01-08 18:33:31,654 -     0.200% |       73 | $    844.07 |  -0.88
2026-01-08 18:33:31,655 -     0.300% |       73 | $    844.07 |  -0.88
2026-01-08 18:33:31,657 -     0.500% |       74 | $    845.13 |  -0.87
2026-01-08 18:33:31,657 - --- Final Test Results ---
2026-01-08 18:33:31,658 - Test RMSE: 1.5035
2026-01-08 18:33:31,659 -   - Range Coverage: nan%
2026-01-08 18:33:31,660 -   - Epsilon Hit (0.2%): 15.42%
2026-01-08 18:33:31,660 -   - Directional Acc: 49.78%
2026-01-08 18:33:31,661 -   - MAE: 1.1071
2026-01-08 18:33:31,662 -   - MAPE: 110.71%
2026-01-08 18:33:31,662 -   - Max Predicted Move (log-return): 2.6014
2026-01-08 18:33:31,662 -   - Avg Predicted Move (log-return): 0.5724
2026-01-08 18:33:31,663 - 
--- Trading Performance (with 0.03% fee and $1000 capital) ---
2026-01-08 18:33:31,663 - Total Trades: 73
2026-01-08 18:33:31,663 - Strategy Final Value: $831.83
2026-01-08 18:33:31,663 - Buy & Hold Final Value: $1580.47
2026-01-08 18:33:31,664 - Sharpe Ratio: -0.96
2026-01-08 18:33:31,664 - MARKET OUTPERFORMED STRATEGY
2026-01-08 18:33:32,899 - Completed Fold 5

2026-01-08 18:33:33,326 - 
--- Permutation Importance Fold 5 ---
2026-01-08 18:33:33,326 - MACD_Z         : 3.506119 (scaled x1000)
2026-01-08 18:33:33,326 - BB_Low_Rel     : -0.695730 (scaled x1000)
2026-01-08 18:33:33,326 - ATR_Pct        : -1.160213 (scaled x1000)
2026-01-08 18:33:33,327 - Log_Ret_Close  : -5.555955 (scaled x1000)
2026-01-08 18:33:33,327 - Sentiment      : -8.482898 (scaled x1000)
2026-01-08 18:33:33,327 - Volume_Z       : -14.217214 (scaled x1000)
2026-01-08 18:33:33,327 - Log_Ret_High   : -31.336854 (scaled x1000)
2026-01-08 18:33:33,327 - Log_Ret_Open   : -40.505470 (scaled x1000)
2026-01-08 18:33:33,328 - BB_High_Rel    : -40.822976 (scaled x1000)
2026-01-08 18:33:33,328 - Log_Ret_Low    : -46.456463 (scaled x1000)
2026-01-08 18:33:33,328 - News_Vol_Z     : -57.687109 (scaled x1000)
