2026-01-08 18:34:14,863 - Hyperparameters:
2026-01-08 18:34:14,863 -   - Automatic Feature Engineering: False
2026-01-08 18:34:14,864 -   - Early Stopping: True
2026-01-08 18:34:14,864 - ----------  FEATURES  --------
2026-01-08 18:34:14,864 -   - Targets: ['Target_Close_Norm']
2026-01-08 18:34:14,864 -   - Market Features: ['Log_Ret_Open', 'Log_Ret_High', 'Log_Ret_Low', 'Log_Ret_Close', 'Volume_Z', 'MACD_Z', 'ATR_Pct', 'BB_Low_Rel', 'BB_High_Rel']
2026-01-08 18:34:14,865 -   - Sentiment Features: ['Sentiment', 'News_Vol_Z']
2026-01-08 18:34:14,865 -   - Not considered Features: ['MACD_Sig_Z', 'RSI_Z', 'SMA_20_Rel', 'SMA_50_Rel']
2026-01-08 18:34:14,865 - -------------------------------
2026-01-08 18:34:14,866 - Model Configuration:
2026-01-08 18:34:14,866 -   - Hidden Dim: 64
2026-01-08 18:34:14,866 -   - Batch Size: 64
2026-01-08 18:34:14,866 -   - Epochs: 100
2026-01-08 18:34:14,866 -   - Learning Rate: 0.001
2026-01-08 18:34:14,867 -   - Feature Threshold: 0
2026-01-08 18:34:14,867 -   - Output Folder: results/20260108-183414
2026-01-08 18:34:14,867 -   - Data Split: expanding_window
2026-01-08 18:34:14,867 -   - Architecture 2: CNN + LSTM + Attention
2026-01-08 18:34:14,868 - --------------------------------------------------
2026-01-08 18:34:14,868 - Additional information:
2026-01-08 18:34:14,868 -   - cnn5 only
2026-01-08 18:34:14,876 - 

 ==============> Starting Fold 1 | Test Year: 2021
2026-01-08 18:34:18,395 - 
Sanity CHECK:
2026-01-08 18:34:18,396 - DBG shapes: (253, 1), (253, 1), (253, 5)
2026-01-08 18:34:18,396 - DBG preds stats: min=0.05080306529998779, max=0.08812198787927628, median=0.07038372755050659, std=0.009481494314968586
2026-01-08 18:34:18,397 - DBG actuals stats: min=-5.518972873687744, max=4.738952159881592, median=0.2158277928829193, std=1.234215497970581
2026-01-08 18:34:18,397 - Epoch 0:
2026-01-08 18:34:18,398 -   - Range Coverage: nan%
2026-01-08 18:34:18,398 -   - Epsilon Hit (0.2%): 16.60%
2026-01-08 18:34:18,398 -   - Directional Acc: 58.89%
2026-01-08 18:34:18,398 - Best model updated at Epoch 0
2026-01-08 18:34:18,721 - 
Sanity CHECK:
2026-01-08 18:34:18,721 - DBG shapes: (253, 1), (253, 1), (253, 5)
2026-01-08 18:34:18,721 - DBG preds stats: min=0.005036354064941406, max=0.04385421425104141, median=0.024449799209833145, std=0.008961629122495651
2026-01-08 18:34:18,722 - DBG actuals stats: min=-5.518972873687744, max=4.738952159881592, median=0.2158277928829193, std=1.234215497970581
2026-01-08 18:34:18,722 - Epoch 1:
2026-01-08 18:34:18,722 -   - Range Coverage: nan%
2026-01-08 18:34:18,723 -   - Epsilon Hit (0.2%): 14.62%
2026-01-08 18:34:18,723 -   - Directional Acc: 58.89%
2026-01-08 18:34:19,027 - 
Sanity CHECK:
2026-01-08 18:34:19,027 - DBG shapes: (253, 1), (253, 1), (253, 5)
2026-01-08 18:34:19,028 - DBG preds stats: min=-0.008569218218326569, max=0.03453805297613144, median=0.005905181169509888, std=0.00920064840465784
2026-01-08 18:34:19,028 - DBG actuals stats: min=-5.518972873687744, max=4.738952159881592, median=0.2158277928829193, std=1.234215497970581
2026-01-08 18:34:19,029 - Epoch 2:
2026-01-08 18:34:19,029 -   - Range Coverage: nan%
2026-01-08 18:34:19,029 -   - Epsilon Hit (0.2%): 15.81%
2026-01-08 18:34:19,029 -   - Directional Acc: 56.92%
2026-01-08 18:34:19,361 - 
Sanity CHECK:
2026-01-08 18:34:19,362 - DBG shapes: (253, 1), (253, 1), (253, 5)
2026-01-08 18:34:19,362 - DBG preds stats: min=0.04900951683521271, max=0.07658717036247253, median=0.06142881512641907, std=0.006513814441859722
2026-01-08 18:34:19,363 - DBG actuals stats: min=-5.518972873687744, max=4.738952159881592, median=0.2158277928829193, std=1.234215497970581
2026-01-08 18:34:19,363 - Epoch 3:
2026-01-08 18:34:19,364 -   - Range Coverage: nan%
2026-01-08 18:34:19,364 -   - Epsilon Hit (0.2%): 16.21%
2026-01-08 18:34:19,366 -   - Directional Acc: 58.89%
2026-01-08 18:34:19,742 - 
Sanity CHECK:
2026-01-08 18:34:19,742 - DBG shapes: (253, 1), (253, 1), (253, 5)
2026-01-08 18:34:19,743 - DBG preds stats: min=0.0021563172340393066, max=0.03447352722287178, median=0.01624872535467148, std=0.006451033055782318
2026-01-08 18:34:19,743 - DBG actuals stats: min=-5.518972873687744, max=4.738952159881592, median=0.2158277928829193, std=1.234215497970581
2026-01-08 18:34:19,744 - Epoch 5/100 | Train Loss: 0.246800 | Val Loss: 0.509060
2026-01-08 18:34:19,744 - Current LR: 0.001000
2026-01-08 18:34:19,744 - Epoch 4:
2026-01-08 18:34:19,744 -   - Range Coverage: nan%
2026-01-08 18:34:19,745 -   - Epsilon Hit (0.2%): 15.42%
2026-01-08 18:34:19,745 -   - Directional Acc: 58.89%
2026-01-08 18:34:20,090 - 
Sanity CHECK:
2026-01-08 18:34:20,090 - DBG shapes: (253, 1), (253, 1), (253, 5)
2026-01-08 18:34:20,091 - DBG preds stats: min=0.017524268478155136, max=0.04862073063850403, median=0.029620666056871414, std=0.007017036899924278
2026-01-08 18:34:20,091 - DBG actuals stats: min=-5.518972873687744, max=4.738952159881592, median=0.2158277928829193, std=1.234215497970581
2026-01-08 18:34:20,091 - Epoch 5:
2026-01-08 18:34:20,092 -   - Range Coverage: nan%
2026-01-08 18:34:20,092 -   - Epsilon Hit (0.2%): 15.81%
2026-01-08 18:34:20,092 -   - Directional Acc: 58.89%
2026-01-08 18:34:20,427 - 
Sanity CHECK:
2026-01-08 18:34:20,427 - DBG shapes: (253, 1), (253, 1), (253, 5)
2026-01-08 18:34:20,428 - DBG preds stats: min=-0.0017692521214485168, max=0.038550734519958496, median=0.014301799237728119, std=0.00809321179986
2026-01-08 18:34:20,428 - DBG actuals stats: min=-5.518972873687744, max=4.738952159881592, median=0.2158277928829193, std=1.234215497970581
2026-01-08 18:34:20,429 - Epoch 6:
2026-01-08 18:34:20,429 -   - Range Coverage: nan%
2026-01-08 18:34:20,429 -   - Epsilon Hit (0.2%): 15.02%
2026-01-08 18:34:20,429 -   - Directional Acc: 58.89%
2026-01-08 18:34:20,757 - 
Sanity CHECK:
2026-01-08 18:34:20,757 - DBG shapes: (253, 1), (253, 1), (253, 5)
2026-01-08 18:34:20,758 - DBG preds stats: min=0.01179249957203865, max=0.04843272641301155, median=0.024014636874198914, std=0.008378911763429642
2026-01-08 18:34:20,758 - DBG actuals stats: min=-5.518972873687744, max=4.738952159881592, median=0.2158277928829193, std=1.234215497970581
2026-01-08 18:34:20,759 - Epoch 7:
2026-01-08 18:34:20,759 -   - Range Coverage: nan%
2026-01-08 18:34:20,759 -   - Epsilon Hit (0.2%): 15.02%
2026-01-08 18:34:20,759 -   - Directional Acc: 58.89%
2026-01-08 18:34:21,082 - 
Sanity CHECK:
2026-01-08 18:34:21,083 - DBG shapes: (253, 1), (253, 1), (253, 5)
2026-01-08 18:34:21,083 - DBG preds stats: min=0.0035353824496269226, max=0.05171043425798416, median=0.029521185904741287, std=0.009891843423247337
2026-01-08 18:34:21,083 - DBG actuals stats: min=-5.518972873687744, max=4.738952159881592, median=0.2158277928829193, std=1.234215497970581
2026-01-08 18:34:21,084 - Epoch 8:
2026-01-08 18:34:21,084 -   - Range Coverage: nan%
2026-01-08 18:34:21,084 -   - Epsilon Hit (0.2%): 14.62%
2026-01-08 18:34:21,085 -   - Directional Acc: 58.89%
2026-01-08 18:34:21,414 - 
Sanity CHECK:
2026-01-08 18:34:21,415 - DBG shapes: (253, 1), (253, 1), (253, 5)
2026-01-08 18:34:21,415 - DBG preds stats: min=0.013234775513410568, max=0.063483327627182, median=0.030122656375169754, std=0.010851285420358181
2026-01-08 18:34:21,416 - DBG actuals stats: min=-5.518972873687744, max=4.738952159881592, median=0.2158277928829193, std=1.234215497970581
2026-01-08 18:34:21,416 - Epoch 10/100 | Train Loss: 0.248067 | Val Loss: 0.507603
2026-01-08 18:34:21,416 - Current LR: 0.001000
2026-01-08 18:34:21,417 - Epoch 9:
2026-01-08 18:34:21,417 -   - Range Coverage: nan%
2026-01-08 18:34:21,417 -   - Epsilon Hit (0.2%): 15.81%
2026-01-08 18:34:21,417 -   - Directional Acc: 58.89%
2026-01-08 18:34:21,744 - 
Sanity CHECK:
2026-01-08 18:34:21,745 - DBG shapes: (253, 1), (253, 1), (253, 5)
2026-01-08 18:34:21,745 - DBG preds stats: min=0.009958721697330475, max=0.06872361898422241, median=0.030135706067085266, std=0.012670036405324936
2026-01-08 18:34:21,746 - DBG actuals stats: min=-5.518972873687744, max=4.738952159881592, median=0.2158277928829193, std=1.234215497970581
2026-01-08 18:34:21,746 - Epoch 10:
2026-01-08 18:34:21,746 -   - Range Coverage: nan%
2026-01-08 18:34:21,746 -   - Epsilon Hit (0.2%): 15.42%
2026-01-08 18:34:21,747 -   - Directional Acc: 58.89%
2026-01-08 18:34:22,802 -     0.100% |        1 | $    922.94 |  -0.54
2026-01-08 18:34:22,803 -     0.200% |        1 | $    922.94 |  -0.54
2026-01-08 18:34:22,804 -     0.300% |        1 | $    922.94 |  -0.54
2026-01-08 18:34:22,805 -     0.500% |        1 | $    922.94 |  -0.54
2026-01-08 18:34:22,806 - --- Final Test Results ---
2026-01-08 18:34:22,806 - Test RMSE: 0.8595
2026-01-08 18:34:22,806 -   - Range Coverage: nan%
2026-01-08 18:34:22,806 -   - Epsilon Hit (0.2%): 22.62%
2026-01-08 18:34:22,806 -   - Directional Acc: 50.00%
2026-01-08 18:34:22,807 -   - MAE: 0.6286
2026-01-08 18:34:22,807 -   - MAPE: 62.86%
2026-01-08 18:34:22,807 -   - Max Predicted Move (log-return): 0.0686
2026-01-08 18:34:22,807 -   - Avg Predicted Move (log-return): 0.0443
2026-01-08 18:34:22,807 - 
--- Trading Performance (with 0.03% fee and $1000 capital) ---
2026-01-08 18:34:22,808 - Total Trades: 1
2026-01-08 18:34:22,808 - Strategy Final Value: $922.75
2026-01-08 18:34:22,808 - Buy & Hold Final Value: $923.22
2026-01-08 18:34:22,808 - Sharpe Ratio: -0.54
2026-01-08 18:34:22,808 - MARKET OUTPERFORMED STRATEGY
2026-01-08 18:34:23,730 - Completed Fold 1

2026-01-08 18:34:24,107 - 
--- Permutation Importance Fold 1 ---
2026-01-08 18:34:24,107 - MACD_Z         : 2.128438 (scaled x1000)
2026-01-08 18:34:24,107 - Log_Ret_Open   : 0.997907 (scaled x1000)
2026-01-08 18:34:24,108 - Log_Ret_High   : 0.656448 (scaled x1000)
2026-01-08 18:34:24,108 - Log_Ret_Close  : 0.553085 (scaled x1000)
2026-01-08 18:34:24,108 - BB_Low_Rel     : 0.166579 (scaled x1000)
2026-01-08 18:34:24,108 - Log_Ret_Low    : 0.115816 (scaled x1000)
2026-01-08 18:34:24,108 - Sentiment      : 0.056819 (scaled x1000)
2026-01-08 18:34:24,108 - ATR_Pct        : -0.016740 (scaled x1000)
2026-01-08 18:34:24,109 - BB_High_Rel    : -0.020414 (scaled x1000)
2026-01-08 18:34:24,109 - Volume_Z       : -0.064100 (scaled x1000)
2026-01-08 18:34:24,109 - News_Vol_Z     : -0.800299 (scaled x1000)
2026-01-08 18:34:24,450 - 

 ==============> Starting Fold 2 | Test Year: 2022
2026-01-08 18:34:24,872 - 
Sanity CHECK:
2026-01-08 18:34:24,872 - DBG shapes: (252, 1), (252, 1), (252, 5)
2026-01-08 18:34:24,873 - DBG preds stats: min=0.04641783609986305, max=0.09088253974914551, median=0.07471005618572235, std=0.009742590598762035
2026-01-08 18:34:24,873 - DBG actuals stats: min=-3.480879545211792, max=2.1048059463500977, median=-5.4977601394057274e-05, std=0.8566687107086182
2026-01-08 18:34:24,873 - Epoch 0:
2026-01-08 18:34:24,874 -   - Range Coverage: nan%
2026-01-08 18:34:24,874 -   - Epsilon Hit (0.2%): 22.62%
2026-01-08 18:34:24,874 -   - Directional Acc: 50.00%
2026-01-08 18:34:24,875 - Best model updated at Epoch 0
2026-01-08 18:34:25,275 - 
Sanity CHECK:
2026-01-08 18:34:25,276 - DBG shapes: (252, 1), (252, 1), (252, 5)
2026-01-08 18:34:25,276 - DBG preds stats: min=0.0404767170548439, max=0.08530709147453308, median=0.06866998225450516, std=0.01056620292365551
2026-01-08 18:34:25,277 - DBG actuals stats: min=-3.480879545211792, max=2.1048059463500977, median=-5.4977601394057274e-05, std=0.8566687107086182
2026-01-08 18:34:25,277 - Epoch 1:
2026-01-08 18:34:25,277 -   - Range Coverage: nan%
2026-01-08 18:34:25,277 -   - Epsilon Hit (0.2%): 22.62%
2026-01-08 18:34:25,278 -   - Directional Acc: 50.00%
2026-01-08 18:34:25,278 - Best model updated at Epoch 1
2026-01-08 18:34:25,687 - 
Sanity CHECK:
2026-01-08 18:34:25,687 - DBG shapes: (252, 1), (252, 1), (252, 5)
2026-01-08 18:34:25,688 - DBG preds stats: min=0.06015922874212265, max=0.1198502629995346, median=0.09642088413238525, std=0.013376781716942787
2026-01-08 18:34:25,688 - DBG actuals stats: min=-3.480879545211792, max=2.1048059463500977, median=-5.4977601394057274e-05, std=0.8566687107086182
2026-01-08 18:34:25,689 - Epoch 2:
2026-01-08 18:34:25,689 -   - Range Coverage: nan%
2026-01-08 18:34:25,689 -   - Epsilon Hit (0.2%): 23.02%
2026-01-08 18:34:25,689 -   - Directional Acc: 50.00%
2026-01-08 18:34:26,101 - 
Sanity CHECK:
2026-01-08 18:34:26,101 - DBG shapes: (252, 1), (252, 1), (252, 5)
2026-01-08 18:34:26,101 - DBG preds stats: min=-0.011413000524044037, max=0.10847803205251694, median=0.07988478243350983, std=0.029697157442569733
2026-01-08 18:34:26,102 - DBG actuals stats: min=-3.480879545211792, max=2.1048059463500977, median=-5.4977601394057274e-05, std=0.8566687107086182
2026-01-08 18:34:26,102 - Epoch 3:
2026-01-08 18:34:26,103 -   - Range Coverage: nan%
2026-01-08 18:34:26,103 -   - Epsilon Hit (0.2%): 23.41%
2026-01-08 18:34:26,103 -   - Directional Acc: 50.40%
2026-01-08 18:34:26,498 - 
Sanity CHECK:
2026-01-08 18:34:26,498 - DBG shapes: (252, 1), (252, 1), (252, 5)
2026-01-08 18:34:26,499 - DBG preds stats: min=0.07147717475891113, max=0.13421344757080078, median=0.11095669865608215, std=0.012221438810229301
2026-01-08 18:34:26,499 - DBG actuals stats: min=-3.480879545211792, max=2.1048059463500977, median=-5.4977601394057274e-05, std=0.8566687107086182
2026-01-08 18:34:26,500 - Epoch 5/100 | Train Loss: 0.297558 | Val Loss: 0.308525
2026-01-08 18:34:26,500 - Current LR: 0.001000
2026-01-08 18:34:26,500 - Epoch 4:
2026-01-08 18:34:26,500 -   - Range Coverage: nan%
2026-01-08 18:34:26,501 -   - Epsilon Hit (0.2%): 23.02%
2026-01-08 18:34:26,501 -   - Directional Acc: 50.00%
2026-01-08 18:34:26,907 - 
Sanity CHECK:
2026-01-08 18:34:26,907 - DBG shapes: (252, 1), (252, 1), (252, 5)
2026-01-08 18:34:26,908 - DBG preds stats: min=-0.0016801729798316956, max=0.12126350402832031, median=0.06140962243080139, std=0.029862545430660248
2026-01-08 18:34:26,908 - DBG actuals stats: min=-3.480879545211792, max=2.1048059463500977, median=-5.4977601394057274e-05, std=0.8566687107086182
2026-01-08 18:34:26,909 - Epoch 5:
2026-01-08 18:34:26,909 -   - Range Coverage: nan%
2026-01-08 18:34:26,909 -   - Epsilon Hit (0.2%): 23.02%
2026-01-08 18:34:26,909 -   - Directional Acc: 51.19%
2026-01-08 18:34:26,910 - Best model updated at Epoch 5
2026-01-08 18:34:27,330 - 
Sanity CHECK:
2026-01-08 18:34:27,331 - DBG shapes: (252, 1), (252, 1), (252, 5)
2026-01-08 18:34:27,331 - DBG preds stats: min=0.03737647086381912, max=0.15699811279773712, median=0.11926846206188202, std=0.023672576993703842
2026-01-08 18:34:27,331 - DBG actuals stats: min=-3.480879545211792, max=2.1048059463500977, median=-5.4977601394057274e-05, std=0.8566687107086182
2026-01-08 18:34:27,332 - Epoch 6:
2026-01-08 18:34:27,332 -   - Range Coverage: nan%
2026-01-08 18:34:27,332 -   - Epsilon Hit (0.2%): 23.02%
2026-01-08 18:34:27,333 -   - Directional Acc: 50.00%
2026-01-08 18:34:27,737 - 
Sanity CHECK:
2026-01-08 18:34:27,737 - DBG shapes: (252, 1), (252, 1), (252, 5)
2026-01-08 18:34:27,738 - DBG preds stats: min=0.009108766913414001, max=0.16900873184204102, median=0.1152278408408165, std=0.034607239067554474
2026-01-08 18:34:27,738 - DBG actuals stats: min=-3.480879545211792, max=2.1048059463500977, median=-5.4977601394057274e-05, std=0.8566687107086182
2026-01-08 18:34:27,739 - Epoch 7:
2026-01-08 18:34:27,739 -   - Range Coverage: nan%
2026-01-08 18:34:27,739 -   - Epsilon Hit (0.2%): 23.02%
2026-01-08 18:34:27,739 -   - Directional Acc: 50.00%
2026-01-08 18:34:28,138 - 
Sanity CHECK:
2026-01-08 18:34:28,138 - DBG shapes: (252, 1), (252, 1), (252, 5)
2026-01-08 18:34:28,139 - DBG preds stats: min=-0.07792767882347107, max=0.1873018741607666, median=0.11406214535236359, std=0.05893038958311081
2026-01-08 18:34:28,139 - DBG actuals stats: min=-3.480879545211792, max=2.1048059463500977, median=-5.4977601394057274e-05, std=0.8566687107086182
2026-01-08 18:34:28,140 - Epoch 8:
2026-01-08 18:34:28,140 -   - Range Coverage: nan%
2026-01-08 18:34:28,140 -   - Epsilon Hit (0.2%): 22.62%
2026-01-08 18:34:28,140 -   - Directional Acc: 53.17%
2026-01-08 18:34:28,472 - 
Sanity CHECK:
2026-01-08 18:34:28,473 - DBG shapes: (252, 1), (252, 1), (252, 5)
2026-01-08 18:34:28,473 - DBG preds stats: min=-0.05438472330570221, max=0.18889854848384857, median=0.11905926465988159, std=0.05053577199578285
2026-01-08 18:34:28,474 - DBG actuals stats: min=-3.480879545211792, max=2.1048059463500977, median=-5.4977601394057274e-05, std=0.8566687107086182
2026-01-08 18:34:28,474 - Epoch 10/100 | Train Loss: 0.297900 | Val Loss: 0.307036
2026-01-08 18:34:28,474 - Current LR: 0.001000
2026-01-08 18:34:28,474 - Epoch 9:
2026-01-08 18:34:28,475 -   - Range Coverage: nan%
2026-01-08 18:34:28,475 -   - Epsilon Hit (0.2%): 23.02%
2026-01-08 18:34:28,475 -   - Directional Acc: 51.19%
2026-01-08 18:34:28,835 - 
Sanity CHECK:
2026-01-08 18:34:28,835 - DBG shapes: (252, 1), (252, 1), (252, 5)
2026-01-08 18:34:28,835 - DBG preds stats: min=0.05144009366631508, max=0.2829069197177887, median=0.2032577395439148, std=0.040890466421842575
2026-01-08 18:34:28,836 - DBG actuals stats: min=-3.480879545211792, max=2.1048059463500977, median=-5.4977601394057274e-05, std=0.8566687107086182
2026-01-08 18:34:28,836 - Epoch 10:
2026-01-08 18:34:28,836 -   - Range Coverage: nan%
2026-01-08 18:34:28,837 -   - Epsilon Hit (0.2%): 21.83%
2026-01-08 18:34:28,837 -   - Directional Acc: 50.00%
2026-01-08 18:34:29,253 - 
Sanity CHECK:
2026-01-08 18:34:29,253 - DBG shapes: (252, 1), (252, 1), (252, 5)
2026-01-08 18:34:29,253 - DBG preds stats: min=-0.018917754292488098, max=0.2753306031227112, median=0.1627117097377777, std=0.05770743638277054
2026-01-08 18:34:29,254 - DBG actuals stats: min=-3.480879545211792, max=2.1048059463500977, median=-5.4977601394057274e-05, std=0.8566687107086182
2026-01-08 18:34:29,254 - Epoch 11:
2026-01-08 18:34:29,254 -   - Range Coverage: nan%
2026-01-08 18:34:29,255 -   - Epsilon Hit (0.2%): 23.02%
2026-01-08 18:34:29,255 -   - Directional Acc: 51.98%
2026-01-08 18:34:29,685 - 
Sanity CHECK:
2026-01-08 18:34:29,686 - DBG shapes: (252, 1), (252, 1), (252, 5)
2026-01-08 18:34:29,686 - DBG preds stats: min=0.07668232917785645, max=0.28859278559684753, median=0.1973951756954193, std=0.039847083389759064
2026-01-08 18:34:29,687 - DBG actuals stats: min=-3.480879545211792, max=2.1048059463500977, median=-5.4977601394057274e-05, std=0.8566687107086182
2026-01-08 18:34:29,687 - Epoch 12:
2026-01-08 18:34:29,687 -   - Range Coverage: nan%
2026-01-08 18:34:29,688 -   - Epsilon Hit (0.2%): 22.22%
2026-01-08 18:34:29,688 -   - Directional Acc: 50.00%
2026-01-08 18:34:30,070 - 
Sanity CHECK:
2026-01-08 18:34:30,071 - DBG shapes: (252, 1), (252, 1), (252, 5)
2026-01-08 18:34:30,071 - DBG preds stats: min=-0.10057803243398666, max=0.2271486222743988, median=0.12813377380371094, std=0.06863000988960266
2026-01-08 18:34:30,072 - DBG actuals stats: min=-3.480879545211792, max=2.1048059463500977, median=-5.4977601394057274e-05, std=0.8566687107086182
2026-01-08 18:34:30,072 - Epoch 13:
2026-01-08 18:34:30,072 -   - Range Coverage: nan%
2026-01-08 18:34:30,073 -   - Epsilon Hit (0.2%): 23.02%
2026-01-08 18:34:30,073 -   - Directional Acc: 51.19%
2026-01-08 18:34:30,498 - 
Sanity CHECK:
2026-01-08 18:34:30,498 - DBG shapes: (252, 1), (252, 1), (252, 5)
2026-01-08 18:34:30,499 - DBG preds stats: min=0.03606954962015152, max=0.25790584087371826, median=0.17298062145709991, std=0.03870529308915138
2026-01-08 18:34:30,500 - DBG actuals stats: min=-3.480879545211792, max=2.1048059463500977, median=-5.4977601394057274e-05, std=0.8566687107086182
2026-01-08 18:34:30,501 - Epoch 15/100 | Train Loss: 0.297994 | Val Loss: 0.313672
2026-01-08 18:34:30,501 - Current LR: 0.001000
2026-01-08 18:34:30,501 - Epoch 14:
2026-01-08 18:34:30,502 -   - Range Coverage: nan%
2026-01-08 18:34:30,502 -   - Epsilon Hit (0.2%): 22.62%
2026-01-08 18:34:30,502 -   - Directional Acc: 50.00%
2026-01-08 18:34:31,080 - 
Sanity CHECK:
2026-01-08 18:34:31,081 - DBG shapes: (252, 1), (252, 1), (252, 5)
2026-01-08 18:34:31,081 - DBG preds stats: min=-0.06778881698846817, max=0.2526269257068634, median=0.1685880869626999, std=0.058215074241161346
2026-01-08 18:34:31,082 - DBG actuals stats: min=-3.480879545211792, max=2.1048059463500977, median=-5.4977601394057274e-05, std=0.8566687107086182
2026-01-08 18:34:31,082 - Epoch 15:
2026-01-08 18:34:31,082 -   - Range Coverage: nan%
2026-01-08 18:34:31,082 -   - Epsilon Hit (0.2%): 23.02%
2026-01-08 18:34:31,083 -   - Directional Acc: 50.79%
2026-01-08 18:34:32,101 -     0.100% |       10 | $   1013.42 |   0.12
2026-01-08 18:34:32,104 -     0.200% |       12 | $   1009.79 |   0.09
2026-01-08 18:34:32,106 -     0.300% |       12 | $   1009.79 |   0.09
2026-01-08 18:34:32,109 -     0.500% |       12 | $   1009.79 |   0.09
2026-01-08 18:34:32,109 - --- Final Test Results ---
2026-01-08 18:34:32,110 - Test RMSE: 0.9661
2026-01-08 18:34:32,111 -   - Range Coverage: nan%
2026-01-08 18:34:32,111 -   - Epsilon Hit (0.2%): 18.33%
2026-01-08 18:34:32,112 -   - Directional Acc: 51.39%
2026-01-08 18:34:32,112 -   - MAE: 0.7460
2026-01-08 18:34:32,112 -   - MAPE: 74.60%
2026-01-08 18:34:32,113 -   - Max Predicted Move (log-return): 0.2690
2026-01-08 18:34:32,113 -   - Avg Predicted Move (log-return): 0.1575
2026-01-08 18:34:32,113 - 
--- Trading Performance (with 0.03% fee and $1000 capital) ---
2026-01-08 18:34:32,117 - Total Trades: 10
2026-01-08 18:34:32,117 - Strategy Final Value: $1011.40
2026-01-08 18:34:32,118 - Buy & Hold Final Value: $1016.22
2026-01-08 18:34:32,118 - Sharpe Ratio: 0.11
2026-01-08 18:34:32,118 - MARKET OUTPERFORMED STRATEGY
2026-01-08 18:34:33,505 - Completed Fold 2

2026-01-08 18:34:33,910 - 
--- Permutation Importance Fold 2 ---
2026-01-08 18:34:33,911 - MACD_Z         : 4.210774 (scaled x1000)
2026-01-08 18:34:33,911 - Sentiment      : 1.947525 (scaled x1000)
2026-01-08 18:34:33,911 - News_Vol_Z     : 1.551010 (scaled x1000)
2026-01-08 18:34:33,912 - Log_Ret_Close  : 0.721443 (scaled x1000)
2026-01-08 18:34:33,912 - BB_Low_Rel     : -0.078838 (scaled x1000)
2026-01-08 18:34:33,912 - ATR_Pct        : -0.298432 (scaled x1000)
2026-01-08 18:34:33,912 - Log_Ret_Low    : -1.046465 (scaled x1000)
2026-01-08 18:34:33,913 - BB_High_Rel    : -1.662481 (scaled x1000)
2026-01-08 18:34:33,913 - Log_Ret_Open   : -3.276803 (scaled x1000)
2026-01-08 18:34:33,914 - Volume_Z       : -3.869205 (scaled x1000)
2026-01-08 18:34:33,914 - Log_Ret_High   : -6.015777 (scaled x1000)
2026-01-08 18:34:34,289 - 

 ==============> Starting Fold 3 | Test Year: 2023
2026-01-08 18:34:34,784 - 
Sanity CHECK:
2026-01-08 18:34:34,785 - DBG shapes: (251, 1), (251, 1), (251, 5)
2026-01-08 18:34:34,785 - DBG preds stats: min=-0.25842544436454773, max=0.24542278051376343, median=0.14209279417991638, std=0.0817105621099472
2026-01-08 18:34:34,786 - DBG actuals stats: min=-3.0161495208740234, max=3.023458242416382, median=0.043143823742866516, std=0.9564350247383118
2026-01-08 18:34:34,786 - Epoch 0:
2026-01-08 18:34:34,786 -   - Range Coverage: nan%
2026-01-08 18:34:34,787 -   - Epsilon Hit (0.2%): 19.12%
2026-01-08 18:34:34,787 -   - Directional Acc: 52.19%
2026-01-08 18:34:34,788 - Best model updated at Epoch 0
2026-01-08 18:34:35,737 - 
Sanity CHECK:
2026-01-08 18:34:35,738 - DBG shapes: (251, 1), (251, 1), (251, 5)
2026-01-08 18:34:35,738 - DBG preds stats: min=-0.2174905240535736, max=0.21900877356529236, median=0.12300398200750351, std=0.08002406358718872
2026-01-08 18:34:35,739 - DBG actuals stats: min=-3.0161495208740234, max=3.023458242416382, median=0.043143823742866516, std=0.9564350247383118
2026-01-08 18:34:35,740 - Epoch 1:
2026-01-08 18:34:35,740 -   - Range Coverage: nan%
2026-01-08 18:34:35,741 -   - Epsilon Hit (0.2%): 17.53%
2026-01-08 18:34:35,741 -   - Directional Acc: 54.58%
2026-01-08 18:34:35,742 - Best model updated at Epoch 1
2026-01-08 18:34:36,242 - 
Sanity CHECK:
2026-01-08 18:34:36,242 - DBG shapes: (251, 1), (251, 1), (251, 5)
2026-01-08 18:34:36,243 - DBG preds stats: min=-0.1303202211856842, max=0.2761111855506897, median=0.16370809078216553, std=0.0678153708577156
2026-01-08 18:34:36,243 - DBG actuals stats: min=-3.0161495208740234, max=3.023458242416382, median=0.043143823742866516, std=0.9564350247383118
2026-01-08 18:34:36,243 - Epoch 2:
2026-01-08 18:34:36,244 -   - Range Coverage: nan%
2026-01-08 18:34:36,244 -   - Epsilon Hit (0.2%): 19.52%
2026-01-08 18:34:36,244 -   - Directional Acc: 51.79%
2026-01-08 18:34:36,766 - 
Sanity CHECK:
2026-01-08 18:34:36,766 - DBG shapes: (251, 1), (251, 1), (251, 5)
2026-01-08 18:34:36,766 - DBG preds stats: min=-0.13577255606651306, max=0.2274695336818695, median=0.14533615112304688, std=0.047475460916757584
2026-01-08 18:34:36,767 - DBG actuals stats: min=-3.0161495208740234, max=3.023458242416382, median=0.043143823742866516, std=0.9564350247383118
2026-01-08 18:34:36,767 - Epoch 3:
2026-01-08 18:34:36,767 -   - Range Coverage: nan%
2026-01-08 18:34:36,768 -   - Epsilon Hit (0.2%): 18.73%
2026-01-08 18:34:36,768 -   - Directional Acc: 51.79%
2026-01-08 18:34:37,252 - 
Sanity CHECK:
2026-01-08 18:34:37,253 - DBG shapes: (251, 1), (251, 1), (251, 5)
2026-01-08 18:34:37,253 - DBG preds stats: min=-0.08026966452598572, max=0.25534123182296753, median=0.16294871270656586, std=0.04830237105488777
2026-01-08 18:34:37,253 - DBG actuals stats: min=-3.0161495208740234, max=3.023458242416382, median=0.043143823742866516, std=0.9564350247383118
2026-01-08 18:34:37,254 - Epoch 5/100 | Train Loss: 0.295347 | Val Loss: 0.390529
2026-01-08 18:34:37,254 - Current LR: 0.001000
2026-01-08 18:34:37,254 - Epoch 4:
2026-01-08 18:34:37,255 -   - Range Coverage: nan%
2026-01-08 18:34:37,255 -   - Epsilon Hit (0.2%): 18.73%
2026-01-08 18:34:37,255 -   - Directional Acc: 52.19%
2026-01-08 18:34:37,823 - 
Sanity CHECK:
2026-01-08 18:34:37,824 - DBG shapes: (251, 1), (251, 1), (251, 5)
2026-01-08 18:34:37,824 - DBG preds stats: min=-0.32656431198120117, max=0.22033683955669403, median=0.13173119723796844, std=0.10338884592056274
2026-01-08 18:34:37,825 - DBG actuals stats: min=-3.0161495208740234, max=3.023458242416382, median=0.043143823742866516, std=0.9564350247383118
2026-01-08 18:34:37,826 - Epoch 5:
2026-01-08 18:34:37,827 -   - Range Coverage: nan%
2026-01-08 18:34:37,827 -   - Epsilon Hit (0.2%): 19.12%
2026-01-08 18:34:37,827 -   - Directional Acc: 54.98%
2026-01-08 18:34:38,462 - 
Sanity CHECK:
2026-01-08 18:34:38,462 - DBG shapes: (251, 1), (251, 1), (251, 5)
2026-01-08 18:34:38,462 - DBG preds stats: min=-0.385577917098999, max=0.26126807928085327, median=0.16982385516166687, std=0.0986933559179306
2026-01-08 18:34:38,463 - DBG actuals stats: min=-3.0161495208740234, max=3.023458242416382, median=0.043143823742866516, std=0.9564350247383118
2026-01-08 18:34:38,463 - Epoch 6:
2026-01-08 18:34:38,464 -   - Range Coverage: nan%
2026-01-08 18:34:38,464 -   - Epsilon Hit (0.2%): 18.33%
2026-01-08 18:34:38,464 -   - Directional Acc: 51.39%
2026-01-08 18:34:39,041 - 
Sanity CHECK:
2026-01-08 18:34:39,041 - DBG shapes: (251, 1), (251, 1), (251, 5)
2026-01-08 18:34:39,042 - DBG preds stats: min=-0.2799951434135437, max=0.2542475163936615, median=0.15383431315422058, std=0.09983186423778534
2026-01-08 18:34:39,043 - DBG actuals stats: min=-3.0161495208740234, max=3.023458242416382, median=0.043143823742866516, std=0.9564350247383118
2026-01-08 18:34:39,043 - Epoch 7:
2026-01-08 18:34:39,043 -   - Range Coverage: nan%
2026-01-08 18:34:39,044 -   - Epsilon Hit (0.2%): 21.51%
2026-01-08 18:34:39,044 -   - Directional Acc: 53.39%
2026-01-08 18:34:39,953 - 
Sanity CHECK:
2026-01-08 18:34:39,954 - DBG shapes: (251, 1), (251, 1), (251, 5)
2026-01-08 18:34:39,954 - DBG preds stats: min=-0.2591373324394226, max=0.23352786898612976, median=0.16598695516586304, std=0.06982667744159698
2026-01-08 18:34:39,955 - DBG actuals stats: min=-3.0161495208740234, max=3.023458242416382, median=0.043143823742866516, std=0.9564350247383118
2026-01-08 18:34:39,955 - Epoch 8:
2026-01-08 18:34:39,956 -   - Range Coverage: nan%
2026-01-08 18:34:39,956 -   - Epsilon Hit (0.2%): 19.12%
2026-01-08 18:34:39,956 -   - Directional Acc: 51.39%
2026-01-08 18:34:40,476 - 
Sanity CHECK:
2026-01-08 18:34:40,476 - DBG shapes: (251, 1), (251, 1), (251, 5)
2026-01-08 18:34:40,477 - DBG preds stats: min=-0.36892789602279663, max=0.2544620633125305, median=0.16746839880943298, std=0.10607928782701492
2026-01-08 18:34:40,477 - DBG actuals stats: min=-3.0161495208740234, max=3.023458242416382, median=0.043143823742866516, std=0.9564350247383118
2026-01-08 18:34:40,477 - Epoch 10/100 | Train Loss: 0.287700 | Val Loss: 0.388229
2026-01-08 18:34:40,478 - Current LR: 0.001000
2026-01-08 18:34:40,478 - Epoch 9:
2026-01-08 18:34:40,478 -   - Range Coverage: nan%
2026-01-08 18:34:40,478 -   - Epsilon Hit (0.2%): 18.33%
2026-01-08 18:34:40,478 -   - Directional Acc: 54.18%
2026-01-08 18:34:40,958 - 
Sanity CHECK:
2026-01-08 18:34:40,958 - DBG shapes: (251, 1), (251, 1), (251, 5)
2026-01-08 18:34:40,958 - DBG preds stats: min=-0.29310423135757446, max=0.2504250407218933, median=0.15590308606624603, std=0.11333731561899185
2026-01-08 18:34:40,959 - DBG actuals stats: min=-3.0161495208740234, max=3.023458242416382, median=0.043143823742866516, std=0.9564350247383118
2026-01-08 18:34:40,959 - Epoch 10:
2026-01-08 18:34:40,960 -   - Range Coverage: nan%
2026-01-08 18:34:40,960 -   - Epsilon Hit (0.2%): 20.32%
2026-01-08 18:34:40,960 -   - Directional Acc: 55.38%
2026-01-08 18:34:41,468 - 
Sanity CHECK:
2026-01-08 18:34:41,469 - DBG shapes: (251, 1), (251, 1), (251, 5)
2026-01-08 18:34:41,469 - DBG preds stats: min=-0.013733305037021637, max=0.3369057774543762, median=0.2251989245414734, std=0.054558854550123215
2026-01-08 18:34:41,470 - DBG actuals stats: min=-3.0161495208740234, max=3.023458242416382, median=0.043143823742866516, std=0.9564350247383118
2026-01-08 18:34:41,470 - Epoch 11:
2026-01-08 18:34:41,470 -   - Range Coverage: nan%
2026-01-08 18:34:41,471 -   - Epsilon Hit (0.2%): 20.32%
2026-01-08 18:34:41,471 -   - Directional Acc: 51.39%
2026-01-08 18:34:42,024 -     0.100% |       15 | $   1137.75 |   0.98
2026-01-08 18:34:42,025 -     0.200% |       15 | $   1136.97 |   0.97
2026-01-08 18:34:42,026 -     0.300% |       15 | $   1136.97 |   0.97
2026-01-08 18:34:42,028 -     0.500% |       20 | $   1133.29 |   0.95
2026-01-08 18:34:42,028 - --- Final Test Results ---
2026-01-08 18:34:42,028 - Test RMSE: 0.8532
2026-01-08 18:34:42,028 -   - Range Coverage: nan%
2026-01-08 18:34:42,028 -   - Epsilon Hit (0.2%): 22.80%
2026-01-08 18:34:42,029 -   - Directional Acc: 51.20%
2026-01-08 18:34:42,029 -   - MAE: 0.6409
2026-01-08 18:34:42,029 -   - MAPE: 64.09%
2026-01-08 18:34:42,029 -   - Max Predicted Move (log-return): 0.2876
2026-01-08 18:34:42,030 -   - Avg Predicted Move (log-return): 0.1673
2026-01-08 18:34:42,030 - 
--- Trading Performance (with 0.03% fee and $1000 capital) ---
2026-01-08 18:34:42,030 - Total Trades: 15
2026-01-08 18:34:42,030 - Strategy Final Value: $1134.34
2026-01-08 18:34:42,030 - Buy & Hold Final Value: $1114.93
2026-01-08 18:34:42,031 - Sharpe Ratio: 0.96
2026-01-08 18:34:42,031 - STRATEGY OUTPERFORMED MARKET
2026-01-08 18:34:43,081 - Completed Fold 3

2026-01-08 18:34:43,450 - 
--- Permutation Importance Fold 3 ---
2026-01-08 18:34:43,450 - MACD_Z         : 12.003107 (scaled x1000)
2026-01-08 18:34:43,450 - Volume_Z       : 3.644458 (scaled x1000)
2026-01-08 18:34:43,450 - News_Vol_Z     : 2.403341 (scaled x1000)
2026-01-08 18:34:43,451 - BB_Low_Rel     : 1.136690 (scaled x1000)
2026-01-08 18:34:43,451 - ATR_Pct        : -0.079922 (scaled x1000)
2026-01-08 18:34:43,451 - Sentiment      : -0.803880 (scaled x1000)
2026-01-08 18:34:43,451 - BB_High_Rel    : -2.267055 (scaled x1000)
2026-01-08 18:34:43,451 - Log_Ret_High   : -2.377412 (scaled x1000)
2026-01-08 18:34:43,452 - Log_Ret_Close  : -2.995599 (scaled x1000)
2026-01-08 18:34:43,452 - Log_Ret_Low    : -3.743590 (scaled x1000)
2026-01-08 18:34:43,452 - Log_Ret_Open   : -6.283453 (scaled x1000)
2026-01-08 18:34:43,857 - 

 ==============> Starting Fold 4 | Test Year: 2024
2026-01-08 18:34:44,541 - 
Sanity CHECK:
2026-01-08 18:34:44,541 - DBG shapes: (250, 1), (250, 1), (250, 5)
2026-01-08 18:34:44,542 - DBG preds stats: min=-0.46238166093826294, max=0.205631285905838, median=0.09899449348449707, std=0.15327872335910797
2026-01-08 18:34:44,542 - DBG actuals stats: min=-2.527449607849121, max=3.164232015609741, median=0.01672283560037613, std=0.8391518592834473
2026-01-08 18:34:44,543 - Epoch 0:
2026-01-08 18:34:44,543 -   - Range Coverage: nan%
2026-01-08 18:34:44,543 -   - Epsilon Hit (0.2%): 21.60%
2026-01-08 18:34:44,543 -   - Directional Acc: 50.00%
2026-01-08 18:34:44,544 - Best model updated at Epoch 0
2026-01-08 18:34:45,044 - 
Sanity CHECK:
2026-01-08 18:34:45,044 - DBG shapes: (250, 1), (250, 1), (250, 5)
2026-01-08 18:34:45,045 - DBG preds stats: min=-0.45217394828796387, max=0.11624571681022644, median=-0.07931675761938095, std=0.14755479991436005
2026-01-08 18:34:45,045 - DBG actuals stats: min=-2.527449607849121, max=3.164232015609741, median=0.01672283560037613, std=0.8391518592834473
2026-01-08 18:34:45,046 - Epoch 1:
2026-01-08 18:34:45,046 -   - Range Coverage: nan%
2026-01-08 18:34:45,046 -   - Epsilon Hit (0.2%): 22.80%
2026-01-08 18:34:45,046 -   - Directional Acc: 49.60%
2026-01-08 18:34:45,555 - 
Sanity CHECK:
2026-01-08 18:34:45,556 - DBG shapes: (250, 1), (250, 1), (250, 5)
2026-01-08 18:34:45,556 - DBG preds stats: min=-0.5219182968139648, max=0.19533057510852814, median=-0.004260458052158356, std=0.18175214529037476
2026-01-08 18:34:45,557 - DBG actuals stats: min=-2.527449607849121, max=3.164232015609741, median=0.01672283560037613, std=0.8391518592834473
2026-01-08 18:34:45,557 - Epoch 2:
2026-01-08 18:34:45,557 -   - Range Coverage: nan%
2026-01-08 18:34:45,558 -   - Epsilon Hit (0.2%): 21.60%
2026-01-08 18:34:45,558 -   - Directional Acc: 48.40%
2026-01-08 18:34:46,099 - 
Sanity CHECK:
2026-01-08 18:34:46,100 - DBG shapes: (250, 1), (250, 1), (250, 5)
2026-01-08 18:34:46,100 - DBG preds stats: min=-0.44397976994514465, max=0.10874877125024796, median=0.029954101890325546, std=0.12642236053943634
2026-01-08 18:34:46,101 - DBG actuals stats: min=-2.527449607849121, max=3.164232015609741, median=0.01672283560037613, std=0.8391518592834473
2026-01-08 18:34:46,101 - Epoch 3:
2026-01-08 18:34:46,101 -   - Range Coverage: nan%
2026-01-08 18:34:46,101 -   - Epsilon Hit (0.2%): 23.20%
2026-01-08 18:34:46,102 -   - Directional Acc: 49.20%
2026-01-08 18:34:46,102 - Best model updated at Epoch 3
2026-01-08 18:34:46,646 - 
Sanity CHECK:
2026-01-08 18:34:46,646 - DBG shapes: (250, 1), (250, 1), (250, 5)
2026-01-08 18:34:46,647 - DBG preds stats: min=-0.5174444913864136, max=0.14133453369140625, median=0.008618742227554321, std=0.16438037157058716
2026-01-08 18:34:46,647 - DBG actuals stats: min=-2.527449607849121, max=3.164232015609741, median=0.01672283560037613, std=0.8391518592834473
2026-01-08 18:34:46,648 - Epoch 5/100 | Train Loss: 0.301651 | Val Loss: 0.310901
2026-01-08 18:34:46,648 - Current LR: 0.001000
2026-01-08 18:34:46,648 - Epoch 4:
2026-01-08 18:34:46,648 -   - Range Coverage: nan%
2026-01-08 18:34:46,648 -   - Epsilon Hit (0.2%): 23.60%
2026-01-08 18:34:46,649 -   - Directional Acc: 50.00%
2026-01-08 18:34:47,196 - 
Sanity CHECK:
2026-01-08 18:34:47,196 - DBG shapes: (250, 1), (250, 1), (250, 5)
2026-01-08 18:34:47,196 - DBG preds stats: min=-0.6900458931922913, max=0.17866089940071106, median=0.015150733292102814, std=0.20831048488616943
2026-01-08 18:34:47,197 - DBG actuals stats: min=-2.527449607849121, max=3.164232015609741, median=0.01672283560037613, std=0.8391518592834473
2026-01-08 18:34:47,197 - Epoch 5:
2026-01-08 18:34:47,197 -   - Range Coverage: nan%
2026-01-08 18:34:47,198 -   - Epsilon Hit (0.2%): 20.40%
2026-01-08 18:34:47,198 -   - Directional Acc: 50.40%
2026-01-08 18:34:47,746 - 
Sanity CHECK:
2026-01-08 18:34:47,747 - DBG shapes: (250, 1), (250, 1), (250, 5)
2026-01-08 18:34:47,747 - DBG preds stats: min=-0.5421006083488464, max=0.23329538106918335, median=0.11278502643108368, std=0.15973077714443207
2026-01-08 18:34:47,747 - DBG actuals stats: min=-2.527449607849121, max=3.164232015609741, median=0.01672283560037613, std=0.8391518592834473
2026-01-08 18:34:47,748 - Epoch 6:
2026-01-08 18:34:47,748 -   - Range Coverage: nan%
2026-01-08 18:34:47,748 -   - Epsilon Hit (0.2%): 21.20%
2026-01-08 18:34:47,749 -   - Directional Acc: 50.40%
2026-01-08 18:34:48,297 - 
Sanity CHECK:
2026-01-08 18:34:48,297 - DBG shapes: (250, 1), (250, 1), (250, 5)
2026-01-08 18:34:48,298 - DBG preds stats: min=-0.5601211190223694, max=0.22163110971450806, median=0.07684984803199768, std=0.17448371648788452
2026-01-08 18:34:48,298 - DBG actuals stats: min=-2.527449607849121, max=3.164232015609741, median=0.01672283560037613, std=0.8391518592834473
2026-01-08 18:34:48,299 - Epoch 7:
2026-01-08 18:34:48,299 -   - Range Coverage: nan%
2026-01-08 18:34:48,299 -   - Epsilon Hit (0.2%): 21.20%
2026-01-08 18:34:48,299 -   - Directional Acc: 51.60%
2026-01-08 18:34:49,014 - 
Sanity CHECK:
2026-01-08 18:34:49,014 - DBG shapes: (250, 1), (250, 1), (250, 5)
2026-01-08 18:34:49,015 - DBG preds stats: min=-0.6540996432304382, max=0.20154565572738647, median=0.016291160136461258, std=0.18339596688747406
2026-01-08 18:34:49,015 - DBG actuals stats: min=-2.527449607849121, max=3.164232015609741, median=0.01672283560037613, std=0.8391518592834473
2026-01-08 18:34:49,016 - Epoch 8:
2026-01-08 18:34:49,016 -   - Range Coverage: nan%
2026-01-08 18:34:49,016 -   - Epsilon Hit (0.2%): 22.40%
2026-01-08 18:34:49,016 -   - Directional Acc: 50.40%
2026-01-08 18:34:49,609 - 
Sanity CHECK:
2026-01-08 18:34:49,609 - DBG shapes: (250, 1), (250, 1), (250, 5)
2026-01-08 18:34:49,610 - DBG preds stats: min=-0.8675807118415833, max=0.1423075944185257, median=-0.12690329551696777, std=0.21496185660362244
2026-01-08 18:34:49,610 - DBG actuals stats: min=-2.527449607849121, max=3.164232015609741, median=0.01672283560037613, std=0.8391518592834473
2026-01-08 18:34:49,611 - Epoch 10/100 | Train Loss: 0.301730 | Val Loss: 0.328859
2026-01-08 18:34:49,611 - Current LR: 0.001000
2026-01-08 18:34:49,611 - Epoch 9:
2026-01-08 18:34:49,612 -   - Range Coverage: nan%
2026-01-08 18:34:49,612 -   - Epsilon Hit (0.2%): 24.80%
2026-01-08 18:34:49,612 -   - Directional Acc: 49.20%
2026-01-08 18:34:50,161 - 
Sanity CHECK:
2026-01-08 18:34:50,162 - DBG shapes: (250, 1), (250, 1), (250, 5)
2026-01-08 18:34:50,162 - DBG preds stats: min=-0.522605299949646, max=0.266293466091156, median=0.0653737336397171, std=0.16849152743816376
2026-01-08 18:34:50,163 - DBG actuals stats: min=-2.527449607849121, max=3.164232015609741, median=0.01672283560037613, std=0.8391518592834473
2026-01-08 18:34:50,163 - Epoch 10:
2026-01-08 18:34:50,163 -   - Range Coverage: nan%
2026-01-08 18:34:50,163 -   - Epsilon Hit (0.2%): 23.60%
2026-01-08 18:34:50,164 -   - Directional Acc: 48.80%
2026-01-08 18:34:50,671 - 
Sanity CHECK:
2026-01-08 18:34:50,671 - DBG shapes: (250, 1), (250, 1), (250, 5)
2026-01-08 18:34:50,672 - DBG preds stats: min=-0.4478459656238556, max=0.17657533288002014, median=0.10031259059906006, std=0.10837066173553467
2026-01-08 18:34:50,672 - DBG actuals stats: min=-2.527449607849121, max=3.164232015609741, median=0.01672283560037613, std=0.8391518592834473
2026-01-08 18:34:50,673 - Epoch 11:
2026-01-08 18:34:50,673 -   - Range Coverage: nan%
2026-01-08 18:34:50,673 -   - Epsilon Hit (0.2%): 22.40%
2026-01-08 18:34:50,673 -   - Directional Acc: 50.00%
2026-01-08 18:34:50,674 - Best model updated at Epoch 11
2026-01-08 18:34:51,218 - 
Sanity CHECK:
2026-01-08 18:34:51,218 - DBG shapes: (250, 1), (250, 1), (250, 5)
2026-01-08 18:34:51,219 - DBG preds stats: min=-0.6076138019561768, max=0.20738272368907928, median=0.009777620434761047, std=0.17184379696846008
2026-01-08 18:34:51,219 - DBG actuals stats: min=-2.527449607849121, max=3.164232015609741, median=0.01672283560037613, std=0.8391518592834473
2026-01-08 18:34:51,219 - Epoch 12:
2026-01-08 18:34:51,220 -   - Range Coverage: nan%
2026-01-08 18:34:51,220 -   - Epsilon Hit (0.2%): 21.20%
2026-01-08 18:34:51,220 -   - Directional Acc: 50.40%
2026-01-08 18:34:51,805 - 
Sanity CHECK:
2026-01-08 18:34:51,805 - DBG shapes: (250, 1), (250, 1), (250, 5)
2026-01-08 18:34:51,806 - DBG preds stats: min=-0.706622838973999, max=0.17877733707427979, median=0.008590158075094223, std=0.1785566210746765
2026-01-08 18:34:51,806 - DBG actuals stats: min=-2.527449607849121, max=3.164232015609741, median=0.01672283560037613, std=0.8391518592834473
2026-01-08 18:34:51,807 - Epoch 13:
2026-01-08 18:34:51,807 -   - Range Coverage: nan%
2026-01-08 18:34:51,807 -   - Epsilon Hit (0.2%): 21.60%
2026-01-08 18:34:51,807 -   - Directional Acc: 50.40%
2026-01-08 18:34:52,562 - 
Sanity CHECK:
2026-01-08 18:34:52,562 - DBG shapes: (250, 1), (250, 1), (250, 5)
2026-01-08 18:34:52,563 - DBG preds stats: min=-0.5359880924224854, max=0.20306231081485748, median=0.044484466314315796, std=0.14649854600429535
2026-01-08 18:34:52,563 - DBG actuals stats: min=-2.527449607849121, max=3.164232015609741, median=0.01672283560037613, std=0.8391518592834473
2026-01-08 18:34:52,563 - Epoch 15/100 | Train Loss: 0.294952 | Val Loss: 0.306651
2026-01-08 18:34:52,564 - Current LR: 0.001000
2026-01-08 18:34:52,564 - Epoch 14:
2026-01-08 18:34:52,565 -   - Range Coverage: nan%
2026-01-08 18:34:52,565 -   - Epsilon Hit (0.2%): 22.40%
2026-01-08 18:34:52,565 -   - Directional Acc: 49.60%
2026-01-08 18:34:52,566 - Best model updated at Epoch 14
2026-01-08 18:34:53,103 - 
Sanity CHECK:
2026-01-08 18:34:53,103 - DBG shapes: (250, 1), (250, 1), (250, 5)
2026-01-08 18:34:53,104 - DBG preds stats: min=-0.8580650687217712, max=0.2984771728515625, median=0.02931591309607029, std=0.23389297723770142
2026-01-08 18:34:53,104 - DBG actuals stats: min=-2.527449607849121, max=3.164232015609741, median=0.01672283560037613, std=0.8391518592834473
2026-01-08 18:34:53,105 - Epoch 15:
2026-01-08 18:34:53,105 -   - Range Coverage: nan%
2026-01-08 18:34:53,105 -   - Epsilon Hit (0.2%): 22.00%
2026-01-08 18:34:53,105 -   - Directional Acc: 52.00%
2026-01-08 18:34:53,609 - 
Sanity CHECK:
2026-01-08 18:34:53,610 - DBG shapes: (250, 1), (250, 1), (250, 5)
2026-01-08 18:34:53,610 - DBG preds stats: min=-0.6764771938323975, max=0.23926280438899994, median=0.06605213135480881, std=0.17768365144729614
2026-01-08 18:34:53,611 - DBG actuals stats: min=-2.527449607849121, max=3.164232015609741, median=0.01672283560037613, std=0.8391518592834473
2026-01-08 18:34:53,611 - Epoch 16:
2026-01-08 18:34:53,611 -   - Range Coverage: nan%
2026-01-08 18:34:53,611 -   - Epsilon Hit (0.2%): 24.00%
2026-01-08 18:34:53,612 -   - Directional Acc: 50.80%
2026-01-08 18:34:54,184 - 
Sanity CHECK:
2026-01-08 18:34:54,185 - DBG shapes: (250, 1), (250, 1), (250, 5)
2026-01-08 18:34:54,185 - DBG preds stats: min=-0.5999100804328918, max=0.433688759803772, median=0.12063063681125641, std=0.2162926346063614
2026-01-08 18:34:54,186 - DBG actuals stats: min=-2.527449607849121, max=3.164232015609741, median=0.01672283560037613, std=0.8391518592834473
2026-01-08 18:34:54,186 - Epoch 17:
2026-01-08 18:34:54,187 -   - Range Coverage: nan%
2026-01-08 18:34:54,187 -   - Epsilon Hit (0.2%): 22.00%
2026-01-08 18:34:54,187 -   - Directional Acc: 50.80%
2026-01-08 18:34:55,004 - 
Sanity CHECK:
2026-01-08 18:34:55,005 - DBG shapes: (250, 1), (250, 1), (250, 5)
2026-01-08 18:34:55,006 - DBG preds stats: min=-0.5471797585487366, max=0.11965770274400711, median=-0.025071274489164352, std=0.13210512697696686
2026-01-08 18:34:55,006 - DBG actuals stats: min=-2.527449607849121, max=3.164232015609741, median=0.01672283560037613, std=0.8391518592834473
2026-01-08 18:34:55,007 - Epoch 18:
2026-01-08 18:34:55,008 -   - Range Coverage: nan%
2026-01-08 18:34:55,008 -   - Epsilon Hit (0.2%): 24.00%
2026-01-08 18:34:55,008 -   - Directional Acc: 50.00%
2026-01-08 18:34:55,721 - 
Sanity CHECK:
2026-01-08 18:34:55,721 - DBG shapes: (250, 1), (250, 1), (250, 5)
2026-01-08 18:34:55,722 - DBG preds stats: min=-0.6038241982460022, max=0.2631280720233917, median=0.11736571788787842, std=0.1674782633781433
2026-01-08 18:34:55,722 - DBG actuals stats: min=-2.527449607849121, max=3.164232015609741, median=0.01672283560037613, std=0.8391518592834473
2026-01-08 18:34:55,723 - Epoch 20/100 | Train Loss: 0.297575 | Val Loss: 0.310318
2026-01-08 18:34:55,723 - Current LR: 0.001000
2026-01-08 18:34:55,724 - Epoch 19:
2026-01-08 18:34:55,724 -   - Range Coverage: nan%
2026-01-08 18:34:55,724 -   - Epsilon Hit (0.2%): 20.40%
2026-01-08 18:34:55,724 -   - Directional Acc: 49.60%
2026-01-08 18:34:56,347 - 
Sanity CHECK:
2026-01-08 18:34:56,348 - DBG shapes: (250, 1), (250, 1), (250, 5)
2026-01-08 18:34:56,349 - DBG preds stats: min=-0.6398023962974548, max=0.28011077642440796, median=0.050051115453243256, std=0.20371948182582855
2026-01-08 18:34:56,349 - DBG actuals stats: min=-2.527449607849121, max=3.164232015609741, median=0.01672283560037613, std=0.8391518592834473
2026-01-08 18:34:56,350 - Epoch 20:
2026-01-08 18:34:56,350 -   - Range Coverage: nan%
2026-01-08 18:34:56,350 -   - Epsilon Hit (0.2%): 21.60%
2026-01-08 18:34:56,350 -   - Directional Acc: 50.00%
2026-01-08 18:34:57,097 - 
Sanity CHECK:
2026-01-08 18:34:57,097 - DBG shapes: (250, 1), (250, 1), (250, 5)
2026-01-08 18:34:57,098 - DBG preds stats: min=-1.0413204431533813, max=0.32756614685058594, median=0.0073228515684604645, std=0.2830321490764618
2026-01-08 18:34:57,098 - DBG actuals stats: min=-2.527449607849121, max=3.164232015609741, median=0.01672283560037613, std=0.8391518592834473
2026-01-08 18:34:57,098 - Epoch 21:
2026-01-08 18:34:57,099 -   - Range Coverage: nan%
2026-01-08 18:34:57,099 -   - Epsilon Hit (0.2%): 20.80%
2026-01-08 18:34:57,099 -   - Directional Acc: 51.60%
2026-01-08 18:34:58,464 - 
Sanity CHECK:
2026-01-08 18:34:58,464 - DBG shapes: (250, 1), (250, 1), (250, 5)
2026-01-08 18:34:58,465 - DBG preds stats: min=-1.0815632343292236, max=0.2124556303024292, median=0.04322819784283638, std=0.23731070756912231
2026-01-08 18:34:58,465 - DBG actuals stats: min=-2.527449607849121, max=3.164232015609741, median=0.01672283560037613, std=0.8391518592834473
2026-01-08 18:34:58,466 - Epoch 22:
2026-01-08 18:34:58,466 -   - Range Coverage: nan%
2026-01-08 18:34:58,466 -   - Epsilon Hit (0.2%): 19.60%
2026-01-08 18:34:58,467 -   - Directional Acc: 49.20%
2026-01-08 18:34:59,206 - 
Sanity CHECK:
2026-01-08 18:34:59,206 - DBG shapes: (250, 1), (250, 1), (250, 5)
2026-01-08 18:34:59,207 - DBG preds stats: min=-0.5476645231246948, max=0.41381192207336426, median=0.11939096450805664, std=0.17307531833648682
2026-01-08 18:34:59,207 - DBG actuals stats: min=-2.527449607849121, max=3.164232015609741, median=0.01672283560037613, std=0.8391518592834473
2026-01-08 18:34:59,208 - Epoch 23:
2026-01-08 18:34:59,208 -   - Range Coverage: nan%
2026-01-08 18:34:59,208 -   - Epsilon Hit (0.2%): 21.60%
2026-01-08 18:34:59,208 -   - Directional Acc: 48.00%
2026-01-08 18:35:00,075 - 
Sanity CHECK:
2026-01-08 18:35:00,076 - DBG shapes: (250, 1), (250, 1), (250, 5)
2026-01-08 18:35:00,077 - DBG preds stats: min=-0.8796288967132568, max=0.34918344020843506, median=0.1436835378408432, std=0.20842194557189941
2026-01-08 18:35:00,077 - DBG actuals stats: min=-2.527449607849121, max=3.164232015609741, median=0.01672283560037613, std=0.8391518592834473
2026-01-08 18:35:00,078 - Epoch 25/100 | Train Loss: 0.288631 | Val Loss: 0.311332
2026-01-08 18:35:00,078 - Current LR: 0.001000
2026-01-08 18:35:00,079 - Epoch 24:
2026-01-08 18:35:00,079 -   - Range Coverage: nan%
2026-01-08 18:35:00,079 -   - Epsilon Hit (0.2%): 22.00%
2026-01-08 18:35:00,079 -   - Directional Acc: 48.80%
2026-01-08 18:35:01,236 -     0.100% |       39 | $   1083.08 |   0.66
2026-01-08 18:35:01,238 -     0.200% |       39 | $   1083.08 |   0.66
2026-01-08 18:35:01,239 -     0.300% |       39 | $   1077.53 |   0.63
2026-01-08 18:35:01,240 -     0.500% |       40 | $   1078.01 |   0.63
2026-01-08 18:35:01,241 - --- Final Test Results ---
2026-01-08 18:35:01,242 - Test RMSE: 1.0176
2026-01-08 18:35:01,242 -   - Range Coverage: nan%
2026-01-08 18:35:01,242 -   - Epsilon Hit (0.2%): 18.25%
2026-01-08 18:35:01,242 -   - Directional Acc: 50.79%
2026-01-08 18:35:01,243 -   - MAE: 0.7848
2026-01-08 18:35:01,243 -   - MAPE: 78.48%
2026-01-08 18:35:01,243 -   - Max Predicted Move (log-return): 1.2628
2026-01-08 18:35:01,243 -   - Avg Predicted Move (log-return): 0.2576
2026-01-08 18:35:01,244 - 
--- Trading Performance (with 0.03% fee and $1000 capital) ---
2026-01-08 18:35:01,244 - Total Trades: 39
2026-01-08 18:35:01,244 - Strategy Final Value: $1074.66
2026-01-08 18:35:01,245 - Buy & Hold Final Value: $1286.81
2026-01-08 18:35:01,245 - Sharpe Ratio: 0.61
2026-01-08 18:35:01,245 - MARKET OUTPERFORMED STRATEGY
2026-01-08 18:35:02,692 - Completed Fold 4

2026-01-08 18:35:03,222 - 
--- Permutation Importance Fold 4 ---
2026-01-08 18:35:03,222 - News_Vol_Z     : 24.132853 (scaled x1000)
2026-01-08 18:35:03,222 - Log_Ret_Low    : 21.329252 (scaled x1000)
2026-01-08 18:35:03,222 - Log_Ret_High   : 18.625257 (scaled x1000)
2026-01-08 18:35:03,223 - Volume_Z       : 15.846673 (scaled x1000)
2026-01-08 18:35:03,223 - MACD_Z         : 14.691710 (scaled x1000)
2026-01-08 18:35:03,223 - Log_Ret_Close  : 11.826492 (scaled x1000)
2026-01-08 18:35:03,223 - Sentiment      : 7.968460 (scaled x1000)
2026-01-08 18:35:03,223 - BB_High_Rel    : 6.023600 (scaled x1000)
2026-01-08 18:35:03,224 - BB_Low_Rel     : 5.825408 (scaled x1000)
2026-01-08 18:35:03,224 - ATR_Pct        : 1.142177 (scaled x1000)
2026-01-08 18:35:03,224 - Log_Ret_Open   : -4.980010 (scaled x1000)
2026-01-08 18:35:03,614 - 

 ==============> Starting Fold 5 | Test Year: 2025
2026-01-08 18:35:04,498 - 
Sanity CHECK:
2026-01-08 18:35:04,499 - DBG shapes: (252, 1), (252, 1), (252, 5)
2026-01-08 18:35:04,500 - DBG preds stats: min=-0.9542113542556763, max=0.28429412841796875, median=-0.04324290156364441, std=0.25736430287361145
2026-01-08 18:35:04,500 - DBG actuals stats: min=-3.6335513591766357, max=2.214081287384033, median=0.1647656261920929, std=0.9486135840415955
2026-01-08 18:35:04,501 - Epoch 0:
2026-01-08 18:35:04,501 -   - Range Coverage: nan%
2026-01-08 18:35:04,501 -   - Epsilon Hit (0.2%): 18.65%
2026-01-08 18:35:04,502 -   - Directional Acc: 46.03%
2026-01-08 18:35:04,502 - Best model updated at Epoch 0
2026-01-08 18:35:05,244 - 
Sanity CHECK:
2026-01-08 18:35:05,244 - DBG shapes: (252, 1), (252, 1), (252, 5)
2026-01-08 18:35:05,245 - DBG preds stats: min=-1.0540193319320679, max=0.38357704877853394, median=-0.08835072815418243, std=0.31390267610549927
2026-01-08 18:35:05,245 - DBG actuals stats: min=-3.6335513591766357, max=2.214081287384033, median=0.1647656261920929, std=0.9486135840415955
2026-01-08 18:35:05,246 - Epoch 1:
2026-01-08 18:35:05,246 -   - Range Coverage: nan%
2026-01-08 18:35:05,246 -   - Epsilon Hit (0.2%): 17.06%
2026-01-08 18:35:05,247 -   - Directional Acc: 46.03%
2026-01-08 18:35:06,037 - 
Sanity CHECK:
2026-01-08 18:35:06,037 - DBG shapes: (252, 1), (252, 1), (252, 5)
2026-01-08 18:35:06,038 - DBG preds stats: min=-1.3030706644058228, max=0.24253752827644348, median=-0.17524369060993195, std=0.3079773187637329
2026-01-08 18:35:06,038 - DBG actuals stats: min=-3.6335513591766357, max=2.214081287384033, median=0.1647656261920929, std=0.9486135840415955
2026-01-08 18:35:06,039 - Epoch 2:
2026-01-08 18:35:06,039 -   - Range Coverage: nan%
2026-01-08 18:35:06,039 -   - Epsilon Hit (0.2%): 17.06%
2026-01-08 18:35:06,039 -   - Directional Acc: 47.22%
2026-01-08 18:35:07,043 - 
Sanity CHECK:
2026-01-08 18:35:07,044 - DBG shapes: (252, 1), (252, 1), (252, 5)
2026-01-08 18:35:07,046 - DBG preds stats: min=-1.102921962738037, max=0.35668280720710754, median=-0.06965316087007523, std=0.30623695254325867
2026-01-08 18:35:07,047 - DBG actuals stats: min=-3.6335513591766357, max=2.214081287384033, median=0.1647656261920929, std=0.9486135840415955
2026-01-08 18:35:07,047 - Epoch 3:
2026-01-08 18:35:07,048 -   - Range Coverage: nan%
2026-01-08 18:35:07,048 -   - Epsilon Hit (0.2%): 18.25%
2026-01-08 18:35:07,049 -   - Directional Acc: 48.02%
2026-01-08 18:35:08,292 - 
Sanity CHECK:
2026-01-08 18:35:08,292 - DBG shapes: (252, 1), (252, 1), (252, 5)
2026-01-08 18:35:08,292 - DBG preds stats: min=-1.1221898794174194, max=0.5177940130233765, median=0.1203765943646431, std=0.3331579267978668
2026-01-08 18:35:08,293 - DBG actuals stats: min=-3.6335513591766357, max=2.214081287384033, median=0.1647656261920929, std=0.9486135840415955
2026-01-08 18:35:08,293 - Epoch 5/100 | Train Loss: 0.290920 | Val Loss: 0.421666
2026-01-08 18:35:08,293 - Current LR: 0.001000
2026-01-08 18:35:08,294 - Epoch 4:
2026-01-08 18:35:08,294 -   - Range Coverage: nan%
2026-01-08 18:35:08,294 -   - Epsilon Hit (0.2%): 18.65%
2026-01-08 18:35:08,295 -   - Directional Acc: 50.79%
2026-01-08 18:35:09,194 - 
Sanity CHECK:
2026-01-08 18:35:09,195 - DBG shapes: (252, 1), (252, 1), (252, 5)
2026-01-08 18:35:09,195 - DBG preds stats: min=-1.6900413036346436, max=0.31440281867980957, median=-0.16009803116321564, std=0.4114876091480255
2026-01-08 18:35:09,196 - DBG actuals stats: min=-3.6335513591766357, max=2.214081287384033, median=0.1647656261920929, std=0.9486135840415955
2026-01-08 18:35:09,196 - Epoch 5:
2026-01-08 18:35:09,196 -   - Range Coverage: nan%
2026-01-08 18:35:09,197 -   - Epsilon Hit (0.2%): 14.29%
2026-01-08 18:35:09,197 -   - Directional Acc: 48.02%
2026-01-08 18:35:10,109 - 
Sanity CHECK:
2026-01-08 18:35:10,109 - DBG shapes: (252, 1), (252, 1), (252, 5)
2026-01-08 18:35:10,110 - DBG preds stats: min=-1.4496212005615234, max=0.4345743954181671, median=-0.09813331067562103, std=0.42654407024383545
2026-01-08 18:35:10,111 - DBG actuals stats: min=-3.6335513591766357, max=2.214081287384033, median=0.1647656261920929, std=0.9486135840415955
2026-01-08 18:35:10,111 - Epoch 6:
2026-01-08 18:35:10,111 -   - Range Coverage: nan%
2026-01-08 18:35:10,111 -   - Epsilon Hit (0.2%): 15.87%
2026-01-08 18:35:10,112 -   - Directional Acc: 48.81%
2026-01-08 18:35:10,876 - 
Sanity CHECK:
2026-01-08 18:35:10,877 - DBG shapes: (252, 1), (252, 1), (252, 5)
2026-01-08 18:35:10,877 - DBG preds stats: min=-1.0485697984695435, max=0.3913354277610779, median=0.05170602351427078, std=0.3013085424900055
2026-01-08 18:35:10,878 - DBG actuals stats: min=-3.6335513591766357, max=2.214081287384033, median=0.1647656261920929, std=0.9486135840415955
2026-01-08 18:35:10,878 - Epoch 7:
2026-01-08 18:35:10,878 -   - Range Coverage: nan%
2026-01-08 18:35:10,879 -   - Epsilon Hit (0.2%): 18.65%
2026-01-08 18:35:10,879 -   - Directional Acc: 51.19%
2026-01-08 18:35:10,880 - Best model updated at Epoch 7
2026-01-08 18:35:11,689 - 
Sanity CHECK:
2026-01-08 18:35:11,689 - DBG shapes: (252, 1), (252, 1), (252, 5)
2026-01-08 18:35:11,690 - DBG preds stats: min=-1.2399637699127197, max=0.5024241805076599, median=-0.028315652161836624, std=0.3680250346660614
2026-01-08 18:35:11,690 - DBG actuals stats: min=-3.6335513591766357, max=2.214081287384033, median=0.1647656261920929, std=0.9486135840415955
2026-01-08 18:35:11,691 - Epoch 8:
2026-01-08 18:35:11,691 -   - Range Coverage: nan%
2026-01-08 18:35:11,691 -   - Epsilon Hit (0.2%): 18.25%
2026-01-08 18:35:11,691 -   - Directional Acc: 52.38%
2026-01-08 18:35:12,393 - 
Sanity CHECK:
2026-01-08 18:35:12,393 - DBG shapes: (252, 1), (252, 1), (252, 5)
2026-01-08 18:35:12,394 - DBG preds stats: min=-1.2953568696975708, max=0.3215183913707733, median=-0.22406624257564545, std=0.3340129852294922
2026-01-08 18:35:12,395 - DBG actuals stats: min=-3.6335513591766357, max=2.214081287384033, median=0.1647656261920929, std=0.9486135840415955
2026-01-08 18:35:12,395 - Epoch 10/100 | Train Loss: 0.288286 | Val Loss: 0.456524
2026-01-08 18:35:12,395 - Current LR: 0.001000
2026-01-08 18:35:12,396 - Epoch 9:
2026-01-08 18:35:12,396 -   - Range Coverage: nan%
2026-01-08 18:35:12,396 -   - Epsilon Hit (0.2%): 14.29%
2026-01-08 18:35:12,397 -   - Directional Acc: 50.00%
2026-01-08 18:35:13,276 - 
Sanity CHECK:
2026-01-08 18:35:13,276 - DBG shapes: (252, 1), (252, 1), (252, 5)
2026-01-08 18:35:13,277 - DBG preds stats: min=-1.0996127128601074, max=0.3776905834674835, median=-0.2766612470149994, std=0.34547561407089233
2026-01-08 18:35:13,277 - DBG actuals stats: min=-3.6335513591766357, max=2.214081287384033, median=0.1647656261920929, std=0.9486135840415955
2026-01-08 18:35:13,278 - Epoch 10:
2026-01-08 18:35:13,278 -   - Range Coverage: nan%
2026-01-08 18:35:13,278 -   - Epsilon Hit (0.2%): 15.87%
2026-01-08 18:35:13,278 -   - Directional Acc: 48.41%
2026-01-08 18:35:14,396 - 
Sanity CHECK:
2026-01-08 18:35:14,396 - DBG shapes: (252, 1), (252, 1), (252, 5)
2026-01-08 18:35:14,397 - DBG preds stats: min=-1.7286417484283447, max=0.61701500415802, median=0.013623878359794617, std=0.5005061626434326
2026-01-08 18:35:14,398 - DBG actuals stats: min=-3.6335513591766357, max=2.214081287384033, median=0.1647656261920929, std=0.9486135840415955
2026-01-08 18:35:14,398 - Epoch 11:
2026-01-08 18:35:14,398 -   - Range Coverage: nan%
2026-01-08 18:35:14,399 -   - Epsilon Hit (0.2%): 16.67%
2026-01-08 18:35:14,399 -   - Directional Acc: 54.37%
2026-01-08 18:35:15,395 - 
Sanity CHECK:
2026-01-08 18:35:15,395 - DBG shapes: (252, 1), (252, 1), (252, 5)
2026-01-08 18:35:15,396 - DBG preds stats: min=-0.9959782361984253, max=0.5694924592971802, median=-0.020644202828407288, std=0.34795093536376953
2026-01-08 18:35:15,397 - DBG actuals stats: min=-3.6335513591766357, max=2.214081287384033, median=0.1647656261920929, std=0.9486135840415955
2026-01-08 18:35:15,397 - Epoch 12:
2026-01-08 18:35:15,397 -   - Range Coverage: nan%
2026-01-08 18:35:15,398 -   - Epsilon Hit (0.2%): 17.86%
2026-01-08 18:35:15,398 -   - Directional Acc: 50.40%
2026-01-08 18:35:16,245 - 
Sanity CHECK:
2026-01-08 18:35:16,246 - DBG shapes: (252, 1), (252, 1), (252, 5)
2026-01-08 18:35:16,246 - DBG preds stats: min=-1.3920172452926636, max=0.5627410411834717, median=-0.09376112371683121, std=0.44785913825035095
2026-01-08 18:35:16,247 - DBG actuals stats: min=-3.6335513591766357, max=2.214081287384033, median=0.1647656261920929, std=0.9486135840415955
2026-01-08 18:35:16,247 - Epoch 13:
2026-01-08 18:35:16,247 -   - Range Coverage: nan%
2026-01-08 18:35:16,247 -   - Epsilon Hit (0.2%): 16.27%
2026-01-08 18:35:16,248 -   - Directional Acc: 48.81%
2026-01-08 18:35:16,970 - 
Sanity CHECK:
2026-01-08 18:35:16,970 - DBG shapes: (252, 1), (252, 1), (252, 5)
2026-01-08 18:35:16,970 - DBG preds stats: min=-1.4938452243804932, max=0.4193321466445923, median=-0.3736046552658081, std=0.401202529668808
2026-01-08 18:35:16,971 - DBG actuals stats: min=-3.6335513591766357, max=2.214081287384033, median=0.1647656261920929, std=0.9486135840415955
2026-01-08 18:35:16,971 - Epoch 15/100 | Train Loss: 0.274632 | Val Loss: 0.508590
2026-01-08 18:35:16,971 - Current LR: 0.001000
2026-01-08 18:35:16,972 - Epoch 14:
2026-01-08 18:35:16,972 -   - Range Coverage: nan%
2026-01-08 18:35:16,972 -   - Epsilon Hit (0.2%): 14.29%
2026-01-08 18:35:16,973 -   - Directional Acc: 46.83%
2026-01-08 18:35:17,707 - 
Sanity CHECK:
2026-01-08 18:35:17,708 - DBG shapes: (252, 1), (252, 1), (252, 5)
2026-01-08 18:35:17,708 - DBG preds stats: min=-1.7228504419326782, max=0.5118459463119507, median=-0.2042158991098404, std=0.4941054582595825
2026-01-08 18:35:17,709 - DBG actuals stats: min=-3.6335513591766357, max=2.214081287384033, median=0.1647656261920929, std=0.9486135840415955
2026-01-08 18:35:17,709 - Epoch 15:
2026-01-08 18:35:17,709 -   - Range Coverage: nan%
2026-01-08 18:35:17,710 -   - Epsilon Hit (0.2%): 13.49%
2026-01-08 18:35:17,710 -   - Directional Acc: 49.21%
2026-01-08 18:35:18,454 - 
Sanity CHECK:
2026-01-08 18:35:18,454 - DBG shapes: (252, 1), (252, 1), (252, 5)
2026-01-08 18:35:18,455 - DBG preds stats: min=-1.1417312622070312, max=0.8126912117004395, median=-0.10221731662750244, std=0.42655667662620544
2026-01-08 18:35:18,455 - DBG actuals stats: min=-3.6335513591766357, max=2.214081287384033, median=0.1647656261920929, std=0.9486135840415955
2026-01-08 18:35:18,455 - Epoch 16:
2026-01-08 18:35:18,456 -   - Range Coverage: nan%
2026-01-08 18:35:18,456 -   - Epsilon Hit (0.2%): 18.25%
2026-01-08 18:35:18,456 -   - Directional Acc: 49.21%
2026-01-08 18:35:19,266 - 
Sanity CHECK:
2026-01-08 18:35:19,266 - DBG shapes: (252, 1), (252, 1), (252, 5)
2026-01-08 18:35:19,267 - DBG preds stats: min=-1.2674555778503418, max=0.8636234998703003, median=-0.11597240716218948, std=0.40915215015411377
2026-01-08 18:35:19,267 - DBG actuals stats: min=-3.6335513591766357, max=2.214081287384033, median=0.1647656261920929, std=0.9486135840415955
2026-01-08 18:35:19,268 - Epoch 17:
2026-01-08 18:35:19,268 -   - Range Coverage: nan%
2026-01-08 18:35:19,268 -   - Epsilon Hit (0.2%): 15.48%
2026-01-08 18:35:19,268 -   - Directional Acc: 50.00%
2026-01-08 18:35:20,003 -     0.100% |       45 | $    920.23 |  -0.40
2026-01-08 18:35:20,004 -     0.200% |       45 | $    920.23 |  -0.40
2026-01-08 18:35:20,005 -     0.300% |       45 | $    920.23 |  -0.40
2026-01-08 18:35:20,007 -     0.500% |       47 | $    910.93 |  -0.45
2026-01-08 18:35:20,007 - --- Final Test Results ---
2026-01-08 18:35:20,007 - Test RMSE: 1.4920
2026-01-08 18:35:20,007 -   - Range Coverage: nan%
2026-01-08 18:35:20,008 -   - Epsilon Hit (0.2%): 14.54%
2026-01-08 18:35:20,008 -   - Directional Acc: 48.02%
2026-01-08 18:35:20,008 -   - MAE: 1.0821
2026-01-08 18:35:20,008 -   - MAPE: 108.21%
2026-01-08 18:35:20,009 -   - Max Predicted Move (log-return): 2.8005
2026-01-08 18:35:20,009 -   - Avg Predicted Move (log-return): 0.4716
2026-01-08 18:35:20,009 - 
--- Trading Performance (with 0.03% fee and $1000 capital) ---
2026-01-08 18:35:20,010 - Total Trades: 45
2026-01-08 18:35:20,010 - Strategy Final Value: $911.98
2026-01-08 18:35:20,010 - Buy & Hold Final Value: $1580.47
2026-01-08 18:35:20,011 - Sharpe Ratio: -0.45
2026-01-08 18:35:20,011 - MARKET OUTPERFORMED STRATEGY
2026-01-08 18:35:21,276 - Completed Fold 5

2026-01-08 18:35:21,674 - 
--- Permutation Importance Fold 5 ---
2026-01-08 18:35:21,675 - Log_Ret_High   : 21.215554 (scaled x1000)
2026-01-08 18:35:21,675 - Sentiment      : 13.508673 (scaled x1000)
2026-01-08 18:35:21,675 - Log_Ret_Close  : 4.333590 (scaled x1000)
2026-01-08 18:35:21,675 - ATR_Pct        : -4.737227 (scaled x1000)
2026-01-08 18:35:21,676 - MACD_Z         : -7.486858 (scaled x1000)
2026-01-08 18:35:21,676 - BB_High_Rel    : -9.156485 (scaled x1000)
2026-01-08 18:35:21,676 - BB_Low_Rel     : -14.759726 (scaled x1000)
2026-01-08 18:35:21,676 - Log_Ret_Open   : -15.325005 (scaled x1000)
2026-01-08 18:35:21,676 - Volume_Z       : -15.407298 (scaled x1000)
2026-01-08 18:35:21,677 - Log_Ret_Low    : -48.178828 (scaled x1000)
2026-01-08 18:35:21,677 - News_Vol_Z     : -67.552629 (scaled x1000)
