2026-01-08 18:30:53,119 - Hyperparameters:
2026-01-08 18:30:53,119 -   - Automatic Feature Engineering: False
2026-01-08 18:30:53,120 -   - Early Stopping: True
2026-01-08 18:30:53,120 - ----------  FEATURES  --------
2026-01-08 18:30:53,120 -   - Targets: ['Target_Close_Norm']
2026-01-08 18:30:53,120 -   - Market Features: ['Log_Ret_Open', 'Log_Ret_High', 'Log_Ret_Low', 'Log_Ret_Close', 'Volume_Z', 'MACD_Z', 'ATR_Pct', 'BB_Low_Rel', 'BB_High_Rel']
2026-01-08 18:30:53,121 -   - Sentiment Features: ['Sentiment', 'News_Vol_Z']
2026-01-08 18:30:53,121 -   - Not considered Features: ['MACD_Sig_Z', 'RSI_Z', 'SMA_20_Rel', 'SMA_50_Rel']
2026-01-08 18:30:53,121 - -------------------------------
2026-01-08 18:30:53,121 - Model Configuration:
2026-01-08 18:30:53,122 -   - Hidden Dim: 64
2026-01-08 18:30:53,122 -   - Batch Size: 64
2026-01-08 18:30:53,122 -   - Epochs: 100
2026-01-08 18:30:53,122 -   - Learning Rate: 0.001
2026-01-08 18:30:53,122 -   - Feature Threshold: 0
2026-01-08 18:30:53,122 -   - Output Folder: results/20260108-183052
2026-01-08 18:30:53,122 -   - Data Split: expanding_window
2026-01-08 18:30:53,123 -   - Architecture 2: CNN + LSTM + Attention
2026-01-08 18:30:53,123 - --------------------------------------------------
2026-01-08 18:30:53,123 - Additional information:
2026-01-08 18:30:53,123 -   - cnn5 only
2026-01-08 18:30:53,136 - 

 ==============> Starting Fold 1 | Test Year: 2021
2026-01-08 18:30:56,192 - 
Sanity CHECK:
2026-01-08 18:30:56,193 - DBG shapes: (253, 1), (253, 1), (253, 5)
2026-01-08 18:30:56,196 - DBG preds stats: min=-0.048004150390625, max=0.04526330530643463, median=0.012222856283187866, std=0.02200276590883732
2026-01-08 18:30:56,196 - DBG actuals stats: min=-5.518972873687744, max=4.738952159881592, median=0.2158277928829193, std=1.234215497970581
2026-01-08 18:30:56,197 - Epoch 0:
2026-01-08 18:30:56,197 -   - Range Coverage: nan%
2026-01-08 18:30:56,197 -   - Epsilon Hit (0.2%): 15.81%
2026-01-08 18:30:56,197 -   - Directional Acc: 58.10%
2026-01-08 18:30:56,198 - Best model updated at Epoch 0
2026-01-08 18:30:56,468 - 
Sanity CHECK:
2026-01-08 18:30:56,469 - DBG shapes: (253, 1), (253, 1), (253, 5)
2026-01-08 18:30:56,469 - DBG preds stats: min=-0.03876401484012604, max=0.04236280918121338, median=0.016404137015342712, std=0.02014276012778282
2026-01-08 18:30:56,469 - DBG actuals stats: min=-5.518972873687744, max=4.738952159881592, median=0.2158277928829193, std=1.234215497970581
2026-01-08 18:30:56,470 - Epoch 1:
2026-01-08 18:30:56,470 -   - Range Coverage: nan%
2026-01-08 18:30:56,470 -   - Epsilon Hit (0.2%): 15.81%
2026-01-08 18:30:56,470 -   - Directional Acc: 56.52%
2026-01-08 18:30:56,471 - Best model updated at Epoch 1
2026-01-08 18:30:56,741 - 
Sanity CHECK:
2026-01-08 18:30:56,741 - DBG shapes: (253, 1), (253, 1), (253, 5)
2026-01-08 18:30:56,742 - DBG preds stats: min=-0.026795610785484314, max=0.051186397671699524, median=0.025463297963142395, std=0.019842280074954033
2026-01-08 18:30:56,742 - DBG actuals stats: min=-5.518972873687744, max=4.738952159881592, median=0.2158277928829193, std=1.234215497970581
2026-01-08 18:30:56,743 - Epoch 2:
2026-01-08 18:30:56,743 -   - Range Coverage: nan%
2026-01-08 18:30:56,743 -   - Epsilon Hit (0.2%): 15.81%
2026-01-08 18:30:56,743 -   - Directional Acc: 58.10%
2026-01-08 18:30:56,743 - Best model updated at Epoch 2
2026-01-08 18:30:57,004 - 
Sanity CHECK:
2026-01-08 18:30:57,005 - DBG shapes: (253, 1), (253, 1), (253, 5)
2026-01-08 18:30:57,005 - DBG preds stats: min=-0.036230817437171936, max=0.050402939319610596, median=0.020090937614440918, std=0.02249087207019329
2026-01-08 18:30:57,006 - DBG actuals stats: min=-5.518972873687744, max=4.738952159881592, median=0.2158277928829193, std=1.234215497970581
2026-01-08 18:30:57,006 - Epoch 3:
2026-01-08 18:30:57,006 -   - Range Coverage: nan%
2026-01-08 18:30:57,006 -   - Epsilon Hit (0.2%): 15.81%
2026-01-08 18:30:57,007 -   - Directional Acc: 56.52%
2026-01-08 18:30:57,267 - 
Sanity CHECK:
2026-01-08 18:30:57,267 - DBG shapes: (253, 1), (253, 1), (253, 5)
2026-01-08 18:30:57,268 - DBG preds stats: min=-0.03966277837753296, max=0.04952229559421539, median=0.017618104815483093, std=0.022773250937461853
2026-01-08 18:30:57,268 - DBG actuals stats: min=-5.518972873687744, max=4.738952159881592, median=0.2158277928829193, std=1.234215497970581
2026-01-08 18:30:57,268 - Epoch 5/100 | Train Loss: 0.245013 | Val Loss: 0.508513
2026-01-08 18:30:57,269 - Current LR: 0.001000
2026-01-08 18:30:57,269 - Epoch 4:
2026-01-08 18:30:57,269 -   - Range Coverage: nan%
2026-01-08 18:30:57,269 -   - Epsilon Hit (0.2%): 16.21%
2026-01-08 18:30:57,270 -   - Directional Acc: 56.52%
2026-01-08 18:30:57,547 - 
Sanity CHECK:
2026-01-08 18:30:57,548 - DBG shapes: (253, 1), (253, 1), (253, 5)
2026-01-08 18:30:57,548 - DBG preds stats: min=-0.002697482705116272, max=0.06901861727237701, median=0.0443187952041626, std=0.017298178747296333
2026-01-08 18:30:57,549 - DBG actuals stats: min=-5.518972873687744, max=4.738952159881592, median=0.2158277928829193, std=1.234215497970581
2026-01-08 18:30:57,549 - Epoch 5:
2026-01-08 18:30:57,549 -   - Range Coverage: nan%
2026-01-08 18:30:57,550 -   - Epsilon Hit (0.2%): 15.42%
2026-01-08 18:30:57,550 -   - Directional Acc: 58.50%
2026-01-08 18:30:57,550 - Best model updated at Epoch 5
2026-01-08 18:30:57,982 - 
Sanity CHECK:
2026-01-08 18:30:57,983 - DBG shapes: (253, 1), (253, 1), (253, 5)
2026-01-08 18:30:57,983 - DBG preds stats: min=-0.05064046382904053, max=0.053962916135787964, median=0.01618562638759613, std=0.023291906341910362
2026-01-08 18:30:57,984 - DBG actuals stats: min=-5.518972873687744, max=4.738952159881592, median=0.2158277928829193, std=1.234215497970581
2026-01-08 18:30:57,984 - Epoch 6:
2026-01-08 18:30:57,984 -   - Range Coverage: nan%
2026-01-08 18:30:57,984 -   - Epsilon Hit (0.2%): 16.21%
2026-01-08 18:30:57,984 -   - Directional Acc: 56.52%
2026-01-08 18:30:58,302 - 
Sanity CHECK:
2026-01-08 18:30:58,302 - DBG shapes: (253, 1), (253, 1), (253, 5)
2026-01-08 18:30:58,303 - DBG preds stats: min=-0.02292288839817047, max=0.0696408748626709, median=0.03417477756738663, std=0.019947011023759842
2026-01-08 18:30:58,303 - DBG actuals stats: min=-5.518972873687744, max=4.738952159881592, median=0.2158277928829193, std=1.234215497970581
2026-01-08 18:30:58,304 - Epoch 7:
2026-01-08 18:30:58,304 -   - Range Coverage: nan%
2026-01-08 18:30:58,304 -   - Epsilon Hit (0.2%): 15.42%
2026-01-08 18:30:58,304 -   - Directional Acc: 58.50%
2026-01-08 18:30:58,585 - 
Sanity CHECK:
2026-01-08 18:30:58,585 - DBG shapes: (253, 1), (253, 1), (253, 5)
2026-01-08 18:30:58,585 - DBG preds stats: min=-0.009681358933448792, max=0.08636203408241272, median=0.04270707070827484, std=0.02101016975939274
2026-01-08 18:30:58,586 - DBG actuals stats: min=-5.518972873687744, max=4.738952159881592, median=0.2158277928829193, std=1.234215497970581
2026-01-08 18:30:58,586 - Epoch 8:
2026-01-08 18:30:58,586 -   - Range Coverage: nan%
2026-01-08 18:30:58,586 -   - Epsilon Hit (0.2%): 15.81%
2026-01-08 18:30:58,586 -   - Directional Acc: 58.10%
2026-01-08 18:30:58,847 - 
Sanity CHECK:
2026-01-08 18:30:58,847 - DBG shapes: (253, 1), (253, 1), (253, 5)
2026-01-08 18:30:58,848 - DBG preds stats: min=-0.007786646485328674, max=0.0861736536026001, median=0.04486999660730362, std=0.018837962299585342
2026-01-08 18:30:58,848 - DBG actuals stats: min=-5.518972873687744, max=4.738952159881592, median=0.2158277928829193, std=1.234215497970581
2026-01-08 18:30:58,848 - Epoch 10/100 | Train Loss: 0.248509 | Val Loss: 0.506253
2026-01-08 18:30:58,849 - Current LR: 0.001000
2026-01-08 18:30:58,849 - Epoch 9:
2026-01-08 18:30:58,849 -   - Range Coverage: nan%
2026-01-08 18:30:58,849 -   - Epsilon Hit (0.2%): 15.81%
2026-01-08 18:30:58,850 -   - Directional Acc: 59.29%
2026-01-08 18:30:59,114 - 
Sanity CHECK:
2026-01-08 18:30:59,114 - DBG shapes: (253, 1), (253, 1), (253, 5)
2026-01-08 18:30:59,115 - DBG preds stats: min=-0.0325799435377121, max=0.06191915273666382, median=0.022811979055404663, std=0.020418483763933182
2026-01-08 18:30:59,115 - DBG actuals stats: min=-5.518972873687744, max=4.738952159881592, median=0.2158277928829193, std=1.234215497970581
2026-01-08 18:30:59,116 - Epoch 10:
2026-01-08 18:30:59,116 -   - Range Coverage: nan%
2026-01-08 18:30:59,116 -   - Epsilon Hit (0.2%): 15.02%
2026-01-08 18:30:59,116 -   - Directional Acc: 58.10%
2026-01-08 18:30:59,427 - 
Sanity CHECK:
2026-01-08 18:30:59,427 - DBG shapes: (253, 1), (253, 1), (253, 5)
2026-01-08 18:30:59,427 - DBG preds stats: min=0.003864675760269165, max=0.08223123848438263, median=0.046942338347435, std=0.016453953459858894
2026-01-08 18:30:59,428 - DBG actuals stats: min=-5.518972873687744, max=4.738952159881592, median=0.2158277928829193, std=1.234215497970581
2026-01-08 18:30:59,428 - Epoch 11:
2026-01-08 18:30:59,428 -   - Range Coverage: nan%
2026-01-08 18:30:59,428 -   - Epsilon Hit (0.2%): 15.42%
2026-01-08 18:30:59,428 -   - Directional Acc: 58.89%
2026-01-08 18:30:59,429 - Best model updated at Epoch 11
2026-01-08 18:30:59,908 - 
Sanity CHECK:
2026-01-08 18:30:59,909 - DBG shapes: (253, 1), (253, 1), (253, 5)
2026-01-08 18:30:59,909 - DBG preds stats: min=-0.03845570981502533, max=0.05223332345485687, median=0.014758959412574768, std=0.0204425398260355
2026-01-08 18:30:59,910 - DBG actuals stats: min=-5.518972873687744, max=4.738952159881592, median=0.2158277928829193, std=1.234215497970581
2026-01-08 18:30:59,910 - Epoch 12:
2026-01-08 18:30:59,910 -   - Range Coverage: nan%
2026-01-08 18:30:59,911 -   - Epsilon Hit (0.2%): 15.81%
2026-01-08 18:30:59,911 -   - Directional Acc: 56.13%
2026-01-08 18:31:00,297 - 
Sanity CHECK:
2026-01-08 18:31:00,297 - DBG shapes: (253, 1), (253, 1), (253, 5)
2026-01-08 18:31:00,298 - DBG preds stats: min=-0.012095287442207336, max=0.06706903874874115, median=0.032314106822013855, std=0.01861804723739624
2026-01-08 18:31:00,298 - DBG actuals stats: min=-5.518972873687744, max=4.738952159881592, median=0.2158277928829193, std=1.234215497970581
2026-01-08 18:31:00,298 - Epoch 13:
2026-01-08 18:31:00,299 -   - Range Coverage: nan%
2026-01-08 18:31:00,299 -   - Epsilon Hit (0.2%): 15.42%
2026-01-08 18:31:00,299 -   - Directional Acc: 59.29%
2026-01-08 18:31:00,697 - 
Sanity CHECK:
2026-01-08 18:31:00,697 - DBG shapes: (253, 1), (253, 1), (253, 5)
2026-01-08 18:31:00,697 - DBG preds stats: min=-0.0005256682634353638, max=0.08582185953855515, median=0.04707697033882141, std=0.018225600942969322
2026-01-08 18:31:00,698 - DBG actuals stats: min=-5.518972873687744, max=4.738952159881592, median=0.2158277928829193, std=1.234215497970581
2026-01-08 18:31:00,698 - Epoch 15/100 | Train Loss: 0.248452 | Val Loss: 0.505897
2026-01-08 18:31:00,698 - Current LR: 0.001000
2026-01-08 18:31:00,699 - Epoch 14:
2026-01-08 18:31:00,699 -   - Range Coverage: nan%
2026-01-08 18:31:00,699 -   - Epsilon Hit (0.2%): 15.81%
2026-01-08 18:31:00,699 -   - Directional Acc: 59.29%
2026-01-08 18:31:00,699 - Best model updated at Epoch 14
2026-01-08 18:31:00,962 - 
Sanity CHECK:
2026-01-08 18:31:00,962 - DBG shapes: (253, 1), (253, 1), (253, 5)
2026-01-08 18:31:00,962 - DBG preds stats: min=-0.04476262629032135, max=0.06100679188966751, median=0.015697181224822998, std=0.02464890666306019
2026-01-08 18:31:00,963 - DBG actuals stats: min=-5.518972873687744, max=4.738952159881592, median=0.2158277928829193, std=1.234215497970581
2026-01-08 18:31:00,963 - Epoch 15:
2026-01-08 18:31:00,963 -   - Range Coverage: nan%
2026-01-08 18:31:00,964 -   - Epsilon Hit (0.2%): 15.02%
2026-01-08 18:31:00,964 -   - Directional Acc: 55.34%
2026-01-08 18:31:01,228 - 
Sanity CHECK:
2026-01-08 18:31:01,228 - DBG shapes: (253, 1), (253, 1), (253, 5)
2026-01-08 18:31:01,229 - DBG preds stats: min=-0.014021635055541992, max=0.07250991463661194, median=0.035774171352386475, std=0.022738873958587646
2026-01-08 18:31:01,229 - DBG actuals stats: min=-5.518972873687744, max=4.738952159881592, median=0.2158277928829193, std=1.234215497970581
2026-01-08 18:31:01,230 - Epoch 16:
2026-01-08 18:31:01,230 -   - Range Coverage: nan%
2026-01-08 18:31:01,230 -   - Epsilon Hit (0.2%): 15.42%
2026-01-08 18:31:01,230 -   - Directional Acc: 59.29%
2026-01-08 18:31:01,535 - 
Sanity CHECK:
2026-01-08 18:31:01,535 - DBG shapes: (253, 1), (253, 1), (253, 5)
2026-01-08 18:31:01,536 - DBG preds stats: min=-0.048203036189079285, max=0.071646548807621, median=0.016078606247901917, std=0.02614920772612095
2026-01-08 18:31:01,536 - DBG actuals stats: min=-5.518972873687744, max=4.738952159881592, median=0.2158277928829193, std=1.234215497970581
2026-01-08 18:31:01,536 - Epoch 17:
2026-01-08 18:31:01,536 -   - Range Coverage: nan%
2026-01-08 18:31:01,537 -   - Epsilon Hit (0.2%): 15.42%
2026-01-08 18:31:01,537 -   - Directional Acc: 56.13%
2026-01-08 18:31:01,957 - 
Sanity CHECK:
2026-01-08 18:31:01,958 - DBG shapes: (253, 1), (253, 1), (253, 5)
2026-01-08 18:31:01,958 - DBG preds stats: min=-0.00801609456539154, max=0.08765414357185364, median=0.040484800934791565, std=0.022120127454400063
2026-01-08 18:31:01,959 - DBG actuals stats: min=-5.518972873687744, max=4.738952159881592, median=0.2158277928829193, std=1.234215497970581
2026-01-08 18:31:01,959 - Epoch 18:
2026-01-08 18:31:01,959 -   - Range Coverage: nan%
2026-01-08 18:31:01,960 -   - Epsilon Hit (0.2%): 15.81%
2026-01-08 18:31:01,960 -   - Directional Acc: 59.68%
2026-01-08 18:31:02,295 - 
Sanity CHECK:
2026-01-08 18:31:02,295 - DBG shapes: (253, 1), (253, 1), (253, 5)
2026-01-08 18:31:02,296 - DBG preds stats: min=-0.019146904349327087, max=0.08115369081497192, median=0.03565341234207153, std=0.02520100027322769
2026-01-08 18:31:02,296 - DBG actuals stats: min=-5.518972873687744, max=4.738952159881592, median=0.2158277928829193, std=1.234215497970581
2026-01-08 18:31:02,297 - Epoch 20/100 | Train Loss: 0.247704 | Val Loss: 0.506230
2026-01-08 18:31:02,297 - Current LR: 0.001000
2026-01-08 18:31:02,297 - Epoch 19:
2026-01-08 18:31:02,297 -   - Range Coverage: nan%
2026-01-08 18:31:02,297 -   - Epsilon Hit (0.2%): 15.42%
2026-01-08 18:31:02,298 -   - Directional Acc: 56.92%
2026-01-08 18:31:02,738 - 
Sanity CHECK:
2026-01-08 18:31:02,738 - DBG shapes: (253, 1), (253, 1), (253, 5)
2026-01-08 18:31:02,739 - DBG preds stats: min=-0.024795018136501312, max=0.0837114155292511, median=0.029896579682826996, std=0.02695740945637226
2026-01-08 18:31:02,739 - DBG actuals stats: min=-5.518972873687744, max=4.738952159881592, median=0.2158277928829193, std=1.234215497970581
2026-01-08 18:31:02,740 - Epoch 20:
2026-01-08 18:31:02,740 -   - Range Coverage: nan%
2026-01-08 18:31:02,740 -   - Epsilon Hit (0.2%): 15.02%
2026-01-08 18:31:02,740 -   - Directional Acc: 56.52%
2026-01-08 18:31:03,046 - 
Sanity CHECK:
2026-01-08 18:31:03,047 - DBG shapes: (253, 1), (253, 1), (253, 5)
2026-01-08 18:31:03,047 - DBG preds stats: min=-0.07278896868228912, max=0.08768529444932938, median=0.024838879704475403, std=0.0400313138961792
2026-01-08 18:31:03,048 - DBG actuals stats: min=-5.518972873687744, max=4.738952159881592, median=0.2158277928829193, std=1.234215497970581
2026-01-08 18:31:03,048 - Epoch 21:
2026-01-08 18:31:03,048 -   - Range Coverage: nan%
2026-01-08 18:31:03,049 -   - Epsilon Hit (0.2%): 15.02%
2026-01-08 18:31:03,049 -   - Directional Acc: 54.94%
2026-01-08 18:31:04,169 -     0.100% |        1 | $    922.94 |  -0.54
2026-01-08 18:31:04,170 -     0.200% |        1 | $    922.94 |  -0.54
2026-01-08 18:31:04,171 -     0.300% |        1 | $    922.94 |  -0.54
2026-01-08 18:31:04,172 -     0.500% |        1 | $    922.94 |  -0.54
2026-01-08 18:31:04,173 - --- Final Test Results ---
2026-01-08 18:31:04,173 - Test RMSE: 0.8601
2026-01-08 18:31:04,174 -   - Range Coverage: nan%
2026-01-08 18:31:04,174 -   - Epsilon Hit (0.2%): 23.81%
2026-01-08 18:31:04,174 -   - Directional Acc: 50.00%
2026-01-08 18:31:04,175 -   - MAE: 0.6292
2026-01-08 18:31:04,175 -   - MAPE: 62.92%
2026-01-08 18:31:04,175 -   - Max Predicted Move (log-return): 0.1090
2026-01-08 18:31:04,175 -   - Avg Predicted Move (log-return): 0.0606
2026-01-08 18:31:04,176 - 
--- Trading Performance (with 0.03% fee and $1000 capital) ---
2026-01-08 18:31:04,176 - Total Trades: 1
2026-01-08 18:31:04,176 - Strategy Final Value: $922.75
2026-01-08 18:31:04,177 - Buy & Hold Final Value: $923.22
2026-01-08 18:31:04,177 - Sharpe Ratio: -0.54
2026-01-08 18:31:04,177 - MARKET OUTPERFORMED STRATEGY
2026-01-08 18:31:05,104 - Completed Fold 1

2026-01-08 18:31:05,603 - 
--- Permutation Importance Fold 1 ---
2026-01-08 18:31:05,603 - Log_Ret_High   : 6.402056 (scaled x1000)
2026-01-08 18:31:05,603 - MACD_Z         : 4.744763 (scaled x1000)
2026-01-08 18:31:05,603 - Log_Ret_Open   : 2.365648 (scaled x1000)
2026-01-08 18:31:05,604 - Log_Ret_Close  : 1.603898 (scaled x1000)
2026-01-08 18:31:05,604 - Log_Ret_Low    : 1.133952 (scaled x1000)
2026-01-08 18:31:05,604 - BB_Low_Rel     : 0.207799 (scaled x1000)
2026-01-08 18:31:05,604 - Volume_Z       : 0.025507 (scaled x1000)
2026-01-08 18:31:05,604 - ATR_Pct        : -0.076862 (scaled x1000)
2026-01-08 18:31:05,604 - Sentiment      : -0.096111 (scaled x1000)
2026-01-08 18:31:05,604 - News_Vol_Z     : -0.864391 (scaled x1000)
2026-01-08 18:31:05,605 - BB_High_Rel    : -1.253802 (scaled x1000)
2026-01-08 18:31:05,877 - 

 ==============> Starting Fold 2 | Test Year: 2022
2026-01-08 18:31:06,203 - 
Sanity CHECK:
2026-01-08 18:31:06,203 - DBG shapes: (252, 1), (252, 1), (252, 5)
2026-01-08 18:31:06,204 - DBG preds stats: min=0.025409825146198273, max=0.12021031230688095, median=0.08310391753911972, std=0.0238337442278862
2026-01-08 18:31:06,204 - DBG actuals stats: min=-3.480879545211792, max=2.1048059463500977, median=-5.4977601394057274e-05, std=0.8566687107086182
2026-01-08 18:31:06,205 - Epoch 0:
2026-01-08 18:31:06,205 -   - Range Coverage: nan%
2026-01-08 18:31:06,205 -   - Epsilon Hit (0.2%): 22.22%
2026-01-08 18:31:06,206 -   - Directional Acc: 50.00%
2026-01-08 18:31:06,206 - Best model updated at Epoch 0
2026-01-08 18:31:06,536 - 
Sanity CHECK:
2026-01-08 18:31:06,536 - DBG shapes: (252, 1), (252, 1), (252, 5)
2026-01-08 18:31:06,536 - DBG preds stats: min=0.05311302840709686, max=0.11912190169095993, median=0.09823833405971527, std=0.017514612525701523
2026-01-08 18:31:06,537 - DBG actuals stats: min=-3.480879545211792, max=2.1048059463500977, median=-5.4977601394057274e-05, std=0.8566687107086182
2026-01-08 18:31:06,537 - Epoch 1:
2026-01-08 18:31:06,537 -   - Range Coverage: nan%
2026-01-08 18:31:06,537 -   - Epsilon Hit (0.2%): 21.83%
2026-01-08 18:31:06,538 -   - Directional Acc: 50.00%
2026-01-08 18:31:06,874 - 
Sanity CHECK:
2026-01-08 18:31:06,874 - DBG shapes: (252, 1), (252, 1), (252, 5)
2026-01-08 18:31:06,875 - DBG preds stats: min=0.06170441210269928, max=0.11997100710868835, median=0.11436685919761658, std=0.01433982141315937
2026-01-08 18:31:06,875 - DBG actuals stats: min=-3.480879545211792, max=2.1048059463500977, median=-5.4977601394057274e-05, std=0.8566687107086182
2026-01-08 18:31:06,876 - Epoch 2:
2026-01-08 18:31:06,876 -   - Range Coverage: nan%
2026-01-08 18:31:06,876 -   - Epsilon Hit (0.2%): 22.62%
2026-01-08 18:31:06,876 -   - Directional Acc: 50.00%
2026-01-08 18:31:07,215 - 
Sanity CHECK:
2026-01-08 18:31:07,216 - DBG shapes: (252, 1), (252, 1), (252, 5)
2026-01-08 18:31:07,216 - DBG preds stats: min=0.06788374483585358, max=0.12086918950080872, median=0.12086918950080872, std=0.011250046081840992
2026-01-08 18:31:07,216 - DBG actuals stats: min=-3.480879545211792, max=2.1048059463500977, median=-5.4977601394057274e-05, std=0.8566687107086182
2026-01-08 18:31:07,217 - Epoch 3:
2026-01-08 18:31:07,217 -   - Range Coverage: nan%
2026-01-08 18:31:07,217 -   - Epsilon Hit (0.2%): 22.22%
2026-01-08 18:31:07,217 -   - Directional Acc: 50.00%
2026-01-08 18:31:07,553 - 
Sanity CHECK:
2026-01-08 18:31:07,553 - DBG shapes: (252, 1), (252, 1), (252, 5)
2026-01-08 18:31:07,554 - DBG preds stats: min=0.039913006126880646, max=0.11954144388437271, median=0.10293944180011749, std=0.02025214582681656
2026-01-08 18:31:07,554 - DBG actuals stats: min=-3.480879545211792, max=2.1048059463500977, median=-5.4977601394057274e-05, std=0.8566687107086182
2026-01-08 18:31:07,555 - Epoch 5/100 | Train Loss: 0.298018 | Val Loss: 0.307394
2026-01-08 18:31:07,555 - Current LR: 0.001000
2026-01-08 18:31:07,555 - Epoch 4:
2026-01-08 18:31:07,555 -   - Range Coverage: nan%
2026-01-08 18:31:07,556 -   - Epsilon Hit (0.2%): 22.62%
2026-01-08 18:31:07,556 -   - Directional Acc: 50.00%
2026-01-08 18:31:07,891 - 
Sanity CHECK:
2026-01-08 18:31:07,891 - DBG shapes: (252, 1), (252, 1), (252, 5)
2026-01-08 18:31:07,891 - DBG preds stats: min=0.030173063278198242, max=0.1194450706243515, median=0.1126168966293335, std=0.021259039640426636
2026-01-08 18:31:07,892 - DBG actuals stats: min=-3.480879545211792, max=2.1048059463500977, median=-5.4977601394057274e-05, std=0.8566687107086182
2026-01-08 18:31:07,892 - Epoch 5:
2026-01-08 18:31:07,892 -   - Range Coverage: nan%
2026-01-08 18:31:07,893 -   - Epsilon Hit (0.2%): 22.22%
2026-01-08 18:31:07,893 -   - Directional Acc: 50.00%
2026-01-08 18:31:08,261 - 
Sanity CHECK:
2026-01-08 18:31:08,261 - DBG shapes: (252, 1), (252, 1), (252, 5)
2026-01-08 18:31:08,262 - DBG preds stats: min=0.04301873594522476, max=0.12116827070713043, median=0.11925886571407318, std=0.01784394681453705
2026-01-08 18:31:08,262 - DBG actuals stats: min=-3.480879545211792, max=2.1048059463500977, median=-5.4977601394057274e-05, std=0.8566687107086182
2026-01-08 18:31:08,262 - Epoch 6:
2026-01-08 18:31:08,262 -   - Range Coverage: nan%
2026-01-08 18:31:08,263 -   - Epsilon Hit (0.2%): 22.62%
2026-01-08 18:31:08,263 -   - Directional Acc: 50.00%
2026-01-08 18:31:08,599 - 
Sanity CHECK:
2026-01-08 18:31:08,600 - DBG shapes: (252, 1), (252, 1), (252, 5)
2026-01-08 18:31:08,600 - DBG preds stats: min=0.05221809446811676, max=0.12009339034557343, median=0.12004109472036362, std=0.014195462688803673
2026-01-08 18:31:08,600 - DBG actuals stats: min=-3.480879545211792, max=2.1048059463500977, median=-5.4977601394057274e-05, std=0.8566687107086182
2026-01-08 18:31:08,601 - Epoch 7:
2026-01-08 18:31:08,601 -   - Range Coverage: nan%
2026-01-08 18:31:08,601 -   - Epsilon Hit (0.2%): 22.62%
2026-01-08 18:31:08,601 -   - Directional Acc: 50.00%
2026-01-08 18:31:09,091 - 
Sanity CHECK:
2026-01-08 18:31:09,091 - DBG shapes: (252, 1), (252, 1), (252, 5)
2026-01-08 18:31:09,092 - DBG preds stats: min=0.043633460998535156, max=0.11921136826276779, median=0.11919711530208588, std=0.014151467941701412
2026-01-08 18:31:09,093 - DBG actuals stats: min=-3.480879545211792, max=2.1048059463500977, median=-5.4977601394057274e-05, std=0.8566687107086182
2026-01-08 18:31:09,093 - Epoch 8:
2026-01-08 18:31:09,094 -   - Range Coverage: nan%
2026-01-08 18:31:09,094 -   - Epsilon Hit (0.2%): 22.22%
2026-01-08 18:31:09,094 -   - Directional Acc: 50.00%
2026-01-08 18:31:09,478 - 
Sanity CHECK:
2026-01-08 18:31:09,479 - DBG shapes: (252, 1), (252, 1), (252, 5)
2026-01-08 18:31:09,479 - DBG preds stats: min=0.026682108640670776, max=0.11969217658042908, median=0.11969217658042908, std=0.018384015187621117
2026-01-08 18:31:09,480 - DBG actuals stats: min=-3.480879545211792, max=2.1048059463500977, median=-5.4977601394057274e-05, std=0.8566687107086182
2026-01-08 18:31:09,480 - Epoch 10/100 | Train Loss: 0.299114 | Val Loss: 0.308152
2026-01-08 18:31:09,480 - Current LR: 0.001000
2026-01-08 18:31:09,480 - Epoch 9:
2026-01-08 18:31:09,481 -   - Range Coverage: nan%
2026-01-08 18:31:09,481 -   - Epsilon Hit (0.2%): 22.22%
2026-01-08 18:31:09,481 -   - Directional Acc: 50.00%
2026-01-08 18:31:10,001 - 
Sanity CHECK:
2026-01-08 18:31:10,002 - DBG shapes: (252, 1), (252, 1), (252, 5)
2026-01-08 18:31:10,002 - DBG preds stats: min=0.094340980052948, max=0.11899829655885696, median=0.11899826675653458, std=0.0032015701290220022
2026-01-08 18:31:10,002 - DBG actuals stats: min=-3.480879545211792, max=2.1048059463500977, median=-5.4977601394057274e-05, std=0.8566687107086182
2026-01-08 18:31:10,003 - Epoch 10:
2026-01-08 18:31:10,003 -   - Range Coverage: nan%
2026-01-08 18:31:10,003 -   - Epsilon Hit (0.2%): 21.83%
2026-01-08 18:31:10,004 -   - Directional Acc: 50.00%
2026-01-08 18:31:10,427 -     0.100% |        1 | $   1015.91 |   0.13
2026-01-08 18:31:10,428 -     0.200% |        1 | $   1015.91 |   0.13
2026-01-08 18:31:10,428 -     0.300% |        1 | $   1015.91 |   0.13
2026-01-08 18:31:10,429 -     0.500% |        1 | $   1015.91 |   0.13
2026-01-08 18:31:10,429 - --- Final Test Results ---
2026-01-08 18:31:10,429 - Test RMSE: 0.9618
2026-01-08 18:31:10,430 -   - Range Coverage: nan%
2026-01-08 18:31:10,430 -   - Epsilon Hit (0.2%): 18.33%
2026-01-08 18:31:10,430 -   - Directional Acc: 51.00%
2026-01-08 18:31:10,430 -   - MAE: 0.7448
2026-01-08 18:31:10,430 -   - MAPE: 74.48%
2026-01-08 18:31:10,431 -   - Max Predicted Move (log-return): 0.1190
2026-01-08 18:31:10,431 -   - Avg Predicted Move (log-return): 0.1170
2026-01-08 18:31:10,431 - 
--- Trading Performance (with 0.03% fee and $1000 capital) ---
2026-01-08 18:31:10,431 - Total Trades: 1
2026-01-08 18:31:10,431 - Strategy Final Value: $1015.71
2026-01-08 18:31:10,432 - Buy & Hold Final Value: $1016.22
2026-01-08 18:31:10,432 - Sharpe Ratio: 0.13
2026-01-08 18:31:10,432 - MARKET OUTPERFORMED STRATEGY
2026-01-08 18:31:11,339 - Completed Fold 2

2026-01-08 18:31:11,892 - 
--- Permutation Importance Fold 2 ---
2026-01-08 18:31:11,892 - Log_Ret_Open   : 0.252093 (scaled x1000)
2026-01-08 18:31:11,893 - ATR_Pct        : 0.062976 (scaled x1000)
2026-01-08 18:31:11,893 - Sentiment      : 0.041735 (scaled x1000)
2026-01-08 18:31:11,893 - Volume_Z       : -0.080007 (scaled x1000)
2026-01-08 18:31:11,893 - BB_Low_Rel     : -0.131567 (scaled x1000)
2026-01-08 18:31:11,893 - MACD_Z         : -0.454964 (scaled x1000)
2026-01-08 18:31:11,894 - Log_Ret_Low    : -0.494921 (scaled x1000)
2026-01-08 18:31:11,894 - News_Vol_Z     : -0.720251 (scaled x1000)
2026-01-08 18:31:11,894 - BB_High_Rel    : -0.835911 (scaled x1000)
2026-01-08 18:31:11,894 - Log_Ret_High   : -0.860989 (scaled x1000)
2026-01-08 18:31:11,894 - Log_Ret_Close  : -2.159911 (scaled x1000)
2026-01-08 18:31:12,275 - 

 ==============> Starting Fold 3 | Test Year: 2023
2026-01-08 18:31:12,957 - 
Sanity CHECK:
2026-01-08 18:31:12,959 - DBG shapes: (251, 1), (251, 1), (251, 5)
2026-01-08 18:31:12,960 - DBG preds stats: min=-0.07653161138296127, max=0.11497709900140762, median=0.11488249897956848, std=0.045112233608961105
2026-01-08 18:31:12,961 - DBG actuals stats: min=-3.0161495208740234, max=3.023458242416382, median=0.043143823742866516, std=0.9564350247383118
2026-01-08 18:31:12,962 - Epoch 0:
2026-01-08 18:31:12,962 -   - Range Coverage: nan%
2026-01-08 18:31:12,962 -   - Epsilon Hit (0.2%): 18.33%
2026-01-08 18:31:12,963 -   - Directional Acc: 52.99%
2026-01-08 18:31:12,963 - Best model updated at Epoch 0
2026-01-08 18:31:13,657 - 
Sanity CHECK:
2026-01-08 18:31:13,658 - DBG shapes: (251, 1), (251, 1), (251, 5)
2026-01-08 18:31:13,659 - DBG preds stats: min=-0.004714064300060272, max=0.11274593323469162, median=0.11274593323469162, std=0.02352544292807579
2026-01-08 18:31:13,659 - DBG actuals stats: min=-3.0161495208740234, max=3.023458242416382, median=0.043143823742866516, std=0.9564350247383118
2026-01-08 18:31:13,660 - Epoch 1:
2026-01-08 18:31:13,660 -   - Range Coverage: nan%
2026-01-08 18:31:13,661 -   - Epsilon Hit (0.2%): 17.53%
2026-01-08 18:31:13,661 -   - Directional Acc: 51.39%
2026-01-08 18:31:14,352 - 
Sanity CHECK:
2026-01-08 18:31:14,353 - DBG shapes: (251, 1), (251, 1), (251, 5)
2026-01-08 18:31:14,353 - DBG preds stats: min=0.02238508313894272, max=0.11285451054573059, median=0.11285451054573059, std=0.014216366223990917
2026-01-08 18:31:14,354 - DBG actuals stats: min=-3.0161495208740234, max=3.023458242416382, median=0.043143823742866516, std=0.9564350247383118
2026-01-08 18:31:14,354 - Epoch 2:
2026-01-08 18:31:14,354 -   - Range Coverage: nan%
2026-01-08 18:31:14,354 -   - Epsilon Hit (0.2%): 18.33%
2026-01-08 18:31:14,354 -   - Directional Acc: 51.00%
2026-01-08 18:31:14,825 - 
Sanity CHECK:
2026-01-08 18:31:14,825 - DBG shapes: (251, 1), (251, 1), (251, 5)
2026-01-08 18:31:14,826 - DBG preds stats: min=0.06219915300607681, max=0.11354729533195496, median=0.11354729533195496, std=0.003570649540051818
2026-01-08 18:31:14,826 - DBG actuals stats: min=-3.0161495208740234, max=3.023458242416382, median=0.043143823742866516, std=0.9564350247383118
2026-01-08 18:31:14,826 - Epoch 3:
2026-01-08 18:31:14,827 -   - Range Coverage: nan%
2026-01-08 18:31:14,827 -   - Epsilon Hit (0.2%): 17.93%
2026-01-08 18:31:14,827 -   - Directional Acc: 51.00%
2026-01-08 18:31:15,253 - 
Sanity CHECK:
2026-01-08 18:31:15,253 - DBG shapes: (251, 1), (251, 1), (251, 5)
2026-01-08 18:31:15,254 - DBG preds stats: min=0.10886020958423615, max=0.10886020958423615, median=0.10886020958423615, std=7.450580596923828e-09
2026-01-08 18:31:15,254 - DBG actuals stats: min=-3.0161495208740234, max=3.023458242416382, median=0.043143823742866516, std=0.9564350247383118
2026-01-08 18:31:15,254 - Epoch 5/100 | Train Loss: 0.301996 | Val Loss: 0.386719
2026-01-08 18:31:15,254 - Current LR: 0.001000
2026-01-08 18:31:15,255 - Epoch 4:
2026-01-08 18:31:15,255 -   - Range Coverage: nan%
2026-01-08 18:31:15,255 -   - Epsilon Hit (0.2%): 17.53%
2026-01-08 18:31:15,255 -   - Directional Acc: 51.00%
2026-01-08 18:31:15,784 - 
Sanity CHECK:
2026-01-08 18:31:15,785 - DBG shapes: (251, 1), (251, 1), (251, 5)
2026-01-08 18:31:15,786 - DBG preds stats: min=-0.06586865335702896, max=0.09831967204809189, median=0.09831967204809189, std=0.029116014018654823
2026-01-08 18:31:15,787 - DBG actuals stats: min=-3.0161495208740234, max=3.023458242416382, median=0.043143823742866516, std=0.9564350247383118
2026-01-08 18:31:15,788 - Epoch 5:
2026-01-08 18:31:15,788 -   - Range Coverage: nan%
2026-01-08 18:31:15,789 -   - Epsilon Hit (0.2%): 16.73%
2026-01-08 18:31:15,789 -   - Directional Acc: 51.39%
2026-01-08 18:31:15,790 - Best model updated at Epoch 5
2026-01-08 18:31:16,484 - 
Sanity CHECK:
2026-01-08 18:31:16,484 - DBG shapes: (251, 1), (251, 1), (251, 5)
2026-01-08 18:31:16,485 - DBG preds stats: min=0.017287395894527435, max=0.09933548420667648, median=0.09933548420667648, std=0.015366721898317337
2026-01-08 18:31:16,485 - DBG actuals stats: min=-3.0161495208740234, max=3.023458242416382, median=0.043143823742866516, std=0.9564350247383118
2026-01-08 18:31:16,486 - Epoch 6:
2026-01-08 18:31:16,486 -   - Range Coverage: nan%
2026-01-08 18:31:16,486 -   - Epsilon Hit (0.2%): 16.33%
2026-01-08 18:31:16,486 -   - Directional Acc: 51.00%
2026-01-08 18:31:17,403 - 
Sanity CHECK:
2026-01-08 18:31:17,403 - DBG shapes: (251, 1), (251, 1), (251, 5)
2026-01-08 18:31:17,404 - DBG preds stats: min=0.040488939732313156, max=0.09890110790729523, median=0.09890110790729523, std=0.00775091303512454
2026-01-08 18:31:17,404 - DBG actuals stats: min=-3.0161495208740234, max=3.023458242416382, median=0.043143823742866516, std=0.9564350247383118
2026-01-08 18:31:17,405 - Epoch 7:
2026-01-08 18:31:17,405 -   - Range Coverage: nan%
2026-01-08 18:31:17,405 -   - Epsilon Hit (0.2%): 16.33%
2026-01-08 18:31:17,405 -   - Directional Acc: 51.00%
2026-01-08 18:31:18,187 - 
Sanity CHECK:
2026-01-08 18:31:18,187 - DBG shapes: (251, 1), (251, 1), (251, 5)
2026-01-08 18:31:18,187 - DBG preds stats: min=-0.1360330432653427, max=0.09848262369632721, median=0.09848262369632721, std=0.04394630715250969
2026-01-08 18:31:18,188 - DBG actuals stats: min=-3.0161495208740234, max=3.023458242416382, median=0.043143823742866516, std=0.9564350247383118
2026-01-08 18:31:18,188 - Epoch 8:
2026-01-08 18:31:18,188 -   - Range Coverage: nan%
2026-01-08 18:31:18,188 -   - Epsilon Hit (0.2%): 17.13%
2026-01-08 18:31:18,189 -   - Directional Acc: 54.98%
2026-01-08 18:31:18,189 - Best model updated at Epoch 8
2026-01-08 18:31:18,907 - 
Sanity CHECK:
2026-01-08 18:31:18,908 - DBG shapes: (251, 1), (251, 1), (251, 5)
2026-01-08 18:31:18,908 - DBG preds stats: min=-0.02321580797433853, max=0.10062365978956223, median=0.10062365978956223, std=0.018747489899396896
2026-01-08 18:31:18,909 - DBG actuals stats: min=-3.0161495208740234, max=3.023458242416382, median=0.043143823742866516, std=0.9564350247383118
2026-01-08 18:31:18,910 - Epoch 10/100 | Train Loss: 0.300857 | Val Loss: 0.384898
2026-01-08 18:31:18,910 - Current LR: 0.001000
2026-01-08 18:31:18,911 - Epoch 9:
2026-01-08 18:31:18,911 -   - Range Coverage: nan%
2026-01-08 18:31:18,911 -   - Epsilon Hit (0.2%): 16.33%
2026-01-08 18:31:18,912 -   - Directional Acc: 51.79%
2026-01-08 18:31:19,452 - 
Sanity CHECK:
2026-01-08 18:31:19,452 - DBG shapes: (251, 1), (251, 1), (251, 5)
2026-01-08 18:31:19,453 - DBG preds stats: min=-0.05389634519815445, max=0.10060103982686996, median=0.10060103982686996, std=0.029472017660737038
2026-01-08 18:31:19,453 - DBG actuals stats: min=-3.0161495208740234, max=3.023458242416382, median=0.043143823742866516, std=0.9564350247383118
2026-01-08 18:31:19,454 - Epoch 10:
2026-01-08 18:31:19,454 -   - Range Coverage: nan%
2026-01-08 18:31:19,454 -   - Epsilon Hit (0.2%): 16.73%
2026-01-08 18:31:19,454 -   - Directional Acc: 52.59%
2026-01-08 18:31:19,938 - 
Sanity CHECK:
2026-01-08 18:31:19,939 - DBG shapes: (251, 1), (251, 1), (251, 5)
2026-01-08 18:31:19,939 - DBG preds stats: min=0.08216159045696259, max=0.10377524048089981, median=0.10377524048089981, std=0.0014019757509231567
2026-01-08 18:31:19,940 - DBG actuals stats: min=-3.0161495208740234, max=3.023458242416382, median=0.043143823742866516, std=0.9564350247383118
2026-01-08 18:31:19,940 - Epoch 11:
2026-01-08 18:31:19,940 -   - Range Coverage: nan%
2026-01-08 18:31:19,941 -   - Epsilon Hit (0.2%): 16.73%
2026-01-08 18:31:19,941 -   - Directional Acc: 51.00%
2026-01-08 18:31:20,412 - 
Sanity CHECK:
2026-01-08 18:31:20,412 - DBG shapes: (251, 1), (251, 1), (251, 5)
2026-01-08 18:31:20,413 - DBG preds stats: min=-0.0889667347073555, max=0.1024060919880867, median=0.1024060919880867, std=0.043718766421079636
2026-01-08 18:31:20,413 - DBG actuals stats: min=-3.0161495208740234, max=3.023458242416382, median=0.043143823742866516, std=0.9564350247383118
2026-01-08 18:31:20,413 - Epoch 12:
2026-01-08 18:31:20,413 -   - Range Coverage: nan%
2026-01-08 18:31:20,414 -   - Epsilon Hit (0.2%): 16.73%
2026-01-08 18:31:20,414 -   - Directional Acc: 54.58%
2026-01-08 18:31:20,917 - 
Sanity CHECK:
2026-01-08 18:31:20,918 - DBG shapes: (251, 1), (251, 1), (251, 5)
2026-01-08 18:31:20,918 - DBG preds stats: min=0.005131937563419342, max=0.10270946472883224, median=0.10270946472883224, std=0.015378855168819427
2026-01-08 18:31:20,918 - DBG actuals stats: min=-3.0161495208740234, max=3.023458242416382, median=0.043143823742866516, std=0.9564350247383118
2026-01-08 18:31:20,919 - Epoch 13:
2026-01-08 18:31:20,919 -   - Range Coverage: nan%
2026-01-08 18:31:20,919 -   - Epsilon Hit (0.2%): 16.33%
2026-01-08 18:31:20,919 -   - Directional Acc: 51.00%
2026-01-08 18:31:21,496 - 
Sanity CHECK:
2026-01-08 18:31:21,496 - DBG shapes: (251, 1), (251, 1), (251, 5)
2026-01-08 18:31:21,497 - DBG preds stats: min=-0.08828707784414291, max=0.10381501168012619, median=0.10381501168012619, std=0.03262830525636673
2026-01-08 18:31:21,497 - DBG actuals stats: min=-3.0161495208740234, max=3.023458242416382, median=0.043143823742866516, std=0.9564350247383118
2026-01-08 18:31:21,497 - Epoch 15/100 | Train Loss: 0.299277 | Val Loss: 0.384407
2026-01-08 18:31:21,497 - Current LR: 0.001000
2026-01-08 18:31:21,498 - Epoch 14:
2026-01-08 18:31:21,498 -   - Range Coverage: nan%
2026-01-08 18:31:21,498 -   - Epsilon Hit (0.2%): 17.13%
2026-01-08 18:31:21,498 -   - Directional Acc: 52.99%
2026-01-08 18:31:22,055 - 
Sanity CHECK:
2026-01-08 18:31:22,055 - DBG shapes: (251, 1), (251, 1), (251, 5)
2026-01-08 18:31:22,056 - DBG preds stats: min=0.017507106065750122, max=0.10423010587692261, median=0.10423010587692261, std=0.013464071787893772
2026-01-08 18:31:22,056 - DBG actuals stats: min=-3.0161495208740234, max=3.023458242416382, median=0.043143823742866516, std=0.9564350247383118
2026-01-08 18:31:22,056 - Epoch 15:
2026-01-08 18:31:22,057 -   - Range Coverage: nan%
2026-01-08 18:31:22,057 -   - Epsilon Hit (0.2%): 16.73%
2026-01-08 18:31:22,057 -   - Directional Acc: 51.00%
2026-01-08 18:31:22,627 - 
Sanity CHECK:
2026-01-08 18:31:22,627 - DBG shapes: (251, 1), (251, 1), (251, 5)
2026-01-08 18:31:22,628 - DBG preds stats: min=0.08181098103523254, max=0.1065446212887764, median=0.1065446212887764, std=0.0025477821473032236
2026-01-08 18:31:22,628 - DBG actuals stats: min=-3.0161495208740234, max=3.023458242416382, median=0.043143823742866516, std=0.9564350247383118
2026-01-08 18:31:22,628 - Epoch 16:
2026-01-08 18:31:22,628 -   - Range Coverage: nan%
2026-01-08 18:31:22,629 -   - Epsilon Hit (0.2%): 17.93%
2026-01-08 18:31:22,629 -   - Directional Acc: 51.00%
2026-01-08 18:31:23,055 - 
Sanity CHECK:
2026-01-08 18:31:23,056 - DBG shapes: (251, 1), (251, 1), (251, 5)
2026-01-08 18:31:23,056 - DBG preds stats: min=0.049688346683979034, max=0.10690943896770477, median=0.10690943896770477, std=0.005965392105281353
2026-01-08 18:31:23,056 - DBG actuals stats: min=-3.0161495208740234, max=3.023458242416382, median=0.043143823742866516, std=0.9564350247383118
2026-01-08 18:31:23,057 - Epoch 17:
2026-01-08 18:31:23,057 -   - Range Coverage: nan%
2026-01-08 18:31:23,057 -   - Epsilon Hit (0.2%): 17.93%
2026-01-08 18:31:23,057 -   - Directional Acc: 51.00%
2026-01-08 18:31:23,523 - 
Sanity CHECK:
2026-01-08 18:31:23,524 - DBG shapes: (251, 1), (251, 1), (251, 5)
2026-01-08 18:31:23,524 - DBG preds stats: min=-0.07618410885334015, max=0.10639551281929016, median=0.10639551281929016, std=0.02436455897986889
2026-01-08 18:31:23,524 - DBG actuals stats: min=-3.0161495208740234, max=3.023458242416382, median=0.043143823742866516, std=0.9564350247383118
2026-01-08 18:31:23,525 - Epoch 18:
2026-01-08 18:31:23,525 -   - Range Coverage: nan%
2026-01-08 18:31:23,525 -   - Epsilon Hit (0.2%): 17.93%
2026-01-08 18:31:23,525 -   - Directional Acc: 51.39%
2026-01-08 18:31:24,039 -     0.100% |       15 | $   1072.74 |   0.53
2026-01-08 18:31:24,040 -     0.200% |       15 | $   1064.24 |   0.47
2026-01-08 18:31:24,041 -     0.300% |       15 | $   1064.24 |   0.47
2026-01-08 18:31:24,042 -     0.500% |       16 | $   1072.03 |   0.53
2026-01-08 18:31:24,042 - --- Final Test Results ---
2026-01-08 18:31:24,043 - Test RMSE: 0.8440
2026-01-08 18:31:24,043 -   - Range Coverage: nan%
2026-01-08 18:31:24,043 -   - Epsilon Hit (0.2%): 21.60%
2026-01-08 18:31:24,043 -   - Directional Acc: 50.00%
2026-01-08 18:31:24,044 -   - MAE: 0.6331
2026-01-08 18:31:24,044 -   - MAPE: 63.31%
2026-01-08 18:31:24,045 -   - Max Predicted Move (log-return): 0.2334
2026-01-08 18:31:24,045 -   - Avg Predicted Move (log-return): 0.0911
2026-01-08 18:31:24,045 - 
--- Trading Performance (with 0.03% fee and $1000 capital) ---
2026-01-08 18:31:24,045 - Total Trades: 15
2026-01-08 18:31:24,046 - Strategy Final Value: $1069.52
2026-01-08 18:31:24,046 - Buy & Hold Final Value: $1114.93
2026-01-08 18:31:24,046 - Sharpe Ratio: 0.51
2026-01-08 18:31:24,046 - MARKET OUTPERFORMED STRATEGY
2026-01-08 18:31:24,890 - Completed Fold 3

2026-01-08 18:31:25,237 - 
--- Permutation Importance Fold 3 ---
2026-01-08 18:31:25,237 - MACD_Z         : 6.624648 (scaled x1000)
2026-01-08 18:31:25,237 - News_Vol_Z     : 0.332662 (scaled x1000)
2026-01-08 18:31:25,237 - Volume_Z       : 0.009238 (scaled x1000)
2026-01-08 18:31:25,237 - ATR_Pct        : -0.086841 (scaled x1000)
2026-01-08 18:31:25,238 - Sentiment      : -0.398215 (scaled x1000)
2026-01-08 18:31:25,238 - Log_Ret_Open   : -0.862062 (scaled x1000)
2026-01-08 18:31:25,238 - BB_High_Rel    : -1.494771 (scaled x1000)
2026-01-08 18:31:25,238 - BB_Low_Rel     : -1.936768 (scaled x1000)
2026-01-08 18:31:25,238 - Log_Ret_High   : -2.566505 (scaled x1000)
2026-01-08 18:31:25,239 - Log_Ret_Low    : -3.097752 (scaled x1000)
2026-01-08 18:31:25,239 - Log_Ret_Close  : -3.902215 (scaled x1000)
2026-01-08 18:31:25,503 - 

 ==============> Starting Fold 4 | Test Year: 2024
2026-01-08 18:31:26,011 - 
Sanity CHECK:
2026-01-08 18:31:26,012 - DBG shapes: (250, 1), (250, 1), (250, 5)
2026-01-08 18:31:26,012 - DBG preds stats: min=-0.16449406743049622, max=0.10678425431251526, median=0.10676770657300949, std=0.06091686710715294
2026-01-08 18:31:26,012 - DBG actuals stats: min=-2.527449607849121, max=3.164232015609741, median=0.01672283560037613, std=0.8391518592834473
2026-01-08 18:31:26,013 - Epoch 0:
2026-01-08 18:31:26,013 -   - Range Coverage: nan%
2026-01-08 18:31:26,013 -   - Epsilon Hit (0.2%): 22.40%
2026-01-08 18:31:26,013 -   - Directional Acc: 50.80%
2026-01-08 18:31:26,014 - Best model updated at Epoch 0
2026-01-08 18:31:26,525 - 
Sanity CHECK:
2026-01-08 18:31:26,525 - DBG shapes: (250, 1), (250, 1), (250, 5)
2026-01-08 18:31:26,526 - DBG preds stats: min=-0.35901013016700745, max=0.10053297877311707, median=0.09962595254182816, std=0.11562127619981766
2026-01-08 18:31:26,526 - DBG actuals stats: min=-2.527449607849121, max=3.164232015609741, median=0.01672283560037613, std=0.8391518592834473
2026-01-08 18:31:26,527 - Epoch 1:
2026-01-08 18:31:26,527 -   - Range Coverage: nan%
2026-01-08 18:31:26,527 -   - Epsilon Hit (0.2%): 22.80%
2026-01-08 18:31:26,527 -   - Directional Acc: 50.40%
2026-01-08 18:31:27,004 - 
Sanity CHECK:
2026-01-08 18:31:27,005 - DBG shapes: (250, 1), (250, 1), (250, 5)
2026-01-08 18:31:27,005 - DBG preds stats: min=-0.3097851872444153, max=0.09791023284196854, median=0.09503496438264847, std=0.09890642762184143
2026-01-08 18:31:27,006 - DBG actuals stats: min=-2.527449607849121, max=3.164232015609741, median=0.01672283560037613, std=0.8391518592834473
2026-01-08 18:31:27,006 - Epoch 2:
2026-01-08 18:31:27,006 -   - Range Coverage: nan%
2026-01-08 18:31:27,006 -   - Epsilon Hit (0.2%): 22.40%
2026-01-08 18:31:27,007 -   - Directional Acc: 49.60%
2026-01-08 18:31:27,521 - 
Sanity CHECK:
2026-01-08 18:31:27,522 - DBG shapes: (250, 1), (250, 1), (250, 5)
2026-01-08 18:31:27,522 - DBG preds stats: min=-0.15717323124408722, max=0.09746785461902618, median=0.09746785461902618, std=0.053389210253953934
2026-01-08 18:31:27,523 - DBG actuals stats: min=-2.527449607849121, max=3.164232015609741, median=0.01672283560037613, std=0.8391518592834473
2026-01-08 18:31:27,523 - Epoch 3:
2026-01-08 18:31:27,523 -   - Range Coverage: nan%
2026-01-08 18:31:27,523 -   - Epsilon Hit (0.2%): 22.80%
2026-01-08 18:31:27,524 -   - Directional Acc: 50.80%
2026-01-08 18:31:27,524 - Best model updated at Epoch 3
2026-01-08 18:31:28,172 - 
Sanity CHECK:
2026-01-08 18:31:28,172 - DBG shapes: (250, 1), (250, 1), (250, 5)
2026-01-08 18:31:28,173 - DBG preds stats: min=-0.39726173877716064, max=0.09581512957811356, median=0.02012746036052704, std=0.1321992725133896
2026-01-08 18:31:28,173 - DBG actuals stats: min=-2.527449607849121, max=3.164232015609741, median=0.01672283560037613, std=0.8391518592834473
2026-01-08 18:31:28,173 - Epoch 5/100 | Train Loss: 0.307823 | Val Loss: 0.308781
2026-01-08 18:31:28,174 - Current LR: 0.001000
2026-01-08 18:31:28,174 - Epoch 4:
2026-01-08 18:31:28,174 -   - Range Coverage: nan%
2026-01-08 18:31:28,174 -   - Epsilon Hit (0.2%): 22.80%
2026-01-08 18:31:28,175 -   - Directional Acc: 52.00%
2026-01-08 18:31:28,997 - 
Sanity CHECK:
2026-01-08 18:31:28,997 - DBG shapes: (250, 1), (250, 1), (250, 5)
2026-01-08 18:31:28,998 - DBG preds stats: min=-0.3733460605144501, max=0.09519007802009583, median=0.09519007802009583, std=0.12537811696529388
2026-01-08 18:31:28,998 - DBG actuals stats: min=-2.527449607849121, max=3.164232015609741, median=0.01672283560037613, std=0.8391518592834473
2026-01-08 18:31:28,999 - Epoch 5:
2026-01-08 18:31:28,999 -   - Range Coverage: nan%
2026-01-08 18:31:28,999 -   - Epsilon Hit (0.2%): 22.80%
2026-01-08 18:31:29,000 -   - Directional Acc: 50.40%
2026-01-08 18:31:30,424 - 
Sanity CHECK:
2026-01-08 18:31:30,424 - DBG shapes: (250, 1), (250, 1), (250, 5)
2026-01-08 18:31:30,425 - DBG preds stats: min=-0.18700726330280304, max=0.09161330759525299, median=0.09161330759525299, std=0.06359310448169708
2026-01-08 18:31:30,426 - DBG actuals stats: min=-2.527449607849121, max=3.164232015609741, median=0.01672283560037613, std=0.8391518592834473
2026-01-08 18:31:30,427 - Epoch 6:
2026-01-08 18:31:30,427 -   - Range Coverage: nan%
2026-01-08 18:31:30,428 -   - Epsilon Hit (0.2%): 22.00%
2026-01-08 18:31:30,428 -   - Directional Acc: 49.60%
2026-01-08 18:31:31,251 - 
Sanity CHECK:
2026-01-08 18:31:31,252 - DBG shapes: (250, 1), (250, 1), (250, 5)
2026-01-08 18:31:31,254 - DBG preds stats: min=-0.30395784974098206, max=0.09287088364362717, median=0.09287088364362717, std=0.09615485370159149
2026-01-08 18:31:31,256 - DBG actuals stats: min=-2.527449607849121, max=3.164232015609741, median=0.01672283560037613, std=0.8391518592834473
2026-01-08 18:31:31,256 - Epoch 7:
2026-01-08 18:31:31,257 -   - Range Coverage: nan%
2026-01-08 18:31:31,258 -   - Epsilon Hit (0.2%): 21.20%
2026-01-08 18:31:31,258 -   - Directional Acc: 48.00%
2026-01-08 18:31:31,953 - 
Sanity CHECK:
2026-01-08 18:31:31,953 - DBG shapes: (250, 1), (250, 1), (250, 5)
2026-01-08 18:31:31,953 - DBG preds stats: min=-0.23610608279705048, max=0.09358339011669159, median=0.09358339011669159, std=0.07699908316135406
2026-01-08 18:31:31,954 - DBG actuals stats: min=-2.527449607849121, max=3.164232015609741, median=0.01672283560037613, std=0.8391518592834473
2026-01-08 18:31:31,954 - Epoch 8:
2026-01-08 18:31:31,954 -   - Range Coverage: nan%
2026-01-08 18:31:31,954 -   - Epsilon Hit (0.2%): 21.20%
2026-01-08 18:31:31,955 -   - Directional Acc: 49.60%
2026-01-08 18:31:32,823 - 
Sanity CHECK:
2026-01-08 18:31:32,823 - DBG shapes: (250, 1), (250, 1), (250, 5)
2026-01-08 18:31:32,824 - DBG preds stats: min=-0.3316093385219574, max=0.09451273828744888, median=0.09451273828744888, std=0.0950959175825119
2026-01-08 18:31:32,824 - DBG actuals stats: min=-2.527449607849121, max=3.164232015609741, median=0.01672283560037613, std=0.8391518592834473
2026-01-08 18:31:32,824 - Epoch 10/100 | Train Loss: 0.308610 | Val Loss: 0.304232
2026-01-08 18:31:32,825 - Current LR: 0.001000
2026-01-08 18:31:32,825 - Epoch 9:
2026-01-08 18:31:32,825 -   - Range Coverage: nan%
2026-01-08 18:31:32,825 -   - Epsilon Hit (0.2%): 22.00%
2026-01-08 18:31:32,825 -   - Directional Acc: 48.40%
2026-01-08 18:31:33,560 - 
Sanity CHECK:
2026-01-08 18:31:33,561 - DBG shapes: (250, 1), (250, 1), (250, 5)
2026-01-08 18:31:33,561 - DBG preds stats: min=-0.23475363850593567, max=0.09809919446706772, median=0.09809919446706772, std=0.07136638462543488
2026-01-08 18:31:33,562 - DBG actuals stats: min=-2.527449607849121, max=3.164232015609741, median=0.01672283560037613, std=0.8391518592834473
2026-01-08 18:31:33,562 - Epoch 10:
2026-01-08 18:31:33,562 -   - Range Coverage: nan%
2026-01-08 18:31:33,562 -   - Epsilon Hit (0.2%): 22.00%
2026-01-08 18:31:33,563 -   - Directional Acc: 51.60%
2026-01-08 18:31:34,100 - 
Sanity CHECK:
2026-01-08 18:31:34,101 - DBG shapes: (250, 1), (250, 1), (250, 5)
2026-01-08 18:31:34,101 - DBG preds stats: min=-0.6186363101005554, max=0.09446077048778534, median=0.009310901165008545, std=0.17286023497581482
2026-01-08 18:31:34,102 - DBG actuals stats: min=-2.527449607849121, max=3.164232015609741, median=0.01672283560037613, std=0.8391518592834473
2026-01-08 18:31:34,102 - Epoch 11:
2026-01-08 18:31:34,102 -   - Range Coverage: nan%
2026-01-08 18:31:34,102 -   - Epsilon Hit (0.2%): 24.00%
2026-01-08 18:31:34,103 -   - Directional Acc: 49.20%
2026-01-08 18:31:34,669 - 
Sanity CHECK:
2026-01-08 18:31:34,669 - DBG shapes: (250, 1), (250, 1), (250, 5)
2026-01-08 18:31:34,670 - DBG preds stats: min=-0.3556632399559021, max=0.09679297357797623, median=0.09679297357797623, std=0.10337559878826141
2026-01-08 18:31:34,670 - DBG actuals stats: min=-2.527449607849121, max=3.164232015609741, median=0.01672283560037613, std=0.8391518592834473
2026-01-08 18:31:34,671 - Epoch 12:
2026-01-08 18:31:34,671 -   - Range Coverage: nan%
2026-01-08 18:31:34,671 -   - Epsilon Hit (0.2%): 22.40%
2026-01-08 18:31:34,671 -   - Directional Acc: 49.20%
2026-01-08 18:31:35,200 - 
Sanity CHECK:
2026-01-08 18:31:35,201 - DBG shapes: (250, 1), (250, 1), (250, 5)
2026-01-08 18:31:35,201 - DBG preds stats: min=-0.39070868492126465, max=0.09514442086219788, median=0.03485048934817314, std=0.13581524789333344
2026-01-08 18:31:35,202 - DBG actuals stats: min=-2.527449607849121, max=3.164232015609741, median=0.01672283560037613, std=0.8391518592834473
2026-01-08 18:31:35,202 - Epoch 13:
2026-01-08 18:31:35,202 -   - Range Coverage: nan%
2026-01-08 18:31:35,202 -   - Epsilon Hit (0.2%): 23.20%
2026-01-08 18:31:35,203 -   - Directional Acc: 50.00%
2026-01-08 18:31:35,974 -     0.100% |       17 | $    901.98 |  -0.55
2026-01-08 18:31:35,975 -     0.200% |       18 | $    909.21 |  -0.50
2026-01-08 18:31:35,977 -     0.300% |       18 | $    909.21 |  -0.50
2026-01-08 18:31:35,978 -     0.500% |       18 | $    909.21 |  -0.50
2026-01-08 18:31:35,978 - --- Final Test Results ---
2026-01-08 18:31:35,978 - Test RMSE: 0.9824
2026-01-08 18:31:35,978 -   - Range Coverage: nan%
2026-01-08 18:31:35,978 -   - Epsilon Hit (0.2%): 20.24%
2026-01-08 18:31:35,979 -   - Directional Acc: 48.81%
2026-01-08 18:31:35,979 -   - MAE: 0.7547
2026-01-08 18:31:35,979 -   - MAPE: 75.47%
2026-01-08 18:31:35,979 -   - Max Predicted Move (log-return): 0.5076
2026-01-08 18:31:35,979 -   - Avg Predicted Move (log-return): 0.1334
2026-01-08 18:31:35,980 - 
--- Trading Performance (with 0.03% fee and $1000 capital) ---
2026-01-08 18:31:35,980 - Total Trades: 17
2026-01-08 18:31:35,980 - Strategy Final Value: $898.92
2026-01-08 18:31:35,980 - Buy & Hold Final Value: $1286.81
2026-01-08 18:31:35,980 - Sharpe Ratio: -0.58
2026-01-08 18:31:35,980 - MARKET OUTPERFORMED STRATEGY
2026-01-08 18:31:36,911 - Completed Fold 4

2026-01-08 18:31:37,256 - 
--- Permutation Importance Fold 4 ---
2026-01-08 18:31:37,257 - Log_Ret_Low    : 15.387839 (scaled x1000)
2026-01-08 18:31:37,257 - Log_Ret_High   : 13.435255 (scaled x1000)
2026-01-08 18:31:37,257 - News_Vol_Z     : 10.968533 (scaled x1000)
2026-01-08 18:31:37,257 - Log_Ret_Open   : 8.143673 (scaled x1000)
2026-01-08 18:31:37,258 - Log_Ret_Close  : 3.399639 (scaled x1000)
2026-01-08 18:31:37,258 - BB_High_Rel    : 3.384572 (scaled x1000)
2026-01-08 18:31:37,258 - MACD_Z         : 0.759697 (scaled x1000)
2026-01-08 18:31:37,258 - ATR_Pct        : 0.120253 (scaled x1000)
2026-01-08 18:31:37,258 - Volume_Z       : -0.910457 (scaled x1000)
2026-01-08 18:31:37,258 - Sentiment      : -2.567229 (scaled x1000)
2026-01-08 18:31:37,259 - BB_Low_Rel     : -3.171486 (scaled x1000)
2026-01-08 18:31:37,552 - 

 ==============> Starting Fold 5 | Test Year: 2025
2026-01-08 18:31:38,219 - 
Sanity CHECK:
2026-01-08 18:31:38,219 - DBG shapes: (252, 1), (252, 1), (252, 5)
2026-01-08 18:31:38,220 - DBG preds stats: min=0.07932308316230774, max=0.09157150238752365, median=0.09157150238752365, std=0.0008669206290505826
2026-01-08 18:31:38,220 - DBG actuals stats: min=-3.6335513591766357, max=2.214081287384033, median=0.1647656261920929, std=0.9486135840415955
2026-01-08 18:31:38,221 - Epoch 0:
2026-01-08 18:31:38,221 -   - Range Coverage: nan%
2026-01-08 18:31:38,221 -   - Epsilon Hit (0.2%): 19.44%
2026-01-08 18:31:38,221 -   - Directional Acc: 56.75%
2026-01-08 18:31:38,222 - Best model updated at Epoch 0
2026-01-08 18:31:38,822 - 
Sanity CHECK:
2026-01-08 18:31:38,822 - DBG shapes: (252, 1), (252, 1), (252, 5)
2026-01-08 18:31:38,823 - DBG preds stats: min=0.07699004560709, max=0.07699004560709, median=0.07699004560709, std=7.450580596923828e-09
2026-01-08 18:31:38,823 - DBG actuals stats: min=-3.6335513591766357, max=2.214081287384033, median=0.1647656261920929, std=0.9486135840415955
2026-01-08 18:31:38,823 - Epoch 1:
2026-01-08 18:31:38,823 -   - Range Coverage: nan%
2026-01-08 18:31:38,824 -   - Epsilon Hit (0.2%): 19.44%
2026-01-08 18:31:38,824 -   - Directional Acc: 56.75%
2026-01-08 18:31:39,409 - 
Sanity CHECK:
2026-01-08 18:31:39,409 - DBG shapes: (252, 1), (252, 1), (252, 5)
2026-01-08 18:31:39,410 - DBG preds stats: min=0.06467650830745697, max=0.06467650830745697, median=0.06467650830745697, std=0.0
2026-01-08 18:31:39,410 - DBG actuals stats: min=-3.6335513591766357, max=2.214081287384033, median=0.1647656261920929, std=0.9486135840415955
2026-01-08 18:31:39,411 - Epoch 2:
2026-01-08 18:31:39,411 -   - Range Coverage: nan%
2026-01-08 18:31:39,411 -   - Epsilon Hit (0.2%): 19.05%
2026-01-08 18:31:39,411 -   - Directional Acc: 56.75%
2026-01-08 18:31:40,003 - 
Sanity CHECK:
2026-01-08 18:31:40,003 - DBG shapes: (252, 1), (252, 1), (252, 5)
2026-01-08 18:31:40,004 - DBG preds stats: min=0.05356853827834129, max=0.05356853827834129, median=0.05356853827834129, std=0.0
2026-01-08 18:31:40,004 - DBG actuals stats: min=-3.6335513591766357, max=2.214081287384033, median=0.1647656261920929, std=0.9486135840415955
2026-01-08 18:31:40,004 - Epoch 3:
2026-01-08 18:31:40,005 -   - Range Coverage: nan%
2026-01-08 18:31:40,005 -   - Epsilon Hit (0.2%): 19.44%
2026-01-08 18:31:40,005 -   - Directional Acc: 56.75%
2026-01-08 18:31:40,576 - 
Sanity CHECK:
2026-01-08 18:31:40,577 - DBG shapes: (252, 1), (252, 1), (252, 5)
2026-01-08 18:31:40,577 - DBG preds stats: min=0.04938429966568947, max=0.04938429966568947, median=0.04938429966568947, std=0.0
2026-01-08 18:31:40,578 - DBG actuals stats: min=-3.6335513591766357, max=2.214081287384033, median=0.1647656261920929, std=0.9486135840415955
2026-01-08 18:31:40,578 - Epoch 5/100 | Train Loss: 0.308332 | Val Loss: 0.378008
2026-01-08 18:31:40,578 - Current LR: 0.001000
2026-01-08 18:31:40,578 - Epoch 4:
2026-01-08 18:31:40,579 -   - Range Coverage: nan%
2026-01-08 18:31:40,579 -   - Epsilon Hit (0.2%): 19.84%
2026-01-08 18:31:40,579 -   - Directional Acc: 56.75%
2026-01-08 18:31:41,159 - 
Sanity CHECK:
2026-01-08 18:31:41,160 - DBG shapes: (252, 1), (252, 1), (252, 5)
2026-01-08 18:31:41,160 - DBG preds stats: min=0.0484449528157711, max=0.0484449528157711, median=0.0484449528157711, std=0.0
2026-01-08 18:31:41,160 - DBG actuals stats: min=-3.6335513591766357, max=2.214081287384033, median=0.1647656261920929, std=0.9486135840415955
2026-01-08 18:31:41,161 - Epoch 5:
2026-01-08 18:31:41,161 -   - Range Coverage: nan%
2026-01-08 18:31:41,161 -   - Epsilon Hit (0.2%): 19.84%
2026-01-08 18:31:41,161 -   - Directional Acc: 56.75%
2026-01-08 18:31:42,163 - 
Sanity CHECK:
2026-01-08 18:31:42,164 - DBG shapes: (252, 1), (252, 1), (252, 5)
2026-01-08 18:31:42,164 - DBG preds stats: min=0.038785144686698914, max=0.038785144686698914, median=0.038785144686698914, std=3.725290298461914e-09
2026-01-08 18:31:42,164 - DBG actuals stats: min=-3.6335513591766357, max=2.214081287384033, median=0.1647656261920929, std=0.9486135840415955
2026-01-08 18:31:42,165 - Epoch 6:
2026-01-08 18:31:42,165 -   - Range Coverage: nan%
2026-01-08 18:31:42,165 -   - Epsilon Hit (0.2%): 19.84%
2026-01-08 18:31:42,166 -   - Directional Acc: 56.75%
2026-01-08 18:31:43,250 - 
Sanity CHECK:
2026-01-08 18:31:43,250 - DBG shapes: (252, 1), (252, 1), (252, 5)
2026-01-08 18:31:43,250 - DBG preds stats: min=0.03964275121688843, max=0.03964275121688843, median=0.03964275121688843, std=0.0
2026-01-08 18:31:43,251 - DBG actuals stats: min=-3.6335513591766357, max=2.214081287384033, median=0.1647656261920929, std=0.9486135840415955
2026-01-08 18:31:43,251 - Epoch 7:
2026-01-08 18:31:43,251 -   - Range Coverage: nan%
2026-01-08 18:31:43,252 -   - Epsilon Hit (0.2%): 19.84%
2026-01-08 18:31:43,252 -   - Directional Acc: 56.75%
2026-01-08 18:31:43,919 - 
Sanity CHECK:
2026-01-08 18:31:43,919 - DBG shapes: (252, 1), (252, 1), (252, 5)
2026-01-08 18:31:43,920 - DBG preds stats: min=0.03998212888836861, max=0.04039725661277771, median=0.04039725661277771, std=2.6098652597283944e-05
2026-01-08 18:31:43,920 - DBG actuals stats: min=-3.6335513591766357, max=2.214081287384033, median=0.1647656261920929, std=0.9486135840415955
2026-01-08 18:31:43,921 - Epoch 8:
2026-01-08 18:31:43,921 -   - Range Coverage: nan%
2026-01-08 18:31:43,921 -   - Epsilon Hit (0.2%): 19.84%
2026-01-08 18:31:43,921 -   - Directional Acc: 56.75%
2026-01-08 18:31:44,516 - 
Sanity CHECK:
2026-01-08 18:31:44,517 - DBG shapes: (252, 1), (252, 1), (252, 5)
2026-01-08 18:31:44,517 - DBG preds stats: min=0.03908955305814743, max=0.04064091667532921, median=0.04064091667532921, std=9.753264021128416e-05
2026-01-08 18:31:44,518 - DBG actuals stats: min=-3.6335513591766357, max=2.214081287384033, median=0.1647656261920929, std=0.9486135840415955
2026-01-08 18:31:44,518 - Epoch 10/100 | Train Loss: 0.314841 | Val Loss: 0.378620
2026-01-08 18:31:44,518 - Current LR: 0.001000
2026-01-08 18:31:44,518 - Epoch 9:
2026-01-08 18:31:44,519 -   - Range Coverage: nan%
2026-01-08 18:31:44,519 -   - Epsilon Hit (0.2%): 19.84%
2026-01-08 18:31:44,519 -   - Directional Acc: 56.75%
2026-01-08 18:31:45,097 - 
Sanity CHECK:
2026-01-08 18:31:45,098 - DBG shapes: (252, 1), (252, 1), (252, 5)
2026-01-08 18:31:45,098 - DBG preds stats: min=0.036554425954818726, max=0.038971785455942154, median=0.038971785455942154, std=0.00015241661458276212
2026-01-08 18:31:45,099 - DBG actuals stats: min=-3.6335513591766357, max=2.214081287384033, median=0.1647656261920929, std=0.9486135840415955
2026-01-08 18:31:45,099 - Epoch 10:
2026-01-08 18:31:45,099 -   - Range Coverage: nan%
2026-01-08 18:31:45,099 -   - Epsilon Hit (0.2%): 19.84%
2026-01-08 18:31:45,099 -   - Directional Acc: 56.75%
2026-01-08 18:31:45,514 -     0.100% |        3 | $   1488.47 |   2.35
2026-01-08 18:31:45,515 -     0.200% |        3 | $   1488.47 |   2.35
2026-01-08 18:31:45,516 -     0.300% |        3 | $   1488.47 |   2.35
2026-01-08 18:31:45,517 -     0.500% |        6 | $   1548.79 |   2.61
2026-01-08 18:31:45,518 - --- Final Test Results ---
2026-01-08 18:31:45,518 - Test RMSE: 1.2652
2026-01-08 18:31:45,518 -   - Range Coverage: nan%
2026-01-08 18:31:45,518 -   - Epsilon Hit (0.2%): 17.18%
2026-01-08 18:31:45,518 -   - Directional Acc: 57.71%
2026-01-08 18:31:45,519 -   - MAE: 0.9462
2026-01-08 18:31:45,519 -   - MAPE: 94.62%
2026-01-08 18:31:45,519 -   - Max Predicted Move (log-return): 0.1260
2026-01-08 18:31:45,519 -   - Avg Predicted Move (log-return): 0.0397
2026-01-08 18:31:45,519 - 
--- Trading Performance (with 0.03% fee and $1000 capital) ---
2026-01-08 18:31:45,520 - Total Trades: 3
2026-01-08 18:31:45,520 - Strategy Final Value: $1487.58
2026-01-08 18:31:45,520 - Buy & Hold Final Value: $1580.47
2026-01-08 18:31:45,520 - Sharpe Ratio: 2.35
2026-01-08 18:31:45,520 - MARKET OUTPERFORMED STRATEGY
2026-01-08 18:31:46,398 - Completed Fold 5

2026-01-08 18:31:46,733 - 
--- Permutation Importance Fold 5 ---
2026-01-08 18:31:46,734 - BB_Low_Rel     : 0.894449 (scaled x1000)
2026-01-08 18:31:46,734 - Log_Ret_Open   : 0.260735 (scaled x1000)
2026-01-08 18:31:46,734 - Log_Ret_Close  : 0.211292 (scaled x1000)
2026-01-08 18:31:46,734 - MACD_Z         : 0.184087 (scaled x1000)
2026-01-08 18:31:46,734 - Sentiment      : 0.039668 (scaled x1000)
2026-01-08 18:31:46,735 - Log_Ret_Low    : 0.028346 (scaled x1000)
2026-01-08 18:31:46,735 - News_Vol_Z     : 0.021993 (scaled x1000)
2026-01-08 18:31:46,735 - ATR_Pct        : 0.002199 (scaled x1000)
2026-01-08 18:31:46,735 - Volume_Z       : 0.001303 (scaled x1000)
2026-01-08 18:31:46,735 - BB_High_Rel    : 0.001222 (scaled x1000)
2026-01-08 18:31:46,736 - Log_Ret_High   : -0.088133 (scaled x1000)
