2026-01-08 20:03:45,444 - Hyperparameters:
2026-01-08 20:03:45,445 -   - Automatic Feature Engineering: False
2026-01-08 20:03:45,445 -   - Early Stopping: True
2026-01-08 20:03:45,446 - ----------  FEATURES  --------
2026-01-08 20:03:45,446 -   - Targets: ['Target_Close_Norm']
2026-01-08 20:03:45,446 -   - Market Features: ['Log_Ret_Open', 'Log_Ret_High', 'Log_Ret_Low', 'Log_Ret_Close', 'Volume_Z', 'RSI_Z', 'SMA_20_Rel', 'SMA_50_Rel', 'MACD_Z', 'MACD_Sig_Z', 'ATR_Pct', 'BB_Low_Rel', 'BB_High_Rel']
2026-01-08 20:03:45,446 -   - Sentiment Features: ['Sentiment', 'News_Vol_Z']
2026-01-08 20:03:45,446 -   - Not considered Features: []
2026-01-08 20:03:45,447 - -------------------------------
2026-01-08 20:03:45,447 - Model Configuration:
2026-01-08 20:03:45,447 -   - Hidden Dim: 64
2026-01-08 20:03:45,447 -   - Batch Size: 64
2026-01-08 20:03:45,448 -   - Epochs: 100
2026-01-08 20:03:45,448 -   - Learning Rate: 0.001
2026-01-08 20:03:45,448 -   - Feature Threshold: 0
2026-01-08 20:03:45,448 -   - Output Folder: results/20260108-200345
2026-01-08 20:03:45,448 -   - Data Split: expanding_window
2026-01-08 20:03:45,448 -   - Architecture 2: CNN + LSTM + Attention
2026-01-08 20:03:45,449 - --------------------------------------------------
2026-01-08 20:03:45,449 - Additional information:
2026-01-08 20:03:45,449 -   - cnn5 only
2026-01-08 20:03:45,464 - 

 ==============> Starting Fold 1 | Test Year: 2021
2026-01-08 20:03:48,740 - 
Sanity CHECK:
2026-01-08 20:03:48,741 - DBG shapes: (253, 1), (253, 1), (253, 5)
2026-01-08 20:03:48,743 - DBG preds stats: min=0.03459535539150238, max=0.1275506168603897, median=0.075609490275383, std=0.021701106801629066
2026-01-08 20:03:48,744 - DBG actuals stats: min=-5.518972873687744, max=4.738952159881592, median=0.2158277928829193, std=1.234215497970581
2026-01-08 20:03:48,744 - Epoch 0:
2026-01-08 20:03:48,744 -   - Range Coverage: nan%
2026-01-08 20:03:48,744 -   - Epsilon Hit (0.2%): 17.39%
2026-01-08 20:03:48,745 -   - Directional Acc: 58.89%
2026-01-08 20:03:48,745 - Best model updated at Epoch 0
2026-01-08 20:03:48,986 - 
Sanity CHECK:
2026-01-08 20:03:48,987 - DBG shapes: (253, 1), (253, 1), (253, 5)
2026-01-08 20:03:48,987 - DBG preds stats: min=-0.01291319727897644, max=0.0828581228852272, median=0.025374852120876312, std=0.021231669932603836
2026-01-08 20:03:48,987 - DBG actuals stats: min=-5.518972873687744, max=4.738952159881592, median=0.2158277928829193, std=1.234215497970581
2026-01-08 20:03:48,988 - Epoch 1:
2026-01-08 20:03:48,988 -   - Range Coverage: nan%
2026-01-08 20:03:48,988 -   - Epsilon Hit (0.2%): 16.60%
2026-01-08 20:03:48,988 -   - Directional Acc: 57.31%
2026-01-08 20:03:49,211 - 
Sanity CHECK:
2026-01-08 20:03:49,211 - DBG shapes: (253, 1), (253, 1), (253, 5)
2026-01-08 20:03:49,211 - DBG preds stats: min=-0.01598847657442093, max=0.1014532819390297, median=0.03210163861513138, std=0.025962691754102707
2026-01-08 20:03:49,212 - DBG actuals stats: min=-5.518972873687744, max=4.738952159881592, median=0.2158277928829193, std=1.234215497970581
2026-01-08 20:03:49,212 - Epoch 2:
2026-01-08 20:03:49,212 -   - Range Coverage: nan%
2026-01-08 20:03:49,213 -   - Epsilon Hit (0.2%): 16.60%
2026-01-08 20:03:49,213 -   - Directional Acc: 59.29%
2026-01-08 20:03:49,438 - 
Sanity CHECK:
2026-01-08 20:03:49,439 - DBG shapes: (253, 1), (253, 1), (253, 5)
2026-01-08 20:03:49,439 - DBG preds stats: min=-0.030406124889850616, max=0.06990042328834534, median=0.017191320657730103, std=0.02120986580848694
2026-01-08 20:03:49,439 - DBG actuals stats: min=-5.518972873687744, max=4.738952159881592, median=0.2158277928829193, std=1.234215497970581
2026-01-08 20:03:49,440 - Epoch 3:
2026-01-08 20:03:49,440 -   - Range Coverage: nan%
2026-01-08 20:03:49,440 -   - Epsilon Hit (0.2%): 16.60%
2026-01-08 20:03:49,440 -   - Directional Acc: 57.31%
2026-01-08 20:03:49,666 - 
Sanity CHECK:
2026-01-08 20:03:49,667 - DBG shapes: (253, 1), (253, 1), (253, 5)
2026-01-08 20:03:49,667 - DBG preds stats: min=-0.03796076029539108, max=0.09621194005012512, median=0.024035319685935974, std=0.024057969450950623
2026-01-08 20:03:49,668 - DBG actuals stats: min=-5.518972873687744, max=4.738952159881592, median=0.2158277928829193, std=1.234215497970581
2026-01-08 20:03:49,668 - Epoch 5/100 | Train Loss: 0.247955 | Val Loss: 0.509514
2026-01-08 20:03:49,668 - Current LR: 0.001000
2026-01-08 20:03:49,669 - Epoch 4:
2026-01-08 20:03:49,669 -   - Range Coverage: nan%
2026-01-08 20:03:49,669 -   - Epsilon Hit (0.2%): 15.81%
2026-01-08 20:03:49,669 -   - Directional Acc: 57.31%
2026-01-08 20:03:49,909 - 
Sanity CHECK:
2026-01-08 20:03:49,909 - DBG shapes: (253, 1), (253, 1), (253, 5)
2026-01-08 20:03:49,909 - DBG preds stats: min=-0.0015735402703285217, max=0.1594732701778412, median=0.06513199210166931, std=0.03480745851993561
2026-01-08 20:03:49,909 - DBG actuals stats: min=-5.518972873687744, max=4.738952159881592, median=0.2158277928829193, std=1.234215497970581
2026-01-08 20:03:49,910 - Epoch 5:
2026-01-08 20:03:49,910 -   - Range Coverage: nan%
2026-01-08 20:03:49,910 -   - Epsilon Hit (0.2%): 14.23%
2026-01-08 20:03:49,910 -   - Directional Acc: 58.50%
2026-01-08 20:03:50,119 - 
Sanity CHECK:
2026-01-08 20:03:50,119 - DBG shapes: (253, 1), (253, 1), (253, 5)
2026-01-08 20:03:50,119 - DBG preds stats: min=-0.08046519011259079, max=0.10521931201219559, median=0.014938093721866608, std=0.03951333835721016
2026-01-08 20:03:50,120 - DBG actuals stats: min=-5.518972873687744, max=4.738952159881592, median=0.2158277928829193, std=1.234215497970581
2026-01-08 20:03:50,120 - Epoch 6:
2026-01-08 20:03:50,120 -   - Range Coverage: nan%
2026-01-08 20:03:50,120 -   - Epsilon Hit (0.2%): 16.21%
2026-01-08 20:03:50,121 -   - Directional Acc: 52.57%
2026-01-08 20:03:50,343 - 
Sanity CHECK:
2026-01-08 20:03:50,343 - DBG shapes: (253, 1), (253, 1), (253, 5)
2026-01-08 20:03:50,343 - DBG preds stats: min=-0.037326276302337646, max=0.18051457405090332, median=0.062047749757766724, std=0.03946821764111519
2026-01-08 20:03:50,344 - DBG actuals stats: min=-5.518972873687744, max=4.738952159881592, median=0.2158277928829193, std=1.234215497970581
2026-01-08 20:03:50,344 - Epoch 7:
2026-01-08 20:03:50,344 -   - Range Coverage: nan%
2026-01-08 20:03:50,344 -   - Epsilon Hit (0.2%): 14.23%
2026-01-08 20:03:50,345 -   - Directional Acc: 58.89%
2026-01-08 20:03:50,567 - 
Sanity CHECK:
2026-01-08 20:03:50,568 - DBG shapes: (253, 1), (253, 1), (253, 5)
2026-01-08 20:03:50,568 - DBG preds stats: min=-0.05929088965058327, max=0.21474198997020721, median=0.058432772755622864, std=0.047998446971178055
2026-01-08 20:03:50,569 - DBG actuals stats: min=-5.518972873687744, max=4.738952159881592, median=0.2158277928829193, std=1.234215497970581
2026-01-08 20:03:50,569 - Epoch 8:
2026-01-08 20:03:50,569 -   - Range Coverage: nan%
2026-01-08 20:03:50,569 -   - Epsilon Hit (0.2%): 16.60%
2026-01-08 20:03:50,570 -   - Directional Acc: 58.89%
2026-01-08 20:03:50,784 - 
Sanity CHECK:
2026-01-08 20:03:50,784 - DBG shapes: (253, 1), (253, 1), (253, 5)
2026-01-08 20:03:50,785 - DBG preds stats: min=-0.074178047478199, max=0.2414216846227646, median=0.09103500843048096, std=0.05421573296189308
2026-01-08 20:03:50,785 - DBG actuals stats: min=-5.518972873687744, max=4.738952159881592, median=0.2158277928829193, std=1.234215497970581
2026-01-08 20:03:50,785 - Epoch 10/100 | Train Loss: 0.243601 | Val Loss: 0.504305
2026-01-08 20:03:50,786 - Current LR: 0.001000
2026-01-08 20:03:50,786 - Epoch 9:
2026-01-08 20:03:50,786 -   - Range Coverage: nan%
2026-01-08 20:03:50,786 -   - Epsilon Hit (0.2%): 16.21%
2026-01-08 20:03:50,787 -   - Directional Acc: 58.89%
2026-01-08 20:03:50,787 - Best model updated at Epoch 9
2026-01-08 20:03:51,005 - 
Sanity CHECK:
2026-01-08 20:03:51,005 - DBG shapes: (253, 1), (253, 1), (253, 5)
2026-01-08 20:03:51,006 - DBG preds stats: min=-0.11071173846721649, max=0.15017318725585938, median=-0.013973049819469452, std=0.04263016954064369
2026-01-08 20:03:51,006 - DBG actuals stats: min=-5.518972873687744, max=4.738952159881592, median=0.2158277928829193, std=1.234215497970581
2026-01-08 20:03:51,007 - Epoch 10:
2026-01-08 20:03:51,007 -   - Range Coverage: nan%
2026-01-08 20:03:51,007 -   - Epsilon Hit (0.2%): 15.02%
2026-01-08 20:03:51,007 -   - Directional Acc: 45.85%
2026-01-08 20:03:51,226 - 
Sanity CHECK:
2026-01-08 20:03:51,226 - DBG shapes: (253, 1), (253, 1), (253, 5)
2026-01-08 20:03:51,227 - DBG preds stats: min=-0.10257932543754578, max=0.47381073236465454, median=0.1384846270084381, std=0.10497315227985382
2026-01-08 20:03:51,227 - DBG actuals stats: min=-5.518972873687744, max=4.738952159881592, median=0.2158277928829193, std=1.234215497970581
2026-01-08 20:03:51,227 - Epoch 11:
2026-01-08 20:03:51,228 -   - Range Coverage: nan%
2026-01-08 20:03:51,228 -   - Epsilon Hit (0.2%): 16.60%
2026-01-08 20:03:51,228 -   - Directional Acc: 60.08%
2026-01-08 20:03:51,460 - 
Sanity CHECK:
2026-01-08 20:03:51,460 - DBG shapes: (253, 1), (253, 1), (253, 5)
2026-01-08 20:03:51,460 - DBG preds stats: min=-0.19801181554794312, max=0.14936000108718872, median=-0.05375954508781433, std=0.05749257281422615
2026-01-08 20:03:51,461 - DBG actuals stats: min=-5.518972873687744, max=4.738952159881592, median=0.2158277928829193, std=1.234215497970581
2026-01-08 20:03:51,461 - Epoch 12:
2026-01-08 20:03:51,461 -   - Range Coverage: nan%
2026-01-08 20:03:51,461 -   - Epsilon Hit (0.2%): 14.23%
2026-01-08 20:03:51,462 -   - Directional Acc: 42.29%
2026-01-08 20:03:51,666 - 
Sanity CHECK:
2026-01-08 20:03:51,666 - DBG shapes: (253, 1), (253, 1), (253, 5)
2026-01-08 20:03:51,666 - DBG preds stats: min=-0.16896334290504456, max=0.4253479838371277, median=0.10640456527471542, std=0.09362542629241943
2026-01-08 20:03:51,667 - DBG actuals stats: min=-5.518972873687744, max=4.738952159881592, median=0.2158277928829193, std=1.234215497970581
2026-01-08 20:03:51,667 - Epoch 13:
2026-01-08 20:03:51,667 -   - Range Coverage: nan%
2026-01-08 20:03:51,667 -   - Epsilon Hit (0.2%): 15.42%
2026-01-08 20:03:51,668 -   - Directional Acc: 58.50%
2026-01-08 20:03:51,880 - 
Sanity CHECK:
2026-01-08 20:03:51,881 - DBG shapes: (253, 1), (253, 1), (253, 5)
2026-01-08 20:03:51,881 - DBG preds stats: min=-0.18688035011291504, max=0.4857098162174225, median=0.07601971179246902, std=0.10745541006326675
2026-01-08 20:03:51,882 - DBG actuals stats: min=-5.518972873687744, max=4.738952159881592, median=0.2158277928829193, std=1.234215497970581
2026-01-08 20:03:51,882 - Epoch 15/100 | Train Loss: 0.236462 | Val Loss: 0.509073
2026-01-08 20:03:51,882 - Current LR: 0.001000
2026-01-08 20:03:51,882 - Epoch 14:
2026-01-08 20:03:51,883 -   - Range Coverage: nan%
2026-01-08 20:03:51,883 -   - Epsilon Hit (0.2%): 15.42%
2026-01-08 20:03:51,883 -   - Directional Acc: 54.15%
2026-01-08 20:03:52,100 - 
Sanity CHECK:
2026-01-08 20:03:52,100 - DBG shapes: (253, 1), (253, 1), (253, 5)
2026-01-08 20:03:52,101 - DBG preds stats: min=-0.22937962412834167, max=0.6878984570503235, median=0.08183940500020981, std=0.14713644981384277
2026-01-08 20:03:52,101 - DBG actuals stats: min=-5.518972873687744, max=4.738952159881592, median=0.2158277928829193, std=1.234215497970581
2026-01-08 20:03:52,101 - Epoch 15:
2026-01-08 20:03:52,102 -   - Range Coverage: nan%
2026-01-08 20:03:52,102 -   - Epsilon Hit (0.2%): 16.60%
2026-01-08 20:03:52,102 -   - Directional Acc: 55.34%
2026-01-08 20:03:52,340 - 
Sanity CHECK:
2026-01-08 20:03:52,341 - DBG shapes: (253, 1), (253, 1), (253, 5)
2026-01-08 20:03:52,341 - DBG preds stats: min=-0.2784879803657532, max=0.8704354166984558, median=0.0710652619600296, std=0.2006656676530838
2026-01-08 20:03:52,341 - DBG actuals stats: min=-5.518972873687744, max=4.738952159881592, median=0.2158277928829193, std=1.234215497970581
2026-01-08 20:03:52,342 - Epoch 16:
2026-01-08 20:03:52,342 -   - Range Coverage: nan%
2026-01-08 20:03:52,342 -   - Epsilon Hit (0.2%): 17.79%
2026-01-08 20:03:52,342 -   - Directional Acc: 56.92%
2026-01-08 20:03:52,556 - 
Sanity CHECK:
2026-01-08 20:03:52,557 - DBG shapes: (253, 1), (253, 1), (253, 5)
2026-01-08 20:03:52,557 - DBG preds stats: min=-0.28973811864852905, max=0.6560021638870239, median=0.01466117799282074, std=0.14627757668495178
2026-01-08 20:03:52,557 - DBG actuals stats: min=-5.518972873687744, max=4.738952159881592, median=0.2158277928829193, std=1.234215497970581
2026-01-08 20:03:52,558 - Epoch 17:
2026-01-08 20:03:52,558 -   - Range Coverage: nan%
2026-01-08 20:03:52,558 -   - Epsilon Hit (0.2%): 16.21%
2026-01-08 20:03:52,558 -   - Directional Acc: 49.41%
2026-01-08 20:03:52,780 - 
Sanity CHECK:
2026-01-08 20:03:52,780 - DBG shapes: (253, 1), (253, 1), (253, 5)
2026-01-08 20:03:52,781 - DBG preds stats: min=-0.31646281480789185, max=1.0255024433135986, median=0.06753914058208466, std=0.2108088582754135
2026-01-08 20:03:52,781 - DBG actuals stats: min=-5.518972873687744, max=4.738952159881592, median=0.2158277928829193, std=1.234215497970581
2026-01-08 20:03:52,781 - Epoch 18:
2026-01-08 20:03:52,782 -   - Range Coverage: nan%
2026-01-08 20:03:52,782 -   - Epsilon Hit (0.2%): 17.00%
2026-01-08 20:03:52,782 -   - Directional Acc: 54.55%
2026-01-08 20:03:52,988 - 
Sanity CHECK:
2026-01-08 20:03:52,988 - DBG shapes: (253, 1), (253, 1), (253, 5)
2026-01-08 20:03:52,989 - DBG preds stats: min=-0.4740390181541443, max=1.289842963218689, median=0.06403114646673203, std=0.2895715832710266
2026-01-08 20:03:52,989 - DBG actuals stats: min=-5.518972873687744, max=4.738952159881592, median=0.2158277928829193, std=1.234215497970581
2026-01-08 20:03:52,990 - Epoch 20/100 | Train Loss: 0.216184 | Val Loss: 0.527350
2026-01-08 20:03:52,990 - Current LR: 0.001000
2026-01-08 20:03:52,990 - Epoch 19:
2026-01-08 20:03:52,990 -   - Range Coverage: nan%
2026-01-08 20:03:52,990 -   - Epsilon Hit (0.2%): 17.79%
2026-01-08 20:03:52,991 -   - Directional Acc: 56.52%
2026-01-08 20:03:53,623 -     0.100% |       40 | $    954.29 |  -0.30
2026-01-08 20:03:53,625 -     0.200% |       40 | $    951.22 |  -0.32
2026-01-08 20:03:53,626 -     0.300% |       42 | $    957.15 |  -0.28
2026-01-08 20:03:53,627 -     0.500% |       42 | $    957.15 |  -0.28
2026-01-08 20:03:53,627 - --- Final Test Results ---
2026-01-08 20:03:53,627 - Test RMSE: 0.9313
2026-01-08 20:03:53,628 -   - Range Coverage: nan%
2026-01-08 20:03:53,628 -   - Epsilon Hit (0.2%): 21.03%
2026-01-08 20:03:53,628 -   - Directional Acc: 50.79%
2026-01-08 20:03:53,628 -   - MAE: 0.6774
2026-01-08 20:03:53,628 -   - MAPE: 67.74%
2026-01-08 20:03:53,629 -   - Max Predicted Move (log-return): 0.9585
2026-01-08 20:03:53,629 -   - Avg Predicted Move (log-return): 0.3103
2026-01-08 20:03:53,629 - 
--- Trading Performance (with 0.03% fee and $1000 capital) ---
2026-01-08 20:03:53,629 - Total Trades: 40
2026-01-08 20:03:53,629 - Strategy Final Value: $946.68
2026-01-08 20:03:53,630 - Buy & Hold Final Value: $923.22
2026-01-08 20:03:53,630 - Sharpe Ratio: -0.35
2026-01-08 20:03:53,630 - STRATEGY OUTPERFORMED MARKET
2026-01-08 20:03:54,485 - Completed Fold 1

2026-01-08 20:03:54,859 - 
--- Permutation Importance Fold 1 ---
2026-01-08 20:03:54,859 - RSI_Z          : 24.437894 (scaled x1000)
2026-01-08 20:03:54,860 - Log_Ret_High   : 21.704123 (scaled x1000)
2026-01-08 20:03:54,860 - MACD_Sig_Z     : 18.634586 (scaled x1000)
2026-01-08 20:03:54,860 - SMA_50_Rel     : 18.214828 (scaled x1000)
2026-01-08 20:03:54,860 - Sentiment      : 5.596904 (scaled x1000)
2026-01-08 20:03:54,860 - News_Vol_Z     : 3.877715 (scaled x1000)
2026-01-08 20:03:54,861 - MACD_Z         : 2.311274 (scaled x1000)
2026-01-08 20:03:54,861 - Volume_Z       : 1.543722 (scaled x1000)
2026-01-08 20:03:54,861 - BB_High_Rel    : 0.416150 (scaled x1000)
2026-01-08 20:03:54,861 - SMA_20_Rel     : 0.038755 (scaled x1000)
2026-01-08 20:03:54,861 - ATR_Pct        : -0.761872 (scaled x1000)
2026-01-08 20:03:54,862 - Log_Ret_Close  : -5.384686 (scaled x1000)
2026-01-08 20:03:54,862 - BB_Low_Rel     : -6.071988 (scaled x1000)
2026-01-08 20:03:54,862 - Log_Ret_Open   : -10.191120 (scaled x1000)
2026-01-08 20:03:54,862 - Log_Ret_Low    : -22.630570 (scaled x1000)
2026-01-08 20:03:55,171 - 

 ==============> Starting Fold 2 | Test Year: 2022
2026-01-08 20:03:55,485 - 
Sanity CHECK:
2026-01-08 20:03:55,485 - DBG shapes: (252, 1), (252, 1), (252, 5)
2026-01-08 20:03:55,485 - DBG preds stats: min=-0.30532026290893555, max=0.6188313961029053, median=0.14627251029014587, std=0.1857149451971054
2026-01-08 20:03:55,486 - DBG actuals stats: min=-3.480879545211792, max=2.1048059463500977, median=-5.4977601394057274e-05, std=0.8566687107086182
2026-01-08 20:03:55,486 - Epoch 0:
2026-01-08 20:03:55,486 -   - Range Coverage: nan%
2026-01-08 20:03:55,487 -   - Epsilon Hit (0.2%): 22.62%
2026-01-08 20:03:55,487 -   - Directional Acc: 51.19%
2026-01-08 20:03:55,487 - Best model updated at Epoch 0
2026-01-08 20:03:55,816 - 
Sanity CHECK:
2026-01-08 20:03:55,816 - DBG shapes: (252, 1), (252, 1), (252, 5)
2026-01-08 20:03:55,817 - DBG preds stats: min=-0.2293524444103241, max=0.7591262459754944, median=0.21013006567955017, std=0.2057175487279892
2026-01-08 20:03:55,817 - DBG actuals stats: min=-3.480879545211792, max=2.1048059463500977, median=-5.4977601394057274e-05, std=0.8566687107086182
2026-01-08 20:03:55,817 - Epoch 1:
2026-01-08 20:03:55,818 -   - Range Coverage: nan%
2026-01-08 20:03:55,818 -   - Epsilon Hit (0.2%): 21.43%
2026-01-08 20:03:55,818 -   - Directional Acc: 49.60%
2026-01-08 20:03:56,113 - 
Sanity CHECK:
2026-01-08 20:03:56,114 - DBG shapes: (252, 1), (252, 1), (252, 5)
2026-01-08 20:03:56,114 - DBG preds stats: min=-0.2973935306072235, max=0.7551381587982178, median=0.14952409267425537, std=0.2181294858455658
2026-01-08 20:03:56,115 - DBG actuals stats: min=-3.480879545211792, max=2.1048059463500977, median=-5.4977601394057274e-05, std=0.8566687107086182
2026-01-08 20:03:56,115 - Epoch 2:
2026-01-08 20:03:56,115 -   - Range Coverage: nan%
2026-01-08 20:03:56,115 -   - Epsilon Hit (0.2%): 21.83%
2026-01-08 20:03:56,116 -   - Directional Acc: 48.02%
2026-01-08 20:03:56,420 - 
Sanity CHECK:
2026-01-08 20:03:56,420 - DBG shapes: (252, 1), (252, 1), (252, 5)
2026-01-08 20:03:56,421 - DBG preds stats: min=-0.3534485101699829, max=0.6812589168548584, median=0.15147770941257477, std=0.22571030259132385
2026-01-08 20:03:56,421 - DBG actuals stats: min=-3.480879545211792, max=2.1048059463500977, median=-5.4977601394057274e-05, std=0.8566687107086182
2026-01-08 20:03:56,422 - Epoch 3:
2026-01-08 20:03:56,422 -   - Range Coverage: nan%
2026-01-08 20:03:56,422 -   - Epsilon Hit (0.2%): 23.81%
2026-01-08 20:03:56,422 -   - Directional Acc: 51.19%
2026-01-08 20:03:56,733 - 
Sanity CHECK:
2026-01-08 20:03:56,733 - DBG shapes: (252, 1), (252, 1), (252, 5)
2026-01-08 20:03:56,733 - DBG preds stats: min=-0.2872779369354248, max=1.0553619861602783, median=0.35183045268058777, std=0.27282917499542236
2026-01-08 20:03:56,734 - DBG actuals stats: min=-3.480879545211792, max=2.1048059463500977, median=-5.4977601394057274e-05, std=0.8566687107086182
2026-01-08 20:03:56,734 - Epoch 5/100 | Train Loss: 0.261010 | Val Loss: 0.360011
2026-01-08 20:03:56,734 - Current LR: 0.001000
2026-01-08 20:03:56,735 - Epoch 4:
2026-01-08 20:03:56,735 -   - Range Coverage: nan%
2026-01-08 20:03:56,735 -   - Epsilon Hit (0.2%): 21.83%
2026-01-08 20:03:56,735 -   - Directional Acc: 50.79%
2026-01-08 20:03:57,040 - 
Sanity CHECK:
2026-01-08 20:03:57,040 - DBG shapes: (252, 1), (252, 1), (252, 5)
2026-01-08 20:03:57,041 - DBG preds stats: min=-0.2864781320095062, max=1.0661619901657104, median=0.39945486187934875, std=0.2737117409706116
2026-01-08 20:03:57,041 - DBG actuals stats: min=-3.480879545211792, max=2.1048059463500977, median=-5.4977601394057274e-05, std=0.8566687107086182
2026-01-08 20:03:57,042 - Epoch 5:
2026-01-08 20:03:57,042 -   - Range Coverage: nan%
2026-01-08 20:03:57,042 -   - Epsilon Hit (0.2%): 19.84%
2026-01-08 20:03:57,042 -   - Directional Acc: 53.17%
2026-01-08 20:03:57,338 - 
Sanity CHECK:
2026-01-08 20:03:57,338 - DBG shapes: (252, 1), (252, 1), (252, 5)
2026-01-08 20:03:57,339 - DBG preds stats: min=-0.3213585615158081, max=0.9919280409812927, median=0.3550451993942261, std=0.26301488280296326
2026-01-08 20:03:57,339 - DBG actuals stats: min=-3.480879545211792, max=2.1048059463500977, median=-5.4977601394057274e-05, std=0.8566687107086182
2026-01-08 20:03:57,340 - Epoch 6:
2026-01-08 20:03:57,340 -   - Range Coverage: nan%
2026-01-08 20:03:57,340 -   - Epsilon Hit (0.2%): 20.63%
2026-01-08 20:03:57,340 -   - Directional Acc: 51.59%
2026-01-08 20:03:57,662 - 
Sanity CHECK:
2026-01-08 20:03:57,663 - DBG shapes: (252, 1), (252, 1), (252, 5)
2026-01-08 20:03:57,663 - DBG preds stats: min=-0.416748583316803, max=1.1087167263031006, median=0.33403152227401733, std=0.3348052501678467
2026-01-08 20:03:57,663 - DBG actuals stats: min=-3.480879545211792, max=2.1048059463500977, median=-5.4977601394057274e-05, std=0.8566687107086182
2026-01-08 20:03:57,664 - Epoch 7:
2026-01-08 20:03:57,664 -   - Range Coverage: nan%
2026-01-08 20:03:57,664 -   - Epsilon Hit (0.2%): 21.43%
2026-01-08 20:03:57,664 -   - Directional Acc: 49.21%
2026-01-08 20:03:58,031 - 
Sanity CHECK:
2026-01-08 20:03:58,031 - DBG shapes: (252, 1), (252, 1), (252, 5)
2026-01-08 20:03:58,032 - DBG preds stats: min=-0.4589362144470215, max=1.058269739151001, median=0.3591844439506531, std=0.2915281057357788
2026-01-08 20:03:58,032 - DBG actuals stats: min=-3.480879545211792, max=2.1048059463500977, median=-5.4977601394057274e-05, std=0.8566687107086182
2026-01-08 20:03:58,033 - Epoch 8:
2026-01-08 20:03:58,033 -   - Range Coverage: nan%
2026-01-08 20:03:58,033 -   - Epsilon Hit (0.2%): 21.43%
2026-01-08 20:03:58,033 -   - Directional Acc: 50.79%
2026-01-08 20:03:58,409 - 
Sanity CHECK:
2026-01-08 20:03:58,409 - DBG shapes: (252, 1), (252, 1), (252, 5)
2026-01-08 20:03:58,410 - DBG preds stats: min=-0.4934559464454651, max=1.0531524419784546, median=0.245937779545784, std=0.3352121114730835
2026-01-08 20:03:58,410 - DBG actuals stats: min=-3.480879545211792, max=2.1048059463500977, median=-5.4977601394057274e-05, std=0.8566687107086182
2026-01-08 20:03:58,411 - Epoch 10/100 | Train Loss: 0.240200 | Val Loss: 0.354083
2026-01-08 20:03:58,411 - Current LR: 0.001000
2026-01-08 20:03:58,411 - Epoch 9:
2026-01-08 20:03:58,411 -   - Range Coverage: nan%
2026-01-08 20:03:58,412 -   - Epsilon Hit (0.2%): 22.22%
2026-01-08 20:03:58,412 -   - Directional Acc: 48.41%
2026-01-08 20:03:58,979 - 
Sanity CHECK:
2026-01-08 20:03:58,996 - DBG shapes: (252, 1), (252, 1), (252, 5)
2026-01-08 20:03:58,997 - DBG preds stats: min=-0.5839511752128601, max=1.1342970132827759, median=0.2957026958465576, std=0.3537708818912506
2026-01-08 20:03:58,998 - DBG actuals stats: min=-3.480879545211792, max=2.1048059463500977, median=-5.4977601394057274e-05, std=0.8566687107086182
2026-01-08 20:03:58,998 - Epoch 10:
2026-01-08 20:03:58,998 -   - Range Coverage: nan%
2026-01-08 20:03:58,999 -   - Epsilon Hit (0.2%): 18.65%
2026-01-08 20:03:58,999 -   - Directional Acc: 51.98%
2026-01-08 20:03:59,736 -     0.100% |       53 | $   1225.43 |   1.48
2026-01-08 20:03:59,737 -     0.200% |       53 | $   1225.43 |   1.48
2026-01-08 20:03:59,739 -     0.300% |       53 | $   1225.43 |   1.48
2026-01-08 20:03:59,740 -     0.500% |       55 | $   1241.57 |   1.57
2026-01-08 20:03:59,741 - --- Final Test Results ---
2026-01-08 20:03:59,741 - Test RMSE: 1.0365
2026-01-08 20:03:59,741 -   - Range Coverage: nan%
2026-01-08 20:03:59,741 -   - Epsilon Hit (0.2%): 15.54%
2026-01-08 20:03:59,742 -   - Directional Acc: 55.38%
2026-01-08 20:03:59,742 -   - MAE: 0.8209
2026-01-08 20:03:59,742 -   - MAPE: 82.09%
2026-01-08 20:03:59,742 -   - Max Predicted Move (log-return): 1.2799
2026-01-08 20:03:59,743 -   - Avg Predicted Move (log-return): 0.4185
2026-01-08 20:03:59,743 - 
--- Trading Performance (with 0.03% fee and $1000 capital) ---
2026-01-08 20:03:59,743 - Total Trades: 53
2026-01-08 20:03:59,743 - Strategy Final Value: $1212.51
2026-01-08 20:03:59,743 - Buy & Hold Final Value: $1016.22
2026-01-08 20:03:59,744 - Sharpe Ratio: 1.41
2026-01-08 20:03:59,744 - STRATEGY OUTPERFORMED MARKET
2026-01-08 20:04:01,054 - Completed Fold 2

2026-01-08 20:04:01,410 - 
--- Permutation Importance Fold 2 ---
2026-01-08 20:04:01,411 - MACD_Sig_Z     : 127.807745 (scaled x1000)
2026-01-08 20:04:01,411 - RSI_Z          : 96.958772 (scaled x1000)
2026-01-08 20:04:01,411 - MACD_Z         : 62.654195 (scaled x1000)
2026-01-08 20:04:01,411 - BB_High_Rel    : 20.192211 (scaled x1000)
2026-01-08 20:04:01,411 - Log_Ret_High   : 17.183929 (scaled x1000)
2026-01-08 20:04:01,412 - News_Vol_Z     : 10.069571 (scaled x1000)
2026-01-08 20:04:01,412 - Volume_Z       : 9.624761 (scaled x1000)
2026-01-08 20:04:01,412 - Sentiment      : 9.589270 (scaled x1000)
2026-01-08 20:04:01,412 - Log_Ret_Close  : 4.838413 (scaled x1000)
2026-01-08 20:04:01,412 - BB_Low_Rel     : 3.594386 (scaled x1000)
2026-01-08 20:04:01,412 - ATR_Pct        : 0.456445 (scaled x1000)
2026-01-08 20:04:01,413 - SMA_20_Rel     : -7.124068 (scaled x1000)
2026-01-08 20:04:01,413 - Log_Ret_Open   : -13.863677 (scaled x1000)
2026-01-08 20:04:01,413 - SMA_50_Rel     : -14.976957 (scaled x1000)
2026-01-08 20:04:01,413 - Log_Ret_Low    : -32.748496 (scaled x1000)
2026-01-08 20:04:01,755 - 

 ==============> Starting Fold 3 | Test Year: 2023
2026-01-08 20:04:02,133 - 
Sanity CHECK:
2026-01-08 20:04:02,134 - DBG shapes: (251, 1), (251, 1), (251, 5)
2026-01-08 20:04:02,134 - DBG preds stats: min=-0.5641096830368042, max=0.9263986945152283, median=0.09431850165128708, std=0.30819201469421387
2026-01-08 20:04:02,135 - DBG actuals stats: min=-3.0161495208740234, max=3.023458242416382, median=0.043143823742866516, std=0.9564350247383118
2026-01-08 20:04:02,135 - Epoch 0:
2026-01-08 20:04:02,135 -   - Range Coverage: nan%
2026-01-08 20:04:02,135 -   - Epsilon Hit (0.2%): 19.92%
2026-01-08 20:04:02,136 -   - Directional Acc: 54.98%
2026-01-08 20:04:02,136 - Best model updated at Epoch 0
2026-01-08 20:04:02,521 - 
Sanity CHECK:
2026-01-08 20:04:02,521 - DBG shapes: (251, 1), (251, 1), (251, 5)
2026-01-08 20:04:02,522 - DBG preds stats: min=-0.7214417457580566, max=0.6488283276557922, median=-0.00842052698135376, std=0.32218387722969055
2026-01-08 20:04:02,522 - DBG actuals stats: min=-3.0161495208740234, max=3.023458242416382, median=0.043143823742866516, std=0.9564350247383118
2026-01-08 20:04:02,523 - Epoch 1:
2026-01-08 20:04:02,523 -   - Range Coverage: nan%
2026-01-08 20:04:02,523 -   - Epsilon Hit (0.2%): 17.13%
2026-01-08 20:04:02,523 -   - Directional Acc: 55.78%
2026-01-08 20:04:02,910 - 
Sanity CHECK:
2026-01-08 20:04:02,911 - DBG shapes: (251, 1), (251, 1), (251, 5)
2026-01-08 20:04:02,911 - DBG preds stats: min=-0.6088452339172363, max=1.0921930074691772, median=0.2950056195259094, std=0.31522631645202637
2026-01-08 20:04:02,912 - DBG actuals stats: min=-3.0161495208740234, max=3.023458242416382, median=0.043143823742866516, std=0.9564350247383118
2026-01-08 20:04:02,912 - Epoch 2:
2026-01-08 20:04:02,912 -   - Range Coverage: nan%
2026-01-08 20:04:02,912 -   - Epsilon Hit (0.2%): 15.94%
2026-01-08 20:04:02,913 -   - Directional Acc: 52.99%
2026-01-08 20:04:03,293 - 
Sanity CHECK:
2026-01-08 20:04:03,293 - DBG shapes: (251, 1), (251, 1), (251, 5)
2026-01-08 20:04:03,294 - DBG preds stats: min=-0.618405818939209, max=1.2189446687698364, median=0.15025201439857483, std=0.3561668395996094
2026-01-08 20:04:03,294 - DBG actuals stats: min=-3.0161495208740234, max=3.023458242416382, median=0.043143823742866516, std=0.9564350247383118
2026-01-08 20:04:03,295 - Epoch 3:
2026-01-08 20:04:03,295 -   - Range Coverage: nan%
2026-01-08 20:04:03,295 -   - Epsilon Hit (0.2%): 21.12%
2026-01-08 20:04:03,295 -   - Directional Acc: 54.98%
2026-01-08 20:04:03,898 - 
Sanity CHECK:
2026-01-08 20:04:03,898 - DBG shapes: (251, 1), (251, 1), (251, 5)
2026-01-08 20:04:03,899 - DBG preds stats: min=-0.7427701950073242, max=1.063747525215149, median=0.07606782764196396, std=0.36662232875823975
2026-01-08 20:04:03,899 - DBG actuals stats: min=-3.0161495208740234, max=3.023458242416382, median=0.043143823742866516, std=0.9564350247383118
2026-01-08 20:04:03,899 - Epoch 5/100 | Train Loss: 0.238538 | Val Loss: 0.419313
2026-01-08 20:04:03,900 - Current LR: 0.001000
2026-01-08 20:04:03,900 - Epoch 4:
2026-01-08 20:04:03,900 -   - Range Coverage: nan%
2026-01-08 20:04:03,900 -   - Epsilon Hit (0.2%): 18.33%
2026-01-08 20:04:03,900 -   - Directional Acc: 55.38%
2026-01-08 20:04:04,302 - 
Sanity CHECK:
2026-01-08 20:04:04,302 - DBG shapes: (251, 1), (251, 1), (251, 5)
2026-01-08 20:04:04,302 - DBG preds stats: min=-0.8407049179077148, max=0.9957664608955383, median=0.1684778779745102, std=0.37566089630126953
2026-01-08 20:04:04,303 - DBG actuals stats: min=-3.0161495208740234, max=3.023458242416382, median=0.043143823742866516, std=0.9564350247383118
2026-01-08 20:04:04,303 - Epoch 5:
2026-01-08 20:04:04,303 -   - Range Coverage: nan%
2026-01-08 20:04:04,304 -   - Epsilon Hit (0.2%): 19.12%
2026-01-08 20:04:04,304 -   - Directional Acc: 54.98%
2026-01-08 20:04:04,704 - 
Sanity CHECK:
2026-01-08 20:04:04,704 - DBG shapes: (251, 1), (251, 1), (251, 5)
2026-01-08 20:04:04,704 - DBG preds stats: min=-0.7410264611244202, max=1.069962501525879, median=0.24500834941864014, std=0.36321017146110535
2026-01-08 20:04:04,705 - DBG actuals stats: min=-3.0161495208740234, max=3.023458242416382, median=0.043143823742866516, std=0.9564350247383118
2026-01-08 20:04:04,705 - Epoch 6:
2026-01-08 20:04:04,705 -   - Range Coverage: nan%
2026-01-08 20:04:04,706 -   - Epsilon Hit (0.2%): 17.93%
2026-01-08 20:04:04,706 -   - Directional Acc: 53.39%
2026-01-08 20:04:05,088 - 
Sanity CHECK:
2026-01-08 20:04:05,088 - DBG shapes: (251, 1), (251, 1), (251, 5)
2026-01-08 20:04:05,089 - DBG preds stats: min=-0.6970704793930054, max=0.9077506065368652, median=0.08842278271913528, std=0.3726038932800293
2026-01-08 20:04:05,089 - DBG actuals stats: min=-3.0161495208740234, max=3.023458242416382, median=0.043143823742866516, std=0.9564350247383118
2026-01-08 20:04:05,089 - Epoch 7:
2026-01-08 20:04:05,090 -   - Range Coverage: nan%
2026-01-08 20:04:05,090 -   - Epsilon Hit (0.2%): 18.73%
2026-01-08 20:04:05,090 -   - Directional Acc: 57.77%
2026-01-08 20:04:05,429 - 
Sanity CHECK:
2026-01-08 20:04:05,429 - DBG shapes: (251, 1), (251, 1), (251, 5)
2026-01-08 20:04:05,429 - DBG preds stats: min=-0.8244324326515198, max=1.0629655122756958, median=0.07402971386909485, std=0.36734578013420105
2026-01-08 20:04:05,430 - DBG actuals stats: min=-3.0161495208740234, max=3.023458242416382, median=0.043143823742866516, std=0.9564350247383118
2026-01-08 20:04:05,430 - Epoch 8:
2026-01-08 20:04:05,430 -   - Range Coverage: nan%
2026-01-08 20:04:05,431 -   - Epsilon Hit (0.2%): 19.52%
2026-01-08 20:04:05,431 -   - Directional Acc: 56.97%
2026-01-08 20:04:05,744 - 
Sanity CHECK:
2026-01-08 20:04:05,744 - DBG shapes: (251, 1), (251, 1), (251, 5)
2026-01-08 20:04:05,745 - DBG preds stats: min=-0.8299421668052673, max=1.1506754159927368, median=0.14701291918754578, std=0.416066437959671
2026-01-08 20:04:05,745 - DBG actuals stats: min=-3.0161495208740234, max=3.023458242416382, median=0.043143823742866516, std=0.9564350247383118
2026-01-08 20:04:05,746 - Epoch 10/100 | Train Loss: 0.222749 | Val Loss: 0.437845
2026-01-08 20:04:05,746 - Current LR: 0.001000
2026-01-08 20:04:05,746 - Epoch 9:
2026-01-08 20:04:05,746 -   - Range Coverage: nan%
2026-01-08 20:04:05,746 -   - Epsilon Hit (0.2%): 19.12%
2026-01-08 20:04:05,747 -   - Directional Acc: 54.98%
2026-01-08 20:04:06,077 - 
Sanity CHECK:
2026-01-08 20:04:06,077 - DBG shapes: (251, 1), (251, 1), (251, 5)
2026-01-08 20:04:06,078 - DBG preds stats: min=-0.7196406126022339, max=1.4512813091278076, median=0.22106745839118958, std=0.4157089591026306
2026-01-08 20:04:06,078 - DBG actuals stats: min=-3.0161495208740234, max=3.023458242416382, median=0.043143823742866516, std=0.9564350247383118
2026-01-08 20:04:06,078 - Epoch 10:
2026-01-08 20:04:06,079 -   - Range Coverage: nan%
2026-01-08 20:04:06,079 -   - Epsilon Hit (0.2%): 19.52%
2026-01-08 20:04:06,079 -   - Directional Acc: 51.39%
2026-01-08 20:04:06,413 -     0.100% |       63 | $    969.32 |  -0.10
2026-01-08 20:04:06,413 -     0.200% |       63 | $    969.32 |  -0.10
2026-01-08 20:04:06,414 -     0.300% |       65 | $    950.00 |  -0.26
2026-01-08 20:04:06,415 -     0.500% |       65 | $    950.00 |  -0.26
2026-01-08 20:04:06,415 - --- Final Test Results ---
2026-01-08 20:04:06,415 - Test RMSE: 0.9262
2026-01-08 20:04:06,415 -   - Range Coverage: nan%
2026-01-08 20:04:06,416 -   - Epsilon Hit (0.2%): 21.60%
2026-01-08 20:04:06,416 -   - Directional Acc: 48.40%
2026-01-08 20:04:06,416 -   - MAE: 0.7061
2026-01-08 20:04:06,416 -   - MAPE: 70.61%
2026-01-08 20:04:06,416 -   - Max Predicted Move (log-return): 1.1086
2026-01-08 20:04:06,417 -   - Avg Predicted Move (log-return): 0.3303
2026-01-08 20:04:06,417 - 
--- Trading Performance (with 0.03% fee and $1000 capital) ---
2026-01-08 20:04:06,417 - Total Trades: 63
2026-01-08 20:04:06,417 - Strategy Final Value: $957.18
2026-01-08 20:04:06,417 - Buy & Hold Final Value: $1114.93
2026-01-08 20:04:06,418 - Sharpe Ratio: -0.19
2026-01-08 20:04:06,418 - MARKET OUTPERFORMED STRATEGY
2026-01-08 20:04:07,192 - Completed Fold 3

2026-01-08 20:04:07,460 - 
--- Permutation Importance Fold 3 ---
2026-01-08 20:04:07,460 - MACD_Sig_Z     : 32.304517 (scaled x1000)
2026-01-08 20:04:07,460 - SMA_50_Rel     : 11.405365 (scaled x1000)
2026-01-08 20:04:07,461 - MACD_Z         : 5.026453 (scaled x1000)
2026-01-08 20:04:07,461 - BB_High_Rel    : 3.016494 (scaled x1000)
2026-01-08 20:04:07,461 - SMA_20_Rel     : 2.249360 (scaled x1000)
2026-01-08 20:04:07,461 - News_Vol_Z     : 1.530122 (scaled x1000)
2026-01-08 20:04:07,461 - ATR_Pct        : 0.687481 (scaled x1000)
2026-01-08 20:04:07,462 - RSI_Z          : 0.614640 (scaled x1000)
2026-01-08 20:04:07,462 - Sentiment      : -4.572302 (scaled x1000)
2026-01-08 20:04:07,462 - BB_Low_Rel     : -6.637486 (scaled x1000)
2026-01-08 20:04:07,462 - Log_Ret_High   : -8.173455 (scaled x1000)
2026-01-08 20:04:07,462 - Log_Ret_Low    : -13.229593 (scaled x1000)
2026-01-08 20:04:07,463 - Log_Ret_Close  : -13.877618 (scaled x1000)
2026-01-08 20:04:07,463 - Log_Ret_Open   : -17.395196 (scaled x1000)
2026-01-08 20:04:07,463 - Volume_Z       : -17.499276 (scaled x1000)
2026-01-08 20:04:07,754 - 

 ==============> Starting Fold 4 | Test Year: 2024
2026-01-08 20:04:08,133 - 
Sanity CHECK:
2026-01-08 20:04:08,133 - DBG shapes: (250, 1), (250, 1), (250, 5)
2026-01-08 20:04:08,134 - DBG preds stats: min=-1.1558570861816406, max=0.9128823280334473, median=-0.02085454761981964, std=0.3656791150569916
2026-01-08 20:04:08,134 - DBG actuals stats: min=-2.527449607849121, max=3.164232015609741, median=0.01672283560037613, std=0.8391518592834473
2026-01-08 20:04:08,134 - Epoch 0:
2026-01-08 20:04:08,135 -   - Range Coverage: nan%
2026-01-08 20:04:08,135 -   - Epsilon Hit (0.2%): 21.60%
2026-01-08 20:04:08,135 -   - Directional Acc: 50.40%
2026-01-08 20:04:08,135 - Best model updated at Epoch 0
2026-01-08 20:04:08,497 - 
Sanity CHECK:
2026-01-08 20:04:08,497 - DBG shapes: (250, 1), (250, 1), (250, 5)
2026-01-08 20:04:08,497 - DBG preds stats: min=-1.1682802438735962, max=0.817707896232605, median=-0.07784853875637054, std=0.3474588096141815
2026-01-08 20:04:08,498 - DBG actuals stats: min=-2.527449607849121, max=3.164232015609741, median=0.01672283560037613, std=0.8391518592834473
2026-01-08 20:04:08,498 - Epoch 1:
2026-01-08 20:04:08,498 -   - Range Coverage: nan%
2026-01-08 20:04:08,499 -   - Epsilon Hit (0.2%): 22.40%
2026-01-08 20:04:08,499 -   - Directional Acc: 49.60%
2026-01-08 20:04:08,877 - 
Sanity CHECK:
2026-01-08 20:04:08,878 - DBG shapes: (250, 1), (250, 1), (250, 5)
2026-01-08 20:04:08,878 - DBG preds stats: min=-1.3301267623901367, max=0.8807812333106995, median=-0.0689694732427597, std=0.3744659125804901
2026-01-08 20:04:08,878 - DBG actuals stats: min=-2.527449607849121, max=3.164232015609741, median=0.01672283560037613, std=0.8391518592834473
2026-01-08 20:04:08,879 - Epoch 2:
2026-01-08 20:04:08,879 -   - Range Coverage: nan%
2026-01-08 20:04:08,879 -   - Epsilon Hit (0.2%): 22.40%
2026-01-08 20:04:08,879 -   - Directional Acc: 52.00%
2026-01-08 20:04:09,285 - 
Sanity CHECK:
2026-01-08 20:04:09,286 - DBG shapes: (250, 1), (250, 1), (250, 5)
2026-01-08 20:04:09,286 - DBG preds stats: min=-1.359676718711853, max=0.9660027027130127, median=-0.09875566512346268, std=0.38717374205589294
2026-01-08 20:04:09,286 - DBG actuals stats: min=-2.527449607849121, max=3.164232015609741, median=0.01672283560037613, std=0.8391518592834473
2026-01-08 20:04:09,287 - Epoch 3:
2026-01-08 20:04:09,287 -   - Range Coverage: nan%
2026-01-08 20:04:09,287 -   - Epsilon Hit (0.2%): 21.60%
2026-01-08 20:04:09,287 -   - Directional Acc: 50.80%
2026-01-08 20:04:09,624 - 
Sanity CHECK:
2026-01-08 20:04:09,624 - DBG shapes: (250, 1), (250, 1), (250, 5)
2026-01-08 20:04:09,624 - DBG preds stats: min=-1.2949938774108887, max=1.1660586595535278, median=0.036371566355228424, std=0.4344714283943176
2026-01-08 20:04:09,625 - DBG actuals stats: min=-2.527449607849121, max=3.164232015609741, median=0.01672283560037613, std=0.8391518592834473
2026-01-08 20:04:09,625 - Epoch 5/100 | Train Loss: 0.233702 | Val Loss: 0.377093
2026-01-08 20:04:09,625 - Current LR: 0.001000
2026-01-08 20:04:09,626 - Epoch 4:
2026-01-08 20:04:09,626 -   - Range Coverage: nan%
2026-01-08 20:04:09,626 -   - Epsilon Hit (0.2%): 18.80%
2026-01-08 20:04:09,626 -   - Directional Acc: 48.40%
2026-01-08 20:04:10,048 - 
Sanity CHECK:
2026-01-08 20:04:10,048 - DBG shapes: (250, 1), (250, 1), (250, 5)
2026-01-08 20:04:10,048 - DBG preds stats: min=-1.3436708450317383, max=1.136521577835083, median=-0.005620192736387253, std=0.40649768710136414
2026-01-08 20:04:10,049 - DBG actuals stats: min=-2.527449607849121, max=3.164232015609741, median=0.01672283560037613, std=0.8391518592834473
2026-01-08 20:04:10,049 - Epoch 5:
2026-01-08 20:04:10,049 -   - Range Coverage: nan%
2026-01-08 20:04:10,050 -   - Epsilon Hit (0.2%): 21.20%
2026-01-08 20:04:10,050 -   - Directional Acc: 51.20%
2026-01-08 20:04:10,398 - 
Sanity CHECK:
2026-01-08 20:04:10,399 - DBG shapes: (250, 1), (250, 1), (250, 5)
2026-01-08 20:04:10,399 - DBG preds stats: min=-1.3051891326904297, max=1.0983729362487793, median=-0.012357208877801895, std=0.412045419216156
2026-01-08 20:04:10,400 - DBG actuals stats: min=-2.527449607849121, max=3.164232015609741, median=0.01672283560037613, std=0.8391518592834473
2026-01-08 20:04:10,400 - Epoch 6:
2026-01-08 20:04:10,400 -   - Range Coverage: nan%
2026-01-08 20:04:10,400 -   - Epsilon Hit (0.2%): 20.40%
2026-01-08 20:04:10,400 -   - Directional Acc: 50.80%
2026-01-08 20:04:10,764 - 
Sanity CHECK:
2026-01-08 20:04:10,765 - DBG shapes: (250, 1), (250, 1), (250, 5)
2026-01-08 20:04:10,765 - DBG preds stats: min=-1.405697226524353, max=1.2374414205551147, median=0.002764664590358734, std=0.4392918050289154
2026-01-08 20:04:10,765 - DBG actuals stats: min=-2.527449607849121, max=3.164232015609741, median=0.01672283560037613, std=0.8391518592834473
2026-01-08 20:04:10,766 - Epoch 7:
2026-01-08 20:04:10,766 -   - Range Coverage: nan%
2026-01-08 20:04:10,766 -   - Epsilon Hit (0.2%): 19.20%
2026-01-08 20:04:10,766 -   - Directional Acc: 49.60%
2026-01-08 20:04:11,124 - 
Sanity CHECK:
2026-01-08 20:04:11,124 - DBG shapes: (250, 1), (250, 1), (250, 5)
2026-01-08 20:04:11,124 - DBG preds stats: min=-1.3114172220230103, max=1.232150912284851, median=-0.01564423367381096, std=0.405734121799469
2026-01-08 20:04:11,125 - DBG actuals stats: min=-2.527449607849121, max=3.164232015609741, median=0.01672283560037613, std=0.8391518592834473
2026-01-08 20:04:11,125 - Epoch 8:
2026-01-08 20:04:11,125 -   - Range Coverage: nan%
2026-01-08 20:04:11,125 -   - Epsilon Hit (0.2%): 22.40%
2026-01-08 20:04:11,126 -   - Directional Acc: 52.40%
2026-01-08 20:04:11,478 - 
Sanity CHECK:
2026-01-08 20:04:11,478 - DBG shapes: (250, 1), (250, 1), (250, 5)
2026-01-08 20:04:11,478 - DBG preds stats: min=-1.4604071378707886, max=1.4670909643173218, median=0.00880267471075058, std=0.4439429044723511
2026-01-08 20:04:11,479 - DBG actuals stats: min=-2.527449607849121, max=3.164232015609741, median=0.01672283560037613, std=0.8391518592834473
2026-01-08 20:04:11,479 - Epoch 10/100 | Train Loss: 0.219595 | Val Loss: 0.372582
2026-01-08 20:04:11,480 - Current LR: 0.001000
2026-01-08 20:04:11,480 - Epoch 9:
2026-01-08 20:04:11,480 -   - Range Coverage: nan%
2026-01-08 20:04:11,481 -   - Epsilon Hit (0.2%): 21.60%
2026-01-08 20:04:11,481 -   - Directional Acc: 51.60%
2026-01-08 20:04:11,847 - 
Sanity CHECK:
2026-01-08 20:04:11,847 - DBG shapes: (250, 1), (250, 1), (250, 5)
2026-01-08 20:04:11,848 - DBG preds stats: min=-1.3507877588272095, max=1.2713494300842285, median=0.0036780498921871185, std=0.43872198462486267
2026-01-08 20:04:11,848 - DBG actuals stats: min=-2.527449607849121, max=3.164232015609741, median=0.01672283560037613, std=0.8391518592834473
2026-01-08 20:04:11,849 - Epoch 10:
2026-01-08 20:04:11,849 -   - Range Coverage: nan%
2026-01-08 20:04:11,849 -   - Epsilon Hit (0.2%): 18.40%
2026-01-08 20:04:11,849 -   - Directional Acc: 52.40%
2026-01-08 20:04:12,414 -     0.100% |       65 | $    838.99 |  -1.14
2026-01-08 20:04:12,415 -     0.200% |       65 | $    836.31 |  -1.17
2026-01-08 20:04:12,416 -     0.300% |       65 | $    836.31 |  -1.17
2026-01-08 20:04:12,417 -     0.500% |       66 | $    834.34 |  -1.18
2026-01-08 20:04:12,417 - --- Final Test Results ---
2026-01-08 20:04:12,418 - Test RMSE: 1.1130
2026-01-08 20:04:12,418 -   - Range Coverage: nan%
2026-01-08 20:04:12,418 -   - Epsilon Hit (0.2%): 17.06%
2026-01-08 20:04:12,418 -   - Directional Acc: 50.79%
2026-01-08 20:04:12,418 -   - MAE: 0.8590
2026-01-08 20:04:12,419 -   - MAPE: 85.90%
2026-01-08 20:04:12,419 -   - Max Predicted Move (log-return): 2.1920
2026-01-08 20:04:12,419 -   - Avg Predicted Move (log-return): 0.4024
2026-01-08 20:04:12,419 - 
--- Trading Performance (with 0.03% fee and $1000 capital) ---
2026-01-08 20:04:12,419 - Total Trades: 65
2026-01-08 20:04:12,420 - Strategy Final Value: $828.15
2026-01-08 20:04:12,420 - Buy & Hold Final Value: $1286.81
2026-01-08 20:04:12,420 - Sharpe Ratio: -1.23
2026-01-08 20:04:12,420 - MARKET OUTPERFORMED STRATEGY
2026-01-08 20:04:13,275 - Completed Fold 4

2026-01-08 20:04:13,634 - 
--- Permutation Importance Fold 4 ---
2026-01-08 20:04:13,634 - RSI_Z          : 39.494421 (scaled x1000)
2026-01-08 20:04:13,634 - MACD_Z         : 19.418948 (scaled x1000)
2026-01-08 20:04:13,634 - Sentiment      : 5.051621 (scaled x1000)
2026-01-08 20:04:13,635 - ATR_Pct        : 0.940639 (scaled x1000)
2026-01-08 20:04:13,635 - BB_Low_Rel     : -2.423221 (scaled x1000)
2026-01-08 20:04:13,635 - Log_Ret_Close  : -5.197250 (scaled x1000)
2026-01-08 20:04:13,635 - SMA_20_Rel     : -5.222302 (scaled x1000)
2026-01-08 20:04:13,635 - Log_Ret_Low    : -9.645325 (scaled x1000)
2026-01-08 20:04:13,635 - SMA_50_Rel     : -17.018397 (scaled x1000)
2026-01-08 20:04:13,635 - MACD_Sig_Z     : -20.620537 (scaled x1000)
2026-01-08 20:04:13,636 - Volume_Z       : -22.640791 (scaled x1000)
2026-01-08 20:04:13,636 - BB_High_Rel    : -25.672733 (scaled x1000)
2026-01-08 20:04:13,636 - Log_Ret_Open   : -27.127059 (scaled x1000)
2026-01-08 20:04:13,636 - News_Vol_Z     : -40.090821 (scaled x1000)
2026-01-08 20:04:13,636 - Log_Ret_High   : -43.355705 (scaled x1000)
2026-01-08 20:04:13,933 - 

 ==============> Starting Fold 5 | Test Year: 2025
2026-01-08 20:04:14,437 - 
Sanity CHECK:
2026-01-08 20:04:14,437 - DBG shapes: (252, 1), (252, 1), (252, 5)
2026-01-08 20:04:14,438 - DBG preds stats: min=-1.119924783706665, max=1.8235211372375488, median=0.024444416165351868, std=0.48104608058929443
2026-01-08 20:04:14,438 - DBG actuals stats: min=-3.6335513591766357, max=2.214081287384033, median=0.1647656261920929, std=0.9486135840415955
2026-01-08 20:04:14,439 - Epoch 0:
2026-01-08 20:04:14,439 -   - Range Coverage: nan%
2026-01-08 20:04:14,439 -   - Epsilon Hit (0.2%): 15.08%
2026-01-08 20:04:14,439 -   - Directional Acc: 49.60%
2026-01-08 20:04:14,440 - Best model updated at Epoch 0
2026-01-08 20:04:14,963 - 
Sanity CHECK:
2026-01-08 20:04:14,964 - DBG shapes: (252, 1), (252, 1), (252, 5)
2026-01-08 20:04:14,964 - DBG preds stats: min=-1.1004334688186646, max=1.6744426488876343, median=-0.034832943230867386, std=0.4585059583187103
2026-01-08 20:04:14,965 - DBG actuals stats: min=-3.6335513591766357, max=2.214081287384033, median=0.1647656261920929, std=0.9486135840415955
2026-01-08 20:04:14,965 - Epoch 1:
2026-01-08 20:04:14,965 -   - Range Coverage: nan%
2026-01-08 20:04:14,966 -   - Epsilon Hit (0.2%): 14.68%
2026-01-08 20:04:14,966 -   - Directional Acc: 50.00%
2026-01-08 20:04:14,966 - Best model updated at Epoch 1
2026-01-08 20:04:15,458 - 
Sanity CHECK:
2026-01-08 20:04:15,458 - DBG shapes: (252, 1), (252, 1), (252, 5)
2026-01-08 20:04:15,459 - DBG preds stats: min=-1.2358490228652954, max=1.5678991079330444, median=-0.13068947196006775, std=0.4530183672904968
2026-01-08 20:04:15,459 - DBG actuals stats: min=-3.6335513591766357, max=2.214081287384033, median=0.1647656261920929, std=0.9486135840415955
2026-01-08 20:04:15,460 - Epoch 2:
2026-01-08 20:04:15,460 -   - Range Coverage: nan%
2026-01-08 20:04:15,460 -   - Epsilon Hit (0.2%): 15.48%
2026-01-08 20:04:15,460 -   - Directional Acc: 48.81%
2026-01-08 20:04:15,919 - 
Sanity CHECK:
2026-01-08 20:04:15,919 - DBG shapes: (252, 1), (252, 1), (252, 5)
2026-01-08 20:04:15,919 - DBG preds stats: min=-1.371915578842163, max=2.076023817062378, median=0.04957839846611023, std=0.5393528342247009
2026-01-08 20:04:15,920 - DBG actuals stats: min=-3.6335513591766357, max=2.214081287384033, median=0.1647656261920929, std=0.9486135840415955
2026-01-08 20:04:15,920 - Epoch 3:
2026-01-08 20:04:15,920 -   - Range Coverage: nan%
2026-01-08 20:04:15,921 -   - Epsilon Hit (0.2%): 13.89%
2026-01-08 20:04:15,921 -   - Directional Acc: 51.59%
2026-01-08 20:04:16,430 - 
Sanity CHECK:
2026-01-08 20:04:16,431 - DBG shapes: (252, 1), (252, 1), (252, 5)
2026-01-08 20:04:16,431 - DBG preds stats: min=-1.2545151710510254, max=2.062998056411743, median=-0.05226217210292816, std=0.5206203460693359
2026-01-08 20:04:16,431 - DBG actuals stats: min=-3.6335513591766357, max=2.214081287384033, median=0.1647656261920929, std=0.9486135840415955
2026-01-08 20:04:16,432 - Epoch 5/100 | Train Loss: 0.219325 | Val Loss: 0.491824
2026-01-08 20:04:16,432 - Current LR: 0.001000
2026-01-08 20:04:16,432 - Epoch 4:
2026-01-08 20:04:16,433 -   - Range Coverage: nan%
2026-01-08 20:04:16,433 -   - Epsilon Hit (0.2%): 13.89%
2026-01-08 20:04:16,433 -   - Directional Acc: 48.02%
2026-01-08 20:04:16,968 - 
Sanity CHECK:
2026-01-08 20:04:16,969 - DBG shapes: (252, 1), (252, 1), (252, 5)
2026-01-08 20:04:16,969 - DBG preds stats: min=-1.1380181312561035, max=2.1005120277404785, median=0.1766180694103241, std=0.5121097564697266
2026-01-08 20:04:16,970 - DBG actuals stats: min=-3.6335513591766357, max=2.214081287384033, median=0.1647656261920929, std=0.9486135840415955
2026-01-08 20:04:16,970 - Epoch 5:
2026-01-08 20:04:16,970 -   - Range Coverage: nan%
2026-01-08 20:04:16,970 -   - Epsilon Hit (0.2%): 17.86%
2026-01-08 20:04:16,970 -   - Directional Acc: 53.97%
2026-01-08 20:04:17,411 - 
Sanity CHECK:
2026-01-08 20:04:17,412 - DBG shapes: (252, 1), (252, 1), (252, 5)
2026-01-08 20:04:17,412 - DBG preds stats: min=-1.3393131494522095, max=1.6876890659332275, median=-0.17535723745822906, std=0.4955250918865204
2026-01-08 20:04:17,413 - DBG actuals stats: min=-3.6335513591766357, max=2.214081287384033, median=0.1647656261920929, std=0.9486135840415955
2026-01-08 20:04:17,413 - Epoch 6:
2026-01-08 20:04:17,413 -   - Range Coverage: nan%
2026-01-08 20:04:17,413 -   - Epsilon Hit (0.2%): 17.86%
2026-01-08 20:04:17,413 -   - Directional Acc: 50.40%
2026-01-08 20:04:17,832 - 
Sanity CHECK:
2026-01-08 20:04:17,832 - DBG shapes: (252, 1), (252, 1), (252, 5)
2026-01-08 20:04:17,833 - DBG preds stats: min=-1.2110861539840698, max=1.9758870601654053, median=-0.06050971895456314, std=0.48028475046157837
2026-01-08 20:04:17,833 - DBG actuals stats: min=-3.6335513591766357, max=2.214081287384033, median=0.1647656261920929, std=0.9486135840415955
2026-01-08 20:04:17,833 - Epoch 7:
2026-01-08 20:04:17,834 -   - Range Coverage: nan%
2026-01-08 20:04:17,834 -   - Epsilon Hit (0.2%): 19.44%
2026-01-08 20:04:17,834 -   - Directional Acc: 50.00%
2026-01-08 20:04:18,310 - 
Sanity CHECK:
2026-01-08 20:04:18,310 - DBG shapes: (252, 1), (252, 1), (252, 5)
2026-01-08 20:04:18,311 - DBG preds stats: min=-1.478869915008545, max=1.9958446025848389, median=-0.13247419893741608, std=0.5158525705337524
2026-01-08 20:04:18,311 - DBG actuals stats: min=-3.6335513591766357, max=2.214081287384033, median=0.1647656261920929, std=0.9486135840415955
2026-01-08 20:04:18,311 - Epoch 8:
2026-01-08 20:04:18,312 -   - Range Coverage: nan%
2026-01-08 20:04:18,312 -   - Epsilon Hit (0.2%): 15.48%
2026-01-08 20:04:18,312 -   - Directional Acc: 46.83%
2026-01-08 20:04:18,772 - 
Sanity CHECK:
2026-01-08 20:04:18,772 - DBG shapes: (252, 1), (252, 1), (252, 5)
2026-01-08 20:04:18,772 - DBG preds stats: min=-1.1626999378204346, max=2.3429088592529297, median=0.11888004094362259, std=0.5452625751495361
2026-01-08 20:04:18,773 - DBG actuals stats: min=-3.6335513591766357, max=2.214081287384033, median=0.1647656261920929, std=0.9486135840415955
2026-01-08 20:04:18,773 - Epoch 10/100 | Train Loss: 0.206741 | Val Loss: 0.493516
2026-01-08 20:04:18,773 - Current LR: 0.001000
2026-01-08 20:04:18,774 - Epoch 9:
2026-01-08 20:04:18,774 -   - Range Coverage: nan%
2026-01-08 20:04:18,774 -   - Epsilon Hit (0.2%): 16.27%
2026-01-08 20:04:18,774 -   - Directional Acc: 53.57%
2026-01-08 20:04:19,250 - 
Sanity CHECK:
2026-01-08 20:04:19,251 - DBG shapes: (252, 1), (252, 1), (252, 5)
2026-01-08 20:04:19,251 - DBG preds stats: min=-1.2713298797607422, max=2.123521089553833, median=-0.042904023081064224, std=0.5524811744689941
2026-01-08 20:04:19,251 - DBG actuals stats: min=-3.6335513591766357, max=2.214081287384033, median=0.1647656261920929, std=0.9486135840415955
2026-01-08 20:04:19,252 - Epoch 10:
2026-01-08 20:04:19,252 -   - Range Coverage: nan%
2026-01-08 20:04:19,252 -   - Epsilon Hit (0.2%): 12.70%
2026-01-08 20:04:19,252 -   - Directional Acc: 50.40%
2026-01-08 20:04:19,683 - 
Sanity CHECK:
2026-01-08 20:04:19,683 - DBG shapes: (252, 1), (252, 1), (252, 5)
2026-01-08 20:04:19,683 - DBG preds stats: min=-1.4917758703231812, max=2.346829891204834, median=-0.0763724073767662, std=0.5793381929397583
2026-01-08 20:04:19,684 - DBG actuals stats: min=-3.6335513591766357, max=2.214081287384033, median=0.1647656261920929, std=0.9486135840415955
2026-01-08 20:04:19,684 - Epoch 11:
2026-01-08 20:04:19,685 -   - Range Coverage: nan%
2026-01-08 20:04:19,685 -   - Epsilon Hit (0.2%): 16.67%
2026-01-08 20:04:19,685 -   - Directional Acc: 49.60%
2026-01-08 20:04:20,195 -     0.100% |       49 | $    786.08 |  -1.27
2026-01-08 20:04:20,196 -     0.200% |       49 | $    786.08 |  -1.27
2026-01-08 20:04:20,197 -     0.300% |       53 | $    807.54 |  -1.13
2026-01-08 20:04:20,197 -     0.500% |       52 | $    821.53 |  -1.04
2026-01-08 20:04:20,197 - --- Final Test Results ---
2026-01-08 20:04:20,198 - Test RMSE: 1.5392
2026-01-08 20:04:20,198 -   - Range Coverage: nan%
2026-01-08 20:04:20,198 -   - Epsilon Hit (0.2%): 11.01%
2026-01-08 20:04:20,198 -   - Directional Acc: 45.81%
2026-01-08 20:04:20,198 -   - MAE: 1.1667
2026-01-08 20:04:20,198 -   - MAPE: 116.67%
2026-01-08 20:04:20,199 -   - Max Predicted Move (log-return): 2.3378
2026-01-08 20:04:20,199 -   - Avg Predicted Move (log-return): 0.5910
2026-01-08 20:04:20,199 - 
--- Trading Performance (with 0.03% fee and $1000 capital) ---
2026-01-08 20:04:20,199 - Total Trades: 49
2026-01-08 20:04:20,199 - Strategy Final Value: $778.41
2026-01-08 20:04:20,200 - Buy & Hold Final Value: $1580.47
2026-01-08 20:04:20,200 - Sharpe Ratio: -1.32
2026-01-08 20:04:20,200 - MARKET OUTPERFORMED STRATEGY
2026-01-08 20:04:20,951 - Completed Fold 5

2026-01-08 20:04:21,261 - 
--- Permutation Importance Fold 5 ---
2026-01-08 20:04:21,262 - MACD_Z         : 22.682963 (scaled x1000)
2026-01-08 20:04:21,262 - MACD_Sig_Z     : 16.333489 (scaled x1000)
2026-01-08 20:04:21,262 - BB_Low_Rel     : 9.535417 (scaled x1000)
2026-01-08 20:04:21,262 - Sentiment      : 4.700171 (scaled x1000)
2026-01-08 20:04:21,262 - Volume_Z       : 0.834111 (scaled x1000)
2026-01-08 20:04:21,263 - ATR_Pct        : -0.637202 (scaled x1000)
2026-01-08 20:04:21,263 - Log_Ret_High   : -2.212012 (scaled x1000)
2026-01-08 20:04:21,263 - RSI_Z          : -2.534700 (scaled x1000)
2026-01-08 20:04:21,263 - BB_High_Rel    : -3.800600 (scaled x1000)
2026-01-08 20:04:21,263 - SMA_20_Rel     : -8.321595 (scaled x1000)
2026-01-08 20:04:21,263 - News_Vol_Z     : -11.916585 (scaled x1000)
2026-01-08 20:04:21,264 - Log_Ret_Open   : -15.395485 (scaled x1000)
2026-01-08 20:04:21,264 - SMA_50_Rel     : -17.923791 (scaled x1000)
2026-01-08 20:04:21,264 - Log_Ret_Low    : -26.679681 (scaled x1000)
2026-01-08 20:04:21,264 - Log_Ret_Close  : -43.976554 (scaled x1000)
