2026-01-08 19:04:13,431 - Hyperparameters:
2026-01-08 19:04:13,431 -   - Automatic Feature Engineering: False
2026-01-08 19:04:13,432 -   - Early Stopping: True
2026-01-08 19:04:13,432 - ----------  FEATURES  --------
2026-01-08 19:04:13,432 -   - Targets: ['Target_Close_Norm']
2026-01-08 19:04:13,432 -   - Market Features: ['Log_Ret_Open', 'Log_Ret_High', 'Log_Ret_Low', 'Log_Ret_Close', 'Volume_Z', 'RSI_Z', 'SMA_20_Rel', 'SMA_50_Rel', 'MACD_Z', 'MACD_Sig_Z', 'ATR_Pct', 'BB_Low_Rel', 'BB_High_Rel']
2026-01-08 19:04:13,432 -   - Sentiment Features: ['Sentiment', 'News_Vol_Z']
2026-01-08 19:04:13,433 -   - Not considered Features: []
2026-01-08 19:04:13,433 - -------------------------------
2026-01-08 19:04:13,434 - Model Configuration:
2026-01-08 19:04:13,434 -   - Hidden Dim: 64
2026-01-08 19:04:13,434 -   - Batch Size: 64
2026-01-08 19:04:13,434 -   - Epochs: 100
2026-01-08 19:04:13,434 -   - Learning Rate: 0.001
2026-01-08 19:04:13,435 -   - Feature Threshold: 0
2026-01-08 19:04:13,435 -   - Output Folder: results/20260108-190413
2026-01-08 19:04:13,435 -   - Data Split: expanding_window
2026-01-08 19:04:13,435 -   - Architecture 2: CNN + LSTM + Attention
2026-01-08 19:04:13,436 - --------------------------------------------------
2026-01-08 19:04:13,436 - Additional information:
2026-01-08 19:04:13,436 -   - cnn5 only
2026-01-08 19:04:13,444 - 

 ==============> Starting Fold 1 | Test Year: 2021
2026-01-08 19:04:16,407 - 
Sanity CHECK:
2026-01-08 19:04:16,407 - DBG shapes: (253, 1), (253, 1), (253, 5)
2026-01-08 19:04:16,408 - DBG preds stats: min=-0.011437773704528809, max=0.1725507378578186, median=0.07688349485397339, std=0.04999660328030586
2026-01-08 19:04:16,408 - DBG actuals stats: min=-5.518972873687744, max=4.738952159881592, median=0.2158277928829193, std=1.234215497970581
2026-01-08 19:04:16,409 - Epoch 0:
2026-01-08 19:04:16,409 -   - Range Coverage: nan%
2026-01-08 19:04:16,409 -   - Epsilon Hit (0.2%): 17.39%
2026-01-08 19:04:16,409 -   - Directional Acc: 55.34%
2026-01-08 19:04:16,410 - Best model updated at Epoch 0
2026-01-08 19:04:16,716 - 
Sanity CHECK:
2026-01-08 19:04:16,717 - DBG shapes: (253, 1), (253, 1), (253, 5)
2026-01-08 19:04:16,717 - DBG preds stats: min=-0.10105285048484802, max=-0.004019290208816528, median=-0.05570998787879944, std=0.026953307911753654
2026-01-08 19:04:16,718 - DBG actuals stats: min=-5.518972873687744, max=4.738952159881592, median=0.2158277928829193, std=1.234215497970581
2026-01-08 19:04:16,718 - Epoch 1:
2026-01-08 19:04:16,719 -   - Range Coverage: nan%
2026-01-08 19:04:16,719 -   - Epsilon Hit (0.2%): 13.83%
2026-01-08 19:04:16,719 -   - Directional Acc: 41.11%
2026-01-08 19:04:16,978 - 
Sanity CHECK:
2026-01-08 19:04:16,978 - DBG shapes: (253, 1), (253, 1), (253, 5)
2026-01-08 19:04:16,979 - DBG preds stats: min=-0.043936729431152344, max=0.07692119479179382, median=0.011358708143234253, std=0.03006064146757126
2026-01-08 19:04:16,979 - DBG actuals stats: min=-5.518972873687744, max=4.738952159881592, median=0.2158277928829193, std=1.234215497970581
2026-01-08 19:04:16,980 - Epoch 2:
2026-01-08 19:04:16,980 -   - Range Coverage: nan%
2026-01-08 19:04:16,980 -   - Epsilon Hit (0.2%): 15.42%
2026-01-08 19:04:16,980 -   - Directional Acc: 45.85%
2026-01-08 19:04:17,272 - 
Sanity CHECK:
2026-01-08 19:04:17,272 - DBG shapes: (253, 1), (253, 1), (253, 5)
2026-01-08 19:04:17,272 - DBG preds stats: min=-0.057941243052482605, max=0.04827249050140381, median=-0.013666599988937378, std=0.025406979024410248
2026-01-08 19:04:17,273 - DBG actuals stats: min=-5.518972873687744, max=4.738952159881592, median=0.2158277928829193, std=1.234215497970581
2026-01-08 19:04:17,273 - Epoch 3:
2026-01-08 19:04:17,273 -   - Range Coverage: nan%
2026-01-08 19:04:17,274 -   - Epsilon Hit (0.2%): 15.42%
2026-01-08 19:04:17,274 -   - Directional Acc: 42.69%
2026-01-08 19:04:17,569 - 
Sanity CHECK:
2026-01-08 19:04:17,569 - DBG shapes: (253, 1), (253, 1), (253, 5)
2026-01-08 19:04:17,570 - DBG preds stats: min=-0.048519134521484375, max=0.06397265195846558, median=0.002014070749282837, std=0.027483973652124405
2026-01-08 19:04:17,570 - DBG actuals stats: min=-5.518972873687744, max=4.738952159881592, median=0.2158277928829193, std=1.234215497970581
2026-01-08 19:04:17,570 - Epoch 5/100 | Train Loss: 0.255610 | Val Loss: 0.511896
2026-01-08 19:04:17,571 - Current LR: 0.001000
2026-01-08 19:04:17,571 - Epoch 4:
2026-01-08 19:04:17,571 -   - Range Coverage: nan%
2026-01-08 19:04:17,571 -   - Epsilon Hit (0.2%): 15.81%
2026-01-08 19:04:17,572 -   - Directional Acc: 49.41%
2026-01-08 19:04:17,864 - 
Sanity CHECK:
2026-01-08 19:04:17,864 - DBG shapes: (253, 1), (253, 1), (253, 5)
2026-01-08 19:04:17,865 - DBG preds stats: min=-0.0554342120885849, max=0.03677305579185486, median=-0.015243709087371826, std=0.022354306653141975
2026-01-08 19:04:17,865 - DBG actuals stats: min=-5.518972873687744, max=4.738952159881592, median=0.2158277928829193, std=1.234215497970581
2026-01-08 19:04:17,865 - Epoch 5:
2026-01-08 19:04:17,866 -   - Range Coverage: nan%
2026-01-08 19:04:17,866 -   - Epsilon Hit (0.2%): 15.02%
2026-01-08 19:04:17,866 -   - Directional Acc: 45.06%
2026-01-08 19:04:18,152 - 
Sanity CHECK:
2026-01-08 19:04:18,153 - DBG shapes: (253, 1), (253, 1), (253, 5)
2026-01-08 19:04:18,153 - DBG preds stats: min=-0.034135520458221436, max=0.06291240453720093, median=0.008998662233352661, std=0.023817598819732666
2026-01-08 19:04:18,154 - DBG actuals stats: min=-5.518972873687744, max=4.738952159881592, median=0.2158277928829193, std=1.234215497970581
2026-01-08 19:04:18,154 - Epoch 6:
2026-01-08 19:04:18,154 -   - Range Coverage: nan%
2026-01-08 19:04:18,154 -   - Epsilon Hit (0.2%): 15.81%
2026-01-08 19:04:18,155 -   - Directional Acc: 51.78%
2026-01-08 19:04:18,413 - 
Sanity CHECK:
2026-01-08 19:04:18,414 - DBG shapes: (253, 1), (253, 1), (253, 5)
2026-01-08 19:04:18,414 - DBG preds stats: min=-0.028185546398162842, max=0.06998181343078613, median=0.017032533884048462, std=0.026904208585619926
2026-01-08 19:04:18,415 - DBG actuals stats: min=-5.518972873687744, max=4.738952159881592, median=0.2158277928829193, std=1.234215497970581
2026-01-08 19:04:18,415 - Epoch 7:
2026-01-08 19:04:18,415 -   - Range Coverage: nan%
2026-01-08 19:04:18,416 -   - Epsilon Hit (0.2%): 16.21%
2026-01-08 19:04:18,416 -   - Directional Acc: 58.89%
2026-01-08 19:04:18,689 - 
Sanity CHECK:
2026-01-08 19:04:18,690 - DBG shapes: (253, 1), (253, 1), (253, 5)
2026-01-08 19:04:18,690 - DBG preds stats: min=-0.02285011112689972, max=0.049015358090400696, median=-0.0009017437696456909, std=0.016503650695085526
2026-01-08 19:04:18,690 - DBG actuals stats: min=-5.518972873687744, max=4.738952159881592, median=0.2158277928829193, std=1.234215497970581
2026-01-08 19:04:18,691 - Epoch 8:
2026-01-08 19:04:18,691 -   - Range Coverage: nan%
2026-01-08 19:04:18,691 -   - Epsilon Hit (0.2%): 15.42%
2026-01-08 19:04:18,691 -   - Directional Acc: 44.66%
2026-01-08 19:04:18,999 - 
Sanity CHECK:
2026-01-08 19:04:18,999 - DBG shapes: (253, 1), (253, 1), (253, 5)
2026-01-08 19:04:19,000 - DBG preds stats: min=-0.06894086301326752, max=0.007152557373046875, median=-0.03765252232551575, std=0.019672075286507607
2026-01-08 19:04:19,000 - DBG actuals stats: min=-5.518972873687744, max=4.738952159881592, median=0.2158277928829193, std=1.234215497970581
2026-01-08 19:04:19,001 - Epoch 10/100 | Train Loss: 0.253697 | Val Loss: 0.515546
2026-01-08 19:04:19,001 - Current LR: 0.001000
2026-01-08 19:04:19,001 - Epoch 9:
2026-01-08 19:04:19,002 -   - Range Coverage: nan%
2026-01-08 19:04:19,002 -   - Epsilon Hit (0.2%): 14.62%
2026-01-08 19:04:19,002 -   - Directional Acc: 41.90%
2026-01-08 19:04:19,385 - 
Sanity CHECK:
2026-01-08 19:04:19,385 - DBG shapes: (253, 1), (253, 1), (253, 5)
2026-01-08 19:04:19,386 - DBG preds stats: min=-0.006475850939750671, max=0.0820721685886383, median=0.020562678575515747, std=0.020840048789978027
2026-01-08 19:04:19,386 - DBG actuals stats: min=-5.518972873687744, max=4.738952159881592, median=0.2158277928829193, std=1.234215497970581
2026-01-08 19:04:19,387 - Epoch 10:
2026-01-08 19:04:19,387 -   - Range Coverage: nan%
2026-01-08 19:04:19,387 -   - Epsilon Hit (0.2%): 15.02%
2026-01-08 19:04:19,387 -   - Directional Acc: 58.10%
2026-01-08 19:04:19,388 - Best model updated at Epoch 10
2026-01-08 19:04:19,677 - 
Sanity CHECK:
2026-01-08 19:04:19,678 - DBG shapes: (253, 1), (253, 1), (253, 5)
2026-01-08 19:04:19,678 - DBG preds stats: min=-0.05813032388687134, max=0.029621154069900513, median=-0.014238938689231873, std=0.017463384196162224
2026-01-08 19:04:19,678 - DBG actuals stats: min=-5.518972873687744, max=4.738952159881592, median=0.2158277928829193, std=1.234215497970581
2026-01-08 19:04:19,679 - Epoch 11:
2026-01-08 19:04:19,679 -   - Range Coverage: nan%
2026-01-08 19:04:19,679 -   - Epsilon Hit (0.2%): 15.42%
2026-01-08 19:04:19,679 -   - Directional Acc: 41.90%
2026-01-08 19:04:19,970 - 
Sanity CHECK:
2026-01-08 19:04:19,971 - DBG shapes: (253, 1), (253, 1), (253, 5)
2026-01-08 19:04:19,971 - DBG preds stats: min=-0.017992019653320312, max=0.06899449229240417, median=0.01196378469467163, std=0.01925220899283886
2026-01-08 19:04:19,971 - DBG actuals stats: min=-5.518972873687744, max=4.738952159881592, median=0.2158277928829193, std=1.234215497970581
2026-01-08 19:04:19,972 - Epoch 12:
2026-01-08 19:04:19,972 -   - Range Coverage: nan%
2026-01-08 19:04:19,972 -   - Epsilon Hit (0.2%): 15.42%
2026-01-08 19:04:19,972 -   - Directional Acc: 54.94%
2026-01-08 19:04:20,286 - 
Sanity CHECK:
2026-01-08 19:04:20,286 - DBG shapes: (253, 1), (253, 1), (253, 5)
2026-01-08 19:04:20,287 - DBG preds stats: min=-0.023852795362472534, max=0.09161271154880524, median=0.03656722605228424, std=0.024027913808822632
2026-01-08 19:04:20,287 - DBG actuals stats: min=-5.518972873687744, max=4.738952159881592, median=0.2158277928829193, std=1.234215497970581
2026-01-08 19:04:20,288 - Epoch 13:
2026-01-08 19:04:20,288 -   - Range Coverage: nan%
2026-01-08 19:04:20,288 -   - Epsilon Hit (0.2%): 16.60%
2026-01-08 19:04:20,288 -   - Directional Acc: 57.31%
2026-01-08 19:04:20,289 - Best model updated at Epoch 13
2026-01-08 19:04:20,587 - 
Sanity CHECK:
2026-01-08 19:04:20,588 - DBG shapes: (253, 1), (253, 1), (253, 5)
2026-01-08 19:04:20,588 - DBG preds stats: min=-0.04162852466106415, max=0.06892170011997223, median=0.013745501637458801, std=0.021081604063510895
2026-01-08 19:04:20,588 - DBG actuals stats: min=-5.518972873687744, max=4.738952159881592, median=0.2158277928829193, std=1.234215497970581
2026-01-08 19:04:20,589 - Epoch 15/100 | Train Loss: 0.250279 | Val Loss: 0.508694
2026-01-08 19:04:20,589 - Current LR: 0.001000
2026-01-08 19:04:20,589 - Epoch 14:
2026-01-08 19:04:20,589 -   - Range Coverage: nan%
2026-01-08 19:04:20,590 -   - Epsilon Hit (0.2%): 15.42%
2026-01-08 19:04:20,590 -   - Directional Acc: 57.31%
2026-01-08 19:04:20,908 - 
Sanity CHECK:
2026-01-08 19:04:20,909 - DBG shapes: (253, 1), (253, 1), (253, 5)
2026-01-08 19:04:20,909 - DBG preds stats: min=-0.04282599687576294, max=0.07253086566925049, median=0.014232635498046875, std=0.022075895220041275
2026-01-08 19:04:20,909 - DBG actuals stats: min=-5.518972873687744, max=4.738952159881592, median=0.2158277928829193, std=1.234215497970581
2026-01-08 19:04:20,910 - Epoch 15:
2026-01-08 19:04:20,910 -   - Range Coverage: nan%
2026-01-08 19:04:20,910 -   - Epsilon Hit (0.2%): 15.42%
2026-01-08 19:04:20,910 -   - Directional Acc: 57.71%
2026-01-08 19:04:21,444 - 
Sanity CHECK:
2026-01-08 19:04:21,444 - DBG shapes: (253, 1), (253, 1), (253, 5)
2026-01-08 19:04:21,444 - DBG preds stats: min=-0.06761106848716736, max=0.06765212118625641, median=0.005163624882698059, std=0.025200629606842995
2026-01-08 19:04:21,445 - DBG actuals stats: min=-5.518972873687744, max=4.738952159881592, median=0.2158277928829193, std=1.234215497970581
2026-01-08 19:04:21,445 - Epoch 16:
2026-01-08 19:04:21,445 -   - Range Coverage: nan%
2026-01-08 19:04:21,446 -   - Epsilon Hit (0.2%): 15.42%
2026-01-08 19:04:21,446 -   - Directional Acc: 56.13%
2026-01-08 19:04:21,775 - 
Sanity CHECK:
2026-01-08 19:04:21,776 - DBG shapes: (253, 1), (253, 1), (253, 5)
2026-01-08 19:04:21,776 - DBG preds stats: min=-0.061624690890312195, max=0.07649338245391846, median=0.007603704929351807, std=0.026699135079979897
2026-01-08 19:04:21,776 - DBG actuals stats: min=-5.518972873687744, max=4.738952159881592, median=0.2158277928829193, std=1.234215497970581
2026-01-08 19:04:21,777 - Epoch 17:
2026-01-08 19:04:21,777 -   - Range Coverage: nan%
2026-01-08 19:04:21,777 -   - Epsilon Hit (0.2%): 15.02%
2026-01-08 19:04:21,777 -   - Directional Acc: 55.73%
2026-01-08 19:04:22,089 - 
Sanity CHECK:
2026-01-08 19:04:22,089 - DBG shapes: (253, 1), (253, 1), (253, 5)
2026-01-08 19:04:22,089 - DBG preds stats: min=-0.07617735862731934, max=0.041351884603500366, median=-0.012791574001312256, std=0.023018743842840195
2026-01-08 19:04:22,090 - DBG actuals stats: min=-5.518972873687744, max=4.738952159881592, median=0.2158277928829193, std=1.234215497970581
2026-01-08 19:04:22,090 - Epoch 18:
2026-01-08 19:04:22,090 -   - Range Coverage: nan%
2026-01-08 19:04:22,090 -   - Epsilon Hit (0.2%): 14.23%
2026-01-08 19:04:22,091 -   - Directional Acc: 47.43%
2026-01-08 19:04:22,412 - 
Sanity CHECK:
2026-01-08 19:04:22,412 - DBG shapes: (253, 1), (253, 1), (253, 5)
2026-01-08 19:04:22,412 - DBG preds stats: min=-0.05706919729709625, max=0.050331369042396545, median=-0.01045103371143341, std=0.026244420558214188
2026-01-08 19:04:22,413 - DBG actuals stats: min=-5.518972873687744, max=4.738952159881592, median=0.2158277928829193, std=1.234215497970581
2026-01-08 19:04:22,413 - Epoch 20/100 | Train Loss: 0.249542 | Val Loss: 0.509883
2026-01-08 19:04:22,413 - Current LR: 0.001000
2026-01-08 19:04:22,414 - Epoch 19:
2026-01-08 19:04:22,414 -   - Range Coverage: nan%
2026-01-08 19:04:22,414 -   - Epsilon Hit (0.2%): 15.42%
2026-01-08 19:04:22,414 -   - Directional Acc: 47.43%
2026-01-08 19:04:22,719 - 
Sanity CHECK:
2026-01-08 19:04:22,719 - DBG shapes: (253, 1), (253, 1), (253, 5)
2026-01-08 19:04:22,719 - DBG preds stats: min=-0.07546258717775345, max=0.05481380224227905, median=-0.005248904228210449, std=0.02711624465882778
2026-01-08 19:04:22,720 - DBG actuals stats: min=-5.518972873687744, max=4.738952159881592, median=0.2158277928829193, std=1.234215497970581
2026-01-08 19:04:22,720 - Epoch 20:
2026-01-08 19:04:22,720 -   - Range Coverage: nan%
2026-01-08 19:04:22,720 -   - Epsilon Hit (0.2%): 15.02%
2026-01-08 19:04:22,721 -   - Directional Acc: 50.99%
2026-01-08 19:04:23,029 - 
Sanity CHECK:
2026-01-08 19:04:23,030 - DBG shapes: (253, 1), (253, 1), (253, 5)
2026-01-08 19:04:23,030 - DBG preds stats: min=-0.06946870684623718, max=0.07687501609325409, median=0.0052646249532699585, std=0.031029410660266876
2026-01-08 19:04:23,031 - DBG actuals stats: min=-5.518972873687744, max=4.738952159881592, median=0.2158277928829193, std=1.234215497970581
2026-01-08 19:04:23,031 - Epoch 21:
2026-01-08 19:04:23,031 -   - Range Coverage: nan%
2026-01-08 19:04:23,031 -   - Epsilon Hit (0.2%): 14.62%
2026-01-08 19:04:23,032 -   - Directional Acc: 51.78%
2026-01-08 19:04:23,336 - 
Sanity CHECK:
2026-01-08 19:04:23,337 - DBG shapes: (253, 1), (253, 1), (253, 5)
2026-01-08 19:04:23,337 - DBG preds stats: min=-0.09089230000972748, max=0.08014185726642609, median=0.027381524443626404, std=0.03416886553168297
2026-01-08 19:04:23,337 - DBG actuals stats: min=-5.518972873687744, max=4.738952159881592, median=0.2158277928829193, std=1.234215497970581
2026-01-08 19:04:23,338 - Epoch 22:
2026-01-08 19:04:23,338 -   - Range Coverage: nan%
2026-01-08 19:04:23,338 -   - Epsilon Hit (0.2%): 16.21%
2026-01-08 19:04:23,338 -   - Directional Acc: 58.89%
2026-01-08 19:04:23,732 - 
Sanity CHECK:
2026-01-08 19:04:23,732 - DBG shapes: (253, 1), (253, 1), (253, 5)
2026-01-08 19:04:23,733 - DBG preds stats: min=-0.05392267554998398, max=0.07912468910217285, median=0.008451968431472778, std=0.02756456471979618
2026-01-08 19:04:23,733 - DBG actuals stats: min=-5.518972873687744, max=4.738952159881592, median=0.2158277928829193, std=1.234215497970581
2026-01-08 19:04:23,734 - Epoch 23:
2026-01-08 19:04:23,734 -   - Range Coverage: nan%
2026-01-08 19:04:23,734 -   - Epsilon Hit (0.2%): 15.42%
2026-01-08 19:04:23,734 -   - Directional Acc: 55.34%
2026-01-08 19:04:24,298 -     0.100% |        6 | $   1013.69 |   0.15
2026-01-08 19:04:24,300 -     0.200% |        6 | $   1015.46 |   0.16
2026-01-08 19:04:24,301 -     0.300% |        9 | $   1018.00 |   0.18
2026-01-08 19:04:24,302 -     0.500% |       11 | $   1034.44 |   0.30
2026-01-08 19:04:24,302 - --- Final Test Results ---
2026-01-08 19:04:24,302 - Test RMSE: 0.8572
2026-01-08 19:04:24,302 -   - Range Coverage: nan%
2026-01-08 19:04:24,302 -   - Epsilon Hit (0.2%): 23.02%
2026-01-08 19:04:24,303 -   - Directional Acc: 51.59%
2026-01-08 19:04:24,303 -   - MAE: 0.6279
2026-01-08 19:04:24,303 -   - MAPE: 62.79%
2026-01-08 19:04:24,303 -   - Max Predicted Move (log-return): 0.0993
2026-01-08 19:04:24,303 -   - Avg Predicted Move (log-return): 0.0435
2026-01-08 19:04:24,304 - 
--- Trading Performance (with 0.03% fee and $1000 capital) ---
2026-01-08 19:04:24,304 - Total Trades: 6
2026-01-08 19:04:24,304 - Strategy Final Value: $1012.48
2026-01-08 19:04:24,304 - Buy & Hold Final Value: $923.22
2026-01-08 19:04:24,305 - Sharpe Ratio: 0.14
2026-01-08 19:04:24,306 - STRATEGY OUTPERFORMED MARKET
2026-01-08 19:04:25,163 - Completed Fold 1

2026-01-08 19:04:25,589 - 
--- Permutation Importance Fold 1 ---
2026-01-08 19:04:25,589 - Log_Ret_Open   : 2.589429 (scaled x1000)
2026-01-08 19:04:25,590 - Log_Ret_High   : 2.508329 (scaled x1000)
2026-01-08 19:04:25,590 - RSI_Z          : 0.267914 (scaled x1000)
2026-01-08 19:04:25,590 - Volume_Z       : 0.096899 (scaled x1000)
2026-01-08 19:04:25,590 - SMA_20_Rel     : -0.066995 (scaled x1000)
2026-01-08 19:04:25,590 - ATR_Pct        : -0.068080 (scaled x1000)
2026-01-08 19:04:25,590 - BB_Low_Rel     : -0.096764 (scaled x1000)
2026-01-08 19:04:25,590 - SMA_50_Rel     : -0.215226 (scaled x1000)
2026-01-08 19:04:25,591 - News_Vol_Z     : -0.373561 (scaled x1000)
2026-01-08 19:04:25,591 - Sentiment      : -0.403600 (scaled x1000)
2026-01-08 19:04:25,591 - Log_Ret_Close  : -0.458390 (scaled x1000)
2026-01-08 19:04:25,591 - BB_High_Rel    : -0.817643 (scaled x1000)
2026-01-08 19:04:25,591 - Log_Ret_Low    : -0.821847 (scaled x1000)
2026-01-08 19:04:25,591 - MACD_Sig_Z     : -2.435706 (scaled x1000)
2026-01-08 19:04:25,591 - MACD_Z         : -2.927661 (scaled x1000)
2026-01-08 19:04:25,882 - 

 ==============> Starting Fold 2 | Test Year: 2022
2026-01-08 19:04:26,222 - 
Sanity CHECK:
2026-01-08 19:04:26,222 - DBG shapes: (252, 1), (252, 1), (252, 5)
2026-01-08 19:04:26,223 - DBG preds stats: min=-0.018641114234924316, max=0.10842239856719971, median=0.06571203470230103, std=0.025752587243914604
2026-01-08 19:04:26,223 - DBG actuals stats: min=-3.480879545211792, max=2.1048059463500977, median=-5.4977601394057274e-05, std=0.8566687107086182
2026-01-08 19:04:26,224 - Epoch 0:
2026-01-08 19:04:26,224 -   - Range Coverage: nan%
2026-01-08 19:04:26,224 -   - Epsilon Hit (0.2%): 23.81%
2026-01-08 19:04:26,224 -   - Directional Acc: 51.59%
2026-01-08 19:04:26,225 - Best model updated at Epoch 0
2026-01-08 19:04:26,587 - 
Sanity CHECK:
2026-01-08 19:04:26,588 - DBG shapes: (252, 1), (252, 1), (252, 5)
2026-01-08 19:04:26,588 - DBG preds stats: min=-0.009095117449760437, max=0.12954559922218323, median=0.06258440017700195, std=0.030861157923936844
2026-01-08 19:04:26,589 - DBG actuals stats: min=-3.480879545211792, max=2.1048059463500977, median=-5.4977601394057274e-05, std=0.8566687107086182
2026-01-08 19:04:26,589 - Epoch 1:
2026-01-08 19:04:26,589 -   - Range Coverage: nan%
2026-01-08 19:04:26,589 -   - Epsilon Hit (0.2%): 24.60%
2026-01-08 19:04:26,590 -   - Directional Acc: 51.19%
2026-01-08 19:04:26,590 - Best model updated at Epoch 1
2026-01-08 19:04:26,916 - 
Sanity CHECK:
2026-01-08 19:04:26,916 - DBG shapes: (252, 1), (252, 1), (252, 5)
2026-01-08 19:04:26,917 - DBG preds stats: min=0.0026230216026306152, max=0.17632949352264404, median=0.11173774302005768, std=0.03528580814599991
2026-01-08 19:04:26,917 - DBG actuals stats: min=-3.480879545211792, max=2.1048059463500977, median=-5.4977601394057274e-05, std=0.8566687107086182
2026-01-08 19:04:26,917 - Epoch 2:
2026-01-08 19:04:26,917 -   - Range Coverage: nan%
2026-01-08 19:04:26,918 -   - Epsilon Hit (0.2%): 23.02%
2026-01-08 19:04:26,918 -   - Directional Acc: 50.00%
2026-01-08 19:04:27,262 - 
Sanity CHECK:
2026-01-08 19:04:27,262 - DBG shapes: (252, 1), (252, 1), (252, 5)
2026-01-08 19:04:27,263 - DBG preds stats: min=-0.0059793442487716675, max=0.17220546305179596, median=0.09809920936822891, std=0.03749639168381691
2026-01-08 19:04:27,263 - DBG actuals stats: min=-3.480879545211792, max=2.1048059463500977, median=-5.4977601394057274e-05, std=0.8566687107086182
2026-01-08 19:04:27,264 - Epoch 3:
2026-01-08 19:04:27,264 -   - Range Coverage: nan%
2026-01-08 19:04:27,264 -   - Epsilon Hit (0.2%): 23.41%
2026-01-08 19:04:27,264 -   - Directional Acc: 51.19%
2026-01-08 19:04:27,622 - 
Sanity CHECK:
2026-01-08 19:04:27,622 - DBG shapes: (252, 1), (252, 1), (252, 5)
2026-01-08 19:04:27,623 - DBG preds stats: min=-0.04220862686634064, max=0.1383366882801056, median=0.06654078513383865, std=0.03389395773410797
2026-01-08 19:04:27,623 - DBG actuals stats: min=-3.480879545211792, max=2.1048059463500977, median=-5.4977601394057274e-05, std=0.8566687107086182
2026-01-08 19:04:27,623 - Epoch 5/100 | Train Loss: 0.296546 | Val Loss: 0.304848
2026-01-08 19:04:27,623 - Current LR: 0.001000
2026-01-08 19:04:27,624 - Epoch 4:
2026-01-08 19:04:27,624 -   - Range Coverage: nan%
2026-01-08 19:04:27,624 -   - Epsilon Hit (0.2%): 23.81%
2026-01-08 19:04:27,624 -   - Directional Acc: 51.59%
2026-01-08 19:04:27,625 - Best model updated at Epoch 4
2026-01-08 19:04:27,966 - 
Sanity CHECK:
2026-01-08 19:04:27,966 - DBG shapes: (252, 1), (252, 1), (252, 5)
2026-01-08 19:04:27,967 - DBG preds stats: min=0.05162413418292999, max=0.3287683129310608, median=0.20006847381591797, std=0.05837919935584068
2026-01-08 19:04:27,967 - DBG actuals stats: min=-3.480879545211792, max=2.1048059463500977, median=-5.4977601394057274e-05, std=0.8566687107086182
2026-01-08 19:04:27,968 - Epoch 5:
2026-01-08 19:04:27,968 -   - Range Coverage: nan%
2026-01-08 19:04:27,968 -   - Epsilon Hit (0.2%): 23.02%
2026-01-08 19:04:27,968 -   - Directional Acc: 50.00%
2026-01-08 19:04:28,348 - 
Sanity CHECK:
2026-01-08 19:04:28,349 - DBG shapes: (252, 1), (252, 1), (252, 5)
2026-01-08 19:04:28,349 - DBG preds stats: min=-0.0338885635137558, max=0.17101866006851196, median=0.07878565788269043, std=0.04414060711860657
2026-01-08 19:04:28,350 - DBG actuals stats: min=-3.480879545211792, max=2.1048059463500977, median=-5.4977601394057274e-05, std=0.8566687107086182
2026-01-08 19:04:28,350 - Epoch 6:
2026-01-08 19:04:28,350 -   - Range Coverage: nan%
2026-01-08 19:04:28,350 -   - Epsilon Hit (0.2%): 24.21%
2026-01-08 19:04:28,351 -   - Directional Acc: 51.59%
2026-01-08 19:04:28,742 - 
Sanity CHECK:
2026-01-08 19:04:28,742 - DBG shapes: (252, 1), (252, 1), (252, 5)
2026-01-08 19:04:28,743 - DBG preds stats: min=-0.03155653178691864, max=0.1587272584438324, median=0.07499252259731293, std=0.041666168719530106
2026-01-08 19:04:28,743 - DBG actuals stats: min=-3.480879545211792, max=2.1048059463500977, median=-5.4977601394057274e-05, std=0.8566687107086182
2026-01-08 19:04:28,744 - Epoch 7:
2026-01-08 19:04:28,744 -   - Range Coverage: nan%
2026-01-08 19:04:28,744 -   - Epsilon Hit (0.2%): 24.21%
2026-01-08 19:04:28,744 -   - Directional Acc: 51.59%
2026-01-08 19:04:29,149 - 
Sanity CHECK:
2026-01-08 19:04:29,149 - DBG shapes: (252, 1), (252, 1), (252, 5)
2026-01-08 19:04:29,150 - DBG preds stats: min=0.010305225849151611, max=0.26951369643211365, median=0.1732872575521469, std=0.05382686108350754
2026-01-08 19:04:29,150 - DBG actuals stats: min=-3.480879545211792, max=2.1048059463500977, median=-5.4977601394057274e-05, std=0.8566687107086182
2026-01-08 19:04:29,151 - Epoch 8:
2026-01-08 19:04:29,151 -   - Range Coverage: nan%
2026-01-08 19:04:29,151 -   - Epsilon Hit (0.2%): 22.22%
2026-01-08 19:04:29,151 -   - Directional Acc: 50.00%
2026-01-08 19:04:29,543 - 
Sanity CHECK:
2026-01-08 19:04:29,543 - DBG shapes: (252, 1), (252, 1), (252, 5)
2026-01-08 19:04:29,544 - DBG preds stats: min=0.008925236761569977, max=0.2979718744754791, median=0.14380745589733124, std=0.06872791796922684
2026-01-08 19:04:29,544 - DBG actuals stats: min=-3.480879545211792, max=2.1048059463500977, median=-5.4977601394057274e-05, std=0.8566687107086182
2026-01-08 19:04:29,545 - Epoch 10/100 | Train Loss: 0.301037 | Val Loss: 0.309619
2026-01-08 19:04:29,545 - Current LR: 0.001000
2026-01-08 19:04:29,545 - Epoch 9:
2026-01-08 19:04:29,545 -   - Range Coverage: nan%
2026-01-08 19:04:29,546 -   - Epsilon Hit (0.2%): 23.41%
2026-01-08 19:04:29,546 -   - Directional Acc: 50.00%
2026-01-08 19:04:29,944 - 
Sanity CHECK:
2026-01-08 19:04:29,944 - DBG shapes: (252, 1), (252, 1), (252, 5)
2026-01-08 19:04:29,945 - DBG preds stats: min=-0.0021356791257858276, max=0.283271849155426, median=0.17770624160766602, std=0.055873919278383255
2026-01-08 19:04:29,945 - DBG actuals stats: min=-3.480879545211792, max=2.1048059463500977, median=-5.4977601394057274e-05, std=0.8566687107086182
2026-01-08 19:04:29,945 - Epoch 10:
2026-01-08 19:04:29,946 -   - Range Coverage: nan%
2026-01-08 19:04:29,946 -   - Epsilon Hit (0.2%): 23.02%
2026-01-08 19:04:29,946 -   - Directional Acc: 50.40%
2026-01-08 19:04:30,375 - 
Sanity CHECK:
2026-01-08 19:04:30,376 - DBG shapes: (252, 1), (252, 1), (252, 5)
2026-01-08 19:04:30,376 - DBG preds stats: min=-0.027589134871959686, max=0.21074414253234863, median=0.09739673137664795, std=0.06038780137896538
2026-01-08 19:04:30,377 - DBG actuals stats: min=-3.480879545211792, max=2.1048059463500977, median=-5.4977601394057274e-05, std=0.8566687107086182
2026-01-08 19:04:30,377 - Epoch 11:
2026-01-08 19:04:30,377 -   - Range Coverage: nan%
2026-01-08 19:04:30,377 -   - Epsilon Hit (0.2%): 24.21%
2026-01-08 19:04:30,378 -   - Directional Acc: 53.17%
2026-01-08 19:04:30,793 - 
Sanity CHECK:
2026-01-08 19:04:30,793 - DBG shapes: (252, 1), (252, 1), (252, 5)
2026-01-08 19:04:30,793 - DBG preds stats: min=-0.056727759540081024, max=0.16102027893066406, median=0.07192762941122055, std=0.048950616270303726
2026-01-08 19:04:30,794 - DBG actuals stats: min=-3.480879545211792, max=2.1048059463500977, median=-5.4977601394057274e-05, std=0.8566687107086182
2026-01-08 19:04:30,794 - Epoch 12:
2026-01-08 19:04:30,794 -   - Range Coverage: nan%
2026-01-08 19:04:30,795 -   - Epsilon Hit (0.2%): 24.21%
2026-01-08 19:04:30,795 -   - Directional Acc: 53.57%
2026-01-08 19:04:30,795 - Best model updated at Epoch 12
2026-01-08 19:04:31,205 - 
Sanity CHECK:
2026-01-08 19:04:31,205 - DBG shapes: (252, 1), (252, 1), (252, 5)
2026-01-08 19:04:31,205 - DBG preds stats: min=-0.0013367459177970886, max=0.2740764617919922, median=0.149894580245018, std=0.056782662868499756
2026-01-08 19:04:31,206 - DBG actuals stats: min=-3.480879545211792, max=2.1048059463500977, median=-5.4977601394057274e-05, std=0.8566687107086182
2026-01-08 19:04:31,206 - Epoch 13:
2026-01-08 19:04:31,206 -   - Range Coverage: nan%
2026-01-08 19:04:31,207 -   - Epsilon Hit (0.2%): 23.02%
2026-01-08 19:04:31,207 -   - Directional Acc: 50.40%
2026-01-08 19:04:31,609 - 
Sanity CHECK:
2026-01-08 19:04:31,609 - DBG shapes: (252, 1), (252, 1), (252, 5)
2026-01-08 19:04:31,609 - DBG preds stats: min=-0.051049333065748215, max=0.2011459916830063, median=0.07535768300294876, std=0.05839085578918457
2026-01-08 19:04:31,610 - DBG actuals stats: min=-3.480879545211792, max=2.1048059463500977, median=-5.4977601394057274e-05, std=0.8566687107086182
2026-01-08 19:04:31,610 - Epoch 15/100 | Train Loss: 0.298510 | Val Loss: 0.304227
2026-01-08 19:04:31,610 - Current LR: 0.001000
2026-01-08 19:04:31,611 - Epoch 14:
2026-01-08 19:04:31,611 -   - Range Coverage: nan%
2026-01-08 19:04:31,611 -   - Epsilon Hit (0.2%): 23.81%
2026-01-08 19:04:31,612 -   - Directional Acc: 51.59%
2026-01-08 19:04:31,612 - Best model updated at Epoch 14
2026-01-08 19:04:32,207 - 
Sanity CHECK:
2026-01-08 19:04:32,207 - DBG shapes: (252, 1), (252, 1), (252, 5)
2026-01-08 19:04:32,207 - DBG preds stats: min=-0.007167980074882507, max=0.3062232732772827, median=0.14723587036132812, std=0.07057534903287888
2026-01-08 19:04:32,208 - DBG actuals stats: min=-3.480879545211792, max=2.1048059463500977, median=-5.4977601394057274e-05, std=0.8566687107086182
2026-01-08 19:04:32,208 - Epoch 15:
2026-01-08 19:04:32,208 -   - Range Coverage: nan%
2026-01-08 19:04:32,209 -   - Epsilon Hit (0.2%): 23.41%
2026-01-08 19:04:32,209 -   - Directional Acc: 50.40%
2026-01-08 19:04:32,597 - 
Sanity CHECK:
2026-01-08 19:04:32,598 - DBG shapes: (252, 1), (252, 1), (252, 5)
2026-01-08 19:04:32,598 - DBG preds stats: min=-0.02622295171022415, max=0.29307466745376587, median=0.15143728256225586, std=0.06800675392150879
2026-01-08 19:04:32,598 - DBG actuals stats: min=-3.480879545211792, max=2.1048059463500977, median=-5.4977601394057274e-05, std=0.8566687107086182
2026-01-08 19:04:32,599 - Epoch 16:
2026-01-08 19:04:32,599 -   - Range Coverage: nan%
2026-01-08 19:04:32,599 -   - Epsilon Hit (0.2%): 23.02%
2026-01-08 19:04:32,599 -   - Directional Acc: 51.98%
2026-01-08 19:04:33,001 - 
Sanity CHECK:
2026-01-08 19:04:33,001 - DBG shapes: (252, 1), (252, 1), (252, 5)
2026-01-08 19:04:33,001 - DBG preds stats: min=0.002330087125301361, max=0.4505145847797394, median=0.20545746386051178, std=0.10392139106988907
2026-01-08 19:04:33,002 - DBG actuals stats: min=-3.480879545211792, max=2.1048059463500977, median=-5.4977601394057274e-05, std=0.8566687107086182
2026-01-08 19:04:33,002 - Epoch 17:
2026-01-08 19:04:33,002 -   - Range Coverage: nan%
2026-01-08 19:04:33,003 -   - Epsilon Hit (0.2%): 22.62%
2026-01-08 19:04:33,003 -   - Directional Acc: 50.00%
2026-01-08 19:04:33,403 - 
Sanity CHECK:
2026-01-08 19:04:33,403 - DBG shapes: (252, 1), (252, 1), (252, 5)
2026-01-08 19:04:33,404 - DBG preds stats: min=-0.07399110496044159, max=0.2831711173057556, median=0.14358903467655182, std=0.06739124655723572
2026-01-08 19:04:33,404 - DBG actuals stats: min=-3.480879545211792, max=2.1048059463500977, median=-5.4977601394057274e-05, std=0.8566687107086182
2026-01-08 19:04:33,404 - Epoch 18:
2026-01-08 19:04:33,405 -   - Range Coverage: nan%
2026-01-08 19:04:33,405 -   - Epsilon Hit (0.2%): 23.02%
2026-01-08 19:04:33,405 -   - Directional Acc: 50.79%
2026-01-08 19:04:33,822 - 
Sanity CHECK:
2026-01-08 19:04:33,822 - DBG shapes: (252, 1), (252, 1), (252, 5)
2026-01-08 19:04:33,823 - DBG preds stats: min=-0.008191503584384918, max=0.3932608962059021, median=0.18906085193157196, std=0.08853534609079361
2026-01-08 19:04:33,823 - DBG actuals stats: min=-3.480879545211792, max=2.1048059463500977, median=-5.4977601394057274e-05, std=0.8566687107086182
2026-01-08 19:04:33,823 - Epoch 20/100 | Train Loss: 0.296083 | Val Loss: 0.314715
2026-01-08 19:04:33,823 - Current LR: 0.001000
2026-01-08 19:04:33,824 - Epoch 19:
2026-01-08 19:04:33,824 -   - Range Coverage: nan%
2026-01-08 19:04:33,824 -   - Epsilon Hit (0.2%): 22.22%
2026-01-08 19:04:33,824 -   - Directional Acc: 50.40%
2026-01-08 19:04:34,213 - 
Sanity CHECK:
2026-01-08 19:04:34,214 - DBG shapes: (252, 1), (252, 1), (252, 5)
2026-01-08 19:04:34,214 - DBG preds stats: min=-0.0531991608440876, max=0.3145708441734314, median=0.16157925128936768, std=0.07785100489854813
2026-01-08 19:04:34,215 - DBG actuals stats: min=-3.480879545211792, max=2.1048059463500977, median=-5.4977601394057274e-05, std=0.8566687107086182
2026-01-08 19:04:34,215 - Epoch 20:
2026-01-08 19:04:34,215 -   - Range Coverage: nan%
2026-01-08 19:04:34,215 -   - Epsilon Hit (0.2%): 21.83%
2026-01-08 19:04:34,215 -   - Directional Acc: 51.59%
2026-01-08 19:04:34,551 - 
Sanity CHECK:
2026-01-08 19:04:34,551 - DBG shapes: (252, 1), (252, 1), (252, 5)
2026-01-08 19:04:34,552 - DBG preds stats: min=-0.02984076365828514, max=0.4000050723552704, median=0.19319987297058105, std=0.09129823744297028
2026-01-08 19:04:34,552 - DBG actuals stats: min=-3.480879545211792, max=2.1048059463500977, median=-5.4977601394057274e-05, std=0.8566687107086182
2026-01-08 19:04:34,553 - Epoch 21:
2026-01-08 19:04:34,553 -   - Range Coverage: nan%
2026-01-08 19:04:34,553 -   - Epsilon Hit (0.2%): 23.81%
2026-01-08 19:04:34,553 -   - Directional Acc: 51.98%
2026-01-08 19:04:34,888 - 
Sanity CHECK:
2026-01-08 19:04:34,888 - DBG shapes: (252, 1), (252, 1), (252, 5)
2026-01-08 19:04:34,889 - DBG preds stats: min=0.0047929659485816956, max=0.502446711063385, median=0.25264057517051697, std=0.105669766664505
2026-01-08 19:04:34,889 - DBG actuals stats: min=-3.480879545211792, max=2.1048059463500977, median=-5.4977601394057274e-05, std=0.8566687107086182
2026-01-08 19:04:34,889 - Epoch 22:
2026-01-08 19:04:34,890 -   - Range Coverage: nan%
2026-01-08 19:04:34,890 -   - Epsilon Hit (0.2%): 23.02%
2026-01-08 19:04:34,890 -   - Directional Acc: 50.00%
2026-01-08 19:04:35,297 -     0.100% |        1 | $   1015.91 |   0.13
2026-01-08 19:04:35,298 -     0.200% |        1 | $   1015.91 |   0.13
2026-01-08 19:04:35,299 -     0.300% |        1 | $   1015.91 |   0.13
2026-01-08 19:04:35,300 -     0.500% |        5 | $   1032.53 |   0.24
2026-01-08 19:04:35,300 - --- Final Test Results ---
2026-01-08 19:04:35,300 - Test RMSE: 0.9872
2026-01-08 19:04:35,301 -   - Range Coverage: nan%
2026-01-08 19:04:35,301 -   - Epsilon Hit (0.2%): 18.73%
2026-01-08 19:04:35,301 -   - Directional Acc: 51.00%
2026-01-08 19:04:35,301 -   - MAE: 0.7688
2026-01-08 19:04:35,301 -   - MAPE: 76.88%
2026-01-08 19:04:35,302 -   - Max Predicted Move (log-return): 0.5189
2026-01-08 19:04:35,302 -   - Avg Predicted Move (log-return): 0.2532
2026-01-08 19:04:35,302 - 
--- Trading Performance (with 0.03% fee and $1000 capital) ---
2026-01-08 19:04:35,302 - Total Trades: 1
2026-01-08 19:04:35,302 - Strategy Final Value: $1015.71
2026-01-08 19:04:35,303 - Buy & Hold Final Value: $1016.22
2026-01-08 19:04:35,303 - Sharpe Ratio: 0.13
2026-01-08 19:04:35,303 - MARKET OUTPERFORMED STRATEGY
2026-01-08 19:04:36,143 - Completed Fold 2

2026-01-08 19:04:36,530 - 
--- Permutation Importance Fold 2 ---
2026-01-08 19:04:36,531 - RSI_Z          : 79.593874 (scaled x1000)
2026-01-08 19:04:36,531 - MACD_Z         : 27.898611 (scaled x1000)
2026-01-08 19:04:36,531 - MACD_Sig_Z     : 21.698718 (scaled x1000)
2026-01-08 19:04:36,531 - Log_Ret_Open   : 7.330017 (scaled x1000)
2026-01-08 19:04:36,532 - Volume_Z       : 1.757426 (scaled x1000)
2026-01-08 19:04:36,532 - Sentiment      : 1.571794 (scaled x1000)
2026-01-08 19:04:36,532 - Log_Ret_High   : 1.284998 (scaled x1000)
2026-01-08 19:04:36,532 - ATR_Pct        : 0.260121 (scaled x1000)
2026-01-08 19:04:36,533 - News_Vol_Z     : -0.473244 (scaled x1000)
2026-01-08 19:04:36,533 - SMA_50_Rel     : -1.056270 (scaled x1000)
2026-01-08 19:04:36,533 - BB_High_Rel    : -1.255602 (scaled x1000)
2026-01-08 19:04:36,533 - BB_Low_Rel     : -1.762869 (scaled x1000)
2026-01-08 19:04:36,533 - SMA_20_Rel     : -1.942423 (scaled x1000)
2026-01-08 19:04:36,534 - Log_Ret_Close  : -2.080059 (scaled x1000)
2026-01-08 19:04:36,534 - Log_Ret_Low    : -5.376434 (scaled x1000)
2026-01-08 19:04:36,829 - 

 ==============> Starting Fold 3 | Test Year: 2023
2026-01-08 19:04:37,259 - 
Sanity CHECK:
2026-01-08 19:04:37,260 - DBG shapes: (251, 1), (251, 1), (251, 5)
2026-01-08 19:04:37,260 - DBG preds stats: min=-0.027709778398275375, max=0.281410276889801, median=0.12506920099258423, std=0.06364761292934418
2026-01-08 19:04:37,261 - DBG actuals stats: min=-3.0161495208740234, max=3.023458242416382, median=0.043143823742866516, std=0.9564350247383118
2026-01-08 19:04:37,261 - Epoch 0:
2026-01-08 19:04:37,261 -   - Range Coverage: nan%
2026-01-08 19:04:37,261 -   - Epsilon Hit (0.2%): 18.33%
2026-01-08 19:04:37,262 -   - Directional Acc: 51.39%
2026-01-08 19:04:37,262 - Best model updated at Epoch 0
2026-01-08 19:04:37,676 - 
Sanity CHECK:
2026-01-08 19:04:37,676 - DBG shapes: (251, 1), (251, 1), (251, 5)
2026-01-08 19:04:37,677 - DBG preds stats: min=-0.04928996041417122, max=0.278486430644989, median=0.12474742531776428, std=0.06200169399380684
2026-01-08 19:04:37,677 - DBG actuals stats: min=-3.0161495208740234, max=3.023458242416382, median=0.043143823742866516, std=0.9564350247383118
2026-01-08 19:04:37,678 - Epoch 1:
2026-01-08 19:04:37,678 -   - Range Coverage: nan%
2026-01-08 19:04:37,678 -   - Epsilon Hit (0.2%): 17.53%
2026-01-08 19:04:37,679 -   - Directional Acc: 51.79%
2026-01-08 19:04:38,120 - 
Sanity CHECK:
2026-01-08 19:04:38,120 - DBG shapes: (251, 1), (251, 1), (251, 5)
2026-01-08 19:04:38,121 - DBG preds stats: min=-0.02564968168735504, max=0.28301680088043213, median=0.12347301840782166, std=0.06562001258134842
2026-01-08 19:04:38,121 - DBG actuals stats: min=-3.0161495208740234, max=3.023458242416382, median=0.043143823742866516, std=0.9564350247383118
2026-01-08 19:04:38,121 - Epoch 2:
2026-01-08 19:04:38,122 -   - Range Coverage: nan%
2026-01-08 19:04:38,122 -   - Epsilon Hit (0.2%): 17.93%
2026-01-08 19:04:38,122 -   - Directional Acc: 52.59%
2026-01-08 19:04:38,520 - 
Sanity CHECK:
2026-01-08 19:04:38,521 - DBG shapes: (251, 1), (251, 1), (251, 5)
2026-01-08 19:04:38,521 - DBG preds stats: min=-0.0741746723651886, max=0.21858948469161987, median=0.07006755471229553, std=0.061455484479665756
2026-01-08 19:04:38,522 - DBG actuals stats: min=-3.0161495208740234, max=3.023458242416382, median=0.043143823742866516, std=0.9564350247383118
2026-01-08 19:04:38,522 - Epoch 3:
2026-01-08 19:04:38,522 -   - Range Coverage: nan%
2026-01-08 19:04:38,522 -   - Epsilon Hit (0.2%): 16.73%
2026-01-08 19:04:38,522 -   - Directional Acc: 49.00%
2026-01-08 19:04:38,523 - Best model updated at Epoch 3
2026-01-08 19:04:38,927 - 
Sanity CHECK:
2026-01-08 19:04:38,928 - DBG shapes: (251, 1), (251, 1), (251, 5)
2026-01-08 19:04:38,928 - DBG preds stats: min=-0.04297643154859543, max=0.27222317457199097, median=0.11060290038585663, std=0.0662476047873497
2026-01-08 19:04:38,929 - DBG actuals stats: min=-3.0161495208740234, max=3.023458242416382, median=0.043143823742866516, std=0.9564350247383118
2026-01-08 19:04:38,929 - Epoch 5/100 | Train Loss: 0.296518 | Val Loss: 0.387638
2026-01-08 19:04:38,929 - Current LR: 0.001000
2026-01-08 19:04:38,929 - Epoch 4:
2026-01-08 19:04:38,929 -   - Range Coverage: nan%
2026-01-08 19:04:38,930 -   - Epsilon Hit (0.2%): 17.93%
2026-01-08 19:04:38,930 -   - Directional Acc: 51.79%
2026-01-08 19:04:39,330 - 
Sanity CHECK:
2026-01-08 19:04:39,330 - DBG shapes: (251, 1), (251, 1), (251, 5)
2026-01-08 19:04:39,330 - DBG preds stats: min=-0.0718807801604271, max=0.27502384781837463, median=0.11492262035608292, std=0.0796927660703659
2026-01-08 19:04:39,331 - DBG actuals stats: min=-3.0161495208740234, max=3.023458242416382, median=0.043143823742866516, std=0.9564350247383118
2026-01-08 19:04:39,331 - Epoch 5:
2026-01-08 19:04:39,331 -   - Range Coverage: nan%
2026-01-08 19:04:39,331 -   - Epsilon Hit (0.2%): 18.33%
2026-01-08 19:04:39,331 -   - Directional Acc: 50.20%
2026-01-08 19:04:39,727 - 
Sanity CHECK:
2026-01-08 19:04:39,727 - DBG shapes: (251, 1), (251, 1), (251, 5)
2026-01-08 19:04:39,727 - DBG preds stats: min=-0.06116177886724472, max=0.28537696599960327, median=0.1139848455786705, std=0.07165459543466568
2026-01-08 19:04:39,728 - DBG actuals stats: min=-3.0161495208740234, max=3.023458242416382, median=0.043143823742866516, std=0.9564350247383118
2026-01-08 19:04:39,728 - Epoch 6:
2026-01-08 19:04:39,728 -   - Range Coverage: nan%
2026-01-08 19:04:39,728 -   - Epsilon Hit (0.2%): 18.33%
2026-01-08 19:04:39,728 -   - Directional Acc: 51.79%
2026-01-08 19:04:40,161 - 
Sanity CHECK:
2026-01-08 19:04:40,162 - DBG shapes: (251, 1), (251, 1), (251, 5)
2026-01-08 19:04:40,162 - DBG preds stats: min=-0.0713469609618187, max=0.2862697243690491, median=0.11641775816679001, std=0.08169948309659958
2026-01-08 19:04:40,162 - DBG actuals stats: min=-3.0161495208740234, max=3.023458242416382, median=0.043143823742866516, std=0.9564350247383118
2026-01-08 19:04:40,163 - Epoch 7:
2026-01-08 19:04:40,163 -   - Range Coverage: nan%
2026-01-08 19:04:40,163 -   - Epsilon Hit (0.2%): 18.33%
2026-01-08 19:04:40,163 -   - Directional Acc: 51.00%
2026-01-08 19:04:40,599 - 
Sanity CHECK:
2026-01-08 19:04:40,600 - DBG shapes: (251, 1), (251, 1), (251, 5)
2026-01-08 19:04:40,600 - DBG preds stats: min=-0.06856328994035721, max=0.3102942109107971, median=0.1305450052022934, std=0.08182922750711441
2026-01-08 19:04:40,600 - DBG actuals stats: min=-3.0161495208740234, max=3.023458242416382, median=0.043143823742866516, std=0.9564350247383118
2026-01-08 19:04:40,601 - Epoch 8:
2026-01-08 19:04:40,601 -   - Range Coverage: nan%
2026-01-08 19:04:40,601 -   - Epsilon Hit (0.2%): 19.12%
2026-01-08 19:04:40,601 -   - Directional Acc: 51.79%
2026-01-08 19:04:41,039 - 
Sanity CHECK:
2026-01-08 19:04:41,039 - DBG shapes: (251, 1), (251, 1), (251, 5)
2026-01-08 19:04:41,040 - DBG preds stats: min=-0.07060714811086655, max=0.2580203115940094, median=0.09911339730024338, std=0.07814832031726837
2026-01-08 19:04:41,040 - DBG actuals stats: min=-3.0161495208740234, max=3.023458242416382, median=0.043143823742866516, std=0.9564350247383118
2026-01-08 19:04:41,041 - Epoch 10/100 | Train Loss: 0.298591 | Val Loss: 0.385250
2026-01-08 19:04:41,042 - Current LR: 0.001000
2026-01-08 19:04:41,042 - Epoch 9:
2026-01-08 19:04:41,042 -   - Range Coverage: nan%
2026-01-08 19:04:41,043 -   - Epsilon Hit (0.2%): 18.33%
2026-01-08 19:04:41,043 -   - Directional Acc: 51.79%
2026-01-08 19:04:41,518 - 
Sanity CHECK:
2026-01-08 19:04:41,518 - DBG shapes: (251, 1), (251, 1), (251, 5)
2026-01-08 19:04:41,519 - DBG preds stats: min=-0.071099653840065, max=0.24085454642772675, median=0.06737685203552246, std=0.07681198418140411
2026-01-08 19:04:41,519 - DBG actuals stats: min=-3.0161495208740234, max=3.023458242416382, median=0.043143823742866516, std=0.9564350247383118
2026-01-08 19:04:41,520 - Epoch 10:
2026-01-08 19:04:41,520 -   - Range Coverage: nan%
2026-01-08 19:04:41,520 -   - Epsilon Hit (0.2%): 17.93%
2026-01-08 19:04:41,520 -   - Directional Acc: 49.80%
2026-01-08 19:04:41,520 - Best model updated at Epoch 10
2026-01-08 19:04:41,952 - 
Sanity CHECK:
2026-01-08 19:04:41,952 - DBG shapes: (251, 1), (251, 1), (251, 5)
2026-01-08 19:04:41,952 - DBG preds stats: min=-0.04158870875835419, max=0.3573034107685089, median=0.1872904896736145, std=0.08079992979764938
2026-01-08 19:04:41,953 - DBG actuals stats: min=-3.0161495208740234, max=3.023458242416382, median=0.043143823742866516, std=0.9564350247383118
2026-01-08 19:04:41,953 - Epoch 11:
2026-01-08 19:04:41,953 -   - Range Coverage: nan%
2026-01-08 19:04:41,953 -   - Epsilon Hit (0.2%): 16.73%
2026-01-08 19:04:41,953 -   - Directional Acc: 51.79%
2026-01-08 19:04:42,366 - 
Sanity CHECK:
2026-01-08 19:04:42,366 - DBG shapes: (251, 1), (251, 1), (251, 5)
2026-01-08 19:04:42,366 - DBG preds stats: min=-0.058693695813417435, max=0.21790695190429688, median=0.07875604182481766, std=0.06439162790775299
2026-01-08 19:04:42,367 - DBG actuals stats: min=-3.0161495208740234, max=3.023458242416382, median=0.043143823742866516, std=0.9564350247383118
2026-01-08 19:04:42,367 - Epoch 12:
2026-01-08 19:04:42,367 -   - Range Coverage: nan%
2026-01-08 19:04:42,367 -   - Epsilon Hit (0.2%): 18.33%
2026-01-08 19:04:42,367 -   - Directional Acc: 52.19%
2026-01-08 19:04:42,368 - Best model updated at Epoch 12
2026-01-08 19:04:42,782 - 
Sanity CHECK:
2026-01-08 19:04:42,783 - DBG shapes: (251, 1), (251, 1), (251, 5)
2026-01-08 19:04:42,783 - DBG preds stats: min=-0.06121697649359703, max=0.19336572289466858, median=0.05492089316248894, std=0.0659213736653328
2026-01-08 19:04:42,783 - DBG actuals stats: min=-3.0161495208740234, max=3.023458242416382, median=0.043143823742866516, std=0.9564350247383118
2026-01-08 19:04:42,784 - Epoch 13:
2026-01-08 19:04:42,784 -   - Range Coverage: nan%
2026-01-08 19:04:42,784 -   - Epsilon Hit (0.2%): 17.53%
2026-01-08 19:04:42,784 -   - Directional Acc: 56.57%
2026-01-08 19:04:42,784 - Best model updated at Epoch 13
2026-01-08 19:04:43,209 - 
Sanity CHECK:
2026-01-08 19:04:43,209 - DBG shapes: (251, 1), (251, 1), (251, 5)
2026-01-08 19:04:43,210 - DBG preds stats: min=-0.05780385807156563, max=0.2955224812030792, median=0.12110048532485962, std=0.08003037422895432
2026-01-08 19:04:43,210 - DBG actuals stats: min=-3.0161495208740234, max=3.023458242416382, median=0.043143823742866516, std=0.9564350247383118
2026-01-08 19:04:43,210 - Epoch 15/100 | Train Loss: 0.298011 | Val Loss: 0.388103
2026-01-08 19:04:43,211 - Current LR: 0.001000
2026-01-08 19:04:43,211 - Epoch 14:
2026-01-08 19:04:43,211 -   - Range Coverage: nan%
2026-01-08 19:04:43,211 -   - Epsilon Hit (0.2%): 18.33%
2026-01-08 19:04:43,212 -   - Directional Acc: 49.80%
2026-01-08 19:04:43,843 - 
Sanity CHECK:
2026-01-08 19:04:43,843 - DBG shapes: (251, 1), (251, 1), (251, 5)
2026-01-08 19:04:43,844 - DBG preds stats: min=-0.059528544545173645, max=0.23363466560840607, median=0.06347481906414032, std=0.07442877441644669
2026-01-08 19:04:43,844 - DBG actuals stats: min=-3.0161495208740234, max=3.023458242416382, median=0.043143823742866516, std=0.9564350247383118
2026-01-08 19:04:43,845 - Epoch 15:
2026-01-08 19:04:43,845 -   - Range Coverage: nan%
2026-01-08 19:04:43,845 -   - Epsilon Hit (0.2%): 17.93%
2026-01-08 19:04:43,845 -   - Directional Acc: 49.40%
2026-01-08 19:04:44,333 - 
Sanity CHECK:
2026-01-08 19:04:44,333 - DBG shapes: (251, 1), (251, 1), (251, 5)
2026-01-08 19:04:44,333 - DBG preds stats: min=-0.059291381388902664, max=0.270857572555542, median=0.09418990463018417, std=0.08910064399242401
2026-01-08 19:04:44,334 - DBG actuals stats: min=-3.0161495208740234, max=3.023458242416382, median=0.043143823742866516, std=0.9564350247383118
2026-01-08 19:04:44,334 - Epoch 16:
2026-01-08 19:04:44,334 -   - Range Coverage: nan%
2026-01-08 19:04:44,334 -   - Epsilon Hit (0.2%): 18.73%
2026-01-08 19:04:44,335 -   - Directional Acc: 52.19%
2026-01-08 19:04:44,778 - 
Sanity CHECK:
2026-01-08 19:04:44,778 - DBG shapes: (251, 1), (251, 1), (251, 5)
2026-01-08 19:04:44,778 - DBG preds stats: min=-0.0676972046494484, max=0.24581128358840942, median=0.0634617954492569, std=0.07528771460056305
2026-01-08 19:04:44,779 - DBG actuals stats: min=-3.0161495208740234, max=3.023458242416382, median=0.043143823742866516, std=0.9564350247383118
2026-01-08 19:04:44,779 - Epoch 17:
2026-01-08 19:04:44,779 -   - Range Coverage: nan%
2026-01-08 19:04:44,779 -   - Epsilon Hit (0.2%): 18.33%
2026-01-08 19:04:44,779 -   - Directional Acc: 51.79%
2026-01-08 19:04:45,160 - 
Sanity CHECK:
2026-01-08 19:04:45,161 - DBG shapes: (251, 1), (251, 1), (251, 5)
2026-01-08 19:04:45,161 - DBG preds stats: min=-0.08931377530097961, max=0.3072493374347687, median=0.13239136338233948, std=0.10229881852865219
2026-01-08 19:04:45,161 - DBG actuals stats: min=-3.0161495208740234, max=3.023458242416382, median=0.043143823742866516, std=0.9564350247383118
2026-01-08 19:04:45,162 - Epoch 18:
2026-01-08 19:04:45,162 -   - Range Coverage: nan%
2026-01-08 19:04:45,162 -   - Epsilon Hit (0.2%): 19.52%
2026-01-08 19:04:45,162 -   - Directional Acc: 54.18%
2026-01-08 19:04:45,549 - 
Sanity CHECK:
2026-01-08 19:04:45,550 - DBG shapes: (251, 1), (251, 1), (251, 5)
2026-01-08 19:04:45,550 - DBG preds stats: min=-0.11047141253948212, max=0.2393398880958557, median=0.04655194282531738, std=0.08668965101242065
2026-01-08 19:04:45,550 - DBG actuals stats: min=-3.0161495208740234, max=3.023458242416382, median=0.043143823742866516, std=0.9564350247383118
2026-01-08 19:04:45,551 - Epoch 20/100 | Train Loss: 0.296141 | Val Loss: 0.382200
2026-01-08 19:04:45,551 - Current LR: 0.001000
2026-01-08 19:04:45,551 - Epoch 19:
2026-01-08 19:04:45,552 -   - Range Coverage: nan%
2026-01-08 19:04:45,552 -   - Epsilon Hit (0.2%): 18.73%
2026-01-08 19:04:45,552 -   - Directional Acc: 54.18%
2026-01-08 19:04:45,552 - Best model updated at Epoch 19
2026-01-08 19:04:46,014 - 
Sanity CHECK:
2026-01-08 19:04:46,014 - DBG shapes: (251, 1), (251, 1), (251, 5)
2026-01-08 19:04:46,015 - DBG preds stats: min=-0.09107668697834015, max=0.2585843801498413, median=0.06983856856822968, std=0.09416460245847702
2026-01-08 19:04:46,015 - DBG actuals stats: min=-3.0161495208740234, max=3.023458242416382, median=0.043143823742866516, std=0.9564350247383118
2026-01-08 19:04:46,016 - Epoch 20:
2026-01-08 19:04:46,016 -   - Range Coverage: nan%
2026-01-08 19:04:46,016 -   - Epsilon Hit (0.2%): 18.73%
2026-01-08 19:04:46,016 -   - Directional Acc: 55.78%
2026-01-08 19:04:46,570 - 
Sanity CHECK:
2026-01-08 19:04:46,570 - DBG shapes: (251, 1), (251, 1), (251, 5)
2026-01-08 19:04:46,570 - DBG preds stats: min=-0.08154046535491943, max=0.3380444347858429, median=0.12177139520645142, std=0.10342949628829956
2026-01-08 19:04:46,571 - DBG actuals stats: min=-3.0161495208740234, max=3.023458242416382, median=0.043143823742866516, std=0.9564350247383118
2026-01-08 19:04:46,571 - Epoch 21:
2026-01-08 19:04:46,571 -   - Range Coverage: nan%
2026-01-08 19:04:46,571 -   - Epsilon Hit (0.2%): 17.53%
2026-01-08 19:04:46,572 -   - Directional Acc: 48.61%
2026-01-08 19:04:47,029 - 
Sanity CHECK:
2026-01-08 19:04:47,029 - DBG shapes: (251, 1), (251, 1), (251, 5)
2026-01-08 19:04:47,029 - DBG preds stats: min=-0.09592919051647186, max=0.2943114936351776, median=0.07210464030504227, std=0.10561854392290115
2026-01-08 19:04:47,030 - DBG actuals stats: min=-3.0161495208740234, max=3.023458242416382, median=0.043143823742866516, std=0.9564350247383118
2026-01-08 19:04:47,030 - Epoch 22:
2026-01-08 19:04:47,030 -   - Range Coverage: nan%
2026-01-08 19:04:47,030 -   - Epsilon Hit (0.2%): 19.52%
2026-01-08 19:04:47,031 -   - Directional Acc: 54.18%
2026-01-08 19:04:47,491 - 
Sanity CHECK:
2026-01-08 19:04:47,492 - DBG shapes: (251, 1), (251, 1), (251, 5)
2026-01-08 19:04:47,492 - DBG preds stats: min=-0.08081267774105072, max=0.4087967276573181, median=0.19342449307441711, std=0.11571919173002243
2026-01-08 19:04:47,492 - DBG actuals stats: min=-3.0161495208740234, max=3.023458242416382, median=0.043143823742866516, std=0.9564350247383118
2026-01-08 19:04:47,493 - Epoch 23:
2026-01-08 19:04:47,493 -   - Range Coverage: nan%
2026-01-08 19:04:47,493 -   - Epsilon Hit (0.2%): 19.12%
2026-01-08 19:04:47,493 -   - Directional Acc: 51.79%
2026-01-08 19:04:47,936 - 
Sanity CHECK:
2026-01-08 19:04:47,936 - DBG shapes: (251, 1), (251, 1), (251, 5)
2026-01-08 19:04:47,936 - DBG preds stats: min=-0.07802240550518036, max=0.3997507095336914, median=0.21479573845863342, std=0.10190087556838989
2026-01-08 19:04:47,937 - DBG actuals stats: min=-3.0161495208740234, max=3.023458242416382, median=0.043143823742866516, std=0.9564350247383118
2026-01-08 19:04:47,937 - Epoch 25/100 | Train Loss: 0.293875 | Val Loss: 0.397823
2026-01-08 19:04:47,937 - Current LR: 0.001000
2026-01-08 19:04:47,938 - Epoch 24:
2026-01-08 19:04:47,938 -   - Range Coverage: nan%
2026-01-08 19:04:47,938 -   - Epsilon Hit (0.2%): 17.93%
2026-01-08 19:04:47,938 -   - Directional Acc: 51.39%
2026-01-08 19:04:48,380 - 
Sanity CHECK:
2026-01-08 19:04:48,380 - DBG shapes: (251, 1), (251, 1), (251, 5)
2026-01-08 19:04:48,381 - DBG preds stats: min=-0.07978034764528275, max=0.2588689625263214, median=0.10626370459794998, std=0.0817558616399765
2026-01-08 19:04:48,381 - DBG actuals stats: min=-3.0161495208740234, max=3.023458242416382, median=0.043143823742866516, std=0.9564350247383118
2026-01-08 19:04:48,381 - Epoch 25:
2026-01-08 19:04:48,382 -   - Range Coverage: nan%
2026-01-08 19:04:48,382 -   - Epsilon Hit (0.2%): 19.12%
2026-01-08 19:04:48,382 -   - Directional Acc: 53.39%
2026-01-08 19:04:48,791 - 
Sanity CHECK:
2026-01-08 19:04:48,791 - DBG shapes: (251, 1), (251, 1), (251, 5)
2026-01-08 19:04:48,791 - DBG preds stats: min=-0.11778869479894638, max=0.2908872067928314, median=0.11317247897386551, std=0.10747776180505753
2026-01-08 19:04:48,792 - DBG actuals stats: min=-3.0161495208740234, max=3.023458242416382, median=0.043143823742866516, std=0.9564350247383118
2026-01-08 19:04:48,792 - Epoch 26:
2026-01-08 19:04:48,792 -   - Range Coverage: nan%
2026-01-08 19:04:48,792 -   - Epsilon Hit (0.2%): 19.52%
2026-01-08 19:04:48,793 -   - Directional Acc: 53.39%
2026-01-08 19:04:49,242 - 
Sanity CHECK:
2026-01-08 19:04:49,242 - DBG shapes: (251, 1), (251, 1), (251, 5)
2026-01-08 19:04:49,243 - DBG preds stats: min=-0.11542968451976776, max=0.24232512712478638, median=0.049537722021341324, std=0.09808733314275742
2026-01-08 19:04:49,243 - DBG actuals stats: min=-3.0161495208740234, max=3.023458242416382, median=0.043143823742866516, std=0.9564350247383118
2026-01-08 19:04:49,244 - Epoch 27:
2026-01-08 19:04:49,244 -   - Range Coverage: nan%
2026-01-08 19:04:49,244 -   - Epsilon Hit (0.2%): 19.52%
2026-01-08 19:04:49,244 -   - Directional Acc: 55.38%
2026-01-08 19:04:49,245 - Best model updated at Epoch 27
2026-01-08 19:04:49,665 - 
Sanity CHECK:
2026-01-08 19:04:49,666 - DBG shapes: (251, 1), (251, 1), (251, 5)
2026-01-08 19:04:49,666 - DBG preds stats: min=-0.10555141419172287, max=0.2799732983112335, median=0.09897224605083466, std=0.10347514599561691
2026-01-08 19:04:49,667 - DBG actuals stats: min=-3.0161495208740234, max=3.023458242416382, median=0.043143823742866516, std=0.9564350247383118
2026-01-08 19:04:49,667 - Epoch 28:
2026-01-08 19:04:49,667 -   - Range Coverage: nan%
2026-01-08 19:04:49,667 -   - Epsilon Hit (0.2%): 18.73%
2026-01-08 19:04:49,668 -   - Directional Acc: 55.38%
2026-01-08 19:04:50,102 - 
Sanity CHECK:
2026-01-08 19:04:50,103 - DBG shapes: (251, 1), (251, 1), (251, 5)
2026-01-08 19:04:50,104 - DBG preds stats: min=-0.08780793845653534, max=0.3917649984359741, median=0.1856044977903366, std=0.11709265410900116
2026-01-08 19:04:50,104 - DBG actuals stats: min=-3.0161495208740234, max=3.023458242416382, median=0.043143823742866516, std=0.9564350247383118
2026-01-08 19:04:50,105 - Epoch 30/100 | Train Loss: 0.294349 | Val Loss: 0.393713
2026-01-08 19:04:50,105 - Current LR: 0.001000
2026-01-08 19:04:50,105 - Epoch 29:
2026-01-08 19:04:50,105 -   - Range Coverage: nan%
2026-01-08 19:04:50,106 -   - Epsilon Hit (0.2%): 20.32%
2026-01-08 19:04:50,106 -   - Directional Acc: 49.40%
2026-01-08 19:04:50,539 - 
Sanity CHECK:
2026-01-08 19:04:50,539 - DBG shapes: (251, 1), (251, 1), (251, 5)
2026-01-08 19:04:50,540 - DBG preds stats: min=-0.07385066151618958, max=0.35905253887176514, median=0.16737018525600433, std=0.11130917072296143
2026-01-08 19:04:50,540 - DBG actuals stats: min=-3.0161495208740234, max=3.023458242416382, median=0.043143823742866516, std=0.9564350247383118
2026-01-08 19:04:50,540 - Epoch 30:
2026-01-08 19:04:50,541 -   - Range Coverage: nan%
2026-01-08 19:04:50,541 -   - Epsilon Hit (0.2%): 20.32%
2026-01-08 19:04:50,541 -   - Directional Acc: 52.19%
2026-01-08 19:04:50,961 - 
Sanity CHECK:
2026-01-08 19:04:50,961 - DBG shapes: (251, 1), (251, 1), (251, 5)
2026-01-08 19:04:50,961 - DBG preds stats: min=-0.11181720346212387, max=0.3333019018173218, median=0.0821867510676384, std=0.11896585673093796
2026-01-08 19:04:50,962 - DBG actuals stats: min=-3.0161495208740234, max=3.023458242416382, median=0.043143823742866516, std=0.9564350247383118
2026-01-08 19:04:50,962 - Epoch 31:
2026-01-08 19:04:50,962 -   - Range Coverage: nan%
2026-01-08 19:04:50,962 -   - Epsilon Hit (0.2%): 19.52%
2026-01-08 19:04:50,962 -   - Directional Acc: 54.58%
2026-01-08 19:04:51,548 - 
Sanity CHECK:
2026-01-08 19:04:51,549 - DBG shapes: (251, 1), (251, 1), (251, 5)
2026-01-08 19:04:51,549 - DBG preds stats: min=-0.0888366848230362, max=0.37213587760925293, median=0.14973388612270355, std=0.1342325657606125
2026-01-08 19:04:51,550 - DBG actuals stats: min=-3.0161495208740234, max=3.023458242416382, median=0.043143823742866516, std=0.9564350247383118
2026-01-08 19:04:51,550 - Epoch 32:
2026-01-08 19:04:51,550 -   - Range Coverage: nan%
2026-01-08 19:04:51,550 -   - Epsilon Hit (0.2%): 20.32%
2026-01-08 19:04:51,551 -   - Directional Acc: 53.39%
2026-01-08 19:04:51,978 - 
Sanity CHECK:
2026-01-08 19:04:51,978 - DBG shapes: (251, 1), (251, 1), (251, 5)
2026-01-08 19:04:51,979 - DBG preds stats: min=-0.12755611538887024, max=0.3935492932796478, median=0.1352188140153885, std=0.14572104811668396
2026-01-08 19:04:51,979 - DBG actuals stats: min=-3.0161495208740234, max=3.023458242416382, median=0.043143823742866516, std=0.9564350247383118
2026-01-08 19:04:51,980 - Epoch 33:
2026-01-08 19:04:51,980 -   - Range Coverage: nan%
2026-01-08 19:04:51,980 -   - Epsilon Hit (0.2%): 21.51%
2026-01-08 19:04:51,980 -   - Directional Acc: 56.57%
2026-01-08 19:04:52,370 - 
Sanity CHECK:
2026-01-08 19:04:52,371 - DBG shapes: (251, 1), (251, 1), (251, 5)
2026-01-08 19:04:52,371 - DBG preds stats: min=-0.0842411071062088, max=0.3894703686237335, median=0.16223448514938354, std=0.1311126947402954
2026-01-08 19:04:52,372 - DBG actuals stats: min=-3.0161495208740234, max=3.023458242416382, median=0.043143823742866516, std=0.9564350247383118
2026-01-08 19:04:52,372 - Epoch 35/100 | Train Loss: 0.298189 | Val Loss: 0.391509
2026-01-08 19:04:52,372 - Current LR: 0.001000
2026-01-08 19:04:52,372 - Epoch 34:
2026-01-08 19:04:52,373 -   - Range Coverage: nan%
2026-01-08 19:04:52,373 -   - Epsilon Hit (0.2%): 20.32%
2026-01-08 19:04:52,373 -   - Directional Acc: 51.00%
2026-01-08 19:04:52,788 - 
Sanity CHECK:
2026-01-08 19:04:52,788 - DBG shapes: (251, 1), (251, 1), (251, 5)
2026-01-08 19:04:52,789 - DBG preds stats: min=-0.12608851492404938, max=0.4053013324737549, median=0.14627058804035187, std=0.14546048641204834
2026-01-08 19:04:52,789 - DBG actuals stats: min=-3.0161495208740234, max=3.023458242416382, median=0.043143823742866516, std=0.9564350247383118
2026-01-08 19:04:52,790 - Epoch 35:
2026-01-08 19:04:52,790 -   - Range Coverage: nan%
2026-01-08 19:04:52,790 -   - Epsilon Hit (0.2%): 19.92%
2026-01-08 19:04:52,790 -   - Directional Acc: 52.19%
2026-01-08 19:04:53,207 - 
Sanity CHECK:
2026-01-08 19:04:53,207 - DBG shapes: (251, 1), (251, 1), (251, 5)
2026-01-08 19:04:53,207 - DBG preds stats: min=-0.09254024922847748, max=0.37831804156303406, median=0.1649331897497177, std=0.12348535656929016
2026-01-08 19:04:53,208 - DBG actuals stats: min=-3.0161495208740234, max=3.023458242416382, median=0.043143823742866516, std=0.9564350247383118
2026-01-08 19:04:53,208 - Epoch 36:
2026-01-08 19:04:53,208 -   - Range Coverage: nan%
2026-01-08 19:04:53,208 -   - Epsilon Hit (0.2%): 20.32%
2026-01-08 19:04:53,209 -   - Directional Acc: 52.19%
2026-01-08 19:04:53,608 - 
Sanity CHECK:
2026-01-08 19:04:53,609 - DBG shapes: (251, 1), (251, 1), (251, 5)
2026-01-08 19:04:53,609 - DBG preds stats: min=-0.18598192930221558, max=0.3744199275970459, median=0.05857700854539871, std=0.12579868733882904
2026-01-08 19:04:53,610 - DBG actuals stats: min=-3.0161495208740234, max=3.023458242416382, median=0.043143823742866516, std=0.9564350247383118
2026-01-08 19:04:53,610 - Epoch 37:
2026-01-08 19:04:53,610 -   - Range Coverage: nan%
2026-01-08 19:04:53,610 -   - Epsilon Hit (0.2%): 17.93%
2026-01-08 19:04:53,610 -   - Directional Acc: 53.39%
2026-01-08 19:04:54,094 -     0.100% |       15 | $    889.28 |  -0.75
2026-01-08 19:04:54,095 -     0.200% |       15 | $    889.28 |  -0.75
2026-01-08 19:04:54,096 -     0.300% |       16 | $    868.88 |  -0.94
2026-01-08 19:04:54,097 -     0.500% |       16 | $    868.88 |  -0.94
2026-01-08 19:04:54,098 - --- Final Test Results ---
2026-01-08 19:04:54,098 - Test RMSE: 0.8545
2026-01-08 19:04:54,098 -   - Range Coverage: nan%
2026-01-08 19:04:54,098 -   - Epsilon Hit (0.2%): 23.60%
2026-01-08 19:04:54,098 -   - Directional Acc: 47.60%
2026-01-08 19:04:54,099 -   - MAE: 0.6380
2026-01-08 19:04:54,099 -   - MAPE: 63.80%
2026-01-08 19:04:54,099 -   - Max Predicted Move (log-return): 0.2798
2026-01-08 19:04:54,099 -   - Avg Predicted Move (log-return): 0.1027
2026-01-08 19:04:54,099 - 
--- Trading Performance (with 0.03% fee and $1000 capital) ---
2026-01-08 19:04:54,100 - Total Trades: 15
2026-01-08 19:04:54,100 - Strategy Final Value: $886.62
2026-01-08 19:04:54,100 - Buy & Hold Final Value: $1114.93
2026-01-08 19:04:54,100 - Sharpe Ratio: -0.77
2026-01-08 19:04:54,100 - MARKET OUTPERFORMED STRATEGY
2026-01-08 19:04:55,025 - Completed Fold 3

2026-01-08 19:04:55,459 - 
--- Permutation Importance Fold 3 ---
2026-01-08 19:04:55,459 - RSI_Z          : 75.314474 (scaled x1000)
2026-01-08 19:04:55,459 - Log_Ret_Open   : 32.311219 (scaled x1000)
2026-01-08 19:04:55,459 - Volume_Z       : 11.545446 (scaled x1000)
2026-01-08 19:04:55,460 - SMA_50_Rel     : 6.525036 (scaled x1000)
2026-01-08 19:04:55,460 - Log_Ret_Low    : 5.698236 (scaled x1000)
2026-01-08 19:04:55,460 - News_Vol_Z     : 4.607858 (scaled x1000)
2026-01-08 19:04:55,460 - Log_Ret_Close  : 3.676646 (scaled x1000)
2026-01-08 19:04:55,460 - SMA_20_Rel     : 1.361960 (scaled x1000)
2026-01-08 19:04:55,461 - Sentiment      : 1.043873 (scaled x1000)
2026-01-08 19:04:55,461 - ATR_Pct        : -0.057261 (scaled x1000)
2026-01-08 19:04:55,461 - BB_High_Rel    : -1.161144 (scaled x1000)
2026-01-08 19:04:55,461 - BB_Low_Rel     : -2.682997 (scaled x1000)
2026-01-08 19:04:55,461 - MACD_Z         : -3.744744 (scaled x1000)
2026-01-08 19:04:55,462 - MACD_Sig_Z     : -6.854851 (scaled x1000)
2026-01-08 19:04:55,462 - Log_Ret_High   : -11.303949 (scaled x1000)
2026-01-08 19:04:55,775 - 

 ==============> Starting Fold 4 | Test Year: 2024
2026-01-08 19:04:56,334 - 
Sanity CHECK:
2026-01-08 19:04:56,335 - DBG shapes: (250, 1), (250, 1), (250, 5)
2026-01-08 19:04:56,335 - DBG preds stats: min=-0.1553691029548645, max=0.30532121658325195, median=0.042403753846883774, std=0.12280383706092834
2026-01-08 19:04:56,336 - DBG actuals stats: min=-2.527449607849121, max=3.164232015609741, median=0.01672283560037613, std=0.8391518592834473
2026-01-08 19:04:56,336 - Epoch 0:
2026-01-08 19:04:56,336 -   - Range Coverage: nan%
2026-01-08 19:04:56,336 -   - Epsilon Hit (0.2%): 21.20%
2026-01-08 19:04:56,337 -   - Directional Acc: 45.60%
2026-01-08 19:04:56,337 - Best model updated at Epoch 0
2026-01-08 19:04:56,883 - 
Sanity CHECK:
2026-01-08 19:04:56,883 - DBG shapes: (250, 1), (250, 1), (250, 5)
2026-01-08 19:04:56,883 - DBG preds stats: min=-0.17239056527614594, max=0.27229735255241394, median=0.01480802521109581, std=0.11621827632188797
2026-01-08 19:04:56,884 - DBG actuals stats: min=-2.527449607849121, max=3.164232015609741, median=0.01672283560037613, std=0.8391518592834473
2026-01-08 19:04:56,884 - Epoch 1:
2026-01-08 19:04:56,885 -   - Range Coverage: nan%
2026-01-08 19:04:56,885 -   - Epsilon Hit (0.2%): 21.20%
2026-01-08 19:04:56,885 -   - Directional Acc: 46.00%
2026-01-08 19:04:56,885 - Best model updated at Epoch 1
2026-01-08 19:04:57,400 - 
Sanity CHECK:
2026-01-08 19:04:57,401 - DBG shapes: (250, 1), (250, 1), (250, 5)
2026-01-08 19:04:57,401 - DBG preds stats: min=-0.16209247708320618, max=0.19281500577926636, median=-0.02371962182223797, std=0.09335897862911224
2026-01-08 19:04:57,401 - DBG actuals stats: min=-2.527449607849121, max=3.164232015609741, median=0.01672283560037613, std=0.8391518592834473
2026-01-08 19:04:57,402 - Epoch 2:
2026-01-08 19:04:57,402 -   - Range Coverage: nan%
2026-01-08 19:04:57,402 -   - Epsilon Hit (0.2%): 21.60%
2026-01-08 19:04:57,402 -   - Directional Acc: 47.60%
2026-01-08 19:04:57,403 - Best model updated at Epoch 2
2026-01-08 19:04:57,955 - 
Sanity CHECK:
2026-01-08 19:04:57,956 - DBG shapes: (250, 1), (250, 1), (250, 5)
2026-01-08 19:04:57,956 - DBG preds stats: min=-0.16995275020599365, max=0.36591851711273193, median=0.042051997035741806, std=0.12969577312469482
2026-01-08 19:04:57,957 - DBG actuals stats: min=-2.527449607849121, max=3.164232015609741, median=0.01672283560037613, std=0.8391518592834473
2026-01-08 19:04:57,957 - Epoch 3:
2026-01-08 19:04:57,957 -   - Range Coverage: nan%
2026-01-08 19:04:57,957 -   - Epsilon Hit (0.2%): 22.00%
2026-01-08 19:04:57,958 -   - Directional Acc: 48.00%
2026-01-08 19:04:58,775 - 
Sanity CHECK:
2026-01-08 19:04:58,777 - DBG shapes: (250, 1), (250, 1), (250, 5)
2026-01-08 19:04:58,777 - DBG preds stats: min=-0.17473289370536804, max=0.33808064460754395, median=-0.013118535280227661, std=0.13022738695144653
2026-01-08 19:04:58,779 - DBG actuals stats: min=-2.527449607849121, max=3.164232015609741, median=0.01672283560037613, std=0.8391518592834473
2026-01-08 19:04:58,780 - Epoch 5/100 | Train Loss: 0.304167 | Val Loss: 0.313641
2026-01-08 19:04:58,785 - Current LR: 0.001000
2026-01-08 19:04:58,787 - Epoch 4:
2026-01-08 19:04:58,789 -   - Range Coverage: nan%
2026-01-08 19:04:58,789 -   - Epsilon Hit (0.2%): 20.80%
2026-01-08 19:04:58,790 -   - Directional Acc: 46.40%
2026-01-08 19:04:59,369 - 
Sanity CHECK:
2026-01-08 19:04:59,369 - DBG shapes: (250, 1), (250, 1), (250, 5)
2026-01-08 19:04:59,369 - DBG preds stats: min=-0.13559335470199585, max=0.32465749979019165, median=0.020991330966353416, std=0.116978220641613
2026-01-08 19:04:59,370 - DBG actuals stats: min=-2.527449607849121, max=3.164232015609741, median=0.01672283560037613, std=0.8391518592834473
2026-01-08 19:04:59,370 - Epoch 5:
2026-01-08 19:04:59,370 -   - Range Coverage: nan%
2026-01-08 19:04:59,370 -   - Epsilon Hit (0.2%): 20.80%
2026-01-08 19:04:59,371 -   - Directional Acc: 46.00%
2026-01-08 19:04:59,853 - 
Sanity CHECK:
2026-01-08 19:04:59,853 - DBG shapes: (250, 1), (250, 1), (250, 5)
2026-01-08 19:04:59,854 - DBG preds stats: min=-0.17205721139907837, max=0.29085126519203186, median=-0.03584332391619682, std=0.11505811661481857
2026-01-08 19:04:59,854 - DBG actuals stats: min=-2.527449607849121, max=3.164232015609741, median=0.01672283560037613, std=0.8391518592834473
2026-01-08 19:04:59,854 - Epoch 6:
2026-01-08 19:04:59,855 -   - Range Coverage: nan%
2026-01-08 19:04:59,855 -   - Epsilon Hit (0.2%): 22.00%
2026-01-08 19:04:59,855 -   - Directional Acc: 48.00%
2026-01-08 19:05:00,449 - 
Sanity CHECK:
2026-01-08 19:05:00,449 - DBG shapes: (250, 1), (250, 1), (250, 5)
2026-01-08 19:05:00,450 - DBG preds stats: min=-0.20973128080368042, max=0.27273932099342346, median=-0.06931155174970627, std=0.10941764712333679
2026-01-08 19:05:00,451 - DBG actuals stats: min=-2.527449607849121, max=3.164232015609741, median=0.01672283560037613, std=0.8391518592834473
2026-01-08 19:05:00,451 - Epoch 7:
2026-01-08 19:05:00,451 -   - Range Coverage: nan%
2026-01-08 19:05:00,452 -   - Epsilon Hit (0.2%): 22.80%
2026-01-08 19:05:00,452 -   - Directional Acc: 46.00%
2026-01-08 19:05:01,012 - 
Sanity CHECK:
2026-01-08 19:05:01,013 - DBG shapes: (250, 1), (250, 1), (250, 5)
2026-01-08 19:05:01,013 - DBG preds stats: min=-0.20708659291267395, max=0.21333369612693787, median=-0.06981583684682846, std=0.08615121990442276
2026-01-08 19:05:01,013 - DBG actuals stats: min=-2.527449607849121, max=3.164232015609741, median=0.01672283560037613, std=0.8391518592834473
2026-01-08 19:05:01,014 - Epoch 8:
2026-01-08 19:05:01,014 -   - Range Coverage: nan%
2026-01-08 19:05:01,015 -   - Epsilon Hit (0.2%): 24.40%
2026-01-08 19:05:01,015 -   - Directional Acc: 46.40%
2026-01-08 19:05:01,015 - Best model updated at Epoch 8
2026-01-08 19:05:01,520 - 
Sanity CHECK:
2026-01-08 19:05:01,521 - DBG shapes: (250, 1), (250, 1), (250, 5)
2026-01-08 19:05:01,521 - DBG preds stats: min=-0.17666584253311157, max=0.29931050539016724, median=0.07057257741689682, std=0.13893790543079376
2026-01-08 19:05:01,522 - DBG actuals stats: min=-2.527449607849121, max=3.164232015609741, median=0.01672283560037613, std=0.8391518592834473
2026-01-08 19:05:01,522 - Epoch 10/100 | Train Loss: 0.303312 | Val Loss: 0.310997
2026-01-08 19:05:01,522 - Current LR: 0.001000
2026-01-08 19:05:01,522 - Epoch 9:
2026-01-08 19:05:01,523 -   - Range Coverage: nan%
2026-01-08 19:05:01,523 -   - Epsilon Hit (0.2%): 23.20%
2026-01-08 19:05:01,523 -   - Directional Acc: 49.20%
2026-01-08 19:05:02,063 - 
Sanity CHECK:
2026-01-08 19:05:02,063 - DBG shapes: (250, 1), (250, 1), (250, 5)
2026-01-08 19:05:02,064 - DBG preds stats: min=-0.19780150055885315, max=0.24604693055152893, median=-0.04287368059158325, std=0.10781145095825195
2026-01-08 19:05:02,064 - DBG actuals stats: min=-2.527449607849121, max=3.164232015609741, median=0.01672283560037613, std=0.8391518592834473
2026-01-08 19:05:02,065 - Epoch 10:
2026-01-08 19:05:02,066 -   - Range Coverage: nan%
2026-01-08 19:05:02,066 -   - Epsilon Hit (0.2%): 22.40%
2026-01-08 19:05:02,067 -   - Directional Acc: 46.80%
2026-01-08 19:05:02,740 - 
Sanity CHECK:
2026-01-08 19:05:02,740 - DBG shapes: (250, 1), (250, 1), (250, 5)
2026-01-08 19:05:02,741 - DBG preds stats: min=-0.2342001050710678, max=0.3449001908302307, median=-0.0064922962337732315, std=0.1416638195514679
2026-01-08 19:05:02,741 - DBG actuals stats: min=-2.527449607849121, max=3.164232015609741, median=0.01672283560037613, std=0.8391518592834473
2026-01-08 19:05:02,742 - Epoch 11:
2026-01-08 19:05:02,742 -   - Range Coverage: nan%
2026-01-08 19:05:02,742 -   - Epsilon Hit (0.2%): 22.00%
2026-01-08 19:05:02,742 -   - Directional Acc: 48.40%
2026-01-08 19:05:03,263 - 
Sanity CHECK:
2026-01-08 19:05:03,263 - DBG shapes: (250, 1), (250, 1), (250, 5)
2026-01-08 19:05:03,263 - DBG preds stats: min=-0.2245146930217743, max=0.3751918375492096, median=0.0872889906167984, std=0.15791450440883636
2026-01-08 19:05:03,264 - DBG actuals stats: min=-2.527449607849121, max=3.164232015609741, median=0.01672283560037613, std=0.8391518592834473
2026-01-08 19:05:03,264 - Epoch 12:
2026-01-08 19:05:03,264 -   - Range Coverage: nan%
2026-01-08 19:05:03,264 -   - Epsilon Hit (0.2%): 21.60%
2026-01-08 19:05:03,265 -   - Directional Acc: 50.00%
2026-01-08 19:05:03,734 - 
Sanity CHECK:
2026-01-08 19:05:03,734 - DBG shapes: (250, 1), (250, 1), (250, 5)
2026-01-08 19:05:03,735 - DBG preds stats: min=-0.25820302963256836, max=0.3484859764575958, median=0.051984917372465134, std=0.15144479274749756
2026-01-08 19:05:03,735 - DBG actuals stats: min=-2.527449607849121, max=3.164232015609741, median=0.01672283560037613, std=0.8391518592834473
2026-01-08 19:05:03,735 - Epoch 13:
2026-01-08 19:05:03,736 -   - Range Coverage: nan%
2026-01-08 19:05:03,736 -   - Epsilon Hit (0.2%): 20.40%
2026-01-08 19:05:03,736 -   - Directional Acc: 49.20%
2026-01-08 19:05:04,202 - 
Sanity CHECK:
2026-01-08 19:05:04,203 - DBG shapes: (250, 1), (250, 1), (250, 5)
2026-01-08 19:05:04,203 - DBG preds stats: min=-0.3297771215438843, max=0.3230161666870117, median=-0.06335615366697311, std=0.17310945689678192
2026-01-08 19:05:04,203 - DBG actuals stats: min=-2.527449607849121, max=3.164232015609741, median=0.01672283560037613, std=0.8391518592834473
2026-01-08 19:05:04,204 - Epoch 15/100 | Train Loss: 0.298484 | Val Loss: 0.314670
2026-01-08 19:05:04,204 - Current LR: 0.001000
2026-01-08 19:05:04,204 - Epoch 14:
2026-01-08 19:05:04,204 -   - Range Coverage: nan%
2026-01-08 19:05:04,205 -   - Epsilon Hit (0.2%): 20.40%
2026-01-08 19:05:04,205 -   - Directional Acc: 51.20%
2026-01-08 19:05:04,668 - 
Sanity CHECK:
2026-01-08 19:05:04,668 - DBG shapes: (250, 1), (250, 1), (250, 5)
2026-01-08 19:05:04,669 - DBG preds stats: min=-0.2712695598602295, max=0.2165745049715042, median=-0.10250160098075867, std=0.10863366723060608
2026-01-08 19:05:04,669 - DBG actuals stats: min=-2.527449607849121, max=3.164232015609741, median=0.01672283560037613, std=0.8391518592834473
2026-01-08 19:05:04,669 - Epoch 15:
2026-01-08 19:05:04,669 -   - Range Coverage: nan%
2026-01-08 19:05:04,670 -   - Epsilon Hit (0.2%): 23.60%
2026-01-08 19:05:04,670 -   - Directional Acc: 47.60%
2026-01-08 19:05:05,092 - 
Sanity CHECK:
2026-01-08 19:05:05,092 - DBG shapes: (250, 1), (250, 1), (250, 5)
2026-01-08 19:05:05,093 - DBG preds stats: min=-0.29070717096328735, max=0.33604273200035095, median=-0.06707189977169037, std=0.15464219450950623
2026-01-08 19:05:05,093 - DBG actuals stats: min=-2.527449607849121, max=3.164232015609741, median=0.01672283560037613, std=0.8391518592834473
2026-01-08 19:05:05,093 - Epoch 16:
2026-01-08 19:05:05,093 -   - Range Coverage: nan%
2026-01-08 19:05:05,094 -   - Epsilon Hit (0.2%): 21.60%
2026-01-08 19:05:05,094 -   - Directional Acc: 49.20%
2026-01-08 19:05:05,563 - 
Sanity CHECK:
2026-01-08 19:05:05,564 - DBG shapes: (250, 1), (250, 1), (250, 5)
2026-01-08 19:05:05,564 - DBG preds stats: min=-0.31488561630249023, max=0.36950093507766724, median=-0.09223954379558563, std=0.15979130566120148
2026-01-08 19:05:05,564 - DBG actuals stats: min=-2.527449607849121, max=3.164232015609741, median=0.01672283560037613, std=0.8391518592834473
2026-01-08 19:05:05,565 - Epoch 17:
2026-01-08 19:05:05,565 -   - Range Coverage: nan%
2026-01-08 19:05:05,565 -   - Epsilon Hit (0.2%): 22.40%
2026-01-08 19:05:05,565 -   - Directional Acc: 47.60%
2026-01-08 19:05:06,013 - 
Sanity CHECK:
2026-01-08 19:05:06,014 - DBG shapes: (250, 1), (250, 1), (250, 5)
2026-01-08 19:05:06,014 - DBG preds stats: min=-0.291294664144516, max=0.3014816343784332, median=-0.057564202696084976, std=0.13079191744327545
2026-01-08 19:05:06,015 - DBG actuals stats: min=-2.527449607849121, max=3.164232015609741, median=0.01672283560037613, std=0.8391518592834473
2026-01-08 19:05:06,015 - Epoch 18:
2026-01-08 19:05:06,015 -   - Range Coverage: nan%
2026-01-08 19:05:06,016 -   - Epsilon Hit (0.2%): 22.00%
2026-01-08 19:05:06,016 -   - Directional Acc: 47.60%
2026-01-08 19:05:06,419 -     0.100% |       24 | $   1061.95 |   0.53
2026-01-08 19:05:06,420 -     0.200% |       25 | $   1064.76 |   0.55
2026-01-08 19:05:06,421 -     0.300% |       25 | $   1064.76 |   0.55
2026-01-08 19:05:06,421 -     0.500% |       26 | $   1067.83 |   0.57
2026-01-08 19:05:06,421 - --- Final Test Results ---
2026-01-08 19:05:06,422 - Test RMSE: 0.9666
2026-01-08 19:05:06,422 -   - Range Coverage: nan%
2026-01-08 19:05:06,422 -   - Epsilon Hit (0.2%): 19.84%
2026-01-08 19:05:06,422 -   - Directional Acc: 51.19%
2026-01-08 19:05:06,422 -   - MAE: 0.7486
2026-01-08 19:05:06,422 -   - MAPE: 74.86%
2026-01-08 19:05:06,423 -   - Max Predicted Move (log-return): 0.3285
2026-01-08 19:05:06,423 -   - Avg Predicted Move (log-return): 0.1336
2026-01-08 19:05:06,423 - 
--- Trading Performance (with 0.03% fee and $1000 capital) ---
2026-01-08 19:05:06,423 - Total Trades: 24
2026-01-08 19:05:06,423 - Strategy Final Value: $1056.86
2026-01-08 19:05:06,423 - Buy & Hold Final Value: $1286.81
2026-01-08 19:05:06,424 - Sharpe Ratio: 0.50
2026-01-08 19:05:06,424 - MARKET OUTPERFORMED STRATEGY
2026-01-08 19:05:07,421 - Completed Fold 4

2026-01-08 19:05:07,837 - 
--- Permutation Importance Fold 4 ---
2026-01-08 19:05:07,837 - RSI_Z          : 54.217348 (scaled x1000)
2026-01-08 19:05:07,837 - MACD_Z         : 34.105669 (scaled x1000)
2026-01-08 19:05:07,837 - MACD_Sig_Z     : 7.757510 (scaled x1000)
2026-01-08 19:05:07,837 - Volume_Z       : 4.316099 (scaled x1000)
2026-01-08 19:05:07,837 - Log_Ret_Low    : 3.604861 (scaled x1000)
2026-01-08 19:05:07,838 - SMA_20_Rel     : 2.727842 (scaled x1000)
2026-01-08 19:05:07,838 - Log_Ret_Close  : 1.899774 (scaled x1000)
2026-01-08 19:05:07,838 - SMA_50_Rel     : 1.229934 (scaled x1000)
2026-01-08 19:05:07,838 - BB_Low_Rel     : 0.115338 (scaled x1000)
2026-01-08 19:05:07,838 - ATR_Pct        : 0.037389 (scaled x1000)
2026-01-08 19:05:07,838 - Sentiment      : -0.342845 (scaled x1000)
2026-01-08 19:05:07,838 - Log_Ret_Open   : -1.611847 (scaled x1000)
2026-01-08 19:05:07,839 - BB_High_Rel    : -2.048492 (scaled x1000)
2026-01-08 19:05:07,839 - News_Vol_Z     : -3.615491 (scaled x1000)
2026-01-08 19:05:07,839 - Log_Ret_High   : -6.503333 (scaled x1000)
2026-01-08 19:05:08,154 - 

 ==============> Starting Fold 5 | Test Year: 2025
2026-01-08 19:05:08,754 - 
Sanity CHECK:
2026-01-08 19:05:08,755 - DBG shapes: (252, 1), (252, 1), (252, 5)
2026-01-08 19:05:08,755 - DBG preds stats: min=-0.23403695225715637, max=0.30972975492477417, median=-0.05340322107076645, std=0.13706977665424347
2026-01-08 19:05:08,755 - DBG actuals stats: min=-3.6335513591766357, max=2.214081287384033, median=0.1647656261920929, std=0.9486135840415955
2026-01-08 19:05:08,756 - Epoch 0:
2026-01-08 19:05:08,756 -   - Range Coverage: nan%
2026-01-08 19:05:08,756 -   - Epsilon Hit (0.2%): 19.44%
2026-01-08 19:05:08,757 -   - Directional Acc: 47.22%
2026-01-08 19:05:08,757 - Best model updated at Epoch 0
2026-01-08 19:05:09,374 - 
Sanity CHECK:
2026-01-08 19:05:09,374 - DBG shapes: (252, 1), (252, 1), (252, 5)
2026-01-08 19:05:09,375 - DBG preds stats: min=-0.19727006554603577, max=0.3247357904911041, median=-0.0260635819286108, std=0.13694915175437927
2026-01-08 19:05:09,375 - DBG actuals stats: min=-3.6335513591766357, max=2.214081287384033, median=0.1647656261920929, std=0.9486135840415955
2026-01-08 19:05:09,376 - Epoch 1:
2026-01-08 19:05:09,376 -   - Range Coverage: nan%
2026-01-08 19:05:09,376 -   - Epsilon Hit (0.2%): 20.24%
2026-01-08 19:05:09,376 -   - Directional Acc: 48.41%
2026-01-08 19:05:09,377 - Best model updated at Epoch 1
2026-01-08 19:05:10,050 - 
Sanity CHECK:
2026-01-08 19:05:10,050 - DBG shapes: (252, 1), (252, 1), (252, 5)
2026-01-08 19:05:10,051 - DBG preds stats: min=-0.19277283549308777, max=0.440929651260376, median=0.03668534383177757, std=0.16507336497306824
2026-01-08 19:05:10,051 - DBG actuals stats: min=-3.6335513591766357, max=2.214081287384033, median=0.1647656261920929, std=0.9486135840415955
2026-01-08 19:05:10,052 - Epoch 2:
2026-01-08 19:05:10,052 -   - Range Coverage: nan%
2026-01-08 19:05:10,052 -   - Epsilon Hit (0.2%): 17.86%
2026-01-08 19:05:10,052 -   - Directional Acc: 51.19%
2026-01-08 19:05:10,053 - Best model updated at Epoch 2
2026-01-08 19:05:10,726 - 
Sanity CHECK:
2026-01-08 19:05:10,727 - DBG shapes: (252, 1), (252, 1), (252, 5)
2026-01-08 19:05:10,727 - DBG preds stats: min=-0.2617386281490326, max=0.2898274064064026, median=-0.09598149359226227, std=0.13677431643009186
2026-01-08 19:05:10,728 - DBG actuals stats: min=-3.6335513591766357, max=2.214081287384033, median=0.1647656261920929, std=0.9486135840415955
2026-01-08 19:05:10,728 - Epoch 3:
2026-01-08 19:05:10,728 -   - Range Coverage: nan%
2026-01-08 19:05:10,729 -   - Epsilon Hit (0.2%): 19.84%
2026-01-08 19:05:10,729 -   - Directional Acc: 48.41%
2026-01-08 19:05:11,337 - 
Sanity CHECK:
2026-01-08 19:05:11,338 - DBG shapes: (252, 1), (252, 1), (252, 5)
2026-01-08 19:05:11,338 - DBG preds stats: min=-0.3151668906211853, max=0.28783100843429565, median=-0.11821940541267395, std=0.14203865826129913
2026-01-08 19:05:11,338 - DBG actuals stats: min=-3.6335513591766357, max=2.214081287384033, median=0.1647656261920929, std=0.9486135840415955
2026-01-08 19:05:11,339 - Epoch 5/100 | Train Loss: 0.300567 | Val Loss: 0.400081
2026-01-08 19:05:11,339 - Current LR: 0.001000
2026-01-08 19:05:11,339 - Epoch 4:
2026-01-08 19:05:11,339 -   - Range Coverage: nan%
2026-01-08 19:05:11,340 -   - Epsilon Hit (0.2%): 19.05%
2026-01-08 19:05:11,340 -   - Directional Acc: 49.21%
2026-01-08 19:05:11,962 - 
Sanity CHECK:
2026-01-08 19:05:11,963 - DBG shapes: (252, 1), (252, 1), (252, 5)
2026-01-08 19:05:11,963 - DBG preds stats: min=-0.2766991853713989, max=0.3177323043346405, median=-0.08057641983032227, std=0.14304491877555847
2026-01-08 19:05:11,964 - DBG actuals stats: min=-3.6335513591766357, max=2.214081287384033, median=0.1647656261920929, std=0.9486135840415955
2026-01-08 19:05:11,964 - Epoch 5:
2026-01-08 19:05:11,964 -   - Range Coverage: nan%
2026-01-08 19:05:11,965 -   - Epsilon Hit (0.2%): 20.24%
2026-01-08 19:05:11,965 -   - Directional Acc: 48.02%
2026-01-08 19:05:12,585 - 
Sanity CHECK:
2026-01-08 19:05:12,586 - DBG shapes: (252, 1), (252, 1), (252, 5)
2026-01-08 19:05:12,586 - DBG preds stats: min=-0.29313239455223083, max=0.3325396776199341, median=-0.12948334217071533, std=0.15566806495189667
2026-01-08 19:05:12,586 - DBG actuals stats: min=-3.6335513591766357, max=2.214081287384033, median=0.1647656261920929, std=0.9486135840415955
2026-01-08 19:05:12,587 - Epoch 6:
2026-01-08 19:05:12,587 -   - Range Coverage: nan%
2026-01-08 19:05:12,587 -   - Epsilon Hit (0.2%): 19.44%
2026-01-08 19:05:12,587 -   - Directional Acc: 50.00%
2026-01-08 19:05:13,200 - 
Sanity CHECK:
2026-01-08 19:05:13,201 - DBG shapes: (252, 1), (252, 1), (252, 5)
2026-01-08 19:05:13,201 - DBG preds stats: min=-0.32741639018058777, max=0.39223822951316833, median=-0.10659299790859222, std=0.175258606672287
2026-01-08 19:05:13,202 - DBG actuals stats: min=-3.6335513591766357, max=2.214081287384033, median=0.1647656261920929, std=0.9486135840415955
2026-01-08 19:05:13,202 - Epoch 7:
2026-01-08 19:05:13,202 -   - Range Coverage: nan%
2026-01-08 19:05:13,202 -   - Epsilon Hit (0.2%): 18.65%
2026-01-08 19:05:13,202 -   - Directional Acc: 47.62%
2026-01-08 19:05:14,008 - 
Sanity CHECK:
2026-01-08 19:05:14,008 - DBG shapes: (252, 1), (252, 1), (252, 5)
2026-01-08 19:05:14,009 - DBG preds stats: min=-0.330075740814209, max=0.29574012756347656, median=-0.1585683524608612, std=0.14267683029174805
2026-01-08 19:05:14,009 - DBG actuals stats: min=-3.6335513591766357, max=2.214081287384033, median=0.1647656261920929, std=0.9486135840415955
2026-01-08 19:05:14,010 - Epoch 8:
2026-01-08 19:05:14,010 -   - Range Coverage: nan%
2026-01-08 19:05:14,010 -   - Epsilon Hit (0.2%): 18.25%
2026-01-08 19:05:14,010 -   - Directional Acc: 49.21%
2026-01-08 19:05:14,584 - 
Sanity CHECK:
2026-01-08 19:05:14,585 - DBG shapes: (252, 1), (252, 1), (252, 5)
2026-01-08 19:05:14,585 - DBG preds stats: min=-0.28171437978744507, max=0.3886758089065552, median=-0.07666274160146713, std=0.16815873980522156
2026-01-08 19:05:14,586 - DBG actuals stats: min=-3.6335513591766357, max=2.214081287384033, median=0.1647656261920929, std=0.9486135840415955
2026-01-08 19:05:14,586 - Epoch 10/100 | Train Loss: 0.300184 | Val Loss: 0.393089
2026-01-08 19:05:14,586 - Current LR: 0.001000
2026-01-08 19:05:14,587 - Epoch 9:
2026-01-08 19:05:14,587 -   - Range Coverage: nan%
2026-01-08 19:05:14,587 -   - Epsilon Hit (0.2%): 19.84%
2026-01-08 19:05:14,587 -   - Directional Acc: 51.98%
2026-01-08 19:05:15,124 - 
Sanity CHECK:
2026-01-08 19:05:15,124 - DBG shapes: (252, 1), (252, 1), (252, 5)
2026-01-08 19:05:15,125 - DBG preds stats: min=-0.2989242672920227, max=0.3378920257091522, median=-0.13365937769412994, std=0.13824069499969482
2026-01-08 19:05:15,125 - DBG actuals stats: min=-3.6335513591766357, max=2.214081287384033, median=0.1647656261920929, std=0.9486135840415955
2026-01-08 19:05:15,126 - Epoch 10:
2026-01-08 19:05:15,126 -   - Range Coverage: nan%
2026-01-08 19:05:15,126 -   - Epsilon Hit (0.2%): 18.65%
2026-01-08 19:05:15,126 -   - Directional Acc: 46.83%
2026-01-08 19:05:15,670 - 
Sanity CHECK:
2026-01-08 19:05:15,671 - DBG shapes: (252, 1), (252, 1), (252, 5)
2026-01-08 19:05:15,671 - DBG preds stats: min=-0.3194730877876282, max=0.23699840903282166, median=-0.17543163895606995, std=0.1175016537308693
2026-01-08 19:05:15,671 - DBG actuals stats: min=-3.6335513591766357, max=2.214081287384033, median=0.1647656261920929, std=0.9486135840415955
2026-01-08 19:05:15,672 - Epoch 11:
2026-01-08 19:05:15,672 -   - Range Coverage: nan%
2026-01-08 19:05:15,672 -   - Epsilon Hit (0.2%): 18.65%
2026-01-08 19:05:15,672 -   - Directional Acc: 44.84%
2026-01-08 19:05:16,270 - 
Sanity CHECK:
2026-01-08 19:05:16,270 - DBG shapes: (252, 1), (252, 1), (252, 5)
2026-01-08 19:05:16,271 - DBG preds stats: min=-0.2918795943260193, max=0.43574681878089905, median=-0.10381405055522919, std=0.1652643084526062
2026-01-08 19:05:16,271 - DBG actuals stats: min=-3.6335513591766357, max=2.214081287384033, median=0.1647656261920929, std=0.9486135840415955
2026-01-08 19:05:16,271 - Epoch 12:
2026-01-08 19:05:16,272 -   - Range Coverage: nan%
2026-01-08 19:05:16,272 -   - Epsilon Hit (0.2%): 18.65%
2026-01-08 19:05:16,272 -   - Directional Acc: 47.22%
2026-01-08 19:05:16,693 -     0.100% |       21 | $    961.11 |  -0.16
2026-01-08 19:05:16,694 -     0.200% |       21 | $    961.11 |  -0.16
2026-01-08 19:05:16,695 -     0.300% |       21 | $    961.11 |  -0.16
2026-01-08 19:05:16,695 -     0.500% |       23 | $    964.45 |  -0.14
2026-01-08 19:05:16,695 - --- Final Test Results ---
2026-01-08 19:05:16,696 - Test RMSE: 1.2875
2026-01-08 19:05:16,696 -   - Range Coverage: nan%
2026-01-08 19:05:16,696 -   - Epsilon Hit (0.2%): 14.98%
2026-01-08 19:05:16,696 -   - Directional Acc: 48.02%
2026-01-08 19:05:16,696 -   - MAE: 0.9675
2026-01-08 19:05:16,697 -   - MAPE: 96.75%
2026-01-08 19:05:16,697 -   - Max Predicted Move (log-return): 0.3922
2026-01-08 19:05:16,697 -   - Avg Predicted Move (log-return): 0.1884
2026-01-08 19:05:16,697 - 
--- Trading Performance (with 0.03% fee and $1000 capital) ---
2026-01-08 19:05:16,697 - Total Trades: 21
2026-01-08 19:05:16,697 - Strategy Final Value: $957.08
2026-01-08 19:05:16,698 - Buy & Hold Final Value: $1580.47
2026-01-08 19:05:16,698 - Sharpe Ratio: -0.18
2026-01-08 19:05:16,698 - MARKET OUTPERFORMED STRATEGY
2026-01-08 19:05:17,515 - Completed Fold 5

2026-01-08 19:05:17,942 - 
--- Permutation Importance Fold 5 ---
2026-01-08 19:05:17,942 - RSI_Z          : 34.350296 (scaled x1000)
2026-01-08 19:05:17,943 - MACD_Z         : 24.766468 (scaled x1000)
2026-01-08 19:05:17,943 - SMA_20_Rel     : 3.548882 (scaled x1000)
2026-01-08 19:05:17,943 - Log_Ret_High   : 2.908946 (scaled x1000)
2026-01-08 19:05:17,943 - BB_Low_Rel     : 2.411063 (scaled x1000)
2026-01-08 19:05:17,944 - Log_Ret_Close  : 0.823309 (scaled x1000)
2026-01-08 19:05:17,944 - MACD_Sig_Z     : 0.560489 (scaled x1000)
2026-01-08 19:05:17,944 - ATR_Pct        : 0.128954 (scaled x1000)
2026-01-08 19:05:17,944 - BB_High_Rel    : -0.165675 (scaled x1000)
2026-01-08 19:05:17,944 - Log_Ret_Open   : -1.873885 (scaled x1000)
2026-01-08 19:05:17,944 - Sentiment      : -3.525258 (scaled x1000)
2026-01-08 19:05:17,945 - SMA_50_Rel     : -3.922879 (scaled x1000)
2026-01-08 19:05:17,945 - Log_Ret_Low    : -3.935899 (scaled x1000)
2026-01-08 19:05:17,945 - Volume_Z       : -4.873348 (scaled x1000)
2026-01-08 19:05:17,945 - News_Vol_Z     : -12.738832 (scaled x1000)
