2026-01-08 20:23:41,171 - Hyperparameters:
2026-01-08 20:23:41,171 -   - Automatic Feature Engineering: False
2026-01-08 20:23:41,172 -   - Early Stopping: True
2026-01-08 20:23:41,172 - ----------  FEATURES  --------
2026-01-08 20:23:41,172 -   - Targets: ['Target_Close_Norm']
2026-01-08 20:23:41,172 -   - Market Features: ['Log_Ret_Open', 'Log_Ret_High', 'Log_Ret_Low', 'Log_Ret_Close', 'Volume_Z', 'RSI_Z', 'SMA_20_Rel', 'SMA_50_Rel', 'MACD_Z', 'MACD_Sig_Z', 'ATR_Pct', 'BB_Low_Rel', 'BB_High_Rel']
2026-01-08 20:23:41,173 -   - Sentiment Features: ['Sentiment', 'News_Vol_Z']
2026-01-08 20:23:41,173 -   - Not considered Features: []
2026-01-08 20:23:41,173 - -------------------------------
2026-01-08 20:23:41,174 - Model Configuration:
2026-01-08 20:23:41,174 -   - Hidden Dim: 64
2026-01-08 20:23:41,174 -   - Batch Size: 64
2026-01-08 20:23:41,174 -   - Epochs: 100
2026-01-08 20:23:41,174 -   - Learning Rate: 0.001
2026-01-08 20:23:41,175 -   - Feature Threshold: 0
2026-01-08 20:23:41,175 -   - Output Folder: results/20260108-202341
2026-01-08 20:23:41,175 -   - Data Split: expanding_window
2026-01-08 20:23:41,175 -   - Architecture 2: CNN + LSTM + Attention
2026-01-08 20:23:41,176 - --------------------------------------------------
2026-01-08 20:23:41,176 - Additional information:
2026-01-08 20:23:41,176 -   - cnn5 only
2026-01-08 20:23:41,183 - 

 ==============> Starting Fold 1 | Test Year: 2021
2026-01-08 20:23:44,986 - 
Sanity CHECK:
2026-01-08 20:23:44,986 - DBG shapes: (253, 1), (253, 1), (253, 5)
2026-01-08 20:23:44,987 - DBG preds stats: min=0.0351669006049633, max=0.09262275695800781, median=0.05899936333298683, std=0.014543664641678333
2026-01-08 20:23:44,987 - DBG actuals stats: min=-5.518972873687744, max=4.738952159881592, median=0.2158277928829193, std=1.234215497970581
2026-01-08 20:23:44,988 - Epoch 0:
2026-01-08 20:23:44,988 -   - Range Coverage: nan%
2026-01-08 20:23:44,988 -   - Epsilon Hit (0.2%): 16.21%
2026-01-08 20:23:44,988 -   - Directional Acc: 58.89%
2026-01-08 20:23:44,989 - Best model updated at Epoch 0
2026-01-08 20:23:45,301 - 
Sanity CHECK:
2026-01-08 20:23:45,301 - DBG shapes: (253, 1), (253, 1), (253, 5)
2026-01-08 20:23:45,301 - DBG preds stats: min=0.008711747825145721, max=0.037723395973443985, median=0.018798377364873886, std=0.006210174411535263
2026-01-08 20:23:45,302 - DBG actuals stats: min=-5.518972873687744, max=4.738952159881592, median=0.2158277928829193, std=1.234215497970581
2026-01-08 20:23:45,302 - Epoch 1:
2026-01-08 20:23:45,302 -   - Range Coverage: nan%
2026-01-08 20:23:45,303 -   - Epsilon Hit (0.2%): 15.42%
2026-01-08 20:23:45,303 -   - Directional Acc: 58.89%
2026-01-08 20:23:45,616 - 
Sanity CHECK:
2026-01-08 20:23:45,617 - DBG shapes: (253, 1), (253, 1), (253, 5)
2026-01-08 20:23:45,617 - DBG preds stats: min=0.016024231910705566, max=0.04852279648184776, median=0.030823078006505966, std=0.00938453245908022
2026-01-08 20:23:45,617 - DBG actuals stats: min=-5.518972873687744, max=4.738952159881592, median=0.2158277928829193, std=1.234215497970581
2026-01-08 20:23:45,618 - Epoch 2:
2026-01-08 20:23:45,618 -   - Range Coverage: nan%
2026-01-08 20:23:45,618 -   - Epsilon Hit (0.2%): 15.81%
2026-01-08 20:23:45,618 -   - Directional Acc: 58.89%
2026-01-08 20:23:46,057 - 
Sanity CHECK:
2026-01-08 20:23:46,058 - DBG shapes: (253, 1), (253, 1), (253, 5)
2026-01-08 20:23:46,059 - DBG preds stats: min=0.028484974056482315, max=0.058702219277620316, median=0.04082667455077171, std=0.006736767943948507
2026-01-08 20:23:46,059 - DBG actuals stats: min=-5.518972873687744, max=4.738952159881592, median=0.2158277928829193, std=1.234215497970581
2026-01-08 20:23:46,060 - Epoch 3:
2026-01-08 20:23:46,060 -   - Range Coverage: nan%
2026-01-08 20:23:46,060 -   - Epsilon Hit (0.2%): 15.42%
2026-01-08 20:23:46,060 -   - Directional Acc: 58.89%
2026-01-08 20:23:46,396 - 
Sanity CHECK:
2026-01-08 20:23:46,397 - DBG shapes: (253, 1), (253, 1), (253, 5)
2026-01-08 20:23:46,397 - DBG preds stats: min=0.0095350481569767, max=0.030332203954458237, median=0.019826512783765793, std=0.004535972140729427
2026-01-08 20:23:46,398 - DBG actuals stats: min=-5.518972873687744, max=4.738952159881592, median=0.2158277928829193, std=1.234215497970581
2026-01-08 20:23:46,398 - Epoch 5/100 | Train Loss: 0.252511 | Val Loss: 0.509016
2026-01-08 20:23:46,398 - Current LR: 0.001000
2026-01-08 20:23:46,399 - Epoch 4:
2026-01-08 20:23:46,399 -   - Range Coverage: nan%
2026-01-08 20:23:46,399 -   - Epsilon Hit (0.2%): 15.42%
2026-01-08 20:23:46,399 -   - Directional Acc: 58.89%
2026-01-08 20:23:46,701 - 
Sanity CHECK:
2026-01-08 20:23:46,702 - DBG shapes: (253, 1), (253, 1), (253, 5)
2026-01-08 20:23:46,702 - DBG preds stats: min=0.0011501722037792206, max=0.04764508455991745, median=0.02864452451467514, std=0.010836383327841759
2026-01-08 20:23:46,703 - DBG actuals stats: min=-5.518972873687744, max=4.738952159881592, median=0.2158277928829193, std=1.234215497970581
2026-01-08 20:23:46,703 - Epoch 5:
2026-01-08 20:23:46,703 -   - Range Coverage: nan%
2026-01-08 20:23:46,703 -   - Epsilon Hit (0.2%): 15.42%
2026-01-08 20:23:46,704 -   - Directional Acc: 58.89%
2026-01-08 20:23:47,043 - 
Sanity CHECK:
2026-01-08 20:23:47,043 - DBG shapes: (253, 1), (253, 1), (253, 5)
2026-01-08 20:23:47,044 - DBG preds stats: min=0.04166553542017937, max=0.08552269637584686, median=0.06177857890725136, std=0.009426993317902088
2026-01-08 20:23:47,044 - DBG actuals stats: min=-5.518972873687744, max=4.738952159881592, median=0.2158277928829193, std=1.234215497970581
2026-01-08 20:23:47,045 - Epoch 6:
2026-01-08 20:23:47,045 -   - Range Coverage: nan%
2026-01-08 20:23:47,045 -   - Epsilon Hit (0.2%): 16.21%
2026-01-08 20:23:47,045 -   - Directional Acc: 58.89%
2026-01-08 20:23:47,046 - Best model updated at Epoch 6
2026-01-08 20:23:47,366 - 
Sanity CHECK:
2026-01-08 20:23:47,367 - DBG shapes: (253, 1), (253, 1), (253, 5)
2026-01-08 20:23:47,367 - DBG preds stats: min=0.019877832382917404, max=0.07123692333698273, median=0.04499278962612152, std=0.010228103958070278
2026-01-08 20:23:47,367 - DBG actuals stats: min=-5.518972873687744, max=4.738952159881592, median=0.2158277928829193, std=1.234215497970581
2026-01-08 20:23:47,368 - Epoch 7:
2026-01-08 20:23:47,368 -   - Range Coverage: nan%
2026-01-08 20:23:47,368 -   - Epsilon Hit (0.2%): 15.81%
2026-01-08 20:23:47,368 -   - Directional Acc: 58.89%
2026-01-08 20:23:47,682 - 
Sanity CHECK:
2026-01-08 20:23:47,682 - DBG shapes: (253, 1), (253, 1), (253, 5)
2026-01-08 20:23:47,683 - DBG preds stats: min=0.0008382722735404968, max=0.048052866011857986, median=0.02565009519457817, std=0.010776602663099766
2026-01-08 20:23:47,683 - DBG actuals stats: min=-5.518972873687744, max=4.738952159881592, median=0.2158277928829193, std=1.234215497970581
2026-01-08 20:23:47,683 - Epoch 8:
2026-01-08 20:23:47,683 -   - Range Coverage: nan%
2026-01-08 20:23:47,684 -   - Epsilon Hit (0.2%): 14.62%
2026-01-08 20:23:47,684 -   - Directional Acc: 58.89%
2026-01-08 20:23:48,009 - 
Sanity CHECK:
2026-01-08 20:23:48,009 - DBG shapes: (253, 1), (253, 1), (253, 5)
2026-01-08 20:23:48,009 - DBG preds stats: min=0.0013614296913146973, max=0.04932829737663269, median=0.0273713618516922, std=0.009975760243833065
2026-01-08 20:23:48,010 - DBG actuals stats: min=-5.518972873687744, max=4.738952159881592, median=0.2158277928829193, std=1.234215497970581
2026-01-08 20:23:48,010 - Epoch 10/100 | Train Loss: 0.248248 | Val Loss: 0.508138
2026-01-08 20:23:48,010 - Current LR: 0.001000
2026-01-08 20:23:48,011 - Epoch 9:
2026-01-08 20:23:48,011 -   - Range Coverage: nan%
2026-01-08 20:23:48,011 -   - Epsilon Hit (0.2%): 15.02%
2026-01-08 20:23:48,011 -   - Directional Acc: 58.89%
2026-01-08 20:23:48,275 - 
Sanity CHECK:
2026-01-08 20:23:48,275 - DBG shapes: (253, 1), (253, 1), (253, 5)
2026-01-08 20:23:48,276 - DBG preds stats: min=0.0021043121814727783, max=0.06691298633813858, median=0.04035671800374985, std=0.014350024983286858
2026-01-08 20:23:48,276 - DBG actuals stats: min=-5.518972873687744, max=4.738952159881592, median=0.2158277928829193, std=1.234215497970581
2026-01-08 20:23:48,277 - Epoch 10:
2026-01-08 20:23:48,278 -   - Range Coverage: nan%
2026-01-08 20:23:48,278 -   - Epsilon Hit (0.2%): 16.21%
2026-01-08 20:23:48,278 -   - Directional Acc: 58.89%
2026-01-08 20:23:48,548 - 
Sanity CHECK:
2026-01-08 20:23:48,548 - DBG shapes: (253, 1), (253, 1), (253, 5)
2026-01-08 20:23:48,548 - DBG preds stats: min=-0.029646679759025574, max=0.03354954719543457, median=0.012656021863222122, std=0.012785530649125576
2026-01-08 20:23:48,549 - DBG actuals stats: min=-5.518972873687744, max=4.738952159881592, median=0.2158277928829193, std=1.234215497970581
2026-01-08 20:23:48,549 - Epoch 11:
2026-01-08 20:23:48,549 -   - Range Coverage: nan%
2026-01-08 20:23:48,549 -   - Epsilon Hit (0.2%): 15.42%
2026-01-08 20:23:48,550 -   - Directional Acc: 59.29%
2026-01-08 20:23:48,874 - 
Sanity CHECK:
2026-01-08 20:23:48,874 - DBG shapes: (253, 1), (253, 1), (253, 5)
2026-01-08 20:23:48,875 - DBG preds stats: min=-0.013005698099732399, max=0.05997733771800995, median=0.02707657217979431, std=0.015610606409609318
2026-01-08 20:23:48,875 - DBG actuals stats: min=-5.518972873687744, max=4.738952159881592, median=0.2158277928829193, std=1.234215497970581
2026-01-08 20:23:48,876 - Epoch 12:
2026-01-08 20:23:48,876 -   - Range Coverage: nan%
2026-01-08 20:23:48,876 -   - Epsilon Hit (0.2%): 14.62%
2026-01-08 20:23:48,877 -   - Directional Acc: 59.68%
2026-01-08 20:23:49,360 - 
Sanity CHECK:
2026-01-08 20:23:49,360 - DBG shapes: (253, 1), (253, 1), (253, 5)
2026-01-08 20:23:49,361 - DBG preds stats: min=0.0011354722082614899, max=0.08736397325992584, median=0.04871547967195511, std=0.01812584325671196
2026-01-08 20:23:49,361 - DBG actuals stats: min=-5.518972873687744, max=4.738952159881592, median=0.2158277928829193, std=1.234215497970581
2026-01-08 20:23:49,361 - Epoch 13:
2026-01-08 20:23:49,362 -   - Range Coverage: nan%
2026-01-08 20:23:49,362 -   - Epsilon Hit (0.2%): 15.81%
2026-01-08 20:23:49,362 -   - Directional Acc: 58.89%
2026-01-08 20:23:49,698 - 
Sanity CHECK:
2026-01-08 20:23:49,698 - DBG shapes: (253, 1), (253, 1), (253, 5)
2026-01-08 20:23:49,698 - DBG preds stats: min=-0.051939498633146286, max=0.036504194140434265, median=0.009287580847740173, std=0.017950663343071938
2026-01-08 20:23:49,699 - DBG actuals stats: min=-5.518972873687744, max=4.738952159881592, median=0.2158277928829193, std=1.234215497970581
2026-01-08 20:23:49,699 - Epoch 15/100 | Train Loss: 0.248430 | Val Loss: 0.509838
2026-01-08 20:23:49,699 - Current LR: 0.001000
2026-01-08 20:23:49,700 - Epoch 14:
2026-01-08 20:23:49,700 -   - Range Coverage: nan%
2026-01-08 20:23:49,700 -   - Epsilon Hit (0.2%): 15.42%
2026-01-08 20:23:49,700 -   - Directional Acc: 58.89%
2026-01-08 20:23:50,034 - 
Sanity CHECK:
2026-01-08 20:23:50,034 - DBG shapes: (253, 1), (253, 1), (253, 5)
2026-01-08 20:23:50,035 - DBG preds stats: min=-0.04295791685581207, max=0.07961755990982056, median=0.021366897970438004, std=0.025617549195885658
2026-01-08 20:23:50,035 - DBG actuals stats: min=-5.518972873687744, max=4.738952159881592, median=0.2158277928829193, std=1.234215497970581
2026-01-08 20:23:50,035 - Epoch 15:
2026-01-08 20:23:50,036 -   - Range Coverage: nan%
2026-01-08 20:23:50,036 -   - Epsilon Hit (0.2%): 14.62%
2026-01-08 20:23:50,036 -   - Directional Acc: 56.13%
2026-01-08 20:23:50,346 - 
Sanity CHECK:
2026-01-08 20:23:50,346 - DBG shapes: (253, 1), (253, 1), (253, 5)
2026-01-08 20:23:50,347 - DBG preds stats: min=-0.04708198457956314, max=0.0787455290555954, median=0.03520992025732994, std=0.027076007798314095
2026-01-08 20:23:50,347 - DBG actuals stats: min=-5.518972873687744, max=4.738952159881592, median=0.2158277928829193, std=1.234215497970581
2026-01-08 20:23:50,347 - Epoch 16:
2026-01-08 20:23:50,347 -   - Range Coverage: nan%
2026-01-08 20:23:50,348 -   - Epsilon Hit (0.2%): 14.62%
2026-01-08 20:23:50,348 -   - Directional Acc: 58.10%
2026-01-08 20:23:51,110 -     0.100% |        1 | $    922.94 |  -0.54
2026-01-08 20:23:51,111 -     0.200% |        3 | $    917.90 |  -0.59
2026-01-08 20:23:51,112 -     0.300% |        3 | $    936.23 |  -0.45
2026-01-08 20:23:51,113 -     0.500% |        5 | $    931.93 |  -0.48
2026-01-08 20:23:51,113 - --- Final Test Results ---
2026-01-08 20:23:51,114 - Test RMSE: 0.8597
2026-01-08 20:23:51,114 -   - Range Coverage: nan%
2026-01-08 20:23:51,114 -   - Epsilon Hit (0.2%): 23.41%
2026-01-08 20:23:51,114 -   - Directional Acc: 50.00%
2026-01-08 20:23:51,114 -   - MAE: 0.6289
2026-01-08 20:23:51,115 -   - MAPE: 62.89%
2026-01-08 20:23:51,115 -   - Max Predicted Move (log-return): 0.1161
2026-01-08 20:23:51,115 -   - Avg Predicted Move (log-return): 0.0601
2026-01-08 20:23:51,115 - 
--- Trading Performance (with 0.03% fee and $1000 capital) ---
2026-01-08 20:23:51,116 - Total Trades: 1
2026-01-08 20:23:51,116 - Strategy Final Value: $922.75
2026-01-08 20:23:51,116 - Buy & Hold Final Value: $923.22
2026-01-08 20:23:51,117 - Sharpe Ratio: -0.54
2026-01-08 20:23:51,117 - MARKET OUTPERFORMED STRATEGY
2026-01-08 20:23:52,319 - Completed Fold 1

2026-01-08 20:23:52,798 - 
--- Permutation Importance Fold 1 ---
2026-01-08 20:23:52,798 - Log_Ret_High   : 1.227874 (scaled x1000)
2026-01-08 20:23:52,798 - Log_Ret_Open   : 0.952034 (scaled x1000)
2026-01-08 20:23:52,799 - Log_Ret_Close  : 0.751312 (scaled x1000)
2026-01-08 20:23:52,799 - Sentiment      : 0.008437 (scaled x1000)
2026-01-08 20:23:52,799 - ATR_Pct        : 0.003334 (scaled x1000)
2026-01-08 20:23:52,800 - BB_Low_Rel     : -0.046608 (scaled x1000)
2026-01-08 20:23:52,800 - Volume_Z       : -0.064503 (scaled x1000)
2026-01-08 20:23:52,800 - SMA_20_Rel     : -0.117167 (scaled x1000)
2026-01-08 20:23:52,800 - Log_Ret_Low    : -0.177996 (scaled x1000)
2026-01-08 20:23:52,800 - News_Vol_Z     : -0.260939 (scaled x1000)
2026-01-08 20:23:52,800 - RSI_Z          : -0.329728 (scaled x1000)
2026-01-08 20:23:52,801 - BB_High_Rel    : -0.383549 (scaled x1000)
2026-01-08 20:23:52,801 - SMA_50_Rel     : -0.936589 (scaled x1000)
2026-01-08 20:23:52,801 - MACD_Z         : -1.024022 (scaled x1000)
2026-01-08 20:23:52,801 - MACD_Sig_Z     : -3.295310 (scaled x1000)
2026-01-08 20:23:53,325 - 

 ==============> Starting Fold 2 | Test Year: 2022
2026-01-08 20:23:54,851 - 
Sanity CHECK:
2026-01-08 20:23:54,852 - DBG shapes: (252, 1), (252, 1), (252, 5)
2026-01-08 20:23:54,855 - DBG preds stats: min=0.001328941434621811, max=0.14061644673347473, median=0.07800167053937912, std=0.029735295102000237
2026-01-08 20:23:54,856 - DBG actuals stats: min=-3.480879545211792, max=2.1048059463500977, median=-5.4977601394057274e-05, std=0.8566687107086182
2026-01-08 20:23:54,858 - Epoch 0:
2026-01-08 20:23:54,859 -   - Range Coverage: nan%
2026-01-08 20:23:54,868 -   - Epsilon Hit (0.2%): 23.02%
2026-01-08 20:23:54,875 -   - Directional Acc: 50.00%
2026-01-08 20:23:54,879 - Best model updated at Epoch 0
2026-01-08 20:23:55,601 - 
Sanity CHECK:
2026-01-08 20:23:55,601 - DBG shapes: (252, 1), (252, 1), (252, 5)
2026-01-08 20:23:55,601 - DBG preds stats: min=0.015117667615413666, max=0.214194655418396, median=0.12954458594322205, std=0.041932906955480576
2026-01-08 20:23:55,602 - DBG actuals stats: min=-3.480879545211792, max=2.1048059463500977, median=-5.4977601394057274e-05, std=0.8566687107086182
2026-01-08 20:23:55,603 - Epoch 1:
2026-01-08 20:23:55,603 -   - Range Coverage: nan%
2026-01-08 20:23:55,603 -   - Epsilon Hit (0.2%): 21.83%
2026-01-08 20:23:55,604 -   - Directional Acc: 50.00%
2026-01-08 20:23:56,291 - 
Sanity CHECK:
2026-01-08 20:23:56,291 - DBG shapes: (252, 1), (252, 1), (252, 5)
2026-01-08 20:23:56,292 - DBG preds stats: min=-0.03898061066865921, max=0.17870661616325378, median=0.11732441186904907, std=0.05272022634744644
2026-01-08 20:23:56,292 - DBG actuals stats: min=-3.480879545211792, max=2.1048059463500977, median=-5.4977601394057274e-05, std=0.8566687107086182
2026-01-08 20:23:56,293 - Epoch 2:
2026-01-08 20:23:56,293 -   - Range Coverage: nan%
2026-01-08 20:23:56,293 -   - Epsilon Hit (0.2%): 24.21%
2026-01-08 20:23:56,293 -   - Directional Acc: 51.19%
2026-01-08 20:23:56,889 - 
Sanity CHECK:
2026-01-08 20:23:56,890 - DBG shapes: (252, 1), (252, 1), (252, 5)
2026-01-08 20:23:56,891 - DBG preds stats: min=-0.03636517375707626, max=0.17626848816871643, median=0.10948920994997025, std=0.050324391573667526
2026-01-08 20:23:56,892 - DBG actuals stats: min=-3.480879545211792, max=2.1048059463500977, median=-5.4977601394057274e-05, std=0.8566687107086182
2026-01-08 20:23:56,893 - Epoch 3:
2026-01-08 20:23:56,893 -   - Range Coverage: nan%
2026-01-08 20:23:56,894 -   - Epsilon Hit (0.2%): 24.21%
2026-01-08 20:23:56,896 -   - Directional Acc: 50.40%
2026-01-08 20:23:57,579 - 
Sanity CHECK:
2026-01-08 20:23:57,579 - DBG shapes: (252, 1), (252, 1), (252, 5)
2026-01-08 20:23:57,579 - DBG preds stats: min=0.04399408400058746, max=0.23264609277248383, median=0.15653538703918457, std=0.0416451096534729
2026-01-08 20:23:57,580 - DBG actuals stats: min=-3.480879545211792, max=2.1048059463500977, median=-5.4977601394057274e-05, std=0.8566687107086182
2026-01-08 20:23:57,580 - Epoch 5/100 | Train Loss: 0.299752 | Val Loss: 0.311497
2026-01-08 20:23:57,580 - Current LR: 0.001000
2026-01-08 20:23:57,581 - Epoch 4:
2026-01-08 20:23:57,581 -   - Range Coverage: nan%
2026-01-08 20:23:57,581 -   - Epsilon Hit (0.2%): 23.41%
2026-01-08 20:23:57,581 -   - Directional Acc: 50.00%
2026-01-08 20:23:58,031 - 
Sanity CHECK:
2026-01-08 20:23:58,031 - DBG shapes: (252, 1), (252, 1), (252, 5)
2026-01-08 20:23:58,032 - DBG preds stats: min=-0.017121419310569763, max=0.23902778327465057, median=0.13715410232543945, std=0.057978589087724686
2026-01-08 20:23:58,032 - DBG actuals stats: min=-3.480879545211792, max=2.1048059463500977, median=-5.4977601394057274e-05, std=0.8566687107086182
2026-01-08 20:23:58,033 - Epoch 5:
2026-01-08 20:23:58,033 -   - Range Coverage: nan%
2026-01-08 20:23:58,033 -   - Epsilon Hit (0.2%): 24.21%
2026-01-08 20:23:58,033 -   - Directional Acc: 49.21%
2026-01-08 20:23:58,417 - 
Sanity CHECK:
2026-01-08 20:23:58,418 - DBG shapes: (252, 1), (252, 1), (252, 5)
2026-01-08 20:23:58,418 - DBG preds stats: min=0.05336181819438934, max=0.47171372175216675, median=0.3032222390174866, std=0.08013463765382767
2026-01-08 20:23:58,419 - DBG actuals stats: min=-3.480879545211792, max=2.1048059463500977, median=-5.4977601394057274e-05, std=0.8566687107086182
2026-01-08 20:23:58,419 - Epoch 6:
2026-01-08 20:23:58,419 -   - Range Coverage: nan%
2026-01-08 20:23:58,420 -   - Epsilon Hit (0.2%): 23.41%
2026-01-08 20:23:58,420 -   - Directional Acc: 50.00%
2026-01-08 20:23:58,825 - 
Sanity CHECK:
2026-01-08 20:23:58,825 - DBG shapes: (252, 1), (252, 1), (252, 5)
2026-01-08 20:23:58,826 - DBG preds stats: min=0.0052290260791778564, max=0.2759835720062256, median=0.17746959626674652, std=0.060477834194898605
2026-01-08 20:23:58,826 - DBG actuals stats: min=-3.480879545211792, max=2.1048059463500977, median=-5.4977601394057274e-05, std=0.8566687107086182
2026-01-08 20:23:58,826 - Epoch 7:
2026-01-08 20:23:58,827 -   - Range Coverage: nan%
2026-01-08 20:23:58,827 -   - Epsilon Hit (0.2%): 23.02%
2026-01-08 20:23:58,827 -   - Directional Acc: 50.00%
2026-01-08 20:23:59,591 - 
Sanity CHECK:
2026-01-08 20:23:59,591 - DBG shapes: (252, 1), (252, 1), (252, 5)
2026-01-08 20:23:59,592 - DBG preds stats: min=0.005383644253015518, max=0.2185366302728653, median=0.14363574981689453, std=0.05183601379394531
2026-01-08 20:23:59,592 - DBG actuals stats: min=-3.480879545211792, max=2.1048059463500977, median=-5.4977601394057274e-05, std=0.8566687107086182
2026-01-08 20:23:59,593 - Epoch 8:
2026-01-08 20:23:59,593 -   - Range Coverage: nan%
2026-01-08 20:23:59,593 -   - Epsilon Hit (0.2%): 23.02%
2026-01-08 20:23:59,593 -   - Directional Acc: 50.00%
2026-01-08 20:24:00,045 - 
Sanity CHECK:
2026-01-08 20:24:00,046 - DBG shapes: (252, 1), (252, 1), (252, 5)
2026-01-08 20:24:00,046 - DBG preds stats: min=0.019457567483186722, max=0.3232625424861908, median=0.21333861351013184, std=0.06582491844892502
2026-01-08 20:24:00,047 - DBG actuals stats: min=-3.480879545211792, max=2.1048059463500977, median=-5.4977601394057274e-05, std=0.8566687107086182
2026-01-08 20:24:00,047 - Epoch 10/100 | Train Loss: 0.293484 | Val Loss: 0.317965
2026-01-08 20:24:00,047 - Current LR: 0.001000
2026-01-08 20:24:00,048 - Epoch 9:
2026-01-08 20:24:00,048 -   - Range Coverage: nan%
2026-01-08 20:24:00,048 -   - Epsilon Hit (0.2%): 23.41%
2026-01-08 20:24:00,048 -   - Directional Acc: 50.00%
2026-01-08 20:24:00,736 - 
Sanity CHECK:
2026-01-08 20:24:00,736 - DBG shapes: (252, 1), (252, 1), (252, 5)
2026-01-08 20:24:00,737 - DBG preds stats: min=-0.0683518797159195, max=0.3069112002849579, median=0.17473118007183075, std=0.08410272747278214
2026-01-08 20:24:00,737 - DBG actuals stats: min=-3.480879545211792, max=2.1048059463500977, median=-5.4977601394057274e-05, std=0.8566687107086182
2026-01-08 20:24:00,738 - Epoch 10:
2026-01-08 20:24:00,738 -   - Range Coverage: nan%
2026-01-08 20:24:00,738 -   - Epsilon Hit (0.2%): 23.81%
2026-01-08 20:24:00,738 -   - Directional Acc: 50.79%
2026-01-08 20:24:01,315 -     0.100% |       10 | $   1113.99 |   0.75
2026-01-08 20:24:01,317 -     0.200% |       10 | $   1113.99 |   0.75
2026-01-08 20:24:01,318 -     0.300% |       10 | $   1113.99 |   0.75
2026-01-08 20:24:01,319 -     0.500% |       14 | $   1089.47 |   0.60
2026-01-08 20:24:01,320 - --- Final Test Results ---
2026-01-08 20:24:01,320 - Test RMSE: 0.9668
2026-01-08 20:24:01,320 -   - Range Coverage: nan%
2026-01-08 20:24:01,320 -   - Epsilon Hit (0.2%): 19.52%
2026-01-08 20:24:01,320 -   - Directional Acc: 54.18%
2026-01-08 20:24:01,321 -   - MAE: 0.7495
2026-01-08 20:24:01,321 -   - MAPE: 74.95%
2026-01-08 20:24:01,321 -   - Max Predicted Move (log-return): 0.4042
2026-01-08 20:24:01,321 -   - Avg Predicted Move (log-return): 0.1588
2026-01-08 20:24:01,321 - 
--- Trading Performance (with 0.03% fee and $1000 capital) ---
2026-01-08 20:24:01,322 - Total Trades: 10
2026-01-08 20:24:01,322 - Strategy Final Value: $1111.76
2026-01-08 20:24:01,322 - Buy & Hold Final Value: $1016.22
2026-01-08 20:24:01,322 - Sharpe Ratio: 0.73
2026-01-08 20:24:01,323 - STRATEGY OUTPERFORMED MARKET
2026-01-08 20:24:02,433 - Completed Fold 2

2026-01-08 20:24:02,861 - 
--- Permutation Importance Fold 2 ---
2026-01-08 20:24:02,862 - RSI_Z          : 36.601036 (scaled x1000)
2026-01-08 20:24:02,862 - MACD_Sig_Z     : 29.781716 (scaled x1000)
2026-01-08 20:24:02,862 - MACD_Z         : 21.823336 (scaled x1000)
2026-01-08 20:24:02,862 - News_Vol_Z     : 6.872768 (scaled x1000)
2026-01-08 20:24:02,862 - Log_Ret_Low    : 3.923545 (scaled x1000)
2026-01-08 20:24:02,862 - Log_Ret_Open   : 2.437627 (scaled x1000)
2026-01-08 20:24:02,863 - Sentiment      : 1.893513 (scaled x1000)
2026-01-08 20:24:02,863 - Volume_Z       : 0.093255 (scaled x1000)
2026-01-08 20:24:02,863 - ATR_Pct        : -0.011213 (scaled x1000)
2026-01-08 20:24:02,863 - Log_Ret_Close  : -1.006933 (scaled x1000)
2026-01-08 20:24:02,863 - BB_Low_Rel     : -1.203536 (scaled x1000)
2026-01-08 20:24:02,863 - SMA_50_Rel     : -1.810723 (scaled x1000)
2026-01-08 20:24:02,863 - SMA_20_Rel     : -2.352501 (scaled x1000)
2026-01-08 20:24:02,864 - BB_High_Rel    : -2.645349 (scaled x1000)
2026-01-08 20:24:02,864 - Log_Ret_High   : -2.679829 (scaled x1000)
2026-01-08 20:24:03,237 - 

 ==============> Starting Fold 3 | Test Year: 2023
2026-01-08 20:24:03,750 - 
Sanity CHECK:
2026-01-08 20:24:03,751 - DBG shapes: (251, 1), (251, 1), (251, 5)
2026-01-08 20:24:03,751 - DBG preds stats: min=-0.09754844754934311, max=0.30619511008262634, median=0.14410707354545593, std=0.09348738938570023
2026-01-08 20:24:03,751 - DBG actuals stats: min=-3.0161495208740234, max=3.023458242416382, median=0.043143823742866516, std=0.9564350247383118
2026-01-08 20:24:03,752 - Epoch 0:
2026-01-08 20:24:03,752 -   - Range Coverage: nan%
2026-01-08 20:24:03,752 -   - Epsilon Hit (0.2%): 16.33%
2026-01-08 20:24:03,752 -   - Directional Acc: 50.20%
2026-01-08 20:24:03,753 - Best model updated at Epoch 0
2026-01-08 20:24:04,292 - 
Sanity CHECK:
2026-01-08 20:24:04,293 - DBG shapes: (251, 1), (251, 1), (251, 5)
2026-01-08 20:24:04,293 - DBG preds stats: min=-0.09279537200927734, max=0.29093286395072937, median=0.17162421345710754, std=0.09157218039035797
2026-01-08 20:24:04,294 - DBG actuals stats: min=-3.0161495208740234, max=3.023458242416382, median=0.043143823742866516, std=0.9564350247383118
2026-01-08 20:24:04,294 - Epoch 1:
2026-01-08 20:24:04,294 -   - Range Coverage: nan%
2026-01-08 20:24:04,295 -   - Epsilon Hit (0.2%): 19.52%
2026-01-08 20:24:04,295 -   - Directional Acc: 52.99%
2026-01-08 20:24:04,295 - Best model updated at Epoch 1
2026-01-08 20:24:04,775 - 
Sanity CHECK:
2026-01-08 20:24:04,775 - DBG shapes: (251, 1), (251, 1), (251, 5)
2026-01-08 20:24:04,776 - DBG preds stats: min=-0.13489201664924622, max=0.19439123570919037, median=0.02802378311753273, std=0.0771866962313652
2026-01-08 20:24:04,776 - DBG actuals stats: min=-3.0161495208740234, max=3.023458242416382, median=0.043143823742866516, std=0.9564350247383118
2026-01-08 20:24:04,777 - Epoch 2:
2026-01-08 20:24:04,777 -   - Range Coverage: nan%
2026-01-08 20:24:04,777 -   - Epsilon Hit (0.2%): 16.73%
2026-01-08 20:24:04,777 -   - Directional Acc: 52.99%
2026-01-08 20:24:04,778 - Best model updated at Epoch 2
2026-01-08 20:24:05,252 - 
Sanity CHECK:
2026-01-08 20:24:05,253 - DBG shapes: (251, 1), (251, 1), (251, 5)
2026-01-08 20:24:05,253 - DBG preds stats: min=-0.13566885888576508, max=0.19262996315956116, median=0.05522244796156883, std=0.07576298713684082
2026-01-08 20:24:05,254 - DBG actuals stats: min=-3.0161495208740234, max=3.023458242416382, median=0.043143823742866516, std=0.9564350247383118
2026-01-08 20:24:05,254 - Epoch 3:
2026-01-08 20:24:05,254 -   - Range Coverage: nan%
2026-01-08 20:24:05,254 -   - Epsilon Hit (0.2%): 17.53%
2026-01-08 20:24:05,255 -   - Directional Acc: 53.39%
2026-01-08 20:24:05,255 - Best model updated at Epoch 3
2026-01-08 20:24:05,650 - 
Sanity CHECK:
2026-01-08 20:24:05,651 - DBG shapes: (251, 1), (251, 1), (251, 5)
2026-01-08 20:24:05,651 - DBG preds stats: min=-0.11837565898895264, max=0.2604767084121704, median=0.08382239937782288, std=0.08418268710374832
2026-01-08 20:24:05,652 - DBG actuals stats: min=-3.0161495208740234, max=3.023458242416382, median=0.043143823742866516, std=0.9564350247383118
2026-01-08 20:24:05,652 - Epoch 5/100 | Train Loss: 0.297182 | Val Loss: 0.387792
2026-01-08 20:24:05,652 - Current LR: 0.001000
2026-01-08 20:24:05,653 - Epoch 4:
2026-01-08 20:24:05,653 -   - Range Coverage: nan%
2026-01-08 20:24:05,653 -   - Epsilon Hit (0.2%): 18.33%
2026-01-08 20:24:05,653 -   - Directional Acc: 50.60%
2026-01-08 20:24:06,040 - 
Sanity CHECK:
2026-01-08 20:24:06,040 - DBG shapes: (251, 1), (251, 1), (251, 5)
2026-01-08 20:24:06,041 - DBG preds stats: min=-0.14632754027843475, max=0.415710985660553, median=0.19852164387702942, std=0.11903127282857895
2026-01-08 20:24:06,041 - DBG actuals stats: min=-3.0161495208740234, max=3.023458242416382, median=0.043143823742866516, std=0.9564350247383118
2026-01-08 20:24:06,042 - Epoch 5:
2026-01-08 20:24:06,042 -   - Range Coverage: nan%
2026-01-08 20:24:06,042 -   - Epsilon Hit (0.2%): 16.33%
2026-01-08 20:24:06,042 -   - Directional Acc: 49.80%
2026-01-08 20:24:06,415 - 
Sanity CHECK:
2026-01-08 20:24:06,415 - DBG shapes: (251, 1), (251, 1), (251, 5)
2026-01-08 20:24:06,416 - DBG preds stats: min=-0.16380827128887177, max=0.216595858335495, median=0.07159094512462616, std=0.09387291222810745
2026-01-08 20:24:06,416 - DBG actuals stats: min=-3.0161495208740234, max=3.023458242416382, median=0.043143823742866516, std=0.9564350247383118
2026-01-08 20:24:06,417 - Epoch 6:
2026-01-08 20:24:06,417 -   - Range Coverage: nan%
2026-01-08 20:24:06,417 -   - Epsilon Hit (0.2%): 19.12%
2026-01-08 20:24:06,417 -   - Directional Acc: 56.57%
2026-01-08 20:24:06,418 - Best model updated at Epoch 6
2026-01-08 20:24:06,817 - 
Sanity CHECK:
2026-01-08 20:24:06,817 - DBG shapes: (251, 1), (251, 1), (251, 5)
2026-01-08 20:24:06,818 - DBG preds stats: min=-0.37454017996788025, max=0.2896358072757721, median=0.111263208091259, std=0.16513468325138092
2026-01-08 20:24:06,818 - DBG actuals stats: min=-3.0161495208740234, max=3.023458242416382, median=0.043143823742866516, std=0.9564350247383118
2026-01-08 20:24:06,818 - Epoch 7:
2026-01-08 20:24:06,818 -   - Range Coverage: nan%
2026-01-08 20:24:06,819 -   - Epsilon Hit (0.2%): 14.34%
2026-01-08 20:24:06,819 -   - Directional Acc: 47.81%
2026-01-08 20:24:07,277 - 
Sanity CHECK:
2026-01-08 20:24:07,278 - DBG shapes: (251, 1), (251, 1), (251, 5)
2026-01-08 20:24:07,278 - DBG preds stats: min=-0.14939947426319122, max=0.23464539647102356, median=0.0744941234588623, std=0.08703165501356125
2026-01-08 20:24:07,278 - DBG actuals stats: min=-3.0161495208740234, max=3.023458242416382, median=0.043143823742866516, std=0.9564350247383118
2026-01-08 20:24:07,279 - Epoch 8:
2026-01-08 20:24:07,279 -   - Range Coverage: nan%
2026-01-08 20:24:07,279 -   - Epsilon Hit (0.2%): 17.53%
2026-01-08 20:24:07,279 -   - Directional Acc: 52.19%
2026-01-08 20:24:07,742 - 
Sanity CHECK:
2026-01-08 20:24:07,743 - DBG shapes: (251, 1), (251, 1), (251, 5)
2026-01-08 20:24:07,743 - DBG preds stats: min=-0.22114214301109314, max=0.3403879702091217, median=0.10689911991357803, std=0.1190907284617424
2026-01-08 20:24:07,744 - DBG actuals stats: min=-3.0161495208740234, max=3.023458242416382, median=0.043143823742866516, std=0.9564350247383118
2026-01-08 20:24:07,744 - Epoch 10/100 | Train Loss: 0.294084 | Val Loss: 0.390844
2026-01-08 20:24:07,744 - Current LR: 0.001000
2026-01-08 20:24:07,744 - Epoch 9:
2026-01-08 20:24:07,745 -   - Range Coverage: nan%
2026-01-08 20:24:07,745 -   - Epsilon Hit (0.2%): 18.33%
2026-01-08 20:24:07,745 -   - Directional Acc: 49.80%
2026-01-08 20:24:08,183 - 
Sanity CHECK:
2026-01-08 20:24:08,184 - DBG shapes: (251, 1), (251, 1), (251, 5)
2026-01-08 20:24:08,184 - DBG preds stats: min=-0.25418516993522644, max=0.3426681160926819, median=0.14975669980049133, std=0.1422053426504135
2026-01-08 20:24:08,184 - DBG actuals stats: min=-3.0161495208740234, max=3.023458242416382, median=0.043143823742866516, std=0.9564350247383118
2026-01-08 20:24:08,185 - Epoch 10:
2026-01-08 20:24:08,185 -   - Range Coverage: nan%
2026-01-08 20:24:08,185 -   - Epsilon Hit (0.2%): 21.91%
2026-01-08 20:24:08,185 -   - Directional Acc: 56.57%
2026-01-08 20:24:08,647 - 
Sanity CHECK:
2026-01-08 20:24:08,648 - DBG shapes: (251, 1), (251, 1), (251, 5)
2026-01-08 20:24:08,648 - DBG preds stats: min=-0.175347700715065, max=0.3661712408065796, median=0.13586363196372986, std=0.1288629025220871
2026-01-08 20:24:08,649 - DBG actuals stats: min=-3.0161495208740234, max=3.023458242416382, median=0.043143823742866516, std=0.9564350247383118
2026-01-08 20:24:08,649 - Epoch 11:
2026-01-08 20:24:08,649 -   - Range Coverage: nan%
2026-01-08 20:24:08,650 -   - Epsilon Hit (0.2%): 21.12%
2026-01-08 20:24:08,650 -   - Directional Acc: 56.57%
2026-01-08 20:24:09,326 - 
Sanity CHECK:
2026-01-08 20:24:09,327 - DBG shapes: (251, 1), (251, 1), (251, 5)
2026-01-08 20:24:09,327 - DBG preds stats: min=-0.22335875034332275, max=0.30629661679267883, median=0.08589944243431091, std=0.12331201881170273
2026-01-08 20:24:09,327 - DBG actuals stats: min=-3.0161495208740234, max=3.023458242416382, median=0.043143823742866516, std=0.9564350247383118
2026-01-08 20:24:09,328 - Epoch 12:
2026-01-08 20:24:09,328 -   - Range Coverage: nan%
2026-01-08 20:24:09,328 -   - Epsilon Hit (0.2%): 18.73%
2026-01-08 20:24:09,328 -   - Directional Acc: 53.39%
2026-01-08 20:24:09,745 - 
Sanity CHECK:
2026-01-08 20:24:09,745 - DBG shapes: (251, 1), (251, 1), (251, 5)
2026-01-08 20:24:09,746 - DBG preds stats: min=-0.2713469862937927, max=0.4668744206428528, median=0.1650429219007492, std=0.15338580310344696
2026-01-08 20:24:09,746 - DBG actuals stats: min=-3.0161495208740234, max=3.023458242416382, median=0.043143823742866516, std=0.9564350247383118
2026-01-08 20:24:09,747 - Epoch 13:
2026-01-08 20:24:09,747 -   - Range Coverage: nan%
2026-01-08 20:24:09,747 -   - Epsilon Hit (0.2%): 17.13%
2026-01-08 20:24:09,747 -   - Directional Acc: 48.61%
2026-01-08 20:24:10,249 - 
Sanity CHECK:
2026-01-08 20:24:10,250 - DBG shapes: (251, 1), (251, 1), (251, 5)
2026-01-08 20:24:10,250 - DBG preds stats: min=-0.13511133193969727, max=0.3581508994102478, median=0.08908769488334656, std=0.11610645055770874
2026-01-08 20:24:10,251 - DBG actuals stats: min=-3.0161495208740234, max=3.023458242416382, median=0.043143823742866516, std=0.9564350247383118
2026-01-08 20:24:10,251 - Epoch 15/100 | Train Loss: 0.293476 | Val Loss: 0.386739
2026-01-08 20:24:10,251 - Current LR: 0.001000
2026-01-08 20:24:10,252 - Epoch 14:
2026-01-08 20:24:10,252 -   - Range Coverage: nan%
2026-01-08 20:24:10,252 -   - Epsilon Hit (0.2%): 19.92%
2026-01-08 20:24:10,252 -   - Directional Acc: 52.99%
2026-01-08 20:24:10,773 - 
Sanity CHECK:
2026-01-08 20:24:10,774 - DBG shapes: (251, 1), (251, 1), (251, 5)
2026-01-08 20:24:10,774 - DBG preds stats: min=-0.13160842657089233, max=0.27241766452789307, median=0.06493904441595078, std=0.0950625017285347
2026-01-08 20:24:10,775 - DBG actuals stats: min=-3.0161495208740234, max=3.023458242416382, median=0.043143823742866516, std=0.9564350247383118
2026-01-08 20:24:10,775 - Epoch 15:
2026-01-08 20:24:10,776 -   - Range Coverage: nan%
2026-01-08 20:24:10,776 -   - Epsilon Hit (0.2%): 17.53%
2026-01-08 20:24:10,776 -   - Directional Acc: 54.98%
2026-01-08 20:24:11,242 - 
Sanity CHECK:
2026-01-08 20:24:11,243 - DBG shapes: (251, 1), (251, 1), (251, 5)
2026-01-08 20:24:11,243 - DBG preds stats: min=-0.08292406052350998, max=0.5053754448890686, median=0.2499583214521408, std=0.11895564198493958
2026-01-08 20:24:11,243 - DBG actuals stats: min=-3.0161495208740234, max=3.023458242416382, median=0.043143823742866516, std=0.9564350247383118
2026-01-08 20:24:11,244 - Epoch 16:
2026-01-08 20:24:11,244 -   - Range Coverage: nan%
2026-01-08 20:24:11,245 -   - Epsilon Hit (0.2%): 18.73%
2026-01-08 20:24:11,245 -   - Directional Acc: 50.60%
2026-01-08 20:24:11,794 -     0.100% |       10 | $   1032.97 |   0.24
2026-01-08 20:24:11,795 -     0.200% |       11 | $   1025.27 |   0.19
2026-01-08 20:24:11,797 -     0.300% |       11 | $   1025.27 |   0.19
2026-01-08 20:24:11,798 -     0.500% |       15 | $   1009.09 |   0.07
2026-01-08 20:24:11,798 - --- Final Test Results ---
2026-01-08 20:24:11,798 - Test RMSE: 0.8573
2026-01-08 20:24:11,798 -   - Range Coverage: nan%
2026-01-08 20:24:11,799 -   - Epsilon Hit (0.2%): 22.40%
2026-01-08 20:24:11,799 -   - Directional Acc: 48.80%
2026-01-08 20:24:11,799 -   - MAE: 0.6439
2026-01-08 20:24:11,799 -   - MAPE: 64.39%
2026-01-08 20:24:11,799 -   - Max Predicted Move (log-return): 0.4253
2026-01-08 20:24:11,800 -   - Avg Predicted Move (log-return): 0.1507
2026-01-08 20:24:11,800 - 
--- Trading Performance (with 0.03% fee and $1000 capital) ---
2026-01-08 20:24:11,800 - Total Trades: 10
2026-01-08 20:24:11,800 - Strategy Final Value: $1030.90
2026-01-08 20:24:11,801 - Buy & Hold Final Value: $1114.93
2026-01-08 20:24:11,801 - Sharpe Ratio: 0.23
2026-01-08 20:24:11,801 - MARKET OUTPERFORMED STRATEGY
2026-01-08 20:24:12,845 - Completed Fold 3

2026-01-08 20:24:13,262 - 
--- Permutation Importance Fold 3 ---
2026-01-08 20:24:13,262 - MACD_Sig_Z     : 49.912702 (scaled x1000)
2026-01-08 20:24:13,262 - RSI_Z          : 32.758253 (scaled x1000)
2026-01-08 20:24:13,263 - MACD_Z         : 31.435712 (scaled x1000)
2026-01-08 20:24:13,263 - Log_Ret_Open   : 13.436530 (scaled x1000)
2026-01-08 20:24:13,263 - Volume_Z       : 10.354724 (scaled x1000)
2026-01-08 20:24:13,263 - News_Vol_Z     : 5.754276 (scaled x1000)
2026-01-08 20:24:13,263 - SMA_50_Rel     : 2.740314 (scaled x1000)
2026-01-08 20:24:13,264 - ATR_Pct        : 0.006573 (scaled x1000)
2026-01-08 20:24:13,264 - Sentiment      : -0.394078 (scaled x1000)
2026-01-08 20:24:13,264 - BB_Low_Rel     : -0.969310 (scaled x1000)
2026-01-08 20:24:13,264 - SMA_20_Rel     : -1.927900 (scaled x1000)
2026-01-08 20:24:13,264 - Log_Ret_Close  : -2.694224 (scaled x1000)
2026-01-08 20:24:13,264 - BB_High_Rel    : -2.781240 (scaled x1000)
2026-01-08 20:24:13,265 - Log_Ret_Low    : -5.225604 (scaled x1000)
2026-01-08 20:24:13,265 - Log_Ret_High   : -7.154443 (scaled x1000)
2026-01-08 20:24:13,705 - 

 ==============> Starting Fold 4 | Test Year: 2024
2026-01-08 20:24:14,185 - 
Sanity CHECK:
2026-01-08 20:24:14,185 - DBG shapes: (250, 1), (250, 1), (250, 5)
2026-01-08 20:24:14,186 - DBG preds stats: min=-0.2523806691169739, max=0.05370374023914337, median=-0.10085751116275787, std=0.0682254508137703
2026-01-08 20:24:14,186 - DBG actuals stats: min=-2.527449607849121, max=3.164232015609741, median=0.01672283560037613, std=0.8391518592834473
2026-01-08 20:24:14,186 - Epoch 0:
2026-01-08 20:24:14,187 -   - Range Coverage: nan%
2026-01-08 20:24:14,187 -   - Epsilon Hit (0.2%): 24.00%
2026-01-08 20:24:14,187 -   - Directional Acc: 50.00%
2026-01-08 20:24:14,187 - Best model updated at Epoch 0
2026-01-08 20:24:14,672 - 
Sanity CHECK:
2026-01-08 20:24:14,673 - DBG shapes: (250, 1), (250, 1), (250, 5)
2026-01-08 20:24:14,673 - DBG preds stats: min=-0.24312558770179749, max=0.17488029599189758, median=-0.07930754870176315, std=0.09216901659965515
2026-01-08 20:24:14,674 - DBG actuals stats: min=-2.527449607849121, max=3.164232015609741, median=0.01672283560037613, std=0.8391518592834473
2026-01-08 20:24:14,674 - Epoch 1:
2026-01-08 20:24:14,674 -   - Range Coverage: nan%
2026-01-08 20:24:14,675 -   - Epsilon Hit (0.2%): 24.00%
2026-01-08 20:24:14,675 -   - Directional Acc: 48.40%
2026-01-08 20:24:14,675 - Best model updated at Epoch 1
2026-01-08 20:24:15,148 - 
Sanity CHECK:
2026-01-08 20:24:15,148 - DBG shapes: (250, 1), (250, 1), (250, 5)
2026-01-08 20:24:15,149 - DBG preds stats: min=-0.2520904839038849, max=0.21535411477088928, median=-0.07384242117404938, std=0.08736211061477661
2026-01-08 20:24:15,149 - DBG actuals stats: min=-2.527449607849121, max=3.164232015609741, median=0.01672283560037613, std=0.8391518592834473
2026-01-08 20:24:15,150 - Epoch 2:
2026-01-08 20:24:15,150 -   - Range Coverage: nan%
2026-01-08 20:24:15,150 -   - Epsilon Hit (0.2%): 24.40%
2026-01-08 20:24:15,150 -   - Directional Acc: 52.80%
2026-01-08 20:24:15,741 - 
Sanity CHECK:
2026-01-08 20:24:15,741 - DBG shapes: (250, 1), (250, 1), (250, 5)
2026-01-08 20:24:15,742 - DBG preds stats: min=-0.2833622097969055, max=0.14706116914749146, median=-0.11433210223913193, std=0.07984452694654465
2026-01-08 20:24:15,742 - DBG actuals stats: min=-2.527449607849121, max=3.164232015609741, median=0.01672283560037613, std=0.8391518592834473
2026-01-08 20:24:15,742 - Epoch 3:
2026-01-08 20:24:15,743 -   - Range Coverage: nan%
2026-01-08 20:24:15,743 -   - Epsilon Hit (0.2%): 26.00%
2026-01-08 20:24:15,743 -   - Directional Acc: 50.00%
2026-01-08 20:24:16,574 - 
Sanity CHECK:
2026-01-08 20:24:16,574 - DBG shapes: (250, 1), (250, 1), (250, 5)
2026-01-08 20:24:16,575 - DBG preds stats: min=-0.241219162940979, max=0.14040106534957886, median=-0.03167475014925003, std=0.08732610940933228
2026-01-08 20:24:16,575 - DBG actuals stats: min=-2.527449607849121, max=3.164232015609741, median=0.01672283560037613, std=0.8391518592834473
2026-01-08 20:24:16,575 - Epoch 5/100 | Train Loss: 0.308916 | Val Loss: 0.307014
2026-01-08 20:24:16,576 - Current LR: 0.001000
2026-01-08 20:24:16,576 - Epoch 4:
2026-01-08 20:24:16,576 -   - Range Coverage: nan%
2026-01-08 20:24:16,577 -   - Epsilon Hit (0.2%): 24.40%
2026-01-08 20:24:16,577 -   - Directional Acc: 46.80%
2026-01-08 20:24:16,577 - Best model updated at Epoch 4
2026-01-08 20:24:17,142 - 
Sanity CHECK:
2026-01-08 20:24:17,142 - DBG shapes: (250, 1), (250, 1), (250, 5)
2026-01-08 20:24:17,143 - DBG preds stats: min=-0.3420844078063965, max=0.2743455171585083, median=-0.05813834071159363, std=0.1274162232875824
2026-01-08 20:24:17,143 - DBG actuals stats: min=-2.527449607849121, max=3.164232015609741, median=0.01672283560037613, std=0.8391518592834473
2026-01-08 20:24:17,144 - Epoch 5:
2026-01-08 20:24:17,144 -   - Range Coverage: nan%
2026-01-08 20:24:17,144 -   - Epsilon Hit (0.2%): 24.40%
2026-01-08 20:24:17,144 -   - Directional Acc: 47.60%
2026-01-08 20:24:17,855 - 
Sanity CHECK:
2026-01-08 20:24:17,855 - DBG shapes: (250, 1), (250, 1), (250, 5)
2026-01-08 20:24:17,856 - DBG preds stats: min=-0.20579059422016144, max=0.3262655735015869, median=0.00637549813836813, std=0.09970778226852417
2026-01-08 20:24:17,856 - DBG actuals stats: min=-2.527449607849121, max=3.164232015609741, median=0.01672283560037613, std=0.8391518592834473
2026-01-08 20:24:17,857 - Epoch 6:
2026-01-08 20:24:17,857 -   - Range Coverage: nan%
2026-01-08 20:24:17,857 -   - Epsilon Hit (0.2%): 22.40%
2026-01-08 20:24:17,857 -   - Directional Acc: 48.80%
2026-01-08 20:24:17,858 - Best model updated at Epoch 6
2026-01-08 20:24:18,533 - 
Sanity CHECK:
2026-01-08 20:24:18,533 - DBG shapes: (250, 1), (250, 1), (250, 5)
2026-01-08 20:24:18,534 - DBG preds stats: min=-0.3147331178188324, max=0.4629840552806854, median=-0.010288123041391373, std=0.15663638710975647
2026-01-08 20:24:18,534 - DBG actuals stats: min=-2.527449607849121, max=3.164232015609741, median=0.01672283560037613, std=0.8391518592834473
2026-01-08 20:24:18,534 - Epoch 7:
2026-01-08 20:24:18,535 -   - Range Coverage: nan%
2026-01-08 20:24:18,535 -   - Epsilon Hit (0.2%): 23.60%
2026-01-08 20:24:18,535 -   - Directional Acc: 50.40%
2026-01-08 20:24:19,097 - 
Sanity CHECK:
2026-01-08 20:24:19,098 - DBG shapes: (250, 1), (250, 1), (250, 5)
2026-01-08 20:24:19,098 - DBG preds stats: min=-0.30895495414733887, max=0.38712334632873535, median=-0.007487523835152388, std=0.1352982372045517
2026-01-08 20:24:19,099 - DBG actuals stats: min=-2.527449607849121, max=3.164232015609741, median=0.01672283560037613, std=0.8391518592834473
2026-01-08 20:24:19,099 - Epoch 8:
2026-01-08 20:24:19,099 -   - Range Coverage: nan%
2026-01-08 20:24:19,100 -   - Epsilon Hit (0.2%): 23.60%
2026-01-08 20:24:19,100 -   - Directional Acc: 52.40%
2026-01-08 20:24:19,660 - 
Sanity CHECK:
2026-01-08 20:24:19,660 - DBG shapes: (250, 1), (250, 1), (250, 5)
2026-01-08 20:24:19,661 - DBG preds stats: min=-0.41297248005867004, max=0.34230324625968933, median=-0.07945460081100464, std=0.1446838527917862
2026-01-08 20:24:19,661 - DBG actuals stats: min=-2.527449607849121, max=3.164232015609741, median=0.01672283560037613, std=0.8391518592834473
2026-01-08 20:24:19,661 - Epoch 10/100 | Train Loss: 0.304352 | Val Loss: 0.312436
2026-01-08 20:24:19,662 - Current LR: 0.001000
2026-01-08 20:24:19,662 - Epoch 9:
2026-01-08 20:24:19,662 -   - Range Coverage: nan%
2026-01-08 20:24:19,662 -   - Epsilon Hit (0.2%): 25.60%
2026-01-08 20:24:19,662 -   - Directional Acc: 48.00%
2026-01-08 20:24:20,226 - 
Sanity CHECK:
2026-01-08 20:24:20,227 - DBG shapes: (250, 1), (250, 1), (250, 5)
2026-01-08 20:24:20,227 - DBG preds stats: min=-0.4112500250339508, max=0.44013711810112, median=-0.06235683709383011, std=0.16283495724201202
2026-01-08 20:24:20,228 - DBG actuals stats: min=-2.527449607849121, max=3.164232015609741, median=0.01672283560037613, std=0.8391518592834473
2026-01-08 20:24:20,228 - Epoch 10:
2026-01-08 20:24:20,228 -   - Range Coverage: nan%
2026-01-08 20:24:20,228 -   - Epsilon Hit (0.2%): 25.20%
2026-01-08 20:24:20,229 -   - Directional Acc: 47.60%
2026-01-08 20:24:20,762 - 
Sanity CHECK:
2026-01-08 20:24:20,763 - DBG shapes: (250, 1), (250, 1), (250, 5)
2026-01-08 20:24:20,763 - DBG preds stats: min=-0.37906089425086975, max=0.13302083313465118, median=-0.11879643052816391, std=0.10448850691318512
2026-01-08 20:24:20,764 - DBG actuals stats: min=-2.527449607849121, max=3.164232015609741, median=0.01672283560037613, std=0.8391518592834473
2026-01-08 20:24:20,764 - Epoch 11:
2026-01-08 20:24:20,764 -   - Range Coverage: nan%
2026-01-08 20:24:20,764 -   - Epsilon Hit (0.2%): 23.60%
2026-01-08 20:24:20,764 -   - Directional Acc: 52.00%
2026-01-08 20:24:21,330 - 
Sanity CHECK:
2026-01-08 20:24:21,330 - DBG shapes: (250, 1), (250, 1), (250, 5)
2026-01-08 20:24:21,331 - DBG preds stats: min=-0.3281051218509674, max=0.32469263672828674, median=-0.04303229972720146, std=0.11966854333877563
2026-01-08 20:24:21,331 - DBG actuals stats: min=-2.527449607849121, max=3.164232015609741, median=0.01672283560037613, std=0.8391518592834473
2026-01-08 20:24:21,332 - Epoch 12:
2026-01-08 20:24:21,332 -   - Range Coverage: nan%
2026-01-08 20:24:21,332 -   - Epsilon Hit (0.2%): 22.00%
2026-01-08 20:24:21,332 -   - Directional Acc: 48.40%
2026-01-08 20:24:22,165 - 
Sanity CHECK:
2026-01-08 20:24:22,165 - DBG shapes: (250, 1), (250, 1), (250, 5)
2026-01-08 20:24:22,166 - DBG preds stats: min=-0.3753230571746826, max=0.42257702350616455, median=-0.035925932228565216, std=0.14755041897296906
2026-01-08 20:24:22,166 - DBG actuals stats: min=-2.527449607849121, max=3.164232015609741, median=0.01672283560037613, std=0.8391518592834473
2026-01-08 20:24:22,167 - Epoch 13:
2026-01-08 20:24:22,167 -   - Range Coverage: nan%
2026-01-08 20:24:22,167 -   - Epsilon Hit (0.2%): 23.20%
2026-01-08 20:24:22,167 -   - Directional Acc: 47.60%
2026-01-08 20:24:22,795 - 
Sanity CHECK:
2026-01-08 20:24:22,796 - DBG shapes: (250, 1), (250, 1), (250, 5)
2026-01-08 20:24:22,796 - DBG preds stats: min=-0.5163567066192627, max=0.3034726679325104, median=-0.14346015453338623, std=0.1697673499584198
2026-01-08 20:24:22,796 - DBG actuals stats: min=-2.527449607849121, max=3.164232015609741, median=0.01672283560037613, std=0.8391518592834473
2026-01-08 20:24:22,797 - Epoch 15/100 | Train Loss: 0.298293 | Val Loss: 0.317198
2026-01-08 20:24:22,797 - Current LR: 0.001000
2026-01-08 20:24:22,797 - Epoch 14:
2026-01-08 20:24:22,798 -   - Range Coverage: nan%
2026-01-08 20:24:22,798 -   - Epsilon Hit (0.2%): 23.60%
2026-01-08 20:24:22,798 -   - Directional Acc: 50.40%
2026-01-08 20:24:23,372 - 
Sanity CHECK:
2026-01-08 20:24:23,373 - DBG shapes: (250, 1), (250, 1), (250, 5)
2026-01-08 20:24:23,373 - DBG preds stats: min=-0.5488335490226746, max=0.370485782623291, median=-0.13684873282909393, std=0.17396682500839233
2026-01-08 20:24:23,374 - DBG actuals stats: min=-2.527449607849121, max=3.164232015609741, median=0.01672283560037613, std=0.8391518592834473
2026-01-08 20:24:23,374 - Epoch 15:
2026-01-08 20:24:23,374 -   - Range Coverage: nan%
2026-01-08 20:24:23,375 -   - Epsilon Hit (0.2%): 25.20%
2026-01-08 20:24:23,375 -   - Directional Acc: 50.80%
2026-01-08 20:24:23,916 - 
Sanity CHECK:
2026-01-08 20:24:23,916 - DBG shapes: (250, 1), (250, 1), (250, 5)
2026-01-08 20:24:23,916 - DBG preds stats: min=-0.4419656991958618, max=0.36746254563331604, median=-0.099151611328125, std=0.1425236165523529
2026-01-08 20:24:23,917 - DBG actuals stats: min=-2.527449607849121, max=3.164232015609741, median=0.01672283560037613, std=0.8391518592834473
2026-01-08 20:24:23,917 - Epoch 16:
2026-01-08 20:24:23,918 -   - Range Coverage: nan%
2026-01-08 20:24:23,918 -   - Epsilon Hit (0.2%): 25.20%
2026-01-08 20:24:23,918 -   - Directional Acc: 52.80%
2026-01-08 20:24:24,660 -     0.100% |       29 | $    913.56 |  -0.58
2026-01-08 20:24:24,660 -     0.200% |       29 | $    913.56 |  -0.58
2026-01-08 20:24:24,661 -     0.300% |       31 | $    892.92 |  -0.68
2026-01-08 20:24:24,662 -     0.500% |       34 | $    889.64 |  -0.70
2026-01-08 20:24:24,662 - --- Final Test Results ---
2026-01-08 20:24:24,663 - Test RMSE: 0.9968
2026-01-08 20:24:24,663 -   - Range Coverage: nan%
2026-01-08 20:24:24,663 -   - Epsilon Hit (0.2%): 18.65%
2026-01-08 20:24:24,663 -   - Directional Acc: 45.24%
2026-01-08 20:24:24,664 -   - MAE: 0.7794
2026-01-08 20:24:24,664 -   - MAPE: 77.94%
2026-01-08 20:24:24,664 -   - Max Predicted Move (log-return): 0.5221
2026-01-08 20:24:24,664 -   - Avg Predicted Move (log-return): 0.1964
2026-01-08 20:24:24,664 - 
--- Trading Performance (with 0.03% fee and $1000 capital) ---
2026-01-08 20:24:24,665 - Total Trades: 29
2026-01-08 20:24:24,665 - Strategy Final Value: $908.27
2026-01-08 20:24:24,665 - Buy & Hold Final Value: $1286.81
2026-01-08 20:24:24,665 - Sharpe Ratio: -0.61
2026-01-08 20:24:24,665 - MARKET OUTPERFORMED STRATEGY
2026-01-08 20:24:25,561 - Completed Fold 4

2026-01-08 20:24:25,952 - 
--- Permutation Importance Fold 4 ---
2026-01-08 20:24:25,952 - News_Vol_Z     : 15.697948 (scaled x1000)
2026-01-08 20:24:25,953 - Log_Ret_Low    : 12.423193 (scaled x1000)
2026-01-08 20:24:25,953 - MACD_Sig_Z     : 11.645046 (scaled x1000)
2026-01-08 20:24:25,953 - Log_Ret_Open   : 10.679833 (scaled x1000)
2026-01-08 20:24:25,953 - SMA_50_Rel     : 8.666160 (scaled x1000)
2026-01-08 20:24:25,953 - Volume_Z       : 6.105849 (scaled x1000)
2026-01-08 20:24:25,953 - RSI_Z          : 5.232148 (scaled x1000)
2026-01-08 20:24:25,954 - Log_Ret_Close  : 3.154491 (scaled x1000)
2026-01-08 20:24:25,954 - BB_Low_Rel     : 2.826302 (scaled x1000)
2026-01-08 20:24:25,954 - SMA_20_Rel     : 1.979285 (scaled x1000)
2026-01-08 20:24:25,954 - Log_Ret_High   : 1.136026 (scaled x1000)
2026-01-08 20:24:25,954 - ATR_Pct        : 0.345947 (scaled x1000)
2026-01-08 20:24:25,954 - Sentiment      : -1.574333 (scaled x1000)
2026-01-08 20:24:25,955 - BB_High_Rel    : -1.696570 (scaled x1000)
2026-01-08 20:24:25,955 - MACD_Z         : -2.356708 (scaled x1000)
2026-01-08 20:24:26,344 - 

 ==============> Starting Fold 5 | Test Year: 2025
2026-01-08 20:24:27,073 - 
Sanity CHECK:
2026-01-08 20:24:27,074 - DBG shapes: (252, 1), (252, 1), (252, 5)
2026-01-08 20:24:27,074 - DBG preds stats: min=-0.43059349060058594, max=0.40521541237831116, median=-0.09893890470266342, std=0.19597794115543365
2026-01-08 20:24:27,075 - DBG actuals stats: min=-3.6335513591766357, max=2.214081287384033, median=0.1647656261920929, std=0.9486135840415955
2026-01-08 20:24:27,075 - Epoch 0:
2026-01-08 20:24:27,075 -   - Range Coverage: nan%
2026-01-08 20:24:27,075 -   - Epsilon Hit (0.2%): 20.24%
2026-01-08 20:24:27,076 -   - Directional Acc: 48.02%
2026-01-08 20:24:27,076 - Best model updated at Epoch 0
2026-01-08 20:24:27,646 - 
Sanity CHECK:
2026-01-08 20:24:27,646 - DBG shapes: (252, 1), (252, 1), (252, 5)
2026-01-08 20:24:27,647 - DBG preds stats: min=-0.40172460675239563, max=0.4473143517971039, median=-0.06257645785808563, std=0.19049274921417236
2026-01-08 20:24:27,647 - DBG actuals stats: min=-3.6335513591766357, max=2.214081287384033, median=0.1647656261920929, std=0.9486135840415955
2026-01-08 20:24:27,647 - Epoch 1:
2026-01-08 20:24:27,647 -   - Range Coverage: nan%
2026-01-08 20:24:27,648 -   - Epsilon Hit (0.2%): 15.87%
2026-01-08 20:24:27,648 -   - Directional Acc: 44.84%
2026-01-08 20:24:27,648 - Best model updated at Epoch 1
2026-01-08 20:24:28,127 - 
Sanity CHECK:
2026-01-08 20:24:28,128 - DBG shapes: (252, 1), (252, 1), (252, 5)
2026-01-08 20:24:28,128 - DBG preds stats: min=-0.4851941764354706, max=0.36879202723503113, median=-0.16903705894947052, std=0.16524210572242737
2026-01-08 20:24:28,128 - DBG actuals stats: min=-3.6335513591766357, max=2.214081287384033, median=0.1647656261920929, std=0.9486135840415955
2026-01-08 20:24:28,129 - Epoch 2:
2026-01-08 20:24:28,129 -   - Range Coverage: nan%
2026-01-08 20:24:28,129 -   - Epsilon Hit (0.2%): 17.46%
2026-01-08 20:24:28,129 -   - Directional Acc: 46.03%
2026-01-08 20:24:28,611 - 
Sanity CHECK:
2026-01-08 20:24:28,611 - DBG shapes: (252, 1), (252, 1), (252, 5)
2026-01-08 20:24:28,612 - DBG preds stats: min=-0.3198198080062866, max=0.42964333295822144, median=-0.029729539528489113, std=0.16098423302173615
2026-01-08 20:24:28,612 - DBG actuals stats: min=-3.6335513591766357, max=2.214081287384033, median=0.1647656261920929, std=0.9486135840415955
2026-01-08 20:24:28,613 - Epoch 3:
2026-01-08 20:24:28,613 -   - Range Coverage: nan%
2026-01-08 20:24:28,613 -   - Epsilon Hit (0.2%): 21.43%
2026-01-08 20:24:28,614 -   - Directional Acc: 49.21%
2026-01-08 20:24:28,614 - Best model updated at Epoch 3
2026-01-08 20:24:29,132 - 
Sanity CHECK:
2026-01-08 20:24:29,132 - DBG shapes: (252, 1), (252, 1), (252, 5)
2026-01-08 20:24:29,133 - DBG preds stats: min=-0.49711984395980835, max=0.3842029571533203, median=-0.1940803825855255, std=0.16105395555496216
2026-01-08 20:24:29,133 - DBG actuals stats: min=-3.6335513591766357, max=2.214081287384033, median=0.1647656261920929, std=0.9486135840415955
2026-01-08 20:24:29,133 - Epoch 5/100 | Train Loss: 0.295447 | Val Loss: 0.421657
2026-01-08 20:24:29,134 - Current LR: 0.001000
2026-01-08 20:24:29,134 - Epoch 4:
2026-01-08 20:24:29,134 -   - Range Coverage: nan%
2026-01-08 20:24:29,134 -   - Epsilon Hit (0.2%): 17.06%
2026-01-08 20:24:29,134 -   - Directional Acc: 45.24%
2026-01-08 20:24:29,759 - 
Sanity CHECK:
2026-01-08 20:24:29,759 - DBG shapes: (252, 1), (252, 1), (252, 5)
2026-01-08 20:24:29,760 - DBG preds stats: min=-0.45420172810554504, max=0.622101902961731, median=-0.125135138630867, std=0.2090376764535904
2026-01-08 20:24:29,760 - DBG actuals stats: min=-3.6335513591766357, max=2.214081287384033, median=0.1647656261920929, std=0.9486135840415955
2026-01-08 20:24:29,760 - Epoch 5:
2026-01-08 20:24:29,761 -   - Range Coverage: nan%
2026-01-08 20:24:29,761 -   - Epsilon Hit (0.2%): 19.44%
2026-01-08 20:24:29,761 -   - Directional Acc: 46.03%
2026-01-08 20:24:30,342 - 
Sanity CHECK:
2026-01-08 20:24:30,342 - DBG shapes: (252, 1), (252, 1), (252, 5)
2026-01-08 20:24:30,343 - DBG preds stats: min=-0.36452147364616394, max=0.598791778087616, median=-0.07298873364925385, std=0.1869826465845108
2026-01-08 20:24:30,343 - DBG actuals stats: min=-3.6335513591766357, max=2.214081287384033, median=0.1647656261920929, std=0.9486135840415955
2026-01-08 20:24:30,343 - Epoch 6:
2026-01-08 20:24:30,343 -   - Range Coverage: nan%
2026-01-08 20:24:30,344 -   - Epsilon Hit (0.2%): 21.03%
2026-01-08 20:24:30,344 -   - Directional Acc: 49.21%
2026-01-08 20:24:30,859 - 
Sanity CHECK:
2026-01-08 20:24:30,859 - DBG shapes: (252, 1), (252, 1), (252, 5)
2026-01-08 20:24:30,860 - DBG preds stats: min=-0.5525268316268921, max=0.6966664791107178, median=-0.12086378782987595, std=0.2322813719511032
2026-01-08 20:24:30,861 - DBG actuals stats: min=-3.6335513591766357, max=2.214081287384033, median=0.1647656261920929, std=0.9486135840415955
2026-01-08 20:24:30,861 - Epoch 7:
2026-01-08 20:24:30,861 -   - Range Coverage: nan%
2026-01-08 20:24:30,861 -   - Epsilon Hit (0.2%): 19.05%
2026-01-08 20:24:30,862 -   - Directional Acc: 48.02%
2026-01-08 20:24:31,448 - 
Sanity CHECK:
2026-01-08 20:24:31,449 - DBG shapes: (252, 1), (252, 1), (252, 5)
2026-01-08 20:24:31,449 - DBG preds stats: min=-0.517406165599823, max=0.5624457001686096, median=-0.0849955826997757, std=0.20551133155822754
2026-01-08 20:24:31,449 - DBG actuals stats: min=-3.6335513591766357, max=2.214081287384033, median=0.1647656261920929, std=0.9486135840415955
2026-01-08 20:24:31,450 - Epoch 8:
2026-01-08 20:24:31,450 -   - Range Coverage: nan%
2026-01-08 20:24:31,450 -   - Epsilon Hit (0.2%): 21.03%
2026-01-08 20:24:31,450 -   - Directional Acc: 49.21%
2026-01-08 20:24:32,064 - 
Sanity CHECK:
2026-01-08 20:24:32,064 - DBG shapes: (252, 1), (252, 1), (252, 5)
2026-01-08 20:24:32,064 - DBG preds stats: min=-0.6717174649238586, max=0.30716589093208313, median=-0.30403995513916016, std=0.1619049459695816
2026-01-08 20:24:32,065 - DBG actuals stats: min=-3.6335513591766357, max=2.214081287384033, median=0.1647656261920929, std=0.9486135840415955
2026-01-08 20:24:32,065 - Epoch 10/100 | Train Loss: 0.291250 | Val Loss: 0.450695
2026-01-08 20:24:32,065 - Current LR: 0.001000
2026-01-08 20:24:32,066 - Epoch 9:
2026-01-08 20:24:32,066 -   - Range Coverage: nan%
2026-01-08 20:24:32,066 -   - Epsilon Hit (0.2%): 16.67%
2026-01-08 20:24:32,066 -   - Directional Acc: 43.25%
2026-01-08 20:24:32,662 - 
Sanity CHECK:
2026-01-08 20:24:32,663 - DBG shapes: (252, 1), (252, 1), (252, 5)
2026-01-08 20:24:32,663 - DBG preds stats: min=-0.5111677050590515, max=0.6672902703285217, median=-0.11293873935937881, std=0.25649648904800415
2026-01-08 20:24:32,664 - DBG actuals stats: min=-3.6335513591766357, max=2.214081287384033, median=0.1647656261920929, std=0.9486135840415955
2026-01-08 20:24:32,664 - Epoch 10:
2026-01-08 20:24:32,664 -   - Range Coverage: nan%
2026-01-08 20:24:32,664 -   - Epsilon Hit (0.2%): 17.46%
2026-01-08 20:24:32,664 -   - Directional Acc: 41.67%
2026-01-08 20:24:33,196 - 
Sanity CHECK:
2026-01-08 20:24:33,196 - DBG shapes: (252, 1), (252, 1), (252, 5)
2026-01-08 20:24:33,196 - DBG preds stats: min=-0.4575653076171875, max=0.754607081413269, median=0.04123872518539429, std=0.2699701488018036
2026-01-08 20:24:33,197 - DBG actuals stats: min=-3.6335513591766357, max=2.214081287384033, median=0.1647656261920929, std=0.9486135840415955
2026-01-08 20:24:33,197 - Epoch 11:
2026-01-08 20:24:33,198 -   - Range Coverage: nan%
2026-01-08 20:24:33,198 -   - Epsilon Hit (0.2%): 17.86%
2026-01-08 20:24:33,198 -   - Directional Acc: 51.19%
2026-01-08 20:24:33,805 - 
Sanity CHECK:
2026-01-08 20:24:33,805 - DBG shapes: (252, 1), (252, 1), (252, 5)
2026-01-08 20:24:33,806 - DBG preds stats: min=-0.5871620774269104, max=0.46609362959861755, median=-0.12382056564092636, std=0.21009404957294464
2026-01-08 20:24:33,806 - DBG actuals stats: min=-3.6335513591766357, max=2.214081287384033, median=0.1647656261920929, std=0.9486135840415955
2026-01-08 20:24:33,807 - Epoch 12:
2026-01-08 20:24:33,807 -   - Range Coverage: nan%
2026-01-08 20:24:33,807 -   - Epsilon Hit (0.2%): 15.87%
2026-01-08 20:24:33,807 -   - Directional Acc: 44.44%
2026-01-08 20:24:34,284 - 
Sanity CHECK:
2026-01-08 20:24:34,284 - DBG shapes: (252, 1), (252, 1), (252, 5)
2026-01-08 20:24:34,285 - DBG preds stats: min=-0.5723797678947449, max=0.8039605617523193, median=-0.1533970832824707, std=0.2864380180835724
2026-01-08 20:24:34,285 - DBG actuals stats: min=-3.6335513591766357, max=2.214081287384033, median=0.1647656261920929, std=0.9486135840415955
2026-01-08 20:24:34,286 - Epoch 13:
2026-01-08 20:24:34,286 -   - Range Coverage: nan%
2026-01-08 20:24:34,286 -   - Epsilon Hit (0.2%): 17.06%
2026-01-08 20:24:34,286 -   - Directional Acc: 44.84%
2026-01-08 20:24:34,668 -     0.100% |       33 | $    923.99 |  -0.38
2026-01-08 20:24:34,669 -     0.200% |       34 | $    916.80 |  -0.42
2026-01-08 20:24:34,670 -     0.300% |       35 | $    923.33 |  -0.38
2026-01-08 20:24:34,671 -     0.500% |       35 | $    923.33 |  -0.38
2026-01-08 20:24:34,671 - --- Final Test Results ---
2026-01-08 20:24:34,671 - Test RMSE: 1.3511
2026-01-08 20:24:34,671 -   - Range Coverage: nan%
2026-01-08 20:24:34,672 -   - Epsilon Hit (0.2%): 14.54%
2026-01-08 20:24:34,672 -   - Directional Acc: 48.02%
2026-01-08 20:24:34,672 -   - MAE: 1.0188
2026-01-08 20:24:34,672 -   - MAPE: 101.88%
2026-01-08 20:24:34,672 -   - Max Predicted Move (log-return): 1.0188
2026-01-08 20:24:34,673 -   - Avg Predicted Move (log-return): 0.3360
2026-01-08 20:24:34,673 - 
--- Trading Performance (with 0.03% fee and $1000 capital) ---
2026-01-08 20:24:34,673 - Total Trades: 33
2026-01-08 20:24:34,673 - Strategy Final Value: $917.91
2026-01-08 20:24:34,673 - Buy & Hold Final Value: $1580.47
2026-01-08 20:24:34,674 - Sharpe Ratio: -0.41
2026-01-08 20:24:34,674 - MARKET OUTPERFORMED STRATEGY
2026-01-08 20:24:35,486 - Completed Fold 5

2026-01-08 20:24:35,863 - 
--- Permutation Importance Fold 5 ---
2026-01-08 20:24:35,864 - BB_High_Rel    : 5.625089 (scaled x1000)
2026-01-08 20:24:35,864 - SMA_20_Rel     : 5.570860 (scaled x1000)
2026-01-08 20:24:35,864 - News_Vol_Z     : 4.731113 (scaled x1000)
2026-01-08 20:24:35,864 - Log_Ret_Close  : 1.721319 (scaled x1000)
2026-01-08 20:24:35,865 - Sentiment      : 0.321211 (scaled x1000)
2026-01-08 20:24:35,865 - BB_Low_Rel     : -0.611640 (scaled x1000)
2026-01-08 20:24:35,865 - ATR_Pct        : -0.718130 (scaled x1000)
2026-01-08 20:24:35,865 - Volume_Z       : -1.362897 (scaled x1000)
2026-01-08 20:24:35,865 - Log_Ret_High   : -2.737895 (scaled x1000)
2026-01-08 20:24:35,865 - SMA_50_Rel     : -5.443646 (scaled x1000)
2026-01-08 20:24:35,866 - Log_Ret_Open   : -5.717133 (scaled x1000)
2026-01-08 20:24:35,866 - MACD_Sig_Z     : -8.401859 (scaled x1000)
2026-01-08 20:24:35,866 - MACD_Z         : -9.270573 (scaled x1000)
2026-01-08 20:24:35,866 - RSI_Z          : -11.146561 (scaled x1000)
2026-01-08 20:24:35,866 - Log_Ret_Low    : -11.496134 (scaled x1000)
